#-----------------------------------------------------------
# Vivado v2016.2 (64-bit)
# SW Build 1577090 on Thu Jun  2 16:32:40 MDT 2016
# IP Build 1577682 on Fri Jun  3 12:00:54 MDT 2016
# Start of session at: Mon Mar 05 23:26:34 2018
# Process ID: 10624
# Current directory: C:/Users/pangj/OneDrive - California Polytechnic State University/rat-cpu/rat_mcu
# Command line: vivado.exe -gui_launcher_event rodinguilauncherevent18032 C:\Users\pangj\OneDrive - California Polytechnic State University\rat-cpu\rat_mcu\rat_mcu.xpr
# Log file: C:/Users/pangj/OneDrive - California Polytechnic State University/rat-cpu/rat_mcu/vivado.log
# Journal file: C:/Users/pangj/OneDrive - California Polytechnic State University/rat-cpu/rat_mcu\vivado.jou
#-----------------------------------------------------------
start_gui
open_project {C:/Users/pangj/OneDrive - California Polytechnic State University/rat-cpu/rat_mcu/rat_mcu.xpr}
INFO: [ProjectBase 1-489] The host OS only allows 260 characters in a normal path. The project is stored in a path with more than 80 characters. If you experience issues with IP, Block Designs, or files not being found, please consider moving the project to a location with a shorter path. Alternately consider using the OS subst command to map part of the path to a drive letter.
Current project path is 'C:/Users/pangj/OneDrive - California Polytechnic State University/rat-cpu/rat_mcu'
INFO: [Project 1-313] Project file moved from 'C:/Users/NWang/OneDrive/Others/Documents/GitHub/rat-cpu/rat_mcu' since last save.
Scanning sources...
Finished scanning sources
WARNING: [filemgmt 56-2] IPUserFilesDir: Could not find the directory 'C:/Users/pangj/OneDrive - California Polytechnic State University/rat-cpu/rat_mcu/rat_mcu.ip_user_files', nor could it be found using path 'C:/Users/NWang/OneDrive/Others/Documents/GitHub/rat-cpu/rat_mcu/rat_mcu.ip_user_files'.
INFO: [IP_Flow 19-234] Refreshing IP repositories
INFO: [IP_Flow 19-1704] No user IP repositories specified
INFO: [IP_Flow 19-2313] Loaded Vivado IP repository 'C:/Xilinx/Vivado/2016.2/data/ip'.
open_project: Time (s): cpu = 00:00:24 ; elapsed = 00:00:15 . Memory (MB): peak = 758.270 ; gain = 124.586
update_compile_order -fileset sources_1
reset_run synth_1
launch_runs impl_1 -to_step write_bitstream
[Mon Mar 05 23:28:47 2018] Launched synth_1...
Run output will be captured here: C:/Users/pangj/OneDrive - California Polytechnic State University/rat-cpu/rat_mcu/rat_mcu.runs/synth_1/runme.log
[Mon Mar 05 23:28:47 2018] Launched impl_1...
Run output will be captured here: C:/Users/pangj/OneDrive - California Polytechnic State University/rat-cpu/rat_mcu/rat_mcu.runs/impl_1/runme.log
open_hw
connect_hw_server
INFO: [Labtools 27-2285] Connecting to hw_server url TCP:localhost:3121
INFO: [Labtools 27-2222] Launching hw_server...
INFO: [Labtools 27-2221] Launch Output:

****** Xilinx hw_server v2016.2
  **** Build date : Jun  2 2016-16:57:03
    ** Copyright 1986-2016 Xilinx, Inc. All Rights Reserved.


open_hw_target
INFO: [Labtoolstcl 44-466] Opening hw_target localhost:3121/xilinx_tcf/Digilent/210183A5824EA
set_property PROGRAM.FILE {C:/Users/pangj/OneDrive - California Polytechnic State University/rat-cpu/rat_mcu/rat_mcu.runs/impl_1/RAT_wrapper.bit} [lindex [get_hw_devices] 0]
current_hw_device [lindex [get_hw_devices] 0]
refresh_hw_device -update_hw_probes false [lindex [get_hw_devices] 0]
INFO: [Labtools 27-1434] Device xc7a35t (JTAG device index = 0) is programmed with a design that has no supported debug core(s) in it.
WARNING: [Labtools 27-3123] The debug hub core was not detected at User Scan Chain 1 or 3.
Resolution: 
1. Make sure the clock connected to the debug hub (dbg_hub) core is a free running clock and is active OR
2. Manually launch hw_server with -e "set xsdb-user-bscan <C_USER_SCAN_CHAIN scan_chain_number>" to detect the debug hub at User Scan Chain of 2 or 4. To determine the user scan chain setting, open the implemented design and use: get_property C_USER_SCAN_CHAIN [get_debug_cores dbg_hub].
set_property PROBES.FILE {} [lindex [get_hw_devices] 0]
set_property PROGRAM.FILE {C:/Users/pangj/OneDrive - California Polytechnic State University/rat-cpu/rat_mcu/rat_mcu.runs/impl_1/RAT_wrapper.bit} [lindex [get_hw_devices] 0]
program_hw_devices [lindex [get_hw_devices] 0]
INFO: [Labtools 27-3164] End of startup status: HIGH
refresh_hw_device [lindex [get_hw_devices] 0]
INFO: [Labtools 27-1434] Device xc7a35t (JTAG device index = 0) is programmed with a design that has no supported debug core(s) in it.
WARNING: [Labtools 27-3123] The debug hub core was not detected at User Scan Chain 1 or 3.
Resolution: 
1. Make sure the clock connected to the debug hub (dbg_hub) core is a free running clock and is active OR
2. Manually launch hw_server with -e "set xsdb-user-bscan <C_USER_SCAN_CHAIN scan_chain_number>" to detect the debug hub at User Scan Chain of 2 or 4. To determine the user scan chain setting, open the implemented design and use: get_property C_USER_SCAN_CHAIN [get_debug_cores dbg_hub].
reset_run impl_1 -prev_step 
launch_runs impl_1 -to_step write_bitstream
[Mon Mar 05 23:34:07 2018] Launched impl_1...
Run output will be captured here: C:/Users/pangj/OneDrive - California Polytechnic State University/rat-cpu/rat_mcu/rat_mcu.runs/impl_1/runme.log
set_property PROBES.FILE {} [lindex [get_hw_devices] 0]
set_property PROGRAM.FILE {C:/Users/pangj/OneDrive - California Polytechnic State University/rat-cpu/rat_mcu/rat_mcu.runs/impl_1/RAT_wrapper.bit} [lindex [get_hw_devices] 0]
program_hw_devices [lindex [get_hw_devices] 0]
INFO: [Labtools 27-3164] End of startup status: HIGH
refresh_hw_device [lindex [get_hw_devices] 0]
INFO: [Labtools 27-1434] Device xc7a35t (JTAG device index = 0) is programmed with a design that has no supported debug core(s) in it.
WARNING: [Labtools 27-3123] The debug hub core was not detected at User Scan Chain 1 or 3.
Resolution: 
1. Make sure the clock connected to the debug hub (dbg_hub) core is a free running clock and is active OR
2. Manually launch hw_server with -e "set xsdb-user-bscan <C_USER_SCAN_CHAIN scan_chain_number>" to detect the debug hub at User Scan Chain of 2 or 4. To determine the user scan chain setting, open the implemented design and use: get_property C_USER_SCAN_CHAIN [get_debug_cores dbg_hub].
reset_run synth_1
launch_runs impl_1 -to_step write_bitstream
[Mon Mar 05 23:46:23 2018] Launched synth_1...
Run output will be captured here: C:/Users/pangj/OneDrive - California Polytechnic State University/rat-cpu/rat_mcu/rat_mcu.runs/synth_1/runme.log
[Mon Mar 05 23:46:23 2018] Launched impl_1...
Run output will be captured here: C:/Users/pangj/OneDrive - California Polytechnic State University/rat-cpu/rat_mcu/rat_mcu.runs/impl_1/runme.log
set_property PROBES.FILE {} [lindex [get_hw_devices] 0]
set_property PROGRAM.FILE {C:/Users/pangj/OneDrive - California Polytechnic State University/rat-cpu/rat_mcu/rat_mcu.runs/impl_1/RAT_wrapper.bit} [lindex [get_hw_devices] 0]
program_hw_devices [lindex [get_hw_devices] 0]
INFO: [Labtools 27-3164] End of startup status: HIGH
refresh_hw_device [lindex [get_hw_devices] 0]
INFO: [Labtools 27-1434] Device xc7a35t (JTAG device index = 0) is programmed with a design that has no supported debug core(s) in it.
WARNING: [Labtools 27-3123] The debug hub core was not detected at User Scan Chain 1 or 3.
Resolution: 
1. Make sure the clock connected to the debug hub (dbg_hub) core is a free running clock and is active OR
2. Manually launch hw_server with -e "set xsdb-user-bscan <C_USER_SCAN_CHAIN scan_chain_number>" to detect the debug hub at User Scan Chain of 2 or 4. To determine the user scan chain setting, open the implemented design and use: get_property C_USER_SCAN_CHAIN [get_debug_cores dbg_hub].
synth_design -rtl -name rtl_1
Command: synth_design -rtl -name rtl_1
Starting synth_design
Using part: xc7a35tcpg236-1
Top: RAT_wrapper
---------------------------------------------------------------------------------
Starting RTL Elaboration : Time (s): cpu = 00:03:13 ; elapsed = 00:27:12 . Memory (MB): peak = 914.254 ; gain = 707.035
---------------------------------------------------------------------------------
INFO: [Synth 8-638] synthesizing module 'RAT_wrapper' [C:/Users/pangj/OneDrive - California Polytechnic State University/rat-cpu/rat_mcu/rat_mcu.srcs/sources_1/imports/new/RAT_WRAPPER.vhd:32]
INFO: [Synth 8-3491] module 'rat_mcu' declared at 'C:/Users/pangj/OneDrive - California Polytechnic State University/rat-cpu/rat_mcu/rat_mcu.srcs/sources_1/imports/new/rat_mcu.vhd:22' bound to instance 'CPU' of component 'rat_mcu' [C:/Users/pangj/OneDrive - California Polytechnic State University/rat-cpu/rat_mcu/rat_mcu.srcs/sources_1/imports/new/RAT_WRAPPER.vhd:130]
INFO: [Synth 8-638] synthesizing module 'rat_mcu' [C:/Users/pangj/OneDrive - California Polytechnic State University/rat-cpu/rat_mcu/rat_mcu.srcs/sources_1/imports/new/rat_mcu.vhd:33]
INFO: [Synth 8-3491] module 'pc_wrapper' declared at 'C:/Users/pangj/OneDrive - California Polytechnic State University/rat-cpu/rat_mcu/rat_mcu.srcs/sources_1/imports/new/rat2.vhd:19' bound to instance 'pc1' of component 'pc_wrapper' [C:/Users/pangj/OneDrive - California Polytechnic State University/rat-cpu/rat_mcu/rat_mcu.srcs/sources_1/imports/new/rat_mcu.vhd:207]
INFO: [Synth 8-638] synthesizing module 'pc_wrapper' [C:/Users/pangj/OneDrive - California Polytechnic State University/rat-cpu/rat_mcu/rat_mcu.srcs/sources_1/imports/new/rat2.vhd:31]
INFO: [Synth 8-3491] module 'mux_4to1' declared at 'C:/Users/pangj/OneDrive - California Polytechnic State University/rat-cpu/rat_mcu/rat_mcu.srcs/sources_1/imports/new/mux_4to1.vhd:18' bound to instance 'mux1' of component 'mux_4to1' [C:/Users/pangj/OneDrive - California Polytechnic State University/rat-cpu/rat_mcu/rat_mcu.srcs/sources_1/imports/new/rat2.vhd:59]
INFO: [Synth 8-638] synthesizing module 'mux_4to1' [C:/Users/pangj/OneDrive - California Polytechnic State University/rat-cpu/rat_mcu/rat_mcu.srcs/sources_1/imports/new/mux_4to1.vhd:27]
INFO: [Synth 8-256] done synthesizing module 'mux_4to1' (1#1) [C:/Users/pangj/OneDrive - California Polytechnic State University/rat-cpu/rat_mcu/rat_mcu.srcs/sources_1/imports/new/mux_4to1.vhd:27]
INFO: [Synth 8-3491] module 'pc' declared at 'C:/Users/pangj/OneDrive - California Polytechnic State University/rat-cpu/rat_mcu/rat_mcu.srcs/sources_1/imports/new/pc.vhd:20' bound to instance 'pc1' of component 'pc' [C:/Users/pangj/OneDrive - California Polytechnic State University/rat-cpu/rat_mcu/rat_mcu.srcs/sources_1/imports/new/rat2.vhd:67]
INFO: [Synth 8-638] synthesizing module 'pc' [C:/Users/pangj/OneDrive - California Polytechnic State University/rat-cpu/rat_mcu/rat_mcu.srcs/sources_1/imports/new/pc.vhd:29]
INFO: [Synth 8-256] done synthesizing module 'pc' (2#1) [C:/Users/pangj/OneDrive - California Polytechnic State University/rat-cpu/rat_mcu/rat_mcu.srcs/sources_1/imports/new/pc.vhd:29]
INFO: [Synth 8-256] done synthesizing module 'pc_wrapper' (3#1) [C:/Users/pangj/OneDrive - California Polytechnic State University/rat-cpu/rat_mcu/rat_mcu.srcs/sources_1/imports/new/rat2.vhd:31]
INFO: [Synth 8-3491] module 'prog_rom' declared at 'C:/Users/pangj/OneDrive - California Polytechnic State University/rat-cpu/rat_mcu/rat_mcu.srcs/sources_1/imports/new/prog_rom.vhd:21' bound to instance 'prog_rom1' of component 'prog_rom' [C:/Users/pangj/OneDrive - California Polytechnic State University/rat-cpu/rat_mcu/rat_mcu.srcs/sources_1/imports/new/rat_mcu.vhd:218]
INFO: [Synth 8-638] synthesizing module 'prog_rom' [C:/Users/pangj/OneDrive - California Polytechnic State University/rat-cpu/rat_mcu/rat_mcu.srcs/sources_1/imports/new/prog_rom.vhd:29]
	Parameter INIT bound to: 20'b00000000000000000000 
	Parameter INITP_00 bound to: 256'b0000000000000000000000000000000000000000000000000000000000000000000000000000000000000000000000000000000000000000000000000000000000000000000000000000000000000000000000000000000000000000000111110000000000000000000000111011110100000000000000000000000000000000 
	Parameter INITP_01 bound to: 256'b0000000000000000000000000000000000000000000000000000000000000000000000000000000000000000000000000000000000000000000000000000000000000000000000000000000000000000000000000000000000000000000000000000000000000000000000000000000000000000000000000000000000000000 
	Parameter INITP_02 bound to: 256'b0000000000000000000000000000000000000000000000000000000000000000000000000000000000000000000000000000000000000000000000000000000000000000000000000000000000000000000000000000000000000000000000000000000000000000000000000000000000000000000000000000000000000000 
	Parameter INITP_03 bound to: 256'b0000000000000000000000000000000000000000000000000000000000000000000000000000000000000000000000000000000000000000000000000000000000000000000000000000000000000000000000000000000000000000000000000000000000000000000000000000000000000000000000000000000000000000 
	Parameter INITP_04 bound to: 256'b0000000000000000000000000000000000000000000000000000000000000000000000000000000000000000000000000000000000000000000000000000000000000000000000000000000000000000000000000000000000000000000000000000000000000000000000000000000000000000000000000000000000000000 
	Parameter INITP_05 bound to: 256'b0000000000000000000000000000000000000000000000000000000000000000000000000000000000000000000000000000000000000000000000000000000000000000000000000000000000000000000000000000000000000000000000000000000000000000000000000000000000000000000000000000000000000000 
	Parameter INITP_06 bound to: 256'b0000000000000000000000000000000000000000000000000000000000000000000000000000000000000000000000000000000000000000000000000000000000000000000000000000000000000000000000000000000000000000000000000000000000000000000000000000000000000000000000000000000000000000 
	Parameter INITP_07 bound to: 256'b0000000000000000000000000000000000000000000000000000000000000000000000000000000000000000000000000000000000000000000000000000000000000000000000000000000000000000000000000000000000000000000000000000000000000000000000000000000000000000000000000000000000000000 
	Parameter INIT_00 bound to: 256'b0000000000000000000000000000000000000000000000000000000000000000000000000000000000000000000000000000000000000000000000000000000000000000000000000000000000000000000000000000000000000000000000000000000000000000000000000000000000000000000000000000000000000000 
	Parameter INIT_01 bound to: 256'b0000000000000000000000000000000000000000000000000000000000000000000000000000000000000000000000000000000000000000000000000000000000000000000000000000000000000000100000001000100001000011010000000100001100000001010000010100001000100001001000001010000000000000 
	Parameter INIT_02 bound to: 256'b0000000000000000000000000000000000000000000000000000000000000000000000000000000000000000000000000000000000000000000000000000000000000000000000000000000000000000000000000000000000000000000000000000000000000000101000000000001101000010100000010010001000100001 
	Parameter INIT_03 bound to: 256'b0000000000000000000000000000000000000000000000000000000000000000000000000000000000000000000000000000000000000000000000000000000000000000000000000000000000000000000000000000000000000000000000000000000000000000000000000000000000000000000000000000000000000000 
	Parameter INIT_04 bound to: 256'b0000000000000000000000000000000000000000000000000000000000000000000000000000000000000000000000000000000000000000000000000000000000000000000000000000000000000000000000000000000000000000000000000000000000000000000000000000000000000000000000000000000000000000 
	Parameter INIT_05 bound to: 256'b0000000000000000000000000000000000000000000000000000000000000000000000000000000000000000000000000000000000000000000000000000000000000000000000000000000000000000000000000000000000000000000000000000000000000000000000000000000000000000000000000000000000000000 
	Parameter INIT_06 bound to: 256'b0000000000000000000000000000000000000000000000000000000000000000000000000000000000000000000000000000000000000000000000000000000000000000000000000000000000000000000000000000000000000000000000000000000000000000000000000000000000000000000000000000000000000000 
	Parameter INIT_07 bound to: 256'b0000000000000000000000000000000000000000000000000000000000000000000000000000000000000000000000000000000000000000000000000000000000000000000000000000000000000000000000000000000000000000000000000000000000000000000000000000000000000000000000000000000000000000 
	Parameter INIT_08 bound to: 256'b0000000000000000000000000000000000000000000000000000000000000000000000000000000000000000000000000000000000000000000000000000000000000000000000000000000000000000000000000000000000000000000000000000000000000000000000000000000000000000000000000000000000000000 
	Parameter INIT_09 bound to: 256'b0000000000000000000000000000000000000000000000000000000000000000000000000000000000000000000000000000000000000000000000000000000000000000000000000000000000000000000000000000000000000000000000000000000000000000000000000000000000000000000000000000000000000000 
	Parameter INIT_0A bound to: 256'b0000000000000000000000000000000000000000000000000000000000000000000000000000000000000000000000000000000000000000000000000000000000000000000000000000000000000000000000000000000000000000000000000000000000000000000000000000000000000000000000000000000000000000 
	Parameter INIT_0B bound to: 256'b0000000000000000000000000000000000000000000000000000000000000000000000000000000000000000000000000000000000000000000000000000000000000000000000000000000000000000000000000000000000000000000000000000000000000000000000000000000000000000000000000000000000000000 
	Parameter INIT_0C bound to: 256'b0000000000000000000000000000000000000000000000000000000000000000000000000000000000000000000000000000000000000000000000000000000000000000000000000000000000000000000000000000000000000000000000000000000000000000000000000000000000000000000000000000000000000000 
	Parameter INIT_0D bound to: 256'b0000000000000000000000000000000000000000000000000000000000000000000000000000000000000000000000000000000000000000000000000000000000000000000000000000000000000000000000000000000000000000000000000000000000000000000000000000000000000000000000000000000000000000 
	Parameter INIT_0E bound to: 256'b0000000000000000000000000000000000000000000000000000000000000000000000000000000000000000000000000000000000000000000000000000000000000000000000000000000000000000000000000000000000000000000000000000000000000000000000000000000000000000000000000000000000000000 
	Parameter INIT_0F bound to: 256'b0000000000000000000000000000000000000000000000000000000000000000000000000000000000000000000000000000000000000000000000000000000000000000000000000000000000000000000000000000000000000000000000000000000000000000000000000000000000000000000000000000000000000000 
	Parameter INIT_10 bound to: 256'b0000000000000000000000000000000000000000000000000000000000000000000000000000000000000000000000000000000000000000000000000000000000000000000000000000000000000000000000000000000000000000000000000000000000000000000000000000000000000000000000000000000000000000 
	Parameter INIT_11 bound to: 256'b0000000000000000000000000000000000000000000000000000000000000000000000000000000000000000000000000000000000000000000000000000000000000000000000000000000000000000000000000000000000000000000000000000000000000000000000000000000000000000000000000000000000000000 
	Parameter INIT_12 bound to: 256'b0000000000000000000000000000000000000000000000000000000000000000000000000000000000000000000000000000000000000000000000000000000000000000000000000000000000000000000000000000000000000000000000000000000000000000000000000000000000000000000000000000000000000000 
	Parameter INIT_13 bound to: 256'b0000000000000000000000000000000000000000000000000000000000000000000000000000000000000000000000000000000000000000000000000000000000000000000000000000000000000000000000000000000000000000000000000000000000000000000000000000000000000000000000000000000000000000 
	Parameter INIT_14 bound to: 256'b0000000000000000000000000000000000000000000000000000000000000000000000000000000000000000000000000000000000000000000000000000000000000000000000000000000000000000000000000000000000000000000000000000000000000000000000000000000000000000000000000000000000000000 
	Parameter INIT_15 bound to: 256'b0000000000000000000000000000000000000000000000000000000000000000000000000000000000000000000000000000000000000000000000000000000000000000000000000000000000000000000000000000000000000000000000000000000000000000000000000000000000000000000000000000000000000000 
	Parameter INIT_16 bound to: 256'b0000000000000000000000000000000000000000000000000000000000000000000000000000000000000000000000000000000000000000000000000000000000000000000000000000000000000000000000000000000000000000000000000000000000000000000000000000000000000000000000000000000000000000 
	Parameter INIT_17 bound to: 256'b0000000000000000000000000000000000000000000000000000000000000000000000000000000000000000000000000000000000000000000000000000000000000000000000000000000000000000000000000000000000000000000000000000000000000000000000000000000000000000000000000000000000000000 
	Parameter INIT_18 bound to: 256'b0000000000000000000000000000000000000000000000000000000000000000000000000000000000000000000000000000000000000000000000000000000000000000000000000000000000000000000000000000000000000000000000000000000000000000000000000000000000000000000000000000000000000000 
	Parameter INIT_19 bound to: 256'b0000000000000000000000000000000000000000000000000000000000000000000000000000000000000000000000000000000000000000000000000000000000000000000000000000000000000000000000000000000000000000000000000000000000000000000000000000000000000000000000000000000000000000 
	Parameter INIT_1A bound to: 256'b0000000000000000000000000000000000000000000000000000000000000000000000000000000000000000000000000000000000000000000000000000000000000000000000000000000000000000000000000000000000000000000000000000000000000000000000000000000000000000000000000000000000000000 
	Parameter INIT_1B bound to: 256'b0000000000000000000000000000000000000000000000000000000000000000000000000000000000000000000000000000000000000000000000000000000000000000000000000000000000000000000000000000000000000000000000000000000000000000000000000000000000000000000000000000000000000000 
	Parameter INIT_1C bound to: 256'b0000000000000000000000000000000000000000000000000000000000000000000000000000000000000000000000000000000000000000000000000000000000000000000000000000000000000000000000000000000000000000000000000000000000000000000000000000000000000000000000000000000000000000 
	Parameter INIT_1D bound to: 256'b0000000000000000000000000000000000000000000000000000000000000000000000000000000000000000000000000000000000000000000000000000000000000000000000000000000000000000000000000000000000000000000000000000000000000000000000000000000000000000000000000000000000000000 
	Parameter INIT_1E bound to: 256'b0000000000000000000000000000000000000000000000000000000000000000000000000000000000000000000000000000000000000000000000000000000000000000000000000000000000000000000000000000000000000000000000000000000000000000000000000000000000000000000000000000000000000000 
	Parameter INIT_1F bound to: 256'b0000000000000000000000000000000000000000000000000000000000000000000000000000000000000000000000000000000000000000000000000000000000000000000000000000000000000000000000000000000000000000000000000000000000000000000000000000000000000000000000000000000000000000 
	Parameter INIT_20 bound to: 256'b0000000000000000000000000000000000000000000000000000000000000000000000000000000000000000000000000000000000000000000000000000000000000000000000000000000000000000000000000000000000000000000000000000000000000000000000000000000000000000000000000000000000000000 
	Parameter INIT_21 bound to: 256'b0000000000000000000000000000000000000000000000000000000000000000000000000000000000000000000000000000000000000000000000000000000000000000000000000000000000000000000000000000000000000000000000000000000000000000000000000000000000000000000000000000000000000000 
	Parameter INIT_22 bound to: 256'b0000000000000000000000000000000000000000000000000000000000000000000000000000000000000000000000000000000000000000000000000000000000000000000000000000000000000000000000000000000000000000000000000000000000000000000000000000000000000000000000000000000000000000 
	Parameter INIT_23 bound to: 256'b0000000000000000000000000000000000000000000000000000000000000000000000000000000000000000000000000000000000000000000000000000000000000000000000000000000000000000000000000000000000000000000000000000000000000000000000000000000000000000000000000000000000000000 
	Parameter INIT_24 bound to: 256'b0000000000000000000000000000000000000000000000000000000000000000000000000000000000000000000000000000000000000000000000000000000000000000000000000000000000000000000000000000000000000000000000000000000000000000000000000000000000000000000000000000000000000000 
	Parameter INIT_25 bound to: 256'b0000000000000000000000000000000000000000000000000000000000000000000000000000000000000000000000000000000000000000000000000000000000000000000000000000000000000000000000000000000000000000000000000000000000000000000000000000000000000000000000000000000000000000 
	Parameter INIT_26 bound to: 256'b0000000000000000000000000000000000000000000000000000000000000000000000000000000000000000000000000000000000000000000000000000000000000000000000000000000000000000000000000000000000000000000000000000000000000000000000000000000000000000000000000000000000000000 
	Parameter INIT_27 bound to: 256'b0000000000000000000000000000000000000000000000000000000000000000000000000000000000000000000000000000000000000000000000000000000000000000000000000000000000000000000000000000000000000000000000000000000000000000000000000000000000000000000000000000000000000000 
	Parameter INIT_28 bound to: 256'b0000000000000000000000000000000000000000000000000000000000000000000000000000000000000000000000000000000000000000000000000000000000000000000000000000000000000000000000000000000000000000000000000000000000000000000000000000000000000000000000000000000000000000 
	Parameter INIT_29 bound to: 256'b0000000000000000000000000000000000000000000000000000000000000000000000000000000000000000000000000000000000000000000000000000000000000000000000000000000000000000000000000000000000000000000000000000000000000000000000000000000000000000000000000000000000000000 
	Parameter INIT_2A bound to: 256'b0000000000000000000000000000000000000000000000000000000000000000000000000000000000000000000000000000000000000000000000000000000000000000000000000000000000000000000000000000000000000000000000000000000000000000000000000000000000000000000000000000000000000000 
	Parameter INIT_2B bound to: 256'b0000000000000000000000000000000000000000000000000000000000000000000000000000000000000000000000000000000000000000000000000000000000000000000000000000000000000000000000000000000000000000000000000000000000000000000000000000000000000000000000000000000000000000 
	Parameter INIT_2C bound to: 256'b0000000000000000000000000000000000000000000000000000000000000000000000000000000000000000000000000000000000000000000000000000000000000000000000000000000000000000000000000000000000000000000000000000000000000000000000000000000000000000000000000000000000000000 
	Parameter INIT_2D bound to: 256'b0000000000000000000000000000000000000000000000000000000000000000000000000000000000000000000000000000000000000000000000000000000000000000000000000000000000000000000000000000000000000000000000000000000000000000000000000000000000000000000000000000000000000000 
	Parameter INIT_2E bound to: 256'b0000000000000000000000000000000000000000000000000000000000000000000000000000000000000000000000000000000000000000000000000000000000000000000000000000000000000000000000000000000000000000000000000000000000000000000000000000000000000000000000000000000000000000 
	Parameter INIT_2F bound to: 256'b0000000000000000000000000000000000000000000000000000000000000000000000000000000000000000000000000000000000000000000000000000000000000000000000000000000000000000000000000000000000000000000000000000000000000000000000000000000000000000000000000000000000000000 
	Parameter INIT_30 bound to: 256'b0000000000000000000000000000000000000000000000000000000000000000000000000000000000000000000000000000000000000000000000000000000000000000000000000000000000000000000000000000000000000000000000000000000000000000000000000000000000000000000000000000000000000000 
	Parameter INIT_31 bound to: 256'b0000000000000000000000000000000000000000000000000000000000000000000000000000000000000000000000000000000000000000000000000000000000000000000000000000000000000000000000000000000000000000000000000000000000000000000000000000000000000000000000000000000000000000 
	Parameter INIT_32 bound to: 256'b0000000000000000000000000000000000000000000000000000000000000000000000000000000000000000000000000000000000000000000000000000000000000000000000000000000000000000000000000000000000000000000000000000000000000000000000000000000000000000000000000000000000000000 
	Parameter INIT_33 bound to: 256'b0000000000000000000000000000000000000000000000000000000000000000000000000000000000000000000000000000000000000000000000000000000000000000000000000000000000000000000000000000000000000000000000000000000000000000000000000000000000000000000000000000000000000000 
	Parameter INIT_34 bound to: 256'b0000000000000000000000000000000000000000000000000000000000000000000000000000000000000000000000000000000000000000000000000000000000000000000000000000000000000000000000000000000000000000000000000000000000000000000000000000000000000000000000000000000000000000 
	Parameter INIT_35 bound to: 256'b0000000000000000000000000000000000000000000000000000000000000000000000000000000000000000000000000000000000000000000000000000000000000000000000000000000000000000000000000000000000000000000000000000000000000000000000000000000000000000000000000000000000000000 
	Parameter INIT_36 bound to: 256'b0000000000000000000000000000000000000000000000000000000000000000000000000000000000000000000000000000000000000000000000000000000000000000000000000000000000000000000000000000000000000000000000000000000000000000000000000000000000000000000000000000000000000000 
	Parameter INIT_37 bound to: 256'b0000000000000000000000000000000000000000000000000000000000000000000000000000000000000000000000000000000000000000000000000000000000000000000000000000000000000000000000000000000000000000000000000000000000000000000000000000000000000000000000000000000000000000 
	Parameter INIT_38 bound to: 256'b0000000000000000000000000000000000000000000000000000000000000000000000000000000000000000000000000000000000000000000000000000000000000000000000000000000000000000000000000000000000000000000000000000000000000000000000000000000000000000000000000000000000000000 
	Parameter INIT_39 bound to: 256'b0000000000000000000000000000000000000000000000000000000000000000000000000000000000000000000000000000000000000000000000000000000000000000000000000000000000000000000000000000000000000000000000000000000000000000000000000000000000000000000000000000000000000000 
	Parameter INIT_3A bound to: 256'b0000000000000000000000000000000000000000000000000000000000000000000000000000000000000000000000000000000000000000000000000000000000000000000000000000000000000000000000000000000000000000000000000000000000000000000000000000000000000000000000000000000000000000 
	Parameter INIT_3B bound to: 256'b0000000000000000000000000000000000000000000000000000000000000000000000000000000000000000000000000000000000000000000000000000000000000000000000000000000000000000000000000000000000000000000000000000000000000000000000000000000000000000000000000000000000000000 
	Parameter INIT_3C bound to: 256'b0000000000000000000000000000000000000000000000000000000000000000000000000000000000000000000000000000000000000000000000000000000000000000000000000000000000000000000000000000000000000000000000000000000000000000000000000000000000000000000000000000000000000000 
	Parameter INIT_3D bound to: 256'b0000000000000000000000000000000000000000000000000000000000000000000000000000000000000000000000000000000000000000000000000000000000000000000000000000000000000000000000000000000000000000000000000000000000000000000000000000000000000000000000000000000000000000 
	Parameter INIT_3E bound to: 256'b0000000000000000000000000000000000000000000000000000000000000000000000000000000000000000000000000000000000000000000000000000000000000000000000000000000000000000000000000000000000000000000000000000000000000000000000000000000000000000000000000000000000000000 
	Parameter INIT_3F bound to: 256'b1000000100000000000000000000000000000000000000000000000000000000000000000000000000000000000000000000000000000000000000000000000000000000000000000000000000000000000000000000000000000000000000000000000000000000000000000000000000000000000000000000000000000000 
	Parameter SRVAL bound to: 20'b00000000000000000000 
	Parameter WRITE_MODE bound to: WRITE_FIRST - type: string 
INFO: [Synth 8-113] binding component instance 'ram_1024_x_18' to cell 'RAMB16_S18' [C:/Users/pangj/OneDrive - California Polytechnic State University/rat-cpu/rat_mcu/rat_mcu.srcs/sources_1/imports/new/prog_rom.vhd:194]
INFO: [Synth 8-256] done synthesizing module 'prog_rom' (4#1) [C:/Users/pangj/OneDrive - California Polytechnic State University/rat-cpu/rat_mcu/rat_mcu.srcs/sources_1/imports/new/prog_rom.vhd:29]
INFO: [Synth 8-3491] module 'REG_FILE' declared at 'C:/Users/pangj/OneDrive - California Polytechnic State University/rat-cpu/rat_mcu/rat_mcu.srcs/sources_1/imports/new/register_file.vhd:20' bound to instance 'reg_file1' of component 'REG_FILE' [C:/Users/pangj/OneDrive - California Polytechnic State University/rat-cpu/rat_mcu/rat_mcu.srcs/sources_1/imports/new/rat_mcu.vhd:224]
INFO: [Synth 8-638] synthesizing module 'REG_FILE' [C:/Users/pangj/OneDrive - California Polytechnic State University/rat-cpu/rat_mcu/rat_mcu.srcs/sources_1/imports/new/register_file.vhd:30]
INFO: [Synth 8-256] done synthesizing module 'REG_FILE' (5#1) [C:/Users/pangj/OneDrive - California Polytechnic State University/rat-cpu/rat_mcu/rat_mcu.srcs/sources_1/imports/new/register_file.vhd:30]
INFO: [Synth 8-3491] module 'mux_rf' declared at 'C:/Users/pangj/OneDrive - California Polytechnic State University/rat-cpu/rat_mcu/rat_mcu.srcs/sources_1/imports/new/mux_rf.vhd:18' bound to instance 'mux_rf1' of component 'mux_rf' [C:/Users/pangj/OneDrive - California Polytechnic State University/rat-cpu/rat_mcu/rat_mcu.srcs/sources_1/imports/new/rat_mcu.vhd:232]
INFO: [Synth 8-638] synthesizing module 'mux_rf' [C:/Users/pangj/OneDrive - California Polytechnic State University/rat-cpu/rat_mcu/rat_mcu.srcs/sources_1/imports/new/mux_rf.vhd:27]
INFO: [Synth 8-256] done synthesizing module 'mux_rf' (6#1) [C:/Users/pangj/OneDrive - California Polytechnic State University/rat-cpu/rat_mcu/rat_mcu.srcs/sources_1/imports/new/mux_rf.vhd:27]
INFO: [Synth 8-3491] module 'rat_alu' declared at 'C:/Users/pangj/OneDrive - California Polytechnic State University/rat-cpu/rat_mcu/rat_mcu.srcs/sources_1/imports/new/rat_alu.vhd:20' bound to instance 'alu1' of component 'rat_alu' [C:/Users/pangj/OneDrive - California Polytechnic State University/rat-cpu/rat_mcu/rat_mcu.srcs/sources_1/imports/new/rat_mcu.vhd:241]
INFO: [Synth 8-638] synthesizing module 'rat_alu' [C:/Users/pangj/OneDrive - California Polytechnic State University/rat-cpu/rat_mcu/rat_mcu.srcs/sources_1/imports/new/rat_alu.vhd:30]
INFO: [Synth 8-256] done synthesizing module 'rat_alu' (7#1) [C:/Users/pangj/OneDrive - California Polytechnic State University/rat-cpu/rat_mcu/rat_mcu.srcs/sources_1/imports/new/rat_alu.vhd:30]
INFO: [Synth 8-3491] module 'mux_2T1' declared at 'C:/Users/pangj/OneDrive - California Polytechnic State University/rat-cpu/rat_mcu/rat_mcu.srcs/sources_1/imports/new/mux_2T1.vhd:16' bound to instance 'mux_rf_alu' of component 'mux_2T1' [C:/Users/pangj/OneDrive - California Polytechnic State University/rat-cpu/rat_mcu/rat_mcu.srcs/sources_1/imports/new/rat_mcu.vhd:249]
INFO: [Synth 8-638] synthesizing module 'mux_2T1' [C:/Users/pangj/OneDrive - California Polytechnic State University/rat-cpu/rat_mcu/rat_mcu.srcs/sources_1/imports/new/mux_2T1.vhd:23]
INFO: [Synth 8-256] done synthesizing module 'mux_2T1' (8#1) [C:/Users/pangj/OneDrive - California Polytechnic State University/rat-cpu/rat_mcu/rat_mcu.srcs/sources_1/imports/new/mux_2T1.vhd:23]
INFO: [Synth 8-3491] module 'control_unit' declared at 'C:/Users/pangj/OneDrive - California Polytechnic State University/rat-cpu/rat_mcu/rat_mcu.srcs/sources_1/imports/new/control_unit.vhd:19' bound to instance 'cu1' of component 'control_unit' [C:/Users/pangj/OneDrive - California Polytechnic State University/rat-cpu/rat_mcu/rat_mcu.srcs/sources_1/imports/new/rat_mcu.vhd:256]
INFO: [Synth 8-638] synthesizing module 'control_unit' [C:/Users/pangj/OneDrive - California Polytechnic State University/rat-cpu/rat_mcu/rat_mcu.srcs/sources_1/imports/new/control_unit.vhd:61]
INFO: [Synth 8-226] default block is never used [C:/Users/pangj/OneDrive - California Polytechnic State University/rat-cpu/rat_mcu/rat_mcu.srcs/sources_1/imports/new/control_unit.vhd:118]
WARNING: [Synth 8-614] signal 'int' is read in the process but is not in the sensitivity list [C:/Users/pangj/OneDrive - California Polytechnic State University/rat-cpu/rat_mcu/rat_mcu.srcs/sources_1/imports/new/control_unit.vhd:82]
WARNING: [Synth 8-614] signal 'c_flag' is read in the process but is not in the sensitivity list [C:/Users/pangj/OneDrive - California Polytechnic State University/rat-cpu/rat_mcu/rat_mcu.srcs/sources_1/imports/new/control_unit.vhd:82]
WARNING: [Synth 8-614] signal 'z_flag' is read in the process but is not in the sensitivity list [C:/Users/pangj/OneDrive - California Polytechnic State University/rat-cpu/rat_mcu/rat_mcu.srcs/sources_1/imports/new/control_unit.vhd:82]
INFO: [Synth 8-256] done synthesizing module 'control_unit' (9#1) [C:/Users/pangj/OneDrive - California Polytechnic State University/rat-cpu/rat_mcu/rat_mcu.srcs/sources_1/imports/new/control_unit.vhd:61]
INFO: [Synth 8-3491] module 'd_flip_flop' declared at 'C:/Users/pangj/OneDrive - California Polytechnic State University/rat-cpu/rat_mcu/rat_mcu.srcs/sources_1/imports/new/d_flip_flop.vhd:17' bound to instance 'cf1' of component 'd_flip_flop' [C:/Users/pangj/OneDrive - California Polytechnic State University/rat-cpu/rat_mcu/rat_mcu.srcs/sources_1/imports/new/rat_mcu.vhd:296]
INFO: [Synth 8-638] synthesizing module 'd_flip_flop' [C:/Users/pangj/OneDrive - California Polytechnic State University/rat-cpu/rat_mcu/rat_mcu.srcs/sources_1/imports/new/d_flip_flop.vhd:26]
INFO: [Synth 8-256] done synthesizing module 'd_flip_flop' (10#1) [C:/Users/pangj/OneDrive - California Polytechnic State University/rat-cpu/rat_mcu/rat_mcu.srcs/sources_1/imports/new/d_flip_flop.vhd:26]
INFO: [Synth 8-3491] module 'd_flip_flop' declared at 'C:/Users/pangj/OneDrive - California Polytechnic State University/rat-cpu/rat_mcu/rat_mcu.srcs/sources_1/imports/new/d_flip_flop.vhd:17' bound to instance 'zf1' of component 'd_flip_flop' [C:/Users/pangj/OneDrive - California Polytechnic State University/rat-cpu/rat_mcu/rat_mcu.srcs/sources_1/imports/new/rat_mcu.vhd:304]
INFO: [Synth 8-3491] module 'd_flip_flop' declared at 'C:/Users/pangj/OneDrive - California Polytechnic State University/rat-cpu/rat_mcu/rat_mcu.srcs/sources_1/imports/new/d_flip_flop.vhd:17' bound to instance 'if1' of component 'd_flip_flop' [C:/Users/pangj/OneDrive - California Polytechnic State University/rat-cpu/rat_mcu/rat_mcu.srcs/sources_1/imports/new/rat_mcu.vhd:312]
INFO: [Synth 8-3491] module 'd_flip_flop' declared at 'C:/Users/pangj/OneDrive - California Polytechnic State University/rat-cpu/rat_mcu/rat_mcu.srcs/sources_1/imports/new/d_flip_flop.vhd:17' bound to instance 'scf1' of component 'd_flip_flop' [C:/Users/pangj/OneDrive - California Polytechnic State University/rat-cpu/rat_mcu/rat_mcu.srcs/sources_1/imports/new/rat_mcu.vhd:320]
INFO: [Synth 8-3491] module 'd_flip_flop' declared at 'C:/Users/pangj/OneDrive - California Polytechnic State University/rat-cpu/rat_mcu/rat_mcu.srcs/sources_1/imports/new/d_flip_flop.vhd:17' bound to instance 'szf1' of component 'd_flip_flop' [C:/Users/pangj/OneDrive - California Polytechnic State University/rat-cpu/rat_mcu/rat_mcu.srcs/sources_1/imports/new/rat_mcu.vhd:328]
INFO: [Synth 8-3491] module 'flags_mux_2to1' declared at 'C:/Users/pangj/OneDrive - California Polytechnic State University/rat-cpu/rat_mcu/rat_mcu.srcs/sources_1/new/flags_mux_2to1.vhd:18' bound to instance 'fmz' of component 'flags_mux_2to1' [C:/Users/pangj/OneDrive - California Polytechnic State University/rat-cpu/rat_mcu/rat_mcu.srcs/sources_1/imports/new/rat_mcu.vhd:336]
INFO: [Synth 8-638] synthesizing module 'flags_mux_2to1' [C:/Users/pangj/OneDrive - California Polytechnic State University/rat-cpu/rat_mcu/rat_mcu.srcs/sources_1/new/flags_mux_2to1.vhd:25]
INFO: [Synth 8-256] done synthesizing module 'flags_mux_2to1' (11#1) [C:/Users/pangj/OneDrive - California Polytechnic State University/rat-cpu/rat_mcu/rat_mcu.srcs/sources_1/new/flags_mux_2to1.vhd:25]
INFO: [Synth 8-3491] module 'flags_mux_2to1' declared at 'C:/Users/pangj/OneDrive - California Polytechnic State University/rat-cpu/rat_mcu/rat_mcu.srcs/sources_1/new/flags_mux_2to1.vhd:18' bound to instance 'fmc' of component 'flags_mux_2to1' [C:/Users/pangj/OneDrive - California Polytechnic State University/rat-cpu/rat_mcu/rat_mcu.srcs/sources_1/imports/new/rat_mcu.vhd:342]
INFO: [Synth 8-3491] module 'scratch_ram' declared at 'C:/Users/pangj/OneDrive - California Polytechnic State University/rat-cpu/rat_mcu/rat_mcu.srcs/sources_1/imports/new/Scratch_RAM.vhd:20' bound to instance 'scr_ram1' of component 'scratch_ram' [C:/Users/pangj/OneDrive - California Polytechnic State University/rat-cpu/rat_mcu/rat_mcu.srcs/sources_1/imports/new/rat_mcu.vhd:349]
INFO: [Synth 8-638] synthesizing module 'scratch_ram' [C:/Users/pangj/OneDrive - California Polytechnic State University/rat-cpu/rat_mcu/rat_mcu.srcs/sources_1/imports/new/Scratch_RAM.vhd:28]
INFO: [Synth 8-256] done synthesizing module 'scratch_ram' (12#1) [C:/Users/pangj/OneDrive - California Polytechnic State University/rat-cpu/rat_mcu/rat_mcu.srcs/sources_1/imports/new/Scratch_RAM.vhd:28]
INFO: [Synth 8-3491] module 'mux_rf' declared at 'C:/Users/pangj/OneDrive - California Polytechnic State University/rat-cpu/rat_mcu/rat_mcu.srcs/sources_1/imports/new/mux_rf.vhd:18' bound to instance 'mux_scr_addr' of component 'mux_rf' [C:/Users/pangj/OneDrive - California Polytechnic State University/rat-cpu/rat_mcu/rat_mcu.srcs/sources_1/imports/new/rat_mcu.vhd:356]
INFO: [Synth 8-3491] module 'mux_2to1' declared at 'C:/Users/pangj/OneDrive - California Polytechnic State University/rat-cpu/rat_mcu/rat_mcu.srcs/sources_1/imports/new/mux_scr_data_in.vhd:18' bound to instance 'mux_scr_data_in' of component 'mux_2to1' [C:/Users/pangj/OneDrive - California Polytechnic State University/rat-cpu/rat_mcu/rat_mcu.srcs/sources_1/imports/new/rat_mcu.vhd:364]
INFO: [Synth 8-638] synthesizing module 'mux_2to1' [C:/Users/pangj/OneDrive - California Polytechnic State University/rat-cpu/rat_mcu/rat_mcu.srcs/sources_1/imports/new/mux_scr_data_in.vhd:25]
INFO: [Synth 8-256] done synthesizing module 'mux_2to1' (13#1) [C:/Users/pangj/OneDrive - California Polytechnic State University/rat-cpu/rat_mcu/rat_mcu.srcs/sources_1/imports/new/mux_scr_data_in.vhd:25]
INFO: [Synth 8-3491] module 'stack_pointer' declared at 'C:/Users/pangj/OneDrive - California Polytechnic State University/rat-cpu/rat_mcu/rat_mcu.srcs/sources_1/imports/new/stack_pointer.vhd:18' bound to instance 'sp' of component 'stack_pointer' [C:/Users/pangj/OneDrive - California Polytechnic State University/rat-cpu/rat_mcu/rat_mcu.srcs/sources_1/imports/new/rat_mcu.vhd:371]
INFO: [Synth 8-638] synthesizing module 'stack_pointer' [C:/Users/pangj/OneDrive - California Polytechnic State University/rat-cpu/rat_mcu/rat_mcu.srcs/sources_1/imports/new/stack_pointer.vhd:28]
INFO: [Synth 8-256] done synthesizing module 'stack_pointer' (14#1) [C:/Users/pangj/OneDrive - California Polytechnic State University/rat-cpu/rat_mcu/rat_mcu.srcs/sources_1/imports/new/stack_pointer.vhd:28]
INFO: [Synth 8-256] done synthesizing module 'rat_mcu' (15#1) [C:/Users/pangj/OneDrive - California Polytechnic State University/rat-cpu/rat_mcu/rat_mcu.srcs/sources_1/imports/new/rat_mcu.vhd:33]
INFO: [Synth 8-3491] module 'mealy_sseg' declared at 'C:/Users/pangj/OneDrive - California Polytechnic State University/rat-cpu/rat_mcu/rat_mcu.srcs/sources_1/new/mealy_sseg.vhd:22' bound to instance 'msseg1' of component 'mealy_sseg' [C:/Users/pangj/OneDrive - California Polytechnic State University/rat-cpu/rat_mcu/rat_mcu.srcs/sources_1/imports/new/RAT_WRAPPER.vhd:146]
INFO: [Synth 8-638] synthesizing module 'mealy_sseg' [C:/Users/pangj/OneDrive - California Polytechnic State University/rat-cpu/rat_mcu/rat_mcu.srcs/sources_1/new/mealy_sseg.vhd:32]
INFO: [Synth 8-3491] module 'bin2bcdconv' declared at 'C:/Users/pangj/OneDrive - California Polytechnic State University/rat-cpu/rat_mcu/rat_mcu.srcs/sources_1/new/mealy_sseg.vhd:136' bound to instance 'my_conv' of component 'bin2bcdconv' [C:/Users/pangj/OneDrive - California Polytechnic State University/rat-cpu/rat_mcu/rat_mcu.srcs/sources_1/new/mealy_sseg.vhd:56]
INFO: [Synth 8-638] synthesizing module 'bin2bcdconv' [C:/Users/pangj/OneDrive - California Polytechnic State University/rat-cpu/rat_mcu/rat_mcu.srcs/sources_1/new/mealy_sseg.vhd:146]
INFO: [Synth 8-256] done synthesizing module 'bin2bcdconv' (16#1) [C:/Users/pangj/OneDrive - California Polytechnic State University/rat-cpu/rat_mcu/rat_mcu.srcs/sources_1/new/mealy_sseg.vhd:146]
INFO: [Synth 8-3491] module 'clk_div' declared at 'C:/Users/pangj/OneDrive - California Polytechnic State University/rat-cpu/rat_mcu/rat_mcu.srcs/sources_1/new/mealy_sseg.vhd:236' bound to instance 'my_clk' of component 'clk_div' [C:/Users/pangj/OneDrive - California Polytechnic State University/rat-cpu/rat_mcu/rat_mcu.srcs/sources_1/new/mealy_sseg.vhd:62]
INFO: [Synth 8-638] synthesizing module 'clk_div' [C:/Users/pangj/OneDrive - California Polytechnic State University/rat-cpu/rat_mcu/rat_mcu.srcs/sources_1/new/mealy_sseg.vhd:241]
INFO: [Synth 8-256] done synthesizing module 'clk_div' (17#1) [C:/Users/pangj/OneDrive - California Polytechnic State University/rat-cpu/rat_mcu/rat_mcu.srcs/sources_1/new/mealy_sseg.vhd:241]
INFO: [Synth 8-226] default block is never used [C:/Users/pangj/OneDrive - California Polytechnic State University/rat-cpu/rat_mcu/rat_mcu.srcs/sources_1/new/mealy_sseg.vhd:112]
INFO: [Synth 8-256] done synthesizing module 'mealy_sseg' (18#1) [C:/Users/pangj/OneDrive - California Polytechnic State University/rat-cpu/rat_mcu/rat_mcu.srcs/sources_1/new/mealy_sseg.vhd:32]
INFO: [Synth 8-3491] module 'db_1shot_FSM' declared at 'C:/Users/pangj/OneDrive - California Polytechnic State University/rat-cpu/rat_mcu/rat_mcu.srcs/sources_1/imports/Debounce_OneShot_FSM/debounce_one_shot_FSM.vhd:26' bound to instance 'db1s' of component 'db_1shot_FSM' [C:/Users/pangj/OneDrive - California Polytechnic State University/rat-cpu/rat_mcu/rat_mcu.srcs/sources_1/imports/new/RAT_WRAPPER.vhd:153]
INFO: [Synth 8-638] synthesizing module 'db_1shot_FSM' [C:/Users/pangj/OneDrive - California Polytechnic State University/rat-cpu/rat_mcu/rat_mcu.srcs/sources_1/imports/Debounce_OneShot_FSM/debounce_one_shot_FSM.vhd:32]
INFO: [Synth 8-3491] module 'counter' declared at 'C:/Users/pangj/OneDrive - California Polytechnic State University/rat-cpu/rat_mcu/rat_mcu.srcs/sources_1/imports/Debounce_OneShot_FSM/counter_for_one_shot.vhd:27' bound to instance 'bounce_counter' of component 'Counter' [C:/Users/pangj/OneDrive - California Polytechnic State University/rat-cpu/rat_mcu/rat_mcu.srcs/sources_1/imports/Debounce_OneShot_FSM/debounce_one_shot_FSM.vhd:60]
INFO: [Synth 8-638] synthesizing module 'counter' [C:/Users/pangj/OneDrive - California Polytechnic State University/rat-cpu/rat_mcu/rat_mcu.srcs/sources_1/imports/Debounce_OneShot_FSM/counter_for_one_shot.vhd:34]
INFO: [Synth 8-256] done synthesizing module 'counter' (19#1) [C:/Users/pangj/OneDrive - California Polytechnic State University/rat-cpu/rat_mcu/rat_mcu.srcs/sources_1/imports/Debounce_OneShot_FSM/counter_for_one_shot.vhd:34]
INFO: [Synth 8-256] done synthesizing module 'db_1shot_FSM' (20#1) [C:/Users/pangj/OneDrive - California Polytechnic State University/rat-cpu/rat_mcu/rat_mcu.srcs/sources_1/imports/Debounce_OneShot_FSM/debounce_one_shot_FSM.vhd:32]
INFO: [Synth 8-3491] module 'interrupt_controller' declared at 'C:/Users/pangj/OneDrive - California Polytechnic State University/rat-cpu/rat_mcu/rat_mcu.srcs/sources_1/imports/new/interrupt_controller.vhd:18' bound to instance 'ic1' of component 'interrupt_controller' [C:/Users/pangj/OneDrive - California Polytechnic State University/rat-cpu/rat_mcu/rat_mcu.srcs/sources_1/imports/new/RAT_WRAPPER.vhd:159]
INFO: [Synth 8-638] synthesizing module 'interrupt_controller' [C:/Users/pangj/OneDrive - California Polytechnic State University/rat-cpu/rat_mcu/rat_mcu.srcs/sources_1/imports/new/interrupt_controller.vhd:27]
WARNING: [Synth 8-614] signal 'int_status_sig' is read in the process but is not in the sensitivity list [C:/Users/pangj/OneDrive - California Polytechnic State University/rat-cpu/rat_mcu/rat_mcu.srcs/sources_1/imports/new/interrupt_controller.vhd:34]
INFO: [Synth 8-256] done synthesizing module 'interrupt_controller' (21#1) [C:/Users/pangj/OneDrive - California Polytechnic State University/rat-cpu/rat_mcu/rat_mcu.srcs/sources_1/imports/new/interrupt_controller.vhd:27]
WARNING: [Synth 8-614] signal 'sig_int_status' is read in the process but is not in the sensitivity list [C:/Users/pangj/OneDrive - California Polytechnic State University/rat-cpu/rat_mcu/rat_mcu.srcs/sources_1/imports/new/RAT_WRAPPER.vhd:170]
WARNING: [Synth 8-3848] Net int_en in module/entity RAT_wrapper does not have driver. [C:/Users/pangj/OneDrive - California Polytechnic State University/rat-cpu/rat_mcu/rat_mcu.srcs/sources_1/imports/new/RAT_WRAPPER.vhd:24]
WARNING: [Synth 8-3848] Net int_clr in module/entity RAT_wrapper does not have driver. [C:/Users/pangj/OneDrive - California Polytechnic State University/rat-cpu/rat_mcu/rat_mcu.srcs/sources_1/imports/new/RAT_WRAPPER.vhd:25]
INFO: [Synth 8-256] done synthesizing module 'RAT_wrapper' (22#1) [C:/Users/pangj/OneDrive - California Polytechnic State University/rat-cpu/rat_mcu/rat_mcu.srcs/sources_1/imports/new/RAT_WRAPPER.vhd:32]
WARNING: [Synth 8-3331] design RAT_wrapper has unconnected port int_en
WARNING: [Synth 8-3331] design RAT_wrapper has unconnected port int_clr[7]
WARNING: [Synth 8-3331] design RAT_wrapper has unconnected port int_clr[6]
WARNING: [Synth 8-3331] design RAT_wrapper has unconnected port int_clr[5]
WARNING: [Synth 8-3331] design RAT_wrapper has unconnected port int_clr[4]
WARNING: [Synth 8-3331] design RAT_wrapper has unconnected port int_clr[3]
WARNING: [Synth 8-3331] design RAT_wrapper has unconnected port int_clr[2]
WARNING: [Synth 8-3331] design RAT_wrapper has unconnected port int_clr[1]
WARNING: [Synth 8-3331] design RAT_wrapper has unconnected port int_clr[0]
---------------------------------------------------------------------------------
Finished RTL Elaboration : Time (s): cpu = 00:03:15 ; elapsed = 00:27:14 . Memory (MB): peak = 949.391 ; gain = 742.172
---------------------------------------------------------------------------------

Report Check Netlist: 
+------+------------------+-------+---------+-------+------------------+
|      |Item              |Errors |Warnings |Status |Description       |
+------+------------------+-------+---------+-------+------------------+
|1     |multi_driven_nets |      0|        0|Passed |Multi driven nets |
+------+------------------+-------+---------+-------+------------------+
---------------------------------------------------------------------------------
Finished RTL Optimization Phase 1 : Time (s): cpu = 00:03:15 ; elapsed = 00:27:15 . Memory (MB): peak = 949.391 ; gain = 742.172
---------------------------------------------------------------------------------
INFO: [Netlist 29-17] Analyzing 1 Unisim elements for replacement
INFO: [Netlist 29-28] Unisim Transformation completed in 0 CPU seconds
INFO: [Device 21-403] Loading part xc7a35tcpg236-1
INFO: [Project 1-570] Preparing netlist for logic optimization

Processing XDC Constraints
Initializing timing engine
Parsing XDC File [C:/Users/pangj/OneDrive - California Polytechnic State University/rat-cpu/rat_mcu/rat_mcu.srcs/constrs_1/imports/new/rat_wrapper_constraints.xdc]
WARNING: [Vivado 12-584] No ports matched 'int_btn'. [C:/Users/pangj/OneDrive - California Polytechnic State University/rat-cpu/rat_mcu/rat_mcu.srcs/constrs_1/imports/new/rat_wrapper_constraints.xdc:114]
CRITICAL WARNING: [Common 17-55] 'set_property' expects at least one object. [C:/Users/pangj/OneDrive - California Polytechnic State University/rat-cpu/rat_mcu/rat_mcu.srcs/constrs_1/imports/new/rat_wrapper_constraints.xdc:114]
Resolution: If [get_<value>] was used to populate the object, check to make sure this command returns at least one valid object.
WARNING: [Vivado 12-584] No ports matched 'int_btn'. [C:/Users/pangj/OneDrive - California Polytechnic State University/rat-cpu/rat_mcu/rat_mcu.srcs/constrs_1/imports/new/rat_wrapper_constraints.xdc:115]
CRITICAL WARNING: [Common 17-55] 'set_property' expects at least one object. [C:/Users/pangj/OneDrive - California Polytechnic State University/rat-cpu/rat_mcu/rat_mcu.srcs/constrs_1/imports/new/rat_wrapper_constraints.xdc:115]
Resolution: If [get_<value>] was used to populate the object, check to make sure this command returns at least one valid object.
Finished Parsing XDC File [C:/Users/pangj/OneDrive - California Polytechnic State University/rat-cpu/rat_mcu/rat_mcu.srcs/constrs_1/imports/new/rat_wrapper_constraints.xdc]
Completed Processing XDC Constraints

INFO: [Opt 31-138] Pushed 0 inverter(s) to 0 load pin(s).
INFO: [Project 1-111] Unisim Transformation Summary:
  A total of 1 instances were transformed.
  RAMB16_S18 => RAMB18E1: 1 instances

RTL Elaboration Complete:  : Time (s): cpu = 00:03:39 ; elapsed = 00:27:40 . Memory (MB): peak = 1260.980 ; gain = 1053.762
80 Infos, 18 Warnings, 2 Critical Warnings and 0 Errors encountered.
synth_design completed successfully
synth_design: Time (s): cpu = 00:00:32 ; elapsed = 00:00:35 . Memory (MB): peak = 1260.980 ; gain = 367.723
refresh_design
INFO: [Project 1-570] Preparing netlist for logic optimization

Processing XDC Constraints
Initializing timing engine
Parsing XDC File [C:/Users/pangj/OneDrive - California Polytechnic State University/rat-cpu/rat_mcu/rat_mcu.srcs/constrs_1/imports/new/rat_wrapper_constraints.xdc]
Finished Parsing XDC File [C:/Users/pangj/OneDrive - California Polytechnic State University/rat-cpu/rat_mcu/rat_mcu.srcs/constrs_1/imports/new/rat_wrapper_constraints.xdc]
Completed Processing XDC Constraints

INFO: [Opt 31-138] Pushed 0 inverter(s) to 0 load pin(s).
refresh_design: Time (s): cpu = 00:00:16 ; elapsed = 00:00:10 . Memory (MB): peak = 1291.852 ; gain = 27.586
