#-----------------------------------------------------------
# Vivado v2016.2 (64-bit)
# SW Build 1577090 on Thu Jun  2 16:32:40 MDT 2016
# IP Build 1577682 on Fri Jun  3 12:00:54 MDT 2016
# Start of session at: Fri Mar 16 03:18:10 2018
# Process ID: 16800
# Current directory: C:/Users/NWang/OneDrive/Others/Documents/GitHub/rat-cpu/final_project/hoop_driver
# Command line: vivado.exe -gui_launcher_event rodinguilauncherevent11692 C:\Users\NWang\OneDrive\Others\Documents\GitHub\rat-cpu\final_project\hoop_driver\hoop_driver.xpr
# Log file: C:/Users/NWang/OneDrive/Others/Documents/GitHub/rat-cpu/final_project/hoop_driver/vivado.log
# Journal file: C:/Users/NWang/OneDrive/Others/Documents/GitHub/rat-cpu/final_project/hoop_driver\vivado.jou
#-----------------------------------------------------------
start_gui
open_project C:/Users/NWang/OneDrive/Others/Documents/GitHub/rat-cpu/final_project/hoop_driver/hoop_driver.xpr
INFO: [ProjectBase 1-489] The host OS only allows 260 characters in a normal path. The project is stored in a path with more than 80 characters. If you experience issues with IP, Block Designs, or files not being found, please consider moving the project to a location with a shorter path. Alternately consider using the OS subst command to map part of the path to a drive letter.
Current project path is 'C:/Users/NWang/OneDrive/Others/Documents/GitHub/rat-cpu/final_project/hoop_driver'
INFO: [Project 1-313] Project file moved from 'C:/Users/pangj/OneDrive - California Polytechnic State University/rat-cpu/final_project/hoop_driver' since last save.
Scanning sources...
Finished scanning sources
INFO: [IP_Flow 19-234] Refreshing IP repositories
INFO: [IP_Flow 19-1704] No user IP repositories specified
INFO: [IP_Flow 19-2313] Loaded Vivado IP repository 'C:/Xilinx/Vivado/2016.2/data/ip'.
open_project: Time (s): cpu = 00:00:18 ; elapsed = 00:00:09 . Memory (MB): peak = 782.445 ; gain = 130.293
update_compile_order -fileset sources_1
update_compile_order -fileset sources_1
remove_files C:/Users/NWang/OneDrive/Others/Documents/GitHub/rat-cpu/final_project/hoop_driver/hoop_driver.srcs/sources_1/imports/new/game_clock.vhd
remove_files C:/Users/NWang/OneDrive/Others/Documents/GitHub/rat-cpu/final_project/hoop_driver/hoop_driver.srcs/sources_1/imports/new/clk_div_fs.vhd
add_files -norecurse -scan_for_includes C:/Users/NWang/OneDrive/Others/Documents/GitHub/rat-cpu/final_project/timer/game_clock/game_clock.srcs/sources_1/new/oneshot.vhd
import_files -norecurse C:/Users/NWang/OneDrive/Others/Documents/GitHub/rat-cpu/final_project/timer/game_clock/game_clock.srcs/sources_1/new/oneshot.vhd
update_compile_order -fileset sources_1
remove_files C:/Users/NWang/OneDrive/Others/Documents/GitHub/rat-cpu/final_project/hoop_driver/hoop_driver.srcs/sources_1/imports/Debounce_OneShot_FSM/debounce_one_shot_FSM_TB.vhd
remove_files C:/Users/NWang/OneDrive/Others/Documents/GitHub/rat-cpu/final_project/hoop_driver/hoop_driver.srcs/sources_1/imports/Debounce_OneShot_FSM/debounce_one_shot_FSM.vhd
remove_files C:/Users/NWang/OneDrive/Others/Documents/GitHub/rat-cpu/final_project/hoop_driver/hoop_driver.srcs/sources_1/imports/Debounce_OneShot_FSM/counter_for_one_shot.vhd
reset_run synth_1
launch_runs impl_1 -to_step write_bitstream
[Fri Mar 16 03:46:57 2018] Launched synth_1...
Run output will be captured here: C:/Users/NWang/OneDrive/Others/Documents/GitHub/rat-cpu/final_project/hoop_driver/hoop_driver.runs/synth_1/runme.log
[Fri Mar 16 03:46:57 2018] Launched impl_1...
Run output will be captured here: C:/Users/NWang/OneDrive/Others/Documents/GitHub/rat-cpu/final_project/hoop_driver/hoop_driver.runs/impl_1/runme.log
open_hw
exit
INFO: [Common 17-206] Exiting Vivado at Fri Mar 16 03:54:09 2018...
