
*** Running vivado
    with args -log RAT_wrapper.vdi -applog -m64 -messageDb vivado.pb -mode batch -source RAT_wrapper.tcl -notrace


****** Vivado v2016.2 (64-bit)
  **** SW Build 1577090 on Thu Jun  2 16:32:40 MDT 2016
  **** IP Build 1577682 on Fri Jun  3 12:00:54 MDT 2016
    ** Copyright 1986-2016 Xilinx, Inc. All Rights Reserved.

source RAT_wrapper.tcl -notrace
Design is defaulting to srcset: sources_1
Design is defaulting to constrset: constrs_1
INFO: [Netlist 29-17] Analyzing 48 Unisim elements for replacement
INFO: [Netlist 29-28] Unisim Transformation completed in 0 CPU seconds
INFO: [Project 1-479] Netlist was created with Vivado 2016.2
INFO: [Device 21-403] Loading part xc7a35tcpg236-1
INFO: [Project 1-570] Preparing netlist for logic optimization
Parsing XDC File [C:/Users/NWang/OneDrive/Others/Documents/GitHub/rat-cpu/rat8/rat8.srcs/constrs_1/imports/new/rat_wrapper_constraints.xdc]
Finished Parsing XDC File [C:/Users/NWang/OneDrive/Others/Documents/GitHub/rat-cpu/rat8/rat8.srcs/constrs_1/imports/new/rat_wrapper_constraints.xdc]
INFO: [Opt 31-138] Pushed 0 inverter(s) to 0 load pin(s).
INFO: [Project 1-111] Unisim Transformation Summary:
  A total of 18 instances were transformed.
  RAM256X1S => RAM256X1S (MUXF7, MUXF7, MUXF8, RAMS64E, RAMS64E, RAMS64E, RAMS64E): 10 instances
  RAM32X1D => RAM32X1D (RAMD32, RAMD32): 8 instances

link_design: Time (s): cpu = 00:00:08 ; elapsed = 00:00:09 . Memory (MB): peak = 446.535 ; gain = 239.715
INFO: [Vivado_Tcl 4-424] Cannot write hardware definition file as there are no IPI block design hardware handoff files present
Command: opt_design
Attempting to get a license for feature 'Implementation' and/or device 'xc7a35t'
INFO: [Common 17-349] Got license for feature 'Implementation' and/or device 'xc7a35t'
Running DRC as a precondition to command opt_design

Starting DRC Task
INFO: [DRC 23-27] Running DRC with 2 threads
INFO: [Project 1-461] DRC finished with 0 Errors
INFO: [Project 1-462] Please refer to the DRC report (report_drc) for more information.

Time (s): cpu = 00:00:00 ; elapsed = 00:00:00.155 . Memory (MB): peak = 451.133 ; gain = 4.598
INFO: [Timing 38-35] Done setting XDC timing constraints.

Starting Logic Optimization Task
Implement Debug Cores | Checksum: 182b0e09d

Phase 1 Retarget
INFO: [Opt 31-138] Pushed 0 inverter(s) to 0 load pin(s).
INFO: [Opt 31-49] Retargeted 0 cell(s).
Phase 1 Retarget | Checksum: 182b0e09d

Time (s): cpu = 00:00:00 ; elapsed = 00:00:00.092 . Memory (MB): peak = 922.617 ; gain = 0.000

Phase 2 Constant Propagation
INFO: [Opt 31-138] Pushed 0 inverter(s) to 0 load pin(s).
INFO: [Opt 31-10] Eliminated 0 cells.
Phase 2 Constant Propagation | Checksum: 182b0e09d

Time (s): cpu = 00:00:00 ; elapsed = 00:00:00.110 . Memory (MB): peak = 922.617 ; gain = 0.000

Phase 3 Sweep
INFO: [Opt 31-12] Eliminated 46 unconnected nets.
INFO: [Opt 31-11] Eliminated 0 unconnected cells.
Phase 3 Sweep | Checksum: 1dd07b893

Time (s): cpu = 00:00:00 ; elapsed = 00:00:00.148 . Memory (MB): peak = 922.617 ; gain = 0.000

Starting Connectivity Check Task

Time (s): cpu = 00:00:00 ; elapsed = 00:00:00.002 . Memory (MB): peak = 922.617 ; gain = 0.000
Ending Logic Optimization Task | Checksum: 1dd07b893

Time (s): cpu = 00:00:00 ; elapsed = 00:00:00.154 . Memory (MB): peak = 922.617 ; gain = 0.000

Starting Power Optimization Task
INFO: [Pwropt 34-132] Skipping clock gating for clocks with a period < 2.00 ns.
INFO: [Pwropt 34-9] Applying IDT optimizations ...
INFO: [Pwropt 34-10] Applying ODC optimizations ...
INFO: [Timing 38-35] Done setting XDC timing constraints.
Running Vector-less Activity Propagation...

Finished Running Vector-less Activity Propagation


Starting PowerOpt Patch Enables Task
INFO: [Pwropt 34-162] WRITE_MODE attribute of 0 BRAM(s) out of a total of 1 has been updated to save power. Run report_power_opt to get a complete listing of the BRAMs updated.
INFO: [Pwropt 34-201] Structural ODC has moved 0 WE to EN ports
Number of BRAM Ports augmented: 0 newly gated: 0 Total Ports: 2
Ending PowerOpt Patch Enables Task | Checksum: 1dd07b893

Time (s): cpu = 00:00:00 ; elapsed = 00:00:00.012 . Memory (MB): peak = 1083.688 ; gain = 0.000
Ending Power Optimization Task | Checksum: 1dd07b893

Time (s): cpu = 00:00:01 ; elapsed = 00:00:01 . Memory (MB): peak = 1083.688 ; gain = 161.070
INFO: [Common 17-83] Releasing license: Implementation
26 Infos, 0 Warnings, 0 Critical Warnings and 0 Errors encountered.
opt_design completed successfully
opt_design: Time (s): cpu = 00:00:15 ; elapsed = 00:00:16 . Memory (MB): peak = 1083.688 ; gain = 637.152
Writing placer database...
Writing XDEF routing.
Writing XDEF routing logical nets.
Writing XDEF routing special nets.
Write XDEF Complete: Time (s): cpu = 00:00:00 ; elapsed = 00:00:00.080 . Memory (MB): peak = 1083.688 ; gain = 0.000
INFO: [DRC 23-27] Running DRC with 2 threads
INFO: [Coretcl 2-168] The results of DRC are in file C:/Users/NWang/OneDrive/Others/Documents/GitHub/rat-cpu/rat8/rat8.runs/impl_1/RAT_wrapper_drc_opted.rpt.
INFO: [Chipscope 16-241] No debug cores found in the current design.
Before running the implement_debug_core command, either use the Set Up Debug wizard (GUI mode)
or use the create_debug_core and connect_debug_core Tcl commands to insert debug cores into the design.
Command: place_design
Attempting to get a license for feature 'Implementation' and/or device 'xc7a35t'
INFO: [Common 17-349] Got license for feature 'Implementation' and/or device 'xc7a35t'
INFO: [DRC 23-27] Running DRC with 2 threads
INFO: [Vivado_Tcl 4-198] DRC finished with 0 Errors
INFO: [Vivado_Tcl 4-199] Please refer to the DRC report (report_drc) for more information.
Running DRC as a precondition to command place_design
INFO: [DRC 23-27] Running DRC with 2 threads
INFO: [Vivado_Tcl 4-198] DRC finished with 0 Errors
INFO: [Vivado_Tcl 4-199] Please refer to the DRC report (report_drc) for more information.

Starting Placer Task
INFO: [Place 30-611] Multithreading enabled for place_design using a maximum of 2 CPUs

Phase 1 Placer Initialization
Netlist sorting complete. Time (s): cpu = 00:00:00 ; elapsed = 00:00:00.001 . Memory (MB): peak = 1083.688 ; gain = 0.000
Netlist sorting complete. Time (s): cpu = 00:00:00 ; elapsed = 00:00:00.001 . Memory (MB): peak = 1083.688 ; gain = 0.000

Phase 1.1 IO Placement/ Clock Placement/ Build Placer Device

Phase 1.1.1 ParallelPlaceIOClockAndInitTop

Phase 1.1.1.1 Pre-Place Cells
Phase 1.1.1.1 Pre-Place Cells | Checksum: e8d00e7a

Time (s): cpu = 00:00:00 ; elapsed = 00:00:00.033 . Memory (MB): peak = 1083.688 ; gain = 0.000

Phase 1.1.1.2 Constructing HAPIClkRuleMgr
Phase 1.1.1.2 Constructing HAPIClkRuleMgr | Checksum: e8d00e7a

Time (s): cpu = 00:00:00 ; elapsed = 00:00:00.072 . Memory (MB): peak = 1083.688 ; gain = 0.000
INFO: [Timing 38-35] Done setting XDC timing constraints.

Phase 1.1.1.3 IO and Clk Clean Up

Phase 1.1.1.3.1 Constructing HAPIClkRuleMgr
Phase 1.1.1.3.1 Constructing HAPIClkRuleMgr | Checksum: e8d00e7a

Time (s): cpu = 00:00:02 ; elapsed = 00:00:01 . Memory (MB): peak = 1083.688 ; gain = 0.000
Phase 1.1.1.3 IO and Clk Clean Up | Checksum: e8d00e7a

Time (s): cpu = 00:00:02 ; elapsed = 00:00:01 . Memory (MB): peak = 1083.688 ; gain = 0.000

Phase 1.1.1.4 Implementation Feasibility check On IDelay
Phase 1.1.1.4 Implementation Feasibility check On IDelay | Checksum: e8d00e7a

Time (s): cpu = 00:00:02 ; elapsed = 00:00:01 . Memory (MB): peak = 1083.688 ; gain = 0.000

Phase 1.1.1.5 Commit IO Placement
Phase 1.1.1.5 Commit IO Placement | Checksum: ad30d743

Time (s): cpu = 00:00:02 ; elapsed = 00:00:01 . Memory (MB): peak = 1083.688 ; gain = 0.000
Phase 1.1.1 ParallelPlaceIOClockAndInitTop | Checksum: ad30d743

Time (s): cpu = 00:00:02 ; elapsed = 00:00:01 . Memory (MB): peak = 1083.688 ; gain = 0.000
Phase 1.1 IO Placement/ Clock Placement/ Build Placer Device | Checksum: 10fc7ffa6

Time (s): cpu = 00:00:02 ; elapsed = 00:00:01 . Memory (MB): peak = 1083.688 ; gain = 0.000

Phase 1.2 Build Placer Netlist Model

Phase 1.2.1 Place Init Design

Phase 1.2.1.1 Make Others
Phase 1.2.1.1 Make Others | Checksum: 1446f3262

Time (s): cpu = 00:00:02 ; elapsed = 00:00:01 . Memory (MB): peak = 1083.688 ; gain = 0.000

Phase 1.2.1.2 Init Lut Pin Assignment
Phase 1.2.1.2 Init Lut Pin Assignment | Checksum: 1446f3262

Time (s): cpu = 00:00:02 ; elapsed = 00:00:01 . Memory (MB): peak = 1083.688 ; gain = 0.000
Phase 1.2.1 Place Init Design | Checksum: 1a2ff4f68

Time (s): cpu = 00:00:03 ; elapsed = 00:00:02 . Memory (MB): peak = 1083.688 ; gain = 0.000
Phase 1.2 Build Placer Netlist Model | Checksum: 1a2ff4f68

Time (s): cpu = 00:00:03 ; elapsed = 00:00:02 . Memory (MB): peak = 1083.688 ; gain = 0.000

Phase 1.3 Constrain Clocks/Macros
Phase 1.3 Constrain Clocks/Macros | Checksum: 1a2ff4f68

Time (s): cpu = 00:00:03 ; elapsed = 00:00:02 . Memory (MB): peak = 1083.688 ; gain = 0.000
Phase 1 Placer Initialization | Checksum: 1a2ff4f68

Time (s): cpu = 00:00:03 ; elapsed = 00:00:02 . Memory (MB): peak = 1083.688 ; gain = 0.000

Phase 2 Global Placement
Phase 2 Global Placement | Checksum: 15e472d1a

Time (s): cpu = 00:00:04 ; elapsed = 00:00:02 . Memory (MB): peak = 1083.688 ; gain = 0.000

Phase 3 Detail Placement

Phase 3.1 Commit Multi Column Macros
Phase 3.1 Commit Multi Column Macros | Checksum: 15e472d1a

Time (s): cpu = 00:00:04 ; elapsed = 00:00:02 . Memory (MB): peak = 1083.688 ; gain = 0.000

Phase 3.2 Commit Most Macros & LUTRAMs
Phase 3.2 Commit Most Macros & LUTRAMs | Checksum: 191e0ca54

Time (s): cpu = 00:00:04 ; elapsed = 00:00:03 . Memory (MB): peak = 1083.688 ; gain = 0.000

Phase 3.3 Area Swap Optimization
Phase 3.3 Area Swap Optimization | Checksum: 154c760ce

Time (s): cpu = 00:00:04 ; elapsed = 00:00:03 . Memory (MB): peak = 1083.688 ; gain = 0.000

Phase 3.4 updateClock Trees: DP
Phase 3.4 updateClock Trees: DP | Checksum: 154c760ce

Time (s): cpu = 00:00:04 ; elapsed = 00:00:03 . Memory (MB): peak = 1083.688 ; gain = 0.000

Phase 3.5 Timing Path Optimizer
Phase 3.5 Timing Path Optimizer | Checksum: 17a2f5e5b

Time (s): cpu = 00:00:04 ; elapsed = 00:00:03 . Memory (MB): peak = 1083.688 ; gain = 0.000

Phase 3.6 Fast Optimization
Phase 3.6 Fast Optimization | Checksum: 17a2f5e5b

Time (s): cpu = 00:00:04 ; elapsed = 00:00:03 . Memory (MB): peak = 1083.688 ; gain = 0.000

Phase 3.7 Small Shape Detail Placement
Phase 3.7 Small Shape Detail Placement | Checksum: 999bb609

Time (s): cpu = 00:00:04 ; elapsed = 00:00:03 . Memory (MB): peak = 1083.688 ; gain = 0.000

Phase 3.8 Re-assign LUT pins
Phase 3.8 Re-assign LUT pins | Checksum: 141d842c0

Time (s): cpu = 00:00:04 ; elapsed = 00:00:03 . Memory (MB): peak = 1083.688 ; gain = 0.000

Phase 3.9 Pipeline Register Optimization
Phase 3.9 Pipeline Register Optimization | Checksum: 141d842c0

Time (s): cpu = 00:00:04 ; elapsed = 00:00:03 . Memory (MB): peak = 1083.688 ; gain = 0.000

Phase 3.10 Fast Optimization
Phase 3.10 Fast Optimization | Checksum: 141d842c0

Time (s): cpu = 00:00:04 ; elapsed = 00:00:03 . Memory (MB): peak = 1083.688 ; gain = 0.000
Phase 3 Detail Placement | Checksum: 141d842c0

Time (s): cpu = 00:00:04 ; elapsed = 00:00:03 . Memory (MB): peak = 1083.688 ; gain = 0.000

Phase 4 Post Placement Optimization and Clean-Up

Phase 4.1 Post Commit Optimization
INFO: [Timing 38-35] Done setting XDC timing constraints.

Phase 4.1.1 updateClock Trees: PCOPT
Phase 4.1.1 updateClock Trees: PCOPT | Checksum: 1dbbf0e25

Time (s): cpu = 00:00:05 ; elapsed = 00:00:03 . Memory (MB): peak = 1083.688 ; gain = 0.000

Phase 4.1.2 Post Placement Optimization
INFO: [Place 30-746] Post Placement Timing Summary WNS=4.883. For the most accurate timing information please run report_timing.
Phase 4.1.2 Post Placement Optimization | Checksum: 194c29bc3

Time (s): cpu = 00:00:05 ; elapsed = 00:00:03 . Memory (MB): peak = 1083.688 ; gain = 0.000
Phase 4.1 Post Commit Optimization | Checksum: 194c29bc3

Time (s): cpu = 00:00:05 ; elapsed = 00:00:03 . Memory (MB): peak = 1083.688 ; gain = 0.000

Phase 4.2 Sweep Clock Roots: Post-Placement
Phase 4.2 Sweep Clock Roots: Post-Placement | Checksum: 194c29bc3

Time (s): cpu = 00:00:05 ; elapsed = 00:00:03 . Memory (MB): peak = 1083.688 ; gain = 0.000

Phase 4.3 Uram Pipeline Register Optimization
Phase 4.3 Uram Pipeline Register Optimization | Checksum: 194c29bc3

Time (s): cpu = 00:00:05 ; elapsed = 00:00:03 . Memory (MB): peak = 1083.688 ; gain = 0.000

Phase 4.4 Post Placement Cleanup
Phase 4.4 Post Placement Cleanup | Checksum: 194c29bc3

Time (s): cpu = 00:00:05 ; elapsed = 00:00:03 . Memory (MB): peak = 1083.688 ; gain = 0.000

Phase 4.5 Placer Reporting
Phase 4.5 Placer Reporting | Checksum: 194c29bc3

Time (s): cpu = 00:00:05 ; elapsed = 00:00:03 . Memory (MB): peak = 1083.688 ; gain = 0.000

Phase 4.6 Final Placement Cleanup
Phase 4.6 Final Placement Cleanup | Checksum: 12ec5dad8

Time (s): cpu = 00:00:05 ; elapsed = 00:00:03 . Memory (MB): peak = 1083.688 ; gain = 0.000
Phase 4 Post Placement Optimization and Clean-Up | Checksum: 12ec5dad8

Time (s): cpu = 00:00:05 ; elapsed = 00:00:03 . Memory (MB): peak = 1083.688 ; gain = 0.000
Ending Placer Task | Checksum: 10dca6b96

Time (s): cpu = 00:00:05 ; elapsed = 00:00:03 . Memory (MB): peak = 1083.688 ; gain = 0.000
INFO: [Common 17-83] Releasing license: Implementation
41 Infos, 0 Warnings, 0 Critical Warnings and 0 Errors encountered.
place_design completed successfully
Writing placer database...
Writing XDEF routing.
Writing XDEF routing logical nets.
Writing XDEF routing special nets.
Write XDEF Complete: Time (s): cpu = 00:00:00 ; elapsed = 00:00:00.194 . Memory (MB): peak = 1083.688 ; gain = 0.000
report_io: Time (s): cpu = 00:00:00 ; elapsed = 00:00:00.052 . Memory (MB): peak = 1083.688 ; gain = 0.000
report_utilization: Time (s): cpu = 00:00:00 ; elapsed = 00:00:00.053 . Memory (MB): peak = 1083.688 ; gain = 0.000
report_control_sets: Time (s): cpu = 00:00:00 ; elapsed = 00:00:00.004 . Memory (MB): peak = 1083.688 ; gain = 0.000
Command: route_design
Attempting to get a license for feature 'Implementation' and/or device 'xc7a35t'
INFO: [Common 17-349] Got license for feature 'Implementation' and/or device 'xc7a35t'
Running DRC as a precondition to command route_design
INFO: [DRC 23-27] Running DRC with 2 threads
INFO: [Vivado_Tcl 4-198] DRC finished with 0 Errors
INFO: [Vivado_Tcl 4-199] Please refer to the DRC report (report_drc) for more information.


Starting Routing Task
INFO: [Route 35-254] Multithreading enabled for route_design using a maximum of 2 CPUs
Checksum: PlaceDB: b0738f56 ConstDB: 0 ShapeSum: 5d56dc40 RouteDB: 0

Phase 1 Build RT Design
Phase 1 Build RT Design | Checksum: 119156f72

Time (s): cpu = 00:00:34 ; elapsed = 00:00:31 . Memory (MB): peak = 1083.688 ; gain = 0.000

Phase 2 Router Initialization

Phase 2.1 Create Timer
Phase 2.1 Create Timer | Checksum: 119156f72

Time (s): cpu = 00:00:34 ; elapsed = 00:00:31 . Memory (MB): peak = 1083.688 ; gain = 0.000

Phase 2.2 Fix Topology Constraints
Phase 2.2 Fix Topology Constraints | Checksum: 119156f72

Time (s): cpu = 00:00:34 ; elapsed = 00:00:31 . Memory (MB): peak = 1083.688 ; gain = 0.000

Phase 2.3 Pre Route Cleanup
Phase 2.3 Pre Route Cleanup | Checksum: 119156f72

Time (s): cpu = 00:00:34 ; elapsed = 00:00:31 . Memory (MB): peak = 1083.688 ; gain = 0.000
 Number of Nodes with overlaps = 0

Phase 2.4 Update Timing
Phase 2.4 Update Timing | Checksum: 2538fd921

Time (s): cpu = 00:00:35 ; elapsed = 00:00:32 . Memory (MB): peak = 1083.688 ; gain = 0.000
INFO: [Route 35-416] Intermediate Timing Summary | WNS=4.901  | TNS=0.000  | WHS=-0.093 | THS=-0.615 |

Phase 2 Router Initialization | Checksum: 19ef8c1e6

Time (s): cpu = 00:00:35 ; elapsed = 00:00:32 . Memory (MB): peak = 1083.688 ; gain = 0.000

Phase 3 Initial Routing
Phase 3 Initial Routing | Checksum: 145921d40

Time (s): cpu = 00:00:35 ; elapsed = 00:00:32 . Memory (MB): peak = 1083.688 ; gain = 0.000

Phase 4 Rip-up And Reroute

Phase 4.1 Global Iteration 0
 Number of Nodes with overlaps = 75
 Number of Nodes with overlaps = 0

Phase 4.1.1 Update Timing
Phase 4.1.1 Update Timing | Checksum: 88e2217c

Time (s): cpu = 00:00:36 ; elapsed = 00:00:33 . Memory (MB): peak = 1083.688 ; gain = 0.000
INFO: [Route 35-416] Intermediate Timing Summary | WNS=4.441  | TNS=0.000  | WHS=N/A    | THS=N/A    |

Phase 4.1 Global Iteration 0 | Checksum: 9ee659ac

Time (s): cpu = 00:00:36 ; elapsed = 00:00:33 . Memory (MB): peak = 1083.688 ; gain = 0.000
Phase 4 Rip-up And Reroute | Checksum: 9ee659ac

Time (s): cpu = 00:00:36 ; elapsed = 00:00:33 . Memory (MB): peak = 1083.688 ; gain = 0.000

Phase 5 Delay and Skew Optimization

Phase 5.1 Delay CleanUp

Phase 5.1.1 Update Timing
Phase 5.1.1 Update Timing | Checksum: 583f6a0a

Time (s): cpu = 00:00:36 ; elapsed = 00:00:33 . Memory (MB): peak = 1083.688 ; gain = 0.000
INFO: [Route 35-416] Intermediate Timing Summary | WNS=4.520  | TNS=0.000  | WHS=N/A    | THS=N/A    |

Phase 5.1 Delay CleanUp | Checksum: 583f6a0a

Time (s): cpu = 00:00:36 ; elapsed = 00:00:33 . Memory (MB): peak = 1083.688 ; gain = 0.000

Phase 5.2 Clock Skew Optimization
Phase 5.2 Clock Skew Optimization | Checksum: 583f6a0a

Time (s): cpu = 00:00:36 ; elapsed = 00:00:33 . Memory (MB): peak = 1083.688 ; gain = 0.000
Phase 5 Delay and Skew Optimization | Checksum: 583f6a0a

Time (s): cpu = 00:00:36 ; elapsed = 00:00:33 . Memory (MB): peak = 1083.688 ; gain = 0.000

Phase 6 Post Hold Fix

Phase 6.1 Hold Fix Iter

Phase 6.1.1 Update Timing
Phase 6.1.1 Update Timing | Checksum: 117ac343b

Time (s): cpu = 00:00:36 ; elapsed = 00:00:33 . Memory (MB): peak = 1083.688 ; gain = 0.000
INFO: [Route 35-416] Intermediate Timing Summary | WNS=4.520  | TNS=0.000  | WHS=0.221  | THS=0.000  |

Phase 6.1 Hold Fix Iter | Checksum: 117ac343b

Time (s): cpu = 00:00:36 ; elapsed = 00:00:33 . Memory (MB): peak = 1083.688 ; gain = 0.000
Phase 6 Post Hold Fix | Checksum: 117ac343b

Time (s): cpu = 00:00:36 ; elapsed = 00:00:33 . Memory (MB): peak = 1083.688 ; gain = 0.000

Phase 7 Route finalize

Router Utilization Summary
  Global Vertical Routing Utilization    = 0.128996 %
  Global Horizontal Routing Utilization  = 0.182457 %
  Routable Net Status*
  *Does not include unroutable nets such as driverless and loadless.
  Run report_route_status for detailed report.
  Number of Failed Nets               = 0
  Number of Unrouted Nets             = 0
  Number of Partially Routed Nets     = 0
  Number of Node Overlaps             = 0

Phase 7 Route finalize | Checksum: 1103077f5

Time (s): cpu = 00:00:36 ; elapsed = 00:00:33 . Memory (MB): peak = 1083.688 ; gain = 0.000

Phase 8 Verifying routed nets

 Verification completed successfully
Phase 8 Verifying routed nets | Checksum: 1103077f5

Time (s): cpu = 00:00:36 ; elapsed = 00:00:33 . Memory (MB): peak = 1083.688 ; gain = 0.000

Phase 9 Depositing Routes
Phase 9 Depositing Routes | Checksum: 19e144185

Time (s): cpu = 00:00:36 ; elapsed = 00:00:33 . Memory (MB): peak = 1083.688 ; gain = 0.000

Phase 10 Post Router Timing
INFO: [Route 35-57] Estimated Timing Summary | WNS=4.520  | TNS=0.000  | WHS=0.221  | THS=0.000  |

INFO: [Route 35-327] The final timing numbers are based on the router estimated timing analysis. For a complete and accurate timing signoff, please run report_timing_summary.
Phase 10 Post Router Timing | Checksum: 19e144185

Time (s): cpu = 00:00:36 ; elapsed = 00:00:33 . Memory (MB): peak = 1083.688 ; gain = 0.000
INFO: [Route 35-16] Router Completed Successfully

Time (s): cpu = 00:00:36 ; elapsed = 00:00:33 . Memory (MB): peak = 1083.688 ; gain = 0.000

Routing Is Done.
INFO: [Common 17-83] Releasing license: Implementation
54 Infos, 0 Warnings, 0 Critical Warnings and 0 Errors encountered.
route_design completed successfully
route_design: Time (s): cpu = 00:00:37 ; elapsed = 00:00:34 . Memory (MB): peak = 1083.688 ; gain = 0.000
Writing placer database...
Writing XDEF routing.
Writing XDEF routing logical nets.
Writing XDEF routing special nets.
Write XDEF Complete: Time (s): cpu = 00:00:01 ; elapsed = 00:00:00.263 . Memory (MB): peak = 1083.688 ; gain = 0.000
INFO: [DRC 23-27] Running DRC with 2 threads
INFO: [Coretcl 2-168] The results of DRC are in file C:/Users/NWang/OneDrive/Others/Documents/GitHub/rat-cpu/rat8/rat8.runs/impl_1/RAT_wrapper_drc_routed.rpt.
INFO: [Timing 38-91] UpdateTimingParams: Speed grade: -1, Delay Type: min_max.
INFO: [Timing 38-191] Multithreading enabled for timing update using a maximum of 2 CPUs
Running Vector-less Activity Propagation...

Finished Running Vector-less Activity Propagation
Attempting to get a license for feature 'Implementation' and/or device 'xc7a35t'
INFO: [Common 17-349] Got license for feature 'Implementation' and/or device 'xc7a35t'
Running DRC as a precondition to command write_bitstream
INFO: [DRC 23-27] Running DRC with 2 threads
WARNING: [DRC 23-20] Rule violation (CFGBVS-1) Missing CFGBVS and CONFIG_VOLTAGE Design Properties - Neither the CFGBVS nor CONFIG_VOLTAGE voltage property is set in the current_design.  Configuration bank voltage select (CFGBVS) must be set to VCCO or GND, and CONFIG_VOLTAGE must be set to the correct configuration voltage, in order to determine the I/O voltage support for the pins in bank 0.  It is suggested to specify these either using the 'Edit Device Properties' function in the GUI or directly in the XDC file using the following syntax:

 set_property CFGBVS value1 [current_design]
 #where value1 is either VCCO or GND

 set_property CONFIG_VOLTAGE value2 [current_design]
 #where value2 is the voltage provided to configuration bank 0

Refer to the device configuration user guide for more information.
INFO: [Vivado 12-3199] DRC finished with 0 Errors, 1 Warnings
INFO: [Vivado 12-3200] Please refer to the DRC report (report_drc) for more information.
INFO: [Designutils 20-2272] Running write_bitstream with 2 threads.
Loading data files...
Loading site data...
Loading route data...
Processing options...
Creating bitmap...
Creating bitstream...
Writing bitstream ./RAT_wrapper.bit...
INFO: [Vivado 12-1842] Bitgen Completed Successfully.
INFO: [Project 1-120] WebTalk data collection is mandatory when using a WebPACK part without a full Vivado license. To see the specific WebTalk data collected for your design, open the usage_statistics_webtalk.html or usage_statistics_webtalk.xml file in the implementation directory.
INFO: [Common 17-186] 'C:/Users/NWang/OneDrive/Others/Documents/GitHub/rat-cpu/rat8/rat8.runs/impl_1/usage_statistics_webtalk.xml' has been successfully sent to Xilinx on Sat Mar 03 23:18:51 2018. For additional details about this file, please refer to the WebTalk help file at C:/Xilinx/Vivado/2016.2/doc/webtalk_introduction.html.
INFO: [Common 17-83] Releasing license: Implementation
write_bitstream: Time (s): cpu = 00:00:25 ; elapsed = 00:00:25 . Memory (MB): peak = 1376.352 ; gain = 292.664
INFO: [Vivado_Tcl 4-395] Unable to parse hwdef file RAT_wrapper.hwdef
INFO: [Common 17-206] Exiting Vivado at Sat Mar 03 23:18:51 2018...

*** Running vivado
    with args -log RAT_wrapper.vdi -applog -m64 -messageDb vivado.pb -mode batch -source RAT_wrapper.tcl -notrace


****** Vivado v2016.2 (64-bit)
  **** SW Build 1577090 on Thu Jun  2 16:32:40 MDT 2016
  **** IP Build 1577682 on Fri Jun  3 12:00:54 MDT 2016
    ** Copyright 1986-2016 Xilinx, Inc. All Rights Reserved.

source RAT_wrapper.tcl -notrace
Command: open_checkpoint RAT_wrapper_routed.dcp

Starting open_checkpoint Task

Time (s): cpu = 00:00:00 ; elapsed = 00:00:00.025 . Memory (MB): peak = 207.082 ; gain = 0.000
INFO: [Netlist 29-17] Analyzing 48 Unisim elements for replacement
INFO: [Netlist 29-28] Unisim Transformation completed in 0 CPU seconds
INFO: [Project 1-479] Netlist was created with Vivado 2016.2
INFO: [Device 21-403] Loading part xc7a35tcpg236-1
INFO: [Project 1-570] Preparing netlist for logic optimization
Parsing XDC File [C:/Users/NWang/OneDrive/Others/Documents/GitHub/rat-cpu/rat8/rat8.runs/impl_1/.Xil/Vivado-3668-DESKTOP-NC1PH61/dcp/RAT_wrapper.xdc]
Finished Parsing XDC File [C:/Users/NWang/OneDrive/Others/Documents/GitHub/rat-cpu/rat8/rat8.runs/impl_1/.Xil/Vivado-3668-DESKTOP-NC1PH61/dcp/RAT_wrapper.xdc]
Reading XDEF placement.
Reading placer database...
Reading XDEF routing.
Read XDEF File: Time (s): cpu = 00:00:00 ; elapsed = 00:00:00.102 . Memory (MB): peak = 446.340 ; gain = 0.012
Restored from archive | CPU: 0.000000 secs | Memory: 0.000000 MB |
Finished XDEF File Restore: Time (s): cpu = 00:00:00 ; elapsed = 00:00:00.104 . Memory (MB): peak = 446.340 ; gain = 0.012
INFO: [Project 1-111] Unisim Transformation Summary:
  A total of 18 instances were transformed.
  RAM256X1S => RAM256X1S (RAMS64E, RAMS64E, RAMS64E, RAMS64E, MUXF7, MUXF7, MUXF8): 10 instances
  RAM32X1D => RAM32X1D (RAMD32, RAMD32): 8 instances

INFO: [Project 1-604] Checkpoint was created with Vivado v2016.2 (64-bit) build 1577090
open_checkpoint: Time (s): cpu = 00:00:05 ; elapsed = 00:00:06 . Memory (MB): peak = 446.340 ; gain = 239.258
Attempting to get a license for feature 'Implementation' and/or device 'xc7a35t'
INFO: [Common 17-349] Got license for feature 'Implementation' and/or device 'xc7a35t'
Running DRC as a precondition to command write_bitstream
INFO: [DRC 23-27] Running DRC with 2 threads
WARNING: [DRC 23-20] Rule violation (CFGBVS-1) Missing CFGBVS and CONFIG_VOLTAGE Design Properties - Neither the CFGBVS nor CONFIG_VOLTAGE voltage property is set in the current_design.  Configuration bank voltage select (CFGBVS) must be set to VCCO or GND, and CONFIG_VOLTAGE must be set to the correct configuration voltage, in order to determine the I/O voltage support for the pins in bank 0.  It is suggested to specify these either using the 'Edit Device Properties' function in the GUI or directly in the XDC file using the following syntax:

 set_property CFGBVS value1 [current_design]
 #where value1 is either VCCO or GND

 set_property CONFIG_VOLTAGE value2 [current_design]
 #where value2 is the voltage provided to configuration bank 0

Refer to the device configuration user guide for more information.
INFO: [Vivado 12-3199] DRC finished with 0 Errors, 1 Warnings
INFO: [Vivado 12-3200] Please refer to the DRC report (report_drc) for more information.
INFO: [Designutils 20-2272] Running write_bitstream with 2 threads.
Loading data files...
Loading site data...
Loading route data...
Processing options...
Creating bitmap...
Creating bitstream...
Writing bitstream ./RAT_wrapper.bit...
INFO: [Vivado 12-1842] Bitgen Completed Successfully.
INFO: [Project 1-120] WebTalk data collection is mandatory when using a WebPACK part without a full Vivado license. To see the specific WebTalk data collected for your design, open the usage_statistics_webtalk.html or usage_statistics_webtalk.xml file in the implementation directory.
INFO: [Common 17-186] 'C:/Users/NWang/OneDrive/Others/Documents/GitHub/rat-cpu/rat8/rat8.runs/impl_1/usage_statistics_webtalk.xml' has been successfully sent to Xilinx on Sun Mar 04 00:40:43 2018. For additional details about this file, please refer to the WebTalk help file at C:/Xilinx/Vivado/2016.2/doc/webtalk_introduction.html.
INFO: [Common 17-83] Releasing license: Implementation
write_bitstream: Time (s): cpu = 00:00:14 ; elapsed = 00:00:14 . Memory (MB): peak = 802.891 ; gain = 356.551
INFO: [Vivado_Tcl 4-395] Unable to parse hwdef file RAT_wrapper.hwdef
INFO: [Common 17-206] Exiting Vivado at Sun Mar 04 00:40:43 2018...
