#-----------------------------------------------------------
# Vivado v2016.2 (64-bit)
# SW Build 1577090 on Thu Jun  2 16:32:40 MDT 2016
# IP Build 1577682 on Fri Jun  3 12:00:54 MDT 2016
# Start of session at: Sun Mar 18 15:41:42 2018
# Process ID: 10840
# Current directory: C:/Users/pangj/OneDrive - California Polytechnic State University/rat-cpu/rat2/rat2
# Command line: vivado.exe -gui_launcher_event rodinguilauncherevent9316 C:\Users\pangj\OneDrive - California Polytechnic State University\rat-cpu\rat2\rat2\rat2.xpr
# Log file: C:/Users/pangj/OneDrive - California Polytechnic State University/rat-cpu/rat2/rat2/vivado.log
# Journal file: C:/Users/pangj/OneDrive - California Polytechnic State University/rat-cpu/rat2/rat2\vivado.jou
#-----------------------------------------------------------
start_gui
open_project {C:/Users/pangj/OneDrive - California Polytechnic State University/rat-cpu/rat2/rat2/rat2.xpr}
INFO: [ProjectBase 1-489] The host OS only allows 260 characters in a normal path. The project is stored in a path with more than 80 characters. If you experience issues with IP, Block Designs, or files not being found, please consider moving the project to a location with a shorter path. Alternately consider using the OS subst command to map part of the path to a drive letter.
Current project path is 'C:/Users/pangj/OneDrive - California Polytechnic State University/rat-cpu/rat2/rat2'
INFO: [Project 1-313] Project file moved from 'C:/Users/pangj/OneDrive - California Polytechnic State University/cpe233/rat2/rat2' since last save.
Scanning sources...
Finished scanning sources
INFO: [IP_Flow 19-234] Refreshing IP repositories
INFO: [IP_Flow 19-1704] No user IP repositories specified
INFO: [IP_Flow 19-2313] Loaded Vivado IP repository 'C:/Xilinx/Vivado/2016.2/data/ip'.
open_project: Time (s): cpu = 00:00:15 ; elapsed = 00:00:08 . Memory (MB): peak = 746.180 ; gain = 91.664
update_compile_order -fileset sources_1
exit
INFO: [Common 17-206] Exiting Vivado at Sun Mar 18 15:54:34 2018...
