#-----------------------------------------------------------
# Vivado v2016.2 (64-bit)
# SW Build 1577090 on Thu Jun  2 16:32:40 MDT 2016
# IP Build 1577682 on Fri Jun  3 12:00:54 MDT 2016
# Start of session at: Mon Feb 26 23:57:52 2018
# Process ID: 25588
# Current directory: C:/Users/pangj/OneDrive - California Polytechnic State University/cpe233/rat2/rat2
# Command line: vivado.exe -gui_launcher_event rodinguilauncherevent16464 C:\Users\pangj\OneDrive - California Polytechnic State University\cpe233\rat2\rat2\rat2.xpr
# Log file: C:/Users/pangj/OneDrive - California Polytechnic State University/cpe233/rat2/rat2/vivado.log
# Journal file: C:/Users/pangj/OneDrive - California Polytechnic State University/cpe233/rat2/rat2\vivado.jou
#-----------------------------------------------------------
start_gui
open_project {C:/Users/pangj/OneDrive - California Polytechnic State University/cpe233/rat2/rat2/rat2.xpr}
INFO: [ProjectBase 1-489] The host OS only allows 260 characters in a normal path. The project is stored in a path with more than 80 characters. If you experience issues with IP, Block Designs, or files not being found, please consider moving the project to a location with a shorter path. Alternately consider using the OS subst command to map part of the path to a drive letter.
Current project path is 'C:/Users/pangj/OneDrive - California Polytechnic State University/cpe233/rat2/rat2'
INFO: [Project 1-313] Project file moved from 'C:/Users/NWang/OneDrive/Others/Documents/GitHub/cpe233/rat2_new/rat2' since last save.
Scanning sources...
Finished scanning sources
INFO: [IP_Flow 19-234] Refreshing IP repositories
INFO: [IP_Flow 19-1704] No user IP repositories specified
INFO: [IP_Flow 19-2313] Loaded Vivado IP repository 'C:/Xilinx/Vivado/2016.2/data/ip'.
open_project: Time (s): cpu = 00:00:17 ; elapsed = 00:00:07 . Memory (MB): peak = 793.871 ; gain = 128.984
update_compile_order -fileset sources_1
launch_simulation
INFO: [USF-XSim-27] Simulation object is 'sim_1'
INFO: [USF-XSim-37] Inspecting design source files for 'testBench' in fileset 'sim_1'...
INFO: [USF-XSim-97] Finding global include files...
INFO: [USF-XSim-98] Fetching design files from 'sim_1'...
INFO: [USF-XSim-2] XSim::Compile design
INFO: [USF-XSim-61] Executing 'COMPILE and ANALYZE' step in 'C:/Users/pangj/OneDrive - California Polytechnic State University/cpe233/rat2/rat2/rat2.sim/sim_1/behav'
"xvhdl -m64 --relax -prj testBench_vhdl.prj"
INFO: [VRFC 10-163] Analyzing VHDL file "C:/Users/pangj/OneDrive - California Polytechnic State University/cpe233/rat2/rat2/rat2.srcs/sources_1/new/mux_4to1.vhd" into library xil_defaultlib
INFO: [VRFC 10-307] analyzing entity mux_4to1
INFO: [VRFC 10-163] Analyzing VHDL file "C:/Users/pangj/OneDrive - California Polytechnic State University/cpe233/rat2/rat2/rat2.srcs/sources_1/new/pc.vhd" into library xil_defaultlib
INFO: [VRFC 10-307] analyzing entity pc
INFO: [VRFC 10-163] Analyzing VHDL file "C:/Users/pangj/OneDrive - California Polytechnic State University/cpe233/rat2/rat2/rat2.srcs/sources_1/new/rat2.vhd" into library xil_defaultlib
INFO: [VRFC 10-307] analyzing entity pc_wrapper
INFO: [VRFC 10-163] Analyzing VHDL file "C:/Users/pangj/OneDrive - California Polytechnic State University/cpe233/rat2/rat2/rat2.sim/test.vhd" into library xil_defaultlib
INFO: [VRFC 10-307] analyzing entity testBench
INFO: [USF-XSim-69] 'compile' step finished in '1' seconds
INFO: [USF-XSim-3] XSim::Elaborate design
INFO: [USF-XSim-61] Executing 'ELABORATE' step in 'C:/Users/pangj/OneDrive - California Polytechnic State University/cpe233/rat2/rat2/rat2.sim/sim_1/behav'
Vivado Simulator 2016.2
Copyright 1986-1999, 2001-2016 Xilinx, Inc. All Rights Reserved.
Running: C:/Xilinx/Vivado/2016.2/bin/unwrapped/win64.o/xelab.exe -wto 309a1532361a4139a558e2cf2a996209 --debug typical --relax --mt 2 -L xil_defaultlib -L secureip --snapshot testBench_behav xil_defaultlib.testBench -log elaborate.log 
Using 2 slave threads.
Starting static elaboration
Completed static elaboration
Starting simulation data flow analysis
Completed simulation data flow analysis
Time Resolution for simulation is 1ps
Compiling package std.standard
Compiling package ieee.std_logic_1164
Compiling package ieee.numeric_std
Compiling package ieee.std_logic_arith
Compiling package ieee.std_logic_unsigned
Compiling architecture behavioral of entity xil_defaultlib.mux_4to1 [mux_4to1_default]
Compiling architecture behavioral of entity xil_defaultlib.pc [pc_default]
Compiling architecture behavioral of entity xil_defaultlib.pc_wrapper [pc_wrapper_default]
Compiling architecture bench of entity xil_defaultlib.testbench
Built simulation snapshot testBench_behav
ERROR: [Common 17-165] Too many positional options when parsing '-notrace', please type 'webtalk -help' for usage info.

INFO: [USF-XSim-69] 'elaborate' step finished in '3' seconds
INFO: [USF-XSim-4] XSim::Simulate design
INFO: [USF-XSim-61] Executing 'SIMULATE' step in 'C:/Users/pangj/OneDrive - California Polytechnic State University/cpe233/rat2/rat2/rat2.sim/sim_1/behav'
INFO: [USF-XSim-98] *** Running xsim
   with args "testBench_behav -key {Behavioral:sim_1:Functional:testBench} -tclbatch {testBench.tcl} -log {simulate.log}"
INFO: [USF-XSim-8] Loading simulator feature
Vivado Simulator 2016.2
Time resolution is 1 ps
source testBench.tcl
# set curr_wave [current_wave_config]
# if { [string length $curr_wave] == 0 } {
#   if { [llength [get_objects]] > 0} {
#     add_wave /
#     set_property needs_save false [current_wave_config]
#   } else {
#      send_msg_id Add_Wave-1 WARNING "No top level signals found. Simulator will start without a wave window. If you want to open a wave window go to 'File->New Waveform Configuration' or type 'create_wave_config' in the TCL console."
#   }
# }
# run 1000ns
INFO: [USF-XSim-96] XSim completed. Design snapshot 'testBench_behav' loaded.
INFO: [USF-XSim-97] XSim simulation ran for 1000ns
launch_simulation: Time (s): cpu = 00:00:05 ; elapsed = 00:00:07 . Memory (MB): peak = 795.523 ; gain = 1.652
restart
INFO: [Simtcl 6-17] Simulation restarted
add_force {/testBench/clk_tb} -radix hex {1 0ns} {0 5000ps} -repeat_every 10000ps
run 10 ns
run 10 ns
run 10 ns
close_sim
INFO: [Simtcl 6-16] Simulation closed
exit
INFO: [Common 17-206] Exiting Vivado at Tue Feb 27 01:06:25 2018...
