#-----------------------------------------------------------
# Vivado v2016.2 (64-bit)
# SW Build 1577090 on Thu Jun  2 16:32:40 MDT 2016
# IP Build 1577682 on Fri Jun  3 12:00:54 MDT 2016
# Start of session at: Sun Feb 18 03:02:20 2018
# Process ID: 24292
# Current directory: C:/Users/Russe/OneDrive/Documents/GitHub/rat-cpu/hw1/hw_1
# Command line: vivado.exe -gui_launcher_event rodinguilauncherevent28636 C:\Users\Russe\OneDrive\Documents\GitHub\rat-cpu\hw1\hw_1\hw_1.xpr
# Log file: C:/Users/Russe/OneDrive/Documents/GitHub/rat-cpu/hw1/hw_1/vivado.log
# Journal file: C:/Users/Russe/OneDrive/Documents/GitHub/rat-cpu/hw1/hw_1\vivado.jou
#-----------------------------------------------------------
start_gui
open_project C:/Users/Russe/OneDrive/Documents/GitHub/rat-cpu/hw1/hw_1/hw_1.xpr
INFO: [Project 1-313] Project file moved from 'C:/Users/pangj/OneDrive - California Polytechnic State University/cpe233/hw1/hw_1' since last save.
Scanning sources...
Finished scanning sources
WARNING: [filemgmt 56-2] IPUserFilesDir: Could not find the directory 'C:/Users/Russe/OneDrive/Documents/GitHub/rat-cpu/hw1/hw_1/hw_1.ip_user_files', nor could it be found using path 'C:/Users/pangj/OneDrive - California Polytechnic State University/cpe233/hw1/hw_1/hw_1.ip_user_files'.
INFO: [IP_Flow 19-234] Refreshing IP repositories
INFO: [IP_Flow 19-1704] No user IP repositories specified
INFO: [IP_Flow 19-2313] Loaded Vivado IP repository 'C:/Xilinx/Vivado/2016.2/data/ip'.
open_project: Time (s): cpu = 00:00:17 ; elapsed = 00:00:08 . Memory (MB): peak = 771.859 ; gain = 133.637
update_compile_order -fileset sources_1
exit
INFO: [Common 17-206] Exiting Vivado at Sun Feb 18 03:02:58 2018...
