#-----------------------------------------------------------
# Vivado v2016.2 (64-bit)
# SW Build 1577090 on Thu Jun  2 16:32:40 MDT 2016
# IP Build 1577682 on Fri Jun  3 12:00:54 MDT 2016
# Start of session at: Fri Feb 02 20:22:17 2018
# Process ID: 13580
# Current directory: C:/Users/pangj/OneDrive - California Polytechnic State University/cpe233/rat4
# Command line: vivado.exe -gui_launcher_event rodinguilauncherevent13420 C:\Users\pangj\OneDrive - California Polytechnic State University\cpe233\rat4\rat4.xpr
# Log file: C:/Users/pangj/OneDrive - California Polytechnic State University/cpe233/rat4/vivado.log
# Journal file: C:/Users/pangj/OneDrive - California Polytechnic State University/cpe233/rat4\vivado.jou
#-----------------------------------------------------------
start_gui
open_project {C:/Users/pangj/OneDrive - California Polytechnic State University/cpe233/rat4/rat4.xpr}
Scanning sources...
Finished scanning sources
INFO: [IP_Flow 19-234] Refreshing IP repositories
INFO: [IP_Flow 19-1704] No user IP repositories specified
INFO: [IP_Flow 19-2313] Loaded Vivado IP repository 'C:/Xilinx/Vivado/2016.2/data/ip'.
open_project: Time (s): cpu = 00:00:17 ; elapsed = 00:00:16 . Memory (MB): peak = 658.348 ; gain = 67.414
update_compile_order -fileset sources_1
launch_simulation
INFO: [USF-XSim-27] Simulation object is 'sim_1'
INFO: [USF-XSim-37] Inspecting design source files for 'alu_sim' in fileset 'sim_1'...
INFO: [USF-XSim-97] Finding global include files...
INFO: [USF-XSim-98] Fetching design files from 'sim_1'...
INFO: [USF-XSim-2] XSim::Compile design
INFO: [USF-XSim-61] Executing 'COMPILE and ANALYZE' step in 'C:/Users/pangj/OneDrive - California Polytechnic State University/cpe233/rat4/rat4.sim/sim_1/behav'
"xvhdl -m64 --relax -prj alu_sim_vhdl.prj"
INFO: [VRFC 10-163] Analyzing VHDL file "C:/Users/pangj/OneDrive - California Polytechnic State University/cpe233/rat4/rat4.srcs/sources_1/new/rat_alu.vhd" into library xil_defaultlib
INFO: [VRFC 10-307] analyzing entity rat_alu
INFO: [VRFC 10-163] Analyzing VHDL file "C:/Users/pangj/OneDrive - California Polytechnic State University/cpe233/rat4/rat4.srcs/sim_1/new/alu_sim.vhd" into library xil_defaultlib
INFO: [VRFC 10-307] analyzing entity alu_sim
INFO: [USF-XSim-69] 'compile' step finished in '2' seconds
INFO: [USF-XSim-3] XSim::Elaborate design
INFO: [USF-XSim-61] Executing 'ELABORATE' step in 'C:/Users/pangj/OneDrive - California Polytechnic State University/cpe233/rat4/rat4.sim/sim_1/behav'
Vivado Simulator 2016.2
Copyright 1986-1999, 2001-2016 Xilinx, Inc. All Rights Reserved.
Running: C:/Xilinx/Vivado/2016.2/bin/unwrapped/win64.o/xelab.exe -wto 0c1235377e3842e78055c06b679e867a --debug typical --relax --mt 2 -L xil_defaultlib -L secureip --snapshot alu_sim_behav xil_defaultlib.alu_sim -log elaborate.log 
Using 2 slave threads.
Starting static elaboration
Completed static elaboration
Starting simulation data flow analysis
Completed simulation data flow analysis
Time Resolution for simulation is 1ps
Compiling package std.standard
Compiling package ieee.std_logic_1164
Compiling package ieee.numeric_std
Compiling package ieee.std_logic_arith
Compiling package ieee.std_logic_unsigned
Compiling architecture behavioral of entity xil_defaultlib.rat_alu [rat_alu_default]
Compiling architecture bench of entity xil_defaultlib.alu_sim
Built simulation snapshot alu_sim_behav
ERROR: [Common 17-165] Too many positional options when parsing '-notrace', please type 'webtalk -help' for usage info.

run_program: Time (s): cpu = 00:00:02 ; elapsed = 00:00:06 . Memory (MB): peak = 744.465 ; gain = 0.000
INFO: [USF-XSim-69] 'elaborate' step finished in '6' seconds
INFO: [USF-XSim-4] XSim::Simulate design
INFO: [USF-XSim-61] Executing 'SIMULATE' step in 'C:/Users/pangj/OneDrive - California Polytechnic State University/cpe233/rat4/rat4.sim/sim_1/behav'
INFO: [USF-XSim-98] *** Running xsim
   with args "alu_sim_behav -key {Behavioral:sim_1:Functional:alu_sim} -tclbatch {alu_sim.tcl} -log {simulate.log}"
INFO: [USF-XSim-8] Loading simulator feature
Vivado Simulator 2016.2
Time resolution is 1 ps
source alu_sim.tcl
# set curr_wave [current_wave_config]
# if { [string length $curr_wave] == 0 } {
#   if { [llength [get_objects]] > 0} {
#     add_wave /
#     set_property needs_save false [current_wave_config]
#   } else {
#      send_msg_id Add_Wave-1 WARNING "No top level signals found. Simulator will start without a wave window. If you want to open a wave window go to 'File->New Waveform Configuration' or type 'create_wave_config' in the TCL console."
#   }
# }
# run 1000ns
INFO: [USF-XSim-96] XSim completed. Design snapshot 'alu_sim_behav' loaded.
INFO: [USF-XSim-97] XSim simulation ran for 1000ns
launch_simulation: Time (s): cpu = 00:00:08 ; elapsed = 00:00:12 . Memory (MB): peak = 744.465 ; gain = 0.000
close_sim
INFO: [Simtcl 6-16] Simulation closed
launch_simulation
INFO: [USF-XSim-27] Simulation object is 'sim_1'
INFO: [USF-XSim-37] Inspecting design source files for 'alu_sim' in fileset 'sim_1'...
INFO: [USF-XSim-97] Finding global include files...
INFO: [USF-XSim-98] Fetching design files from 'sim_1'...
INFO: [USF-XSim-2] XSim::Compile design
INFO: [USF-XSim-61] Executing 'COMPILE and ANALYZE' step in 'C:/Users/pangj/OneDrive - California Polytechnic State University/cpe233/rat4/rat4.sim/sim_1/behav'
"xvhdl -m64 --relax -prj alu_sim_vhdl.prj"
INFO: [VRFC 10-163] Analyzing VHDL file "C:/Users/pangj/OneDrive - California Polytechnic State University/cpe233/rat4/rat4.srcs/sources_1/new/rat_alu.vhd" into library xil_defaultlib
INFO: [VRFC 10-307] analyzing entity rat_alu
INFO: [VRFC 10-163] Analyzing VHDL file "C:/Users/pangj/OneDrive - California Polytechnic State University/cpe233/rat4/rat4.srcs/sim_1/new/alu_sim.vhd" into library xil_defaultlib
INFO: [VRFC 10-307] analyzing entity alu_sim
INFO: [USF-XSim-69] 'compile' step finished in '1' seconds
INFO: [USF-XSim-3] XSim::Elaborate design
INFO: [USF-XSim-61] Executing 'ELABORATE' step in 'C:/Users/pangj/OneDrive - California Polytechnic State University/cpe233/rat4/rat4.sim/sim_1/behav'
Vivado Simulator 2016.2
Copyright 1986-1999, 2001-2016 Xilinx, Inc. All Rights Reserved.
Running: C:/Xilinx/Vivado/2016.2/bin/unwrapped/win64.o/xelab.exe -wto 0c1235377e3842e78055c06b679e867a --debug typical --relax --mt 2 -L xil_defaultlib -L secureip --snapshot alu_sim_behav xil_defaultlib.alu_sim -log elaborate.log 
Using 2 slave threads.
Starting static elaboration
Completed static elaboration
Starting simulation data flow analysis
Completed simulation data flow analysis
Time Resolution for simulation is 1ps
Compiling package std.standard
Compiling package ieee.std_logic_1164
Compiling package ieee.numeric_std
Compiling package ieee.std_logic_arith
Compiling package ieee.std_logic_unsigned
Compiling architecture behavioral of entity xil_defaultlib.rat_alu [rat_alu_default]
Compiling architecture bench of entity xil_defaultlib.alu_sim
Built simulation snapshot alu_sim_behav
ERROR: [Common 17-165] Too many positional options when parsing '-notrace', please type 'webtalk -help' for usage info.

INFO: [USF-XSim-69] 'elaborate' step finished in '3' seconds
INFO: [USF-XSim-4] XSim::Simulate design
INFO: [USF-XSim-61] Executing 'SIMULATE' step in 'C:/Users/pangj/OneDrive - California Polytechnic State University/cpe233/rat4/rat4.sim/sim_1/behav'
INFO: [USF-XSim-98] *** Running xsim
   with args "alu_sim_behav -key {Behavioral:sim_1:Functional:alu_sim} -tclbatch {alu_sim.tcl} -log {simulate.log}"
INFO: [USF-XSim-8] Loading simulator feature
Vivado Simulator 2016.2
Time resolution is 1 ps
source alu_sim.tcl
# set curr_wave [current_wave_config]
# if { [string length $curr_wave] == 0 } {
#   if { [llength [get_objects]] > 0} {
#     add_wave /
#     set_property needs_save false [current_wave_config]
#   } else {
#      send_msg_id Add_Wave-1 WARNING "No top level signals found. Simulator will start without a wave window. If you want to open a wave window go to 'File->New Waveform Configuration' or type 'create_wave_config' in the TCL console."
#   }
# }
# run 1000ns
INFO: [USF-XSim-96] XSim completed. Design snapshot 'alu_sim_behav' loaded.
INFO: [USF-XSim-97] XSim simulation ran for 1000ns
launch_simulation: Time (s): cpu = 00:00:03 ; elapsed = 00:00:07 . Memory (MB): peak = 785.785 ; gain = 0.000
close_sim
INFO: [Simtcl 6-16] Simulation closed
exit
INFO: [Common 17-206] Exiting Vivado at Sat Feb 03 09:52:25 2018...
