#-----------------------------------------------------------
# Vivado v2016.2 (64-bit)
# SW Build 1577090 on Thu Jun  2 16:32:40 MDT 2016
# IP Build 1577682 on Fri Jun  3 12:00:54 MDT 2016
# Start of session at: Tue Feb 20 15:09:23 2018
# Process ID: 14796
# Current directory: C:/Users/NWang/OneDrive/Others/Documents/GitHub/rat-cpu/rat4
# Command line: vivado.exe -gui_launcher_event rodinguilauncherevent5128 C:\Users\NWang\OneDrive\Others\Documents\GitHub\rat-cpu\rat4\rat4.xpr
# Log file: C:/Users/NWang/OneDrive/Others/Documents/GitHub/rat-cpu/rat4/vivado.log
# Journal file: C:/Users/NWang/OneDrive/Others/Documents/GitHub/rat-cpu/rat4\vivado.jou
#-----------------------------------------------------------
start_gui
open_project C:/Users/NWang/OneDrive/Others/Documents/GitHub/rat-cpu/rat4/rat4.xpr
INFO: [Project 1-313] Project file moved from 'C:/Users/pangj/OneDrive - California Polytechnic State University/cpe233/rat4' since last save.
Scanning sources...
Finished scanning sources
INFO: [IP_Flow 19-234] Refreshing IP repositories
INFO: [IP_Flow 19-1704] No user IP repositories specified
INFO: [IP_Flow 19-2313] Loaded Vivado IP repository 'C:/Xilinx/Vivado/2016.2/data/ip'.
update_compile_order -fileset sources_1
exit
INFO: [Common 17-206] Exiting Vivado at Tue Feb 20 15:10:51 2018...
