#-----------------------------------------------------------
# Vivado v2016.2 (64-bit)
# SW Build 1577090 on Thu Jun  2 16:32:40 MDT 2016
# IP Build 1577682 on Fri Jun  3 12:00:54 MDT 2016
# Start of session at: Mon Mar 12 14:10:41 2018
# Process ID: 21136
# Current directory: C:/Users/NWang/Desktop/game_clock
# Command line: vivado.exe -gui_launcher_event rodinguilauncherevent22548 C:\Users\NWang\Desktop\game_clock\game_clock.xpr
# Log file: C:/Users/NWang/Desktop/game_clock/vivado.log
# Journal file: C:/Users/NWang/Desktop/game_clock\vivado.jou
#-----------------------------------------------------------
start_gui
open_project C:/Users/NWang/Desktop/game_clock/game_clock.xpr
Scanning sources...
Finished scanning sources
INFO: [IP_Flow 19-234] Refreshing IP repositories
INFO: [IP_Flow 19-1704] No user IP repositories specified
INFO: [IP_Flow 19-2313] Loaded Vivado IP repository 'C:/Xilinx/Vivado/2016.2/data/ip'.
open_project: Time (s): cpu = 00:00:12 ; elapsed = 00:00:06 . Memory (MB): peak = 775.152 ; gain = 138.051
update_compile_order -fileset sources_1
exit
INFO: [Common 17-206] Exiting Vivado at Mon Mar 12 14:16:36 2018...
