Unable to capture context for thread 15808 in process 14580, can not generate back trace
Exception at PC 0x00007FF9BA5C4008
Unable to capture context for thread 15808 in process 14580, can not generate back trace
Unable to capture context for thread 15620 in process 14580, can not generate back trace
Unable to capture context for thread 13216 in process 14580, can not generate back trace
Exception at PC 0x00007FF94781BB93
Printing stacktrace...

Unable to capture context for thread 13216 in process 14580, can not generate back trace
Exception at PC 0x00007FF9BA5C4008
Exception at PC 0x00007FF9BA5C4008
Exception at PC 0x00007FF9BA5C4008
Exception at PC 0x00007FF9BA5C4008
Exception at PC 0x00007FF9BA5C4008
Exception at PC 0x00007FF9BA5C4008
Exception at PC 0x00007FF9BA5C4008
Exception at PC 0x00007FF9BA5C4008
Exception at PC 0x00007FF9BA5C4008
Exception at PC 0x00007FF9BA5C4008
Exception at PC 0x00007FF9BA5C4008
Exception at PC 0x00007FF9BA5C4008
[0]  [0x00007FF94781BB93]
[1]  [0x00007FF94781BB93]
[2]  [0x00007FF94781B4A1]
[3]  [0x00007FF94781B3EF]
[4]  [0x00007FF9478019FE]
[5]  [0x00007FF947800ED1]
[6]  [0x00007FF947800D76]
[7]  [0x00007FF9477A79F6]
[8]  [0x00007FF947797AFB]
[9]  [0x00007FF9478BE90A]
[10]  [0x00007FF9478D9F87]
[11]  [0x00007FF9478DA05F]
[12] (BaseThreadInitThunk+0x14) [0x00007FF9BB631FE4]
[13] (RtlUserThreadStart+0x21) [0x00007FF9BD68EFC1]
Done
Exception at PC 0x00007FF9BA5C4008
Exception at PC 0x00007FF9BA5C4008
Exception at PC 0x00007FF9BA5C4008
Exception at PC 0x00007FF9BA5C4008
Exception at PC 0x00007FF9BA5C4008
Exception at PC 0x00007FF9BA5C4008
Exception at PC 0x00007FF9BA5C4008
