#-----------------------------------------------------------
# Vivado v2016.2 (64-bit)
# SW Build 1577090 on Thu Jun  2 16:32:40 MDT 2016
# IP Build 1577682 on Fri Jun  3 12:00:54 MDT 2016
# Start of session at: Wed Feb 28 23:34:55 2018
# Process ID: 33404
# Current directory: C:/Users/Russe/OneDrive/Documents/GitHub/rat-cpu/rat7_mcu
# Command line: vivado.exe -gui_launcher_event rodinguilauncherevent11160 C:\Users\Russe\OneDrive\Documents\GitHub\rat-cpu\rat7_mcu\rat7_mcu.xpr
# Log file: C:/Users/Russe/OneDrive/Documents/GitHub/rat-cpu/rat7_mcu/vivado.log
# Journal file: C:/Users/Russe/OneDrive/Documents/GitHub/rat-cpu/rat7_mcu\vivado.jou
#-----------------------------------------------------------
start_gui
open_project C:/Users/Russe/OneDrive/Documents/GitHub/rat-cpu/rat7_mcu/rat7_mcu.xpr
Scanning sources...
Finished scanning sources
INFO: [IP_Flow 19-234] Refreshing IP repositories
INFO: [IP_Flow 19-1704] No user IP repositories specified
INFO: [IP_Flow 19-2313] Loaded Vivado IP repository 'C:/Xilinx/Vivado/2016.2/data/ip'.
open_project: Time (s): cpu = 00:00:17 ; elapsed = 00:00:12 . Memory (MB): peak = 811.574 ; gain = 169.320
update_compile_order -fileset sources_1
