#-----------------------------------------------------------
# Vivado v2016.2 (64-bit)
# SW Build 1577090 on Thu Jun  2 16:32:40 MDT 2016
# IP Build 1577682 on Fri Jun  3 12:00:54 MDT 2016
# Start of session at: Tue Feb 20 15:03:48 2018
# Process ID: 10384
# Current directory: C:/Users/NWang/OneDrive/Others/Documents/GitHub/rat-cpu/hw3 - Josiah's Broken Version
# Command line: vivado.exe -gui_launcher_event rodinguilauncherevent9068 C:\Users\NWang\OneDrive\Others\Documents\GitHub\rat-cpu\hw3 - Josiah's Broken Version\hw3.xpr
# Log file: C:/Users/NWang/OneDrive/Others/Documents/GitHub/rat-cpu/hw3 - Josiah's Broken Version/vivado.log
# Journal file: C:/Users/NWang/OneDrive/Others/Documents/GitHub/rat-cpu/hw3 - Josiah's Broken Version\vivado.jou
#-----------------------------------------------------------
start_gui
open_project {C:/Users/NWang/OneDrive/Others/Documents/GitHub/rat-cpu/hw3 - Josiah's Broken Version/hw3.xpr}
INFO: [ProjectBase 1-489] The host OS only allows 260 characters in a normal path. The project is stored in a path with more than 80 characters. If you experience issues with IP, Block Designs, or files not being found, please consider moving the project to a location with a shorter path. Alternately consider using the OS subst command to map part of the path to a drive letter.
Current project path is 'C:/Users/NWang/OneDrive/Others/Documents/GitHub/rat-cpu/hw3 - Josiah's Broken Version'
INFO: [Project 1-313] Project file moved from 'C:/Users/pangj/OneDrive - California Polytechnic State University/cpe233/hw3' since last save.
Scanning sources...
Finished scanning sources
WARNING: [filemgmt 56-2] IPUserFilesDir: Could not find the directory 'C:/Users/NWang/OneDrive/Others/Documents/GitHub/rat-cpu/hw3 - Josiah's Broken Version/hw3.ip_user_files', nor could it be found using path 'C:/Users/pangj/OneDrive - California Polytechnic State University/cpe233/hw3/hw3.ip_user_files'.
INFO: [IP_Flow 19-234] Refreshing IP repositories
INFO: [IP_Flow 19-1704] No user IP repositories specified
INFO: [IP_Flow 19-2313] Loaded Vivado IP repository 'C:/Xilinx/Vivado/2016.2/data/ip'.
open_project: Time (s): cpu = 00:00:13 ; elapsed = 00:00:06 . Memory (MB): peak = 774.090 ; gain = 133.488
exit
INFO: [Common 17-206] Exiting Vivado at Tue Feb 20 15:04:47 2018...
