
*** Running vivado
    with args -log RAT_wrapper.vds -m64 -mode batch -messageDb vivado.pb -notrace -source RAT_wrapper.tcl


****** Vivado v2016.2 (64-bit)
  **** SW Build 1577090 on Thu Jun  2 16:32:40 MDT 2016
  **** IP Build 1577682 on Fri Jun  3 12:00:54 MDT 2016
    ** Copyright 1986-2016 Xilinx, Inc. All Rights Reserved.

source RAT_wrapper.tcl -notrace
Command: synth_design -top RAT_wrapper -part xc7a35tcpg236-1
Starting synth_design
Attempting to get a license for feature 'Synthesis' and/or device 'xc7a35t'
INFO: [Common 17-349] Got license for feature 'Synthesis' and/or device 'xc7a35t'
INFO: Launching helper process for spawning children vivado processes
INFO: Helper process launched with PID 8064 
---------------------------------------------------------------------------------
Starting RTL Elaboration : Time (s): cpu = 00:00:08 ; elapsed = 00:00:11 . Memory (MB): peak = 266.254 ; gain = 59.449
---------------------------------------------------------------------------------
INFO: [Synth 8-638] synthesizing module 'RAT_wrapper' [C:/Users/pangj/OneDrive - California Polytechnic State University/rat-cpu/rat7_mcu/rat7_mcu.srcs/sources_1/new/RAT_WRAPPER.vhd:26]
INFO: [Synth 8-3491] module 'rat_mcu' declared at 'C:/Users/pangj/OneDrive - California Polytechnic State University/rat-cpu/rat7_mcu/rat7_mcu.srcs/sources_1/new/rat_mcu.vhd:22' bound to instance 'CPU' of component 'rat_mcu' [C:/Users/pangj/OneDrive - California Polytechnic State University/rat-cpu/rat7_mcu/rat7_mcu.srcs/sources_1/new/RAT_WRAPPER.vhd:99]
INFO: [Synth 8-638] synthesizing module 'rat_mcu' [C:/Users/pangj/OneDrive - California Polytechnic State University/rat-cpu/rat7_mcu/rat7_mcu.srcs/sources_1/new/rat_mcu.vhd:33]
INFO: [Synth 8-3491] module 'pc_wrapper' declared at 'C:/Users/pangj/OneDrive - California Polytechnic State University/rat-cpu/rat7_mcu/rat7_mcu.srcs/sources_1/new/rat2.vhd:19' bound to instance 'pc1' of component 'pc_wrapper' [C:/Users/pangj/OneDrive - California Polytechnic State University/rat-cpu/rat7_mcu/rat7_mcu.srcs/sources_1/new/rat_mcu.vhd:199]
INFO: [Synth 8-638] synthesizing module 'pc_wrapper' [C:/Users/pangj/OneDrive - California Polytechnic State University/rat-cpu/rat7_mcu/rat7_mcu.srcs/sources_1/new/rat2.vhd:31]
INFO: [Synth 8-3491] module 'mux_4to1' declared at 'C:/Users/pangj/OneDrive - California Polytechnic State University/rat-cpu/rat7_mcu/rat7_mcu.srcs/sources_1/new/mux_4to1.vhd:18' bound to instance 'mux1' of component 'mux_4to1' [C:/Users/pangj/OneDrive - California Polytechnic State University/rat-cpu/rat7_mcu/rat7_mcu.srcs/sources_1/new/rat2.vhd:59]
INFO: [Synth 8-638] synthesizing module 'mux_4to1' [C:/Users/pangj/OneDrive - California Polytechnic State University/rat-cpu/rat7_mcu/rat7_mcu.srcs/sources_1/new/mux_4to1.vhd:27]
INFO: [Synth 8-256] done synthesizing module 'mux_4to1' (1#1) [C:/Users/pangj/OneDrive - California Polytechnic State University/rat-cpu/rat7_mcu/rat7_mcu.srcs/sources_1/new/mux_4to1.vhd:27]
INFO: [Synth 8-3491] module 'pc' declared at 'C:/Users/pangj/OneDrive - California Polytechnic State University/rat-cpu/rat7_mcu/rat7_mcu.srcs/sources_1/new/pc.vhd:20' bound to instance 'pc1' of component 'pc' [C:/Users/pangj/OneDrive - California Polytechnic State University/rat-cpu/rat7_mcu/rat7_mcu.srcs/sources_1/new/rat2.vhd:67]
INFO: [Synth 8-638] synthesizing module 'pc' [C:/Users/pangj/OneDrive - California Polytechnic State University/rat-cpu/rat7_mcu/rat7_mcu.srcs/sources_1/new/pc.vhd:29]
INFO: [Synth 8-256] done synthesizing module 'pc' (2#1) [C:/Users/pangj/OneDrive - California Polytechnic State University/rat-cpu/rat7_mcu/rat7_mcu.srcs/sources_1/new/pc.vhd:29]
INFO: [Synth 8-256] done synthesizing module 'pc_wrapper' (3#1) [C:/Users/pangj/OneDrive - California Polytechnic State University/rat-cpu/rat7_mcu/rat7_mcu.srcs/sources_1/new/rat2.vhd:31]
INFO: [Synth 8-3491] module 'prog_rom' declared at 'C:/Users/pangj/OneDrive - California Polytechnic State University/rat-cpu/rat7_mcu/rat7_mcu.srcs/sources_1/new/prog_rom.vhd:21' bound to instance 'prog_rom1' of component 'prog_rom' [C:/Users/pangj/OneDrive - California Polytechnic State University/rat-cpu/rat7_mcu/rat7_mcu.srcs/sources_1/new/rat_mcu.vhd:210]
INFO: [Synth 8-638] synthesizing module 'prog_rom' [C:/Users/pangj/OneDrive - California Polytechnic State University/rat-cpu/rat7_mcu/rat7_mcu.srcs/sources_1/new/prog_rom.vhd:29]
	Parameter INIT bound to: 20'b00000000000000000000 
	Parameter INITP_00 bound to: 256'b0000000000000000000000000000000000000000000000000000000000000000000000000000000000000000000000000000000000000000000000000000000000000000000000000000000000000000000000000000000111110100110000110000000000000000000011110011110100000000000000000000000000000000 
	Parameter INITP_01 bound to: 256'b0000000000000000000000000000000000000000000000000000000000000000000000000000000000000000000000000000000000000000000000000000000000000000000000000000000000000000000000000000000000000000000000000000000000000000000000000000000000000000000000000000000000000000 
	Parameter INITP_02 bound to: 256'b0000000000000000000000000000000000000000000000000000000000000000000000000000000000000000000000000000000000000000000000000000000000000000000000000000000000000000000000000000000000000000000000000000000000000000000000000000000000000000000000000000000000000000 
	Parameter INITP_03 bound to: 256'b0000000000000000000000000000000000000000000000000000000000000000000000000000000000000000000000000000000000000000000000000000000000000000000000000000000000000000000000000000000000000000000000000000000000000000000000000000000000000000000000000000000000000000 
	Parameter INITP_04 bound to: 256'b0000000000000000000000000000000000000000000000000000000000000000000000000000000000000000000000000000000000000000000000000000000000000000000000000000000000000000000000000000000000000000000000000000000000000000000000000000000000000000000000000000000000000000 
	Parameter INITP_05 bound to: 256'b0000000000000000000000000000000000000000000000000000000000000000000000000000000000000000000000000000000000000000000000000000000000000000000000000000000000000000000000000000000000000000000000000000000000000000000000000000000000000000000000000000000000000000 
	Parameter INITP_06 bound to: 256'b0000000000000000000000000000000000000000000000000000000000000000000000000000000000000000000000000000000000000000000000000000000000000000000000000000000000000000000000000000000000000000000000000000000000000000000000000000000000000000000000000000000000000000 
	Parameter INITP_07 bound to: 256'b0000000000000000000000000000000000000000000000000000000000000000000000000000000000000000000000000000000000000000000000000000000000000000000000000000000000000000000000000000000000000000000000000000000000000000000000000000000000000000000000000000000000000000 
	Parameter INIT_00 bound to: 256'b0000000000000000000000000000000000000000000000000000000000000000000000000000000000000000000000000000000000000000000000000000000000000000000000000000000000000000000000000000000000000000000000000000000000000000000000000000000000000000000000000000000000000000 
	Parameter INIT_01 bound to: 256'b0000000000000000000000000000000000000000000000000000000000000000000000000000000000000000000000000000000000000000000000000000000000000000000000001000000010100000010000100100001000100001100110100100001000001001001000011001101001100000000000001010000000000000 
	Parameter INIT_02 bound to: 256'b0000000000000000000000000000000000000000000000000000000000000000000000000000000000000000000000000000000000000000101000000000001101100010000000000110000000000000101000000000001101000010000010010110000000000001100000010011000010000001000110100000000000000000 
	Parameter INIT_03 bound to: 256'b0000000000000000000000000000000000000000000000000000000000000000000000000000000000000000000000000000000000000000000000000000000000000000000000000000000000000000000000000000000000000000000000000000000000000000000000000000000000000000000000000000000000000000 
	Parameter INIT_04 bound to: 256'b0000000000000000000000000000000000000000000000000000000000000000000000000000000000000000000000000000000000000000000000000000000000000000000000000000000000000000000000000000000000000000000000000000000000000000000000000000000000000000000000000000000000000000 
	Parameter INIT_05 bound to: 256'b0000000000000000000000000000000000000000000000000000000000000000000000000000000000000000000000000000000000000000000000000000000000000000000000000000000000000000000000000000000000000000000000000000000000000000000000000000000000000000000000000000000000000000 
	Parameter INIT_06 bound to: 256'b0000000000000000000000000000000000000000000000000000000000000000000000000000000000000000000000000000000000000000000000000000000000000000000000000000000000000000000000000000000000000000000000000000000000000000000000000000000000000000000000000000000000000000 
	Parameter INIT_07 bound to: 256'b0000000000000000000000000000000000000000000000000000000000000000000000000000000000000000000000000000000000000000000000000000000000000000000000000000000000000000000000000000000000000000000000000000000000000000000000000000000000000000000000000000000000000000 
	Parameter INIT_08 bound to: 256'b0000000000000000000000000000000000000000000000000000000000000000000000000000000000000000000000000000000000000000000000000000000000000000000000000000000000000000000000000000000000000000000000000000000000000000000000000000000000000000000000000000000000000000 
	Parameter INIT_09 bound to: 256'b0000000000000000000000000000000000000000000000000000000000000000000000000000000000000000000000000000000000000000000000000000000000000000000000000000000000000000000000000000000000000000000000000000000000000000000000000000000000000000000000000000000000000000 
	Parameter INIT_0A bound to: 256'b0000000000000000000000000000000000000000000000000000000000000000000000000000000000000000000000000000000000000000000000000000000000000000000000000000000000000000000000000000000000000000000000000000000000000000000000000000000000000000000000000000000000000000 
	Parameter INIT_0B bound to: 256'b0000000000000000000000000000000000000000000000000000000000000000000000000000000000000000000000000000000000000000000000000000000000000000000000000000000000000000000000000000000000000000000000000000000000000000000000000000000000000000000000000000000000000000 
	Parameter INIT_0C bound to: 256'b0000000000000000000000000000000000000000000000000000000000000000000000000000000000000000000000000000000000000000000000000000000000000000000000000000000000000000000000000000000000000000000000000000000000000000000000000000000000000000000000000000000000000000 
	Parameter INIT_0D bound to: 256'b0000000000000000000000000000000000000000000000000000000000000000000000000000000000000000000000000000000000000000000000000000000000000000000000000000000000000000000000000000000000000000000000000000000000000000000000000000000000000000000000000000000000000000 
	Parameter INIT_0E bound to: 256'b0000000000000000000000000000000000000000000000000000000000000000000000000000000000000000000000000000000000000000000000000000000000000000000000000000000000000000000000000000000000000000000000000000000000000000000000000000000000000000000000000000000000000000 
	Parameter INIT_0F bound to: 256'b0000000000000000000000000000000000000000000000000000000000000000000000000000000000000000000000000000000000000000000000000000000000000000000000000000000000000000000000000000000000000000000000000000000000000000000000000000000000000000000000000000000000000000 
	Parameter INIT_10 bound to: 256'b0000000000000000000000000000000000000000000000000000000000000000000000000000000000000000000000000000000000000000000000000000000000000000000000000000000000000000000000000000000000000000000000000000000000000000000000000000000000000000000000000000000000000000 
	Parameter INIT_11 bound to: 256'b0000000000000000000000000000000000000000000000000000000000000000000000000000000000000000000000000000000000000000000000000000000000000000000000000000000000000000000000000000000000000000000000000000000000000000000000000000000000000000000000000000000000000000 
	Parameter INIT_12 bound to: 256'b0000000000000000000000000000000000000000000000000000000000000000000000000000000000000000000000000000000000000000000000000000000000000000000000000000000000000000000000000000000000000000000000000000000000000000000000000000000000000000000000000000000000000000 
	Parameter INIT_13 bound to: 256'b0000000000000000000000000000000000000000000000000000000000000000000000000000000000000000000000000000000000000000000000000000000000000000000000000000000000000000000000000000000000000000000000000000000000000000000000000000000000000000000000000000000000000000 
	Parameter INIT_14 bound to: 256'b0000000000000000000000000000000000000000000000000000000000000000000000000000000000000000000000000000000000000000000000000000000000000000000000000000000000000000000000000000000000000000000000000000000000000000000000000000000000000000000000000000000000000000 
	Parameter INIT_15 bound to: 256'b0000000000000000000000000000000000000000000000000000000000000000000000000000000000000000000000000000000000000000000000000000000000000000000000000000000000000000000000000000000000000000000000000000000000000000000000000000000000000000000000000000000000000000 
	Parameter INIT_16 bound to: 256'b0000000000000000000000000000000000000000000000000000000000000000000000000000000000000000000000000000000000000000000000000000000000000000000000000000000000000000000000000000000000000000000000000000000000000000000000000000000000000000000000000000000000000000 
	Parameter INIT_17 bound to: 256'b0000000000000000000000000000000000000000000000000000000000000000000000000000000000000000000000000000000000000000000000000000000000000000000000000000000000000000000000000000000000000000000000000000000000000000000000000000000000000000000000000000000000000000 
	Parameter INIT_18 bound to: 256'b0000000000000000000000000000000000000000000000000000000000000000000000000000000000000000000000000000000000000000000000000000000000000000000000000000000000000000000000000000000000000000000000000000000000000000000000000000000000000000000000000000000000000000 
	Parameter INIT_19 bound to: 256'b0000000000000000000000000000000000000000000000000000000000000000000000000000000000000000000000000000000000000000000000000000000000000000000000000000000000000000000000000000000000000000000000000000000000000000000000000000000000000000000000000000000000000000 
	Parameter INIT_1A bound to: 256'b0000000000000000000000000000000000000000000000000000000000000000000000000000000000000000000000000000000000000000000000000000000000000000000000000000000000000000000000000000000000000000000000000000000000000000000000000000000000000000000000000000000000000000 
	Parameter INIT_1B bound to: 256'b0000000000000000000000000000000000000000000000000000000000000000000000000000000000000000000000000000000000000000000000000000000000000000000000000000000000000000000000000000000000000000000000000000000000000000000000000000000000000000000000000000000000000000 
	Parameter INIT_1C bound to: 256'b0000000000000000000000000000000000000000000000000000000000000000000000000000000000000000000000000000000000000000000000000000000000000000000000000000000000000000000000000000000000000000000000000000000000000000000000000000000000000000000000000000000000000000 
	Parameter INIT_1D bound to: 256'b0000000000000000000000000000000000000000000000000000000000000000000000000000000000000000000000000000000000000000000000000000000000000000000000000000000000000000000000000000000000000000000000000000000000000000000000000000000000000000000000000000000000000000 
	Parameter INIT_1E bound to: 256'b0000000000000000000000000000000000000000000000000000000000000000000000000000000000000000000000000000000000000000000000000000000000000000000000000000000000000000000000000000000000000000000000000000000000000000000000000000000000000000000000000000000000000000 
	Parameter INIT_1F bound to: 256'b0000000000000000000000000000000000000000000000000000000000000000000000000000000000000000000000000000000000000000000000000000000000000000000000000000000000000000000000000000000000000000000000000000000000000000000000000000000000000000000000000000000000000000 
	Parameter INIT_20 bound to: 256'b0000000000000000000000000000000000000000000000000000000000000000000000000000000000000000000000000000000000000000000000000000000000000000000000000000000000000000000000000000000000000000000000000000000000000000000000000000000000000000000000000000000000000000 
	Parameter INIT_21 bound to: 256'b0000000000000000000000000000000000000000000000000000000000000000000000000000000000000000000000000000000000000000000000000000000000000000000000000000000000000000000000000000000000000000000000000000000000000000000000000000000000000000000000000000000000000000 
	Parameter INIT_22 bound to: 256'b0000000000000000000000000000000000000000000000000000000000000000000000000000000000000000000000000000000000000000000000000000000000000000000000000000000000000000000000000000000000000000000000000000000000000000000000000000000000000000000000000000000000000000 
	Parameter INIT_23 bound to: 256'b0000000000000000000000000000000000000000000000000000000000000000000000000000000000000000000000000000000000000000000000000000000000000000000000000000000000000000000000000000000000000000000000000000000000000000000000000000000000000000000000000000000000000000 
	Parameter INIT_24 bound to: 256'b0000000000000000000000000000000000000000000000000000000000000000000000000000000000000000000000000000000000000000000000000000000000000000000000000000000000000000000000000000000000000000000000000000000000000000000000000000000000000000000000000000000000000000 
	Parameter INIT_25 bound to: 256'b0000000000000000000000000000000000000000000000000000000000000000000000000000000000000000000000000000000000000000000000000000000000000000000000000000000000000000000000000000000000000000000000000000000000000000000000000000000000000000000000000000000000000000 
	Parameter INIT_26 bound to: 256'b0000000000000000000000000000000000000000000000000000000000000000000000000000000000000000000000000000000000000000000000000000000000000000000000000000000000000000000000000000000000000000000000000000000000000000000000000000000000000000000000000000000000000000 
	Parameter INIT_27 bound to: 256'b0000000000000000000000000000000000000000000000000000000000000000000000000000000000000000000000000000000000000000000000000000000000000000000000000000000000000000000000000000000000000000000000000000000000000000000000000000000000000000000000000000000000000000 
	Parameter INIT_28 bound to: 256'b0000000000000000000000000000000000000000000000000000000000000000000000000000000000000000000000000000000000000000000000000000000000000000000000000000000000000000000000000000000000000000000000000000000000000000000000000000000000000000000000000000000000000000 
	Parameter INIT_29 bound to: 256'b0000000000000000000000000000000000000000000000000000000000000000000000000000000000000000000000000000000000000000000000000000000000000000000000000000000000000000000000000000000000000000000000000000000000000000000000000000000000000000000000000000000000000000 
	Parameter INIT_2A bound to: 256'b0000000000000000000000000000000000000000000000000000000000000000000000000000000000000000000000000000000000000000000000000000000000000000000000000000000000000000000000000000000000000000000000000000000000000000000000000000000000000000000000000000000000000000 
	Parameter INIT_2B bound to: 256'b0000000000000000000000000000000000000000000000000000000000000000000000000000000000000000000000000000000000000000000000000000000000000000000000000000000000000000000000000000000000000000000000000000000000000000000000000000000000000000000000000000000000000000 
	Parameter INIT_2C bound to: 256'b0000000000000000000000000000000000000000000000000000000000000000000000000000000000000000000000000000000000000000000000000000000000000000000000000000000000000000000000000000000000000000000000000000000000000000000000000000000000000000000000000000000000000000 
	Parameter INIT_2D bound to: 256'b0000000000000000000000000000000000000000000000000000000000000000000000000000000000000000000000000000000000000000000000000000000000000000000000000000000000000000000000000000000000000000000000000000000000000000000000000000000000000000000000000000000000000000 
	Parameter INIT_2E bound to: 256'b0000000000000000000000000000000000000000000000000000000000000000000000000000000000000000000000000000000000000000000000000000000000000000000000000000000000000000000000000000000000000000000000000000000000000000000000000000000000000000000000000000000000000000 
	Parameter INIT_2F bound to: 256'b0000000000000000000000000000000000000000000000000000000000000000000000000000000000000000000000000000000000000000000000000000000000000000000000000000000000000000000000000000000000000000000000000000000000000000000000000000000000000000000000000000000000000000 
	Parameter INIT_30 bound to: 256'b0000000000000000000000000000000000000000000000000000000000000000000000000000000000000000000000000000000000000000000000000000000000000000000000000000000000000000000000000000000000000000000000000000000000000000000000000000000000000000000000000000000000000000 
	Parameter INIT_31 bound to: 256'b0000000000000000000000000000000000000000000000000000000000000000000000000000000000000000000000000000000000000000000000000000000000000000000000000000000000000000000000000000000000000000000000000000000000000000000000000000000000000000000000000000000000000000 
	Parameter INIT_32 bound to: 256'b0000000000000000000000000000000000000000000000000000000000000000000000000000000000000000000000000000000000000000000000000000000000000000000000000000000000000000000000000000000000000000000000000000000000000000000000000000000000000000000000000000000000000000 
	Parameter INIT_33 bound to: 256'b0000000000000000000000000000000000000000000000000000000000000000000000000000000000000000000000000000000000000000000000000000000000000000000000000000000000000000000000000000000000000000000000000000000000000000000000000000000000000000000000000000000000000000 
	Parameter INIT_34 bound to: 256'b0000000000000000000000000000000000000000000000000000000000000000000000000000000000000000000000000000000000000000000000000000000000000000000000000000000000000000000000000000000000000000000000000000000000000000000000000000000000000000000000000000000000000000 
	Parameter INIT_35 bound to: 256'b0000000000000000000000000000000000000000000000000000000000000000000000000000000000000000000000000000000000000000000000000000000000000000000000000000000000000000000000000000000000000000000000000000000000000000000000000000000000000000000000000000000000000000 
	Parameter INIT_36 bound to: 256'b0000000000000000000000000000000000000000000000000000000000000000000000000000000000000000000000000000000000000000000000000000000000000000000000000000000000000000000000000000000000000000000000000000000000000000000000000000000000000000000000000000000000000000 
	Parameter INIT_37 bound to: 256'b0000000000000000000000000000000000000000000000000000000000000000000000000000000000000000000000000000000000000000000000000000000000000000000000000000000000000000000000000000000000000000000000000000000000000000000000000000000000000000000000000000000000000000 
	Parameter INIT_38 bound to: 256'b0000000000000000000000000000000000000000000000000000000000000000000000000000000000000000000000000000000000000000000000000000000000000000000000000000000000000000000000000000000000000000000000000000000000000000000000000000000000000000000000000000000000000000 
	Parameter INIT_39 bound to: 256'b0000000000000000000000000000000000000000000000000000000000000000000000000000000000000000000000000000000000000000000000000000000000000000000000000000000000000000000000000000000000000000000000000000000000000000000000000000000000000000000000000000000000000000 
	Parameter INIT_3A bound to: 256'b0000000000000000000000000000000000000000000000000000000000000000000000000000000000000000000000000000000000000000000000000000000000000000000000000000000000000000000000000000000000000000000000000000000000000000000000000000000000000000000000000000000000000000 
	Parameter INIT_3B bound to: 256'b0000000000000000000000000000000000000000000000000000000000000000000000000000000000000000000000000000000000000000000000000000000000000000000000000000000000000000000000000000000000000000000000000000000000000000000000000000000000000000000000000000000000000000 
	Parameter INIT_3C bound to: 256'b0000000000000000000000000000000000000000000000000000000000000000000000000000000000000000000000000000000000000000000000000000000000000000000000000000000000000000000000000000000000000000000000000000000000000000000000000000000000000000000000000000000000000000 
	Parameter INIT_3D bound to: 256'b0000000000000000000000000000000000000000000000000000000000000000000000000000000000000000000000000000000000000000000000000000000000000000000000000000000000000000000000000000000000000000000000000000000000000000000000000000000000000000000000000000000000000000 
	Parameter INIT_3E bound to: 256'b0000000000000000000000000000000000000000000000000000000000000000000000000000000000000000000000000000000000000000000000000000000000000000000000000000000000000000000000000000000000000000000000000000000000000000000000000000000000000000000000000000000000000000 
	Parameter INIT_3F bound to: 256'b1000000100000000000000000000000000000000000000000000000000000000000000000000000000000000000000000000000000000000000000000000000000000000000000000000000000000000000000000000000000000000000000000000000000000000000000000000000000000000000000000000000000000000 
	Parameter SRVAL bound to: 20'b00000000000000000000 
	Parameter WRITE_MODE bound to: WRITE_FIRST - type: string 
INFO: [Synth 8-113] binding component instance 'ram_1024_x_18' to cell 'RAMB16_S18' [C:/Users/pangj/OneDrive - California Polytechnic State University/rat-cpu/rat7_mcu/rat7_mcu.srcs/sources_1/new/prog_rom.vhd:194]
INFO: [Synth 8-256] done synthesizing module 'prog_rom' (4#1) [C:/Users/pangj/OneDrive - California Polytechnic State University/rat-cpu/rat7_mcu/rat7_mcu.srcs/sources_1/new/prog_rom.vhd:29]
INFO: [Synth 8-3491] module 'REG_FILE' declared at 'C:/Users/pangj/OneDrive - California Polytechnic State University/rat-cpu/rat7_mcu/rat7_mcu.srcs/sources_1/new/register_file.vhd:20' bound to instance 'reg_file1' of component 'REG_FILE' [C:/Users/pangj/OneDrive - California Polytechnic State University/rat-cpu/rat7_mcu/rat7_mcu.srcs/sources_1/new/rat_mcu.vhd:216]
INFO: [Synth 8-638] synthesizing module 'REG_FILE' [C:/Users/pangj/OneDrive - California Polytechnic State University/rat-cpu/rat7_mcu/rat7_mcu.srcs/sources_1/new/register_file.vhd:30]
INFO: [Synth 8-256] done synthesizing module 'REG_FILE' (5#1) [C:/Users/pangj/OneDrive - California Polytechnic State University/rat-cpu/rat7_mcu/rat7_mcu.srcs/sources_1/new/register_file.vhd:30]
INFO: [Synth 8-3491] module 'mux_rf' declared at 'C:/Users/pangj/OneDrive - California Polytechnic State University/rat-cpu/rat7_mcu/rat7_mcu.srcs/sources_1/new/mux_rf.vhd:18' bound to instance 'mux_rf1' of component 'mux_rf' [C:/Users/pangj/OneDrive - California Polytechnic State University/rat-cpu/rat7_mcu/rat7_mcu.srcs/sources_1/new/rat_mcu.vhd:224]
INFO: [Synth 8-638] synthesizing module 'mux_rf' [C:/Users/pangj/OneDrive - California Polytechnic State University/rat-cpu/rat7_mcu/rat7_mcu.srcs/sources_1/new/mux_rf.vhd:27]
INFO: [Synth 8-256] done synthesizing module 'mux_rf' (6#1) [C:/Users/pangj/OneDrive - California Polytechnic State University/rat-cpu/rat7_mcu/rat7_mcu.srcs/sources_1/new/mux_rf.vhd:27]
INFO: [Synth 8-3491] module 'rat_alu' declared at 'C:/Users/pangj/OneDrive - California Polytechnic State University/rat-cpu/rat7_mcu/rat7_mcu.srcs/sources_1/new/rat_alu.vhd:20' bound to instance 'alu1' of component 'rat_alu' [C:/Users/pangj/OneDrive - California Polytechnic State University/rat-cpu/rat7_mcu/rat7_mcu.srcs/sources_1/new/rat_mcu.vhd:233]
INFO: [Synth 8-638] synthesizing module 'rat_alu' [C:/Users/pangj/OneDrive - California Polytechnic State University/rat-cpu/rat7_mcu/rat7_mcu.srcs/sources_1/new/rat_alu.vhd:30]
INFO: [Synth 8-226] default block is never used [C:/Users/pangj/OneDrive - California Polytechnic State University/rat-cpu/rat7_mcu/rat7_mcu.srcs/sources_1/new/rat_alu.vhd:39]
INFO: [Synth 8-256] done synthesizing module 'rat_alu' (7#1) [C:/Users/pangj/OneDrive - California Polytechnic State University/rat-cpu/rat7_mcu/rat7_mcu.srcs/sources_1/new/rat_alu.vhd:30]
INFO: [Synth 8-3491] module 'mux_2T1' declared at 'C:/Users/pangj/OneDrive - California Polytechnic State University/rat-cpu/rat7_mcu/rat7_mcu.srcs/sources_1/new/mux_2T1.vhd:16' bound to instance 'mux_rf_alu' of component 'mux_2T1' [C:/Users/pangj/OneDrive - California Polytechnic State University/rat-cpu/rat7_mcu/rat7_mcu.srcs/sources_1/new/rat_mcu.vhd:241]
INFO: [Synth 8-638] synthesizing module 'mux_2T1' [C:/Users/pangj/OneDrive - California Polytechnic State University/rat-cpu/rat7_mcu/rat7_mcu.srcs/sources_1/new/mux_2T1.vhd:23]
INFO: [Synth 8-256] done synthesizing module 'mux_2T1' (8#1) [C:/Users/pangj/OneDrive - California Polytechnic State University/rat-cpu/rat7_mcu/rat7_mcu.srcs/sources_1/new/mux_2T1.vhd:23]
INFO: [Synth 8-3491] module 'control_unit' declared at 'C:/Users/pangj/OneDrive - California Polytechnic State University/rat-cpu/rat7_mcu/rat7_mcu.srcs/sources_1/new/control_unit.vhd:19' bound to instance 'cu1' of component 'control_unit' [C:/Users/pangj/OneDrive - California Polytechnic State University/rat-cpu/rat7_mcu/rat7_mcu.srcs/sources_1/new/rat_mcu.vhd:248]
INFO: [Synth 8-638] synthesizing module 'control_unit' [C:/Users/pangj/OneDrive - California Polytechnic State University/rat-cpu/rat7_mcu/rat7_mcu.srcs/sources_1/new/control_unit.vhd:61]
WARNING: [Synth 8-614] signal 'c_flag' is read in the process but is not in the sensitivity list [C:/Users/pangj/OneDrive - California Polytechnic State University/rat-cpu/rat7_mcu/rat7_mcu.srcs/sources_1/new/control_unit.vhd:82]
WARNING: [Synth 8-614] signal 'z_flag' is read in the process but is not in the sensitivity list [C:/Users/pangj/OneDrive - California Polytechnic State University/rat-cpu/rat7_mcu/rat7_mcu.srcs/sources_1/new/control_unit.vhd:82]
INFO: [Synth 8-256] done synthesizing module 'control_unit' (9#1) [C:/Users/pangj/OneDrive - California Polytechnic State University/rat-cpu/rat7_mcu/rat7_mcu.srcs/sources_1/new/control_unit.vhd:61]
INFO: [Synth 8-3491] module 'd_flip_flop' declared at 'C:/Users/pangj/OneDrive - California Polytechnic State University/rat-cpu/rat7_mcu/rat7_mcu.srcs/sources_1/new/d_flip_flop.vhd:17' bound to instance 'cf1' of component 'd_flip_flop' [C:/Users/pangj/OneDrive - California Polytechnic State University/rat-cpu/rat7_mcu/rat7_mcu.srcs/sources_1/new/rat_mcu.vhd:288]
INFO: [Synth 8-638] synthesizing module 'd_flip_flop' [C:/Users/pangj/OneDrive - California Polytechnic State University/rat-cpu/rat7_mcu/rat7_mcu.srcs/sources_1/new/d_flip_flop.vhd:26]
INFO: [Synth 8-256] done synthesizing module 'd_flip_flop' (10#1) [C:/Users/pangj/OneDrive - California Polytechnic State University/rat-cpu/rat7_mcu/rat7_mcu.srcs/sources_1/new/d_flip_flop.vhd:26]
INFO: [Synth 8-3491] module 'd_flip_flop' declared at 'C:/Users/pangj/OneDrive - California Polytechnic State University/rat-cpu/rat7_mcu/rat7_mcu.srcs/sources_1/new/d_flip_flop.vhd:17' bound to instance 'zf1' of component 'd_flip_flop' [C:/Users/pangj/OneDrive - California Polytechnic State University/rat-cpu/rat7_mcu/rat7_mcu.srcs/sources_1/new/rat_mcu.vhd:296]
INFO: [Synth 8-3491] module 'd_flip_flop' declared at 'C:/Users/pangj/OneDrive - California Polytechnic State University/rat-cpu/rat7_mcu/rat7_mcu.srcs/sources_1/new/d_flip_flop.vhd:17' bound to instance 'if1' of component 'd_flip_flop' [C:/Users/pangj/OneDrive - California Polytechnic State University/rat-cpu/rat7_mcu/rat7_mcu.srcs/sources_1/new/rat_mcu.vhd:304]
INFO: [Synth 8-3491] module 'scratch_ram' declared at 'C:/Users/pangj/OneDrive - California Polytechnic State University/rat-cpu/rat3/rat3.srcs/sources_1/new/Scratch_RAM.vhd:20' bound to instance 'scr_ram1' of component 'scratch_ram' [C:/Users/pangj/OneDrive - California Polytechnic State University/rat-cpu/rat7_mcu/rat7_mcu.srcs/sources_1/new/rat_mcu.vhd:314]
INFO: [Synth 8-638] synthesizing module 'scratch_ram' [C:/Users/pangj/OneDrive - California Polytechnic State University/rat-cpu/rat3/rat3.srcs/sources_1/new/Scratch_RAM.vhd:28]
INFO: [Synth 8-256] done synthesizing module 'scratch_ram' (11#1) [C:/Users/pangj/OneDrive - California Polytechnic State University/rat-cpu/rat3/rat3.srcs/sources_1/new/Scratch_RAM.vhd:28]
INFO: [Synth 8-3491] module 'mux_rf' declared at 'C:/Users/pangj/OneDrive - California Polytechnic State University/rat-cpu/rat7_mcu/rat7_mcu.srcs/sources_1/new/mux_rf.vhd:18' bound to instance 'mux_scr_addr' of component 'mux_rf' [C:/Users/pangj/OneDrive - California Polytechnic State University/rat-cpu/rat7_mcu/rat7_mcu.srcs/sources_1/new/rat_mcu.vhd:321]
INFO: [Synth 8-3491] module 'mux_2to1' declared at 'C:/Users/pangj/OneDrive - California Polytechnic State University/rat-cpu/rat7_mcu/rat7_mcu.srcs/sources_1/new/mux_scr_data_in.vhd:18' bound to instance 'mux_scr_data_in' of component 'mux_2to1' [C:/Users/pangj/OneDrive - California Polytechnic State University/rat-cpu/rat7_mcu/rat7_mcu.srcs/sources_1/new/rat_mcu.vhd:329]
INFO: [Synth 8-638] synthesizing module 'mux_2to1' [C:/Users/pangj/OneDrive - California Polytechnic State University/rat-cpu/rat7_mcu/rat7_mcu.srcs/sources_1/new/mux_scr_data_in.vhd:25]
INFO: [Synth 8-256] done synthesizing module 'mux_2to1' (12#1) [C:/Users/pangj/OneDrive - California Polytechnic State University/rat-cpu/rat7_mcu/rat7_mcu.srcs/sources_1/new/mux_scr_data_in.vhd:25]
INFO: [Synth 8-3491] module 'stack_pointer' declared at 'C:/Users/pangj/OneDrive - California Polytechnic State University/rat-cpu/rat7_sp/rat7/rat7.srcs/sources_1/new/stack_pointer.vhd:18' bound to instance 'sp' of component 'stack_pointer' [C:/Users/pangj/OneDrive - California Polytechnic State University/rat-cpu/rat7_mcu/rat7_mcu.srcs/sources_1/new/rat_mcu.vhd:336]
INFO: [Synth 8-638] synthesizing module 'stack_pointer' [C:/Users/pangj/OneDrive - California Polytechnic State University/rat-cpu/rat7_sp/rat7/rat7.srcs/sources_1/new/stack_pointer.vhd:28]
INFO: [Synth 8-256] done synthesizing module 'stack_pointer' (13#1) [C:/Users/pangj/OneDrive - California Polytechnic State University/rat-cpu/rat7_sp/rat7/rat7.srcs/sources_1/new/stack_pointer.vhd:28]
INFO: [Synth 8-256] done synthesizing module 'rat_mcu' (14#1) [C:/Users/pangj/OneDrive - California Polytechnic State University/rat-cpu/rat7_mcu/rat7_mcu.srcs/sources_1/new/rat_mcu.vhd:33]
INFO: [Synth 8-3491] module 'sseg_lut' declared at 'C:/Users/pangj/OneDrive - California Polytechnic State University/rat-cpu/rat7_mcu/rat7_mcu.srcs/sources_1/new/sseg_lut.vhd:14' bound to instance 'SSEG_LUT_1' of component 'sseg_lut' [C:/Users/pangj/OneDrive - California Polytechnic State University/rat-cpu/rat7_mcu/rat7_mcu.srcs/sources_1/new/RAT_WRAPPER.vhd:109]
INFO: [Synth 8-638] synthesizing module 'sseg_lut' [C:/Users/pangj/OneDrive - California Polytechnic State University/rat-cpu/rat7_mcu/rat7_mcu.srcs/sources_1/new/sseg_lut.vhd:20]
INFO: [Synth 8-256] done synthesizing module 'sseg_lut' (15#1) [C:/Users/pangj/OneDrive - California Polytechnic State University/rat-cpu/rat7_mcu/rat7_mcu.srcs/sources_1/new/sseg_lut.vhd:20]
INFO: [Synth 8-256] done synthesizing module 'RAT_wrapper' (16#1) [C:/Users/pangj/OneDrive - California Polytechnic State University/rat-cpu/rat7_mcu/rat7_mcu.srcs/sources_1/new/RAT_WRAPPER.vhd:26]
WARNING: [Synth 8-3331] design control_unit has unconnected port int
---------------------------------------------------------------------------------
Finished RTL Elaboration : Time (s): cpu = 00:00:10 ; elapsed = 00:00:13 . Memory (MB): peak = 304.609 ; gain = 97.805
---------------------------------------------------------------------------------

Report Check Netlist: 
+------+------------------+-------+---------+-------+------------------+
|      |Item              |Errors |Warnings |Status |Description       |
+------+------------------+-------+---------+-------+------------------+
|1     |multi_driven_nets |      0|        0|Passed |Multi driven nets |
+------+------------------+-------+---------+-------+------------------+
---------------------------------------------------------------------------------
Finished RTL Optimization Phase 1 : Time (s): cpu = 00:00:10 ; elapsed = 00:00:13 . Memory (MB): peak = 304.609 ; gain = 97.805
---------------------------------------------------------------------------------
INFO: [Netlist 29-17] Analyzing 1 Unisim elements for replacement
INFO: [Netlist 29-28] Unisim Transformation completed in 0 CPU seconds
INFO: [Device 21-403] Loading part xc7a35tcpg236-1
INFO: [Project 1-570] Preparing netlist for logic optimization

Processing XDC Constraints
Initializing timing engine
Parsing XDC File [C:/Users/pangj/OneDrive - California Polytechnic State University/rat-cpu/rat7_mcu/rat7_mcu.srcs/constrs_1/new/rat_wrapper_constraints.xdc]
Finished Parsing XDC File [C:/Users/pangj/OneDrive - California Polytechnic State University/rat-cpu/rat7_mcu/rat7_mcu.srcs/constrs_1/new/rat_wrapper_constraints.xdc]
INFO: [Project 1-236] Implementation specific constraints were found while reading constraint file [C:/Users/pangj/OneDrive - California Polytechnic State University/rat-cpu/rat7_mcu/rat7_mcu.srcs/constrs_1/new/rat_wrapper_constraints.xdc]. These constraints will be ignored for synthesis but will be used in implementation. Impacted constraints are listed in the file [.Xil/RAT_wrapper_propImpl.xdc].
Resolution: To avoid this warning, move constraints listed in [.Xil/RAT_wrapper_propImpl.xdc] to another XDC file and exclude this new file from synthesis with the used_in_synthesis property (File Properties dialog in GUI) and re-run elaboration/synthesis.
Completed Processing XDC Constraints

INFO: [Project 1-111] Unisim Transformation Summary:
  A total of 1 instances were transformed.
  RAMB16_S18 => RAMB18E1: 1 instances

Constraint Validation Runtime : Time (s): cpu = 00:00:00 ; elapsed = 00:00:00.007 . Memory (MB): peak = 556.230 ; gain = 0.000
---------------------------------------------------------------------------------
Finished Constraint Validation : Time (s): cpu = 00:00:25 ; elapsed = 00:00:29 . Memory (MB): peak = 556.230 ; gain = 349.426
---------------------------------------------------------------------------------
---------------------------------------------------------------------------------
Start Loading Part and Timing Information
---------------------------------------------------------------------------------
Loading part: xc7a35tcpg236-1
---------------------------------------------------------------------------------
Finished Loading Part and Timing Information : Time (s): cpu = 00:00:25 ; elapsed = 00:00:29 . Memory (MB): peak = 556.230 ; gain = 349.426
---------------------------------------------------------------------------------
---------------------------------------------------------------------------------
Start Applying 'set_property' XDC Constraints
---------------------------------------------------------------------------------
---------------------------------------------------------------------------------
Finished applying 'set_property' XDC Constraints : Time (s): cpu = 00:00:25 ; elapsed = 00:00:29 . Memory (MB): peak = 556.230 ; gain = 349.426
---------------------------------------------------------------------------------
INFO: [Synth 8-5546] ROM "i_set" won't be mapped to RAM because it is too sparse
INFO: [Synth 8-5546] ROM "i_clr" won't be mapped to RAM because it is too sparse
INFO: [Synth 8-5546] ROM "pc_mux_sel" won't be mapped to RAM because it is too sparse
INFO: [Synth 8-5546] ROM "alu_opy_sel" won't be mapped to RAM because it is too sparse
INFO: [Synth 8-5546] ROM "alu_sel" won't be mapped to RAM because it is too sparse
INFO: [Synth 8-5546] ROM "rf_wr_sel" won't be mapped to RAM because it is too sparse
INFO: [Synth 8-5546] ROM "sp_ld" won't be mapped to RAM because it is too sparse
INFO: [Synth 8-5546] ROM "sp_incr" won't be mapped to RAM because it is too sparse
INFO: [Synth 8-5546] ROM "sp_decr" won't be mapped to RAM because it is too sparse
INFO: [Synth 8-5546] ROM "scr_we" won't be mapped to RAM because it is too sparse
INFO: [Synth 8-5546] ROM "scr_addr_sel" won't be mapped to RAM because it is too sparse
INFO: [Synth 8-5546] ROM "scr_data_sel" won't be mapped to RAM because it is too sparse
INFO: [Synth 8-5546] ROM "flg_c_set" won't be mapped to RAM because it is too sparse
INFO: [Synth 8-5546] ROM "flg_c_clr" won't be mapped to RAM because it is too sparse
INFO: [Synth 8-5546] ROM "flg_ld_sel" won't be mapped to RAM because it is too sparse
INFO: [Synth 8-5546] ROM "io_strb" won't be mapped to RAM because it is too sparse
INFO: [Synth 8-5818] HDL ADVISOR - The operator resource <adder> is shared. To prevent sharing consider applying a KEEP on the output of the operator [C:/Users/pangj/OneDrive - California Polytechnic State University/rat-cpu/rat7_sp/rat7/rat7.srcs/sources_1/new/stack_pointer.vhd:40]
INFO: [Synth 8-5546] ROM "seg" won't be mapped to RAM because it is too sparse
INFO: [Synth 8-5546] ROM "r_LEDS" won't be mapped to RAM because it is too sparse
WARNING: [Synth 8-327] inferring latch for variable 'v_res_reg' [C:/Users/pangj/OneDrive - California Polytechnic State University/rat-cpu/rat7_mcu/rat7_mcu.srcs/sources_1/new/rat_alu.vhd:41]
WARNING: [Synth 8-327] inferring latch for variable 'ns_reg' [C:/Users/pangj/OneDrive - California Polytechnic State University/rat-cpu/rat7_mcu/rat7_mcu.srcs/sources_1/new/control_unit.vhd:77]
---------------------------------------------------------------------------------
Finished RTL Optimization Phase 2 : Time (s): cpu = 00:00:26 ; elapsed = 00:00:30 . Memory (MB): peak = 556.230 ; gain = 349.426
---------------------------------------------------------------------------------

Report RTL Partitions: 
+-+--------------+------------+----------+
| |RTL Partition |Replication |Instances |
+-+--------------+------------+----------+
+-+--------------+------------+----------+
---------------------------------------------------------------------------------
Start RTL Component Statistics 
---------------------------------------------------------------------------------
Detailed RTL Component Info : 
+---Adders : 
	   2 Input     10 Bit       Adders := 1     
	   2 Input      9 Bit       Adders := 2     
	   3 Input      9 Bit       Adders := 1     
	   4 Input      9 Bit       Adders := 1     
	   2 Input      8 Bit       Adders := 2     
+---XORs : 
	   2 Input      8 Bit         XORs := 1     
+---Registers : 
	               10 Bit    Registers := 1     
	                8 Bit    Registers := 3     
	                2 Bit    Registers := 1     
	                1 Bit    Registers := 4     
+---Muxes : 
	   5 Input     10 Bit        Muxes := 1     
	   2 Input     10 Bit        Muxes := 2     
	  16 Input      9 Bit        Muxes := 2     
	   5 Input      8 Bit        Muxes := 2     
	   2 Input      8 Bit        Muxes := 3     
	   9 Input      8 Bit        Muxes := 1     
	  51 Input      4 Bit        Muxes := 1     
	  51 Input      2 Bit        Muxes := 2     
	   4 Input      2 Bit        Muxes := 1     
	   2 Input      2 Bit        Muxes := 1     
	   2 Input      1 Bit        Muxes := 4     
	  16 Input      1 Bit        Muxes := 1     
	  51 Input      1 Bit        Muxes := 13    
	  48 Input      1 Bit        Muxes := 1     
	   4 Input      1 Bit        Muxes := 7     
	   3 Input      1 Bit        Muxes := 1     
---------------------------------------------------------------------------------
Finished RTL Component Statistics 
---------------------------------------------------------------------------------
---------------------------------------------------------------------------------
Start RTL Hierarchical Component Statistics 
---------------------------------------------------------------------------------
Hierarchical RTL Component report 
Module RAT_wrapper 
Detailed RTL Component Info : 
+---Registers : 
	                8 Bit    Registers := 2     
	                1 Bit    Registers := 1     
+---Muxes : 
	   2 Input      1 Bit        Muxes := 1     
	   3 Input      1 Bit        Muxes := 1     
Module mux_4to1 
Detailed RTL Component Info : 
+---Muxes : 
	   5 Input     10 Bit        Muxes := 1     
Module pc 
Detailed RTL Component Info : 
+---Adders : 
	   2 Input     10 Bit       Adders := 1     
+---Registers : 
	               10 Bit    Registers := 1     
+---Muxes : 
	   2 Input     10 Bit        Muxes := 1     
	   2 Input      1 Bit        Muxes := 1     
Module mux_rf 
Detailed RTL Component Info : 
+---Muxes : 
	   5 Input      8 Bit        Muxes := 1     
Module rat_alu 
Detailed RTL Component Info : 
+---Adders : 
	   2 Input      9 Bit       Adders := 2     
	   3 Input      9 Bit       Adders := 1     
	   4 Input      9 Bit       Adders := 1     
+---XORs : 
	   2 Input      8 Bit         XORs := 1     
+---Muxes : 
	  16 Input      9 Bit        Muxes := 2     
	  16 Input      1 Bit        Muxes := 1     
Module mux_2T1 
Detailed RTL Component Info : 
+---Muxes : 
	   2 Input      8 Bit        Muxes := 1     
Module control_unit 
Detailed RTL Component Info : 
+---Registers : 
	                2 Bit    Registers := 1     
+---Muxes : 
	  51 Input      4 Bit        Muxes := 1     
	  51 Input      2 Bit        Muxes := 2     
	   4 Input      2 Bit        Muxes := 1     
	  51 Input      1 Bit        Muxes := 13    
	  48 Input      1 Bit        Muxes := 1     
	   4 Input      1 Bit        Muxes := 7     
Module d_flip_flop 
Detailed RTL Component Info : 
+---Registers : 
	                1 Bit    Registers := 1     
Module mux_2to1 
Detailed RTL Component Info : 
+---Muxes : 
	   2 Input     10 Bit        Muxes := 1     
Module stack_pointer 
Detailed RTL Component Info : 
+---Adders : 
	   2 Input      8 Bit       Adders := 1     
+---Registers : 
	                8 Bit    Registers := 1     
+---Muxes : 
	   2 Input      8 Bit        Muxes := 1     
	   2 Input      2 Bit        Muxes := 1     
	   2 Input      1 Bit        Muxes := 2     
Module rat_mcu 
Detailed RTL Component Info : 
+---Adders : 
	   2 Input      8 Bit       Adders := 1     
Module sseg_lut 
Detailed RTL Component Info : 
+---Muxes : 
	   2 Input      8 Bit        Muxes := 1     
	   9 Input      8 Bit        Muxes := 1     
---------------------------------------------------------------------------------
Finished RTL Hierarchical Component Statistics
---------------------------------------------------------------------------------
---------------------------------------------------------------------------------
Start Part Resource Summary
---------------------------------------------------------------------------------
Part Resources:
DSPs: 90 (col length:60)
BRAMs: 100 (col length: RAMB18 60 RAMB36 30)
---------------------------------------------------------------------------------
Finished Part Resource Summary
---------------------------------------------------------------------------------
Start Parallel Synthesis Optimization  : Time (s): cpu = 00:00:27 ; elapsed = 00:00:31 . Memory (MB): peak = 556.230 ; gain = 349.426
---------------------------------------------------------------------------------
Start Cross Boundary Optimization
---------------------------------------------------------------------------------
INFO: [Synth 8-5546] ROM "r_LEDS" won't be mapped to RAM because it is too sparse
INFO: [Synth 8-5546] ROM "O50" won't be mapped to RAM because it is too sparse
WARNING: [Synth 8-3917] design RAT_wrapper has port seg[7] driven by constant 1
WARNING: [Synth 8-3917] design RAT_wrapper has port digit[3] driven by constant 1
WARNING: [Synth 8-3917] design RAT_wrapper has port digit[2] driven by constant 1
WARNING: [Synth 8-3917] design RAT_wrapper has port digit[1] driven by constant 1
WARNING: [Synth 8-3917] design RAT_wrapper has port digit[0] driven by constant 0
---------------------------------------------------------------------------------
Finished Cross Boundary Optimization : Time (s): cpu = 00:00:27 ; elapsed = 00:00:32 . Memory (MB): peak = 556.230 ; gain = 349.426
---------------------------------------------------------------------------------
Finished Parallel Reinference  : Time (s): cpu = 00:00:27 ; elapsed = 00:00:32 . Memory (MB): peak = 556.230 ; gain = 349.426

Report RTL Partitions: 
+-+--------------+------------+----------+
| |RTL Partition |Replication |Instances |
+-+--------------+------------+----------+
+-+--------------+------------+----------+
---------------------------------------------------------------------------------
Start ROM, RAM, DSP and Shift Register Reporting
---------------------------------------------------------------------------------

ROM:
+-------------+------------------+---------------+----------------+
|Module Name  | RTL Object       | Depth x Width | Implemented As | 
+-------------+------------------+---------------+----------------+
|control_unit | rf_wr            | 128x1         | LUT            | 
|control_unit | flg_c_ld         | 128x1         | LUT            | 
|control_unit | flg_z_ld         | 128x1         | LUT            | 
|RAT_wrapper  | CPU/cu1/rf_wr    | 128x1         | LUT            | 
|RAT_wrapper  | CPU/cu1/flg_c_ld | 128x1         | LUT            | 
|RAT_wrapper  | CPU/cu1/flg_z_ld | 128x1         | LUT            | 
+-------------+------------------+---------------+----------------+


Distributed RAM: Preliminary Mapping  Report (see note below)
+------------+-------------------------------+-----------+----------------------+------------------+
|Module Name | RTL Object                    | Inference | Size (Depth x Width) | Primitives       | 
+------------+-------------------------------+-----------+----------------------+------------------+
|RAT_wrapper | CPU/reg_file1/signal_name_reg | Implied   | 32 x 8               | RAM32X1D x 8     | 
|RAT_wrapper | CPU/scr_ram1/signal_name_reg  | Implied   | 256 x 10             | RAM256X1S x 10   | 
+------------+-------------------------------+-----------+----------------------+------------------+

Note: The table above is a preliminary report that shows the Distributed RAMs at the current stage of the synthesis flow. Some Distributed RAMs may be reimplemented as non Distributed RAM primitives later in the synthesis flow. Multiple instantiated RAMs are reported only once.
---------------------------------------------------------------------------------
Finished ROM, RAM, DSP and Shift Register Reporting
---------------------------------------------------------------------------------
---------------------------------------------------------------------------------
Start Area Optimization
---------------------------------------------------------------------------------
WARNING: [Synth 8-3332] Sequential element (CPU/alu1/v_res_reg[8]) is unused and will be removed from module RAT_wrapper.
WARNING: [Synth 8-3332] Sequential element (CPU/if1/flag_reg) is unused and will be removed from module RAT_wrapper.
WARNING: [Synth 8-3332] Sequential element (CPU/alu1/v_res_reg[7]) is unused and will be removed from module RAT_wrapper.
WARNING: [Synth 8-3332] Sequential element (CPU/alu1/v_res_reg[6]) is unused and will be removed from module RAT_wrapper.
WARNING: [Synth 8-3332] Sequential element (CPU/alu1/v_res_reg[5]) is unused and will be removed from module RAT_wrapper.
WARNING: [Synth 8-3332] Sequential element (CPU/alu1/v_res_reg[4]) is unused and will be removed from module RAT_wrapper.
WARNING: [Synth 8-3332] Sequential element (CPU/alu1/v_res_reg[3]) is unused and will be removed from module RAT_wrapper.
WARNING: [Synth 8-3332] Sequential element (CPU/alu1/v_res_reg[2]) is unused and will be removed from module RAT_wrapper.
WARNING: [Synth 8-3332] Sequential element (CPU/alu1/v_res_reg[1]) is unused and will be removed from module RAT_wrapper.
WARNING: [Synth 8-3332] Sequential element (CPU/alu1/v_res_reg[0]) is unused and will be removed from module RAT_wrapper.
---------------------------------------------------------------------------------
Finished Area Optimization : Time (s): cpu = 00:00:31 ; elapsed = 00:00:35 . Memory (MB): peak = 556.230 ; gain = 349.426
---------------------------------------------------------------------------------
Finished Parallel Area Optimization  : Time (s): cpu = 00:00:31 ; elapsed = 00:00:35 . Memory (MB): peak = 556.230 ; gain = 349.426

Report RTL Partitions: 
+-+--------------+------------+----------+
| |RTL Partition |Replication |Instances |
+-+--------------+------------+----------+
+-+--------------+------------+----------+
---------------------------------------------------------------------------------
Start Timing Optimization
---------------------------------------------------------------------------------
---------------------------------------------------------------------------------
Start Applying XDC Timing Constraints
---------------------------------------------------------------------------------
---------------------------------------------------------------------------------
Finished Applying XDC Timing Constraints : Time (s): cpu = 00:00:48 ; elapsed = 00:00:53 . Memory (MB): peak = 561.773 ; gain = 354.969
---------------------------------------------------------------------------------
---------------------------------------------------------------------------------
Finished Timing Optimization : Time (s): cpu = 00:00:50 ; elapsed = 00:00:56 . Memory (MB): peak = 597.086 ; gain = 390.281
---------------------------------------------------------------------------------

Report RTL Partitions: 
+-+--------------+------------+----------+
| |RTL Partition |Replication |Instances |
+-+--------------+------------+----------+
+-+--------------+------------+----------+
---------------------------------------------------------------------------------
Start Technology Mapping
---------------------------------------------------------------------------------
---------------------------------------------------------------------------------
Finished Technology Mapping : Time (s): cpu = 00:00:51 ; elapsed = 00:00:56 . Memory (MB): peak = 603.445 ; gain = 396.641
---------------------------------------------------------------------------------
Finished Parallel Technology Mapping Optimization  : Time (s): cpu = 00:00:51 ; elapsed = 00:00:56 . Memory (MB): peak = 603.445 ; gain = 396.641

Report RTL Partitions: 
+-+--------------+------------+----------+
| |RTL Partition |Replication |Instances |
+-+--------------+------------+----------+
+-+--------------+------------+----------+
Finished Parallel Synthesis Optimization  : Time (s): cpu = 00:00:51 ; elapsed = 00:00:56 . Memory (MB): peak = 603.445 ; gain = 396.641
---------------------------------------------------------------------------------
Start IO Insertion
---------------------------------------------------------------------------------
---------------------------------------------------------------------------------
Start Flattening Before IO Insertion
---------------------------------------------------------------------------------
---------------------------------------------------------------------------------
Finished Flattening Before IO Insertion
---------------------------------------------------------------------------------
---------------------------------------------------------------------------------
Start Final Netlist Cleanup
---------------------------------------------------------------------------------
---------------------------------------------------------------------------------
Finished Final Netlist Cleanup
---------------------------------------------------------------------------------
---------------------------------------------------------------------------------
Finished IO Insertion : Time (s): cpu = 00:00:52 ; elapsed = 00:00:58 . Memory (MB): peak = 603.445 ; gain = 396.641
---------------------------------------------------------------------------------

Report Check Netlist: 
+------+------------------+-------+---------+-------+------------------+
|      |Item              |Errors |Warnings |Status |Description       |
+------+------------------+-------+---------+-------+------------------+
|1     |multi_driven_nets |      0|        0|Passed |Multi driven nets |
+------+------------------+-------+---------+-------+------------------+
---------------------------------------------------------------------------------
Start Renaming Generated Instances
---------------------------------------------------------------------------------
---------------------------------------------------------------------------------
Finished Renaming Generated Instances : Time (s): cpu = 00:00:52 ; elapsed = 00:00:58 . Memory (MB): peak = 603.445 ; gain = 396.641
---------------------------------------------------------------------------------

Report RTL Partitions: 
+-+--------------+------------+----------+
| |RTL Partition |Replication |Instances |
+-+--------------+------------+----------+
+-+--------------+------------+----------+
---------------------------------------------------------------------------------
Start Rebuilding User Hierarchy
---------------------------------------------------------------------------------
---------------------------------------------------------------------------------
Finished Rebuilding User Hierarchy : Time (s): cpu = 00:00:52 ; elapsed = 00:00:58 . Memory (MB): peak = 603.445 ; gain = 396.641
---------------------------------------------------------------------------------
---------------------------------------------------------------------------------
Start Renaming Generated Ports
---------------------------------------------------------------------------------
---------------------------------------------------------------------------------
Finished Renaming Generated Ports : Time (s): cpu = 00:00:52 ; elapsed = 00:00:58 . Memory (MB): peak = 603.445 ; gain = 396.641
---------------------------------------------------------------------------------
---------------------------------------------------------------------------------
Start Handling Custom Attributes
---------------------------------------------------------------------------------
---------------------------------------------------------------------------------
Finished Handling Custom Attributes : Time (s): cpu = 00:00:52 ; elapsed = 00:00:58 . Memory (MB): peak = 603.445 ; gain = 396.641
---------------------------------------------------------------------------------
---------------------------------------------------------------------------------
Start Renaming Generated Nets
---------------------------------------------------------------------------------
---------------------------------------------------------------------------------
Finished Renaming Generated Nets : Time (s): cpu = 00:00:52 ; elapsed = 00:00:58 . Memory (MB): peak = 603.445 ; gain = 396.641
---------------------------------------------------------------------------------
---------------------------------------------------------------------------------
Start Writing Synthesis Report
---------------------------------------------------------------------------------

Report BlackBoxes: 
+-+--------------+----------+
| |BlackBox name |Instances |
+-+--------------+----------+
+-+--------------+----------+

Report Cell Usage: 
+------+-----------+------+
|      |Cell       |Count |
+------+-----------+------+
|1     |BUFG       |     2|
|2     |CARRY4     |    11|
|3     |LUT1       |     4|
|4     |LUT2       |    28|
|5     |LUT3       |    34|
|6     |LUT4       |    23|
|7     |LUT5       |    42|
|8     |LUT6       |   146|
|9     |MUXF7      |    18|
|10    |RAM256X1S  |    10|
|11    |RAM32X1D   |     8|
|12    |RAMB16_S18 |     1|
|13    |FDCE       |    10|
|14    |FDRE       |    29|
|15    |LD         |     2|
|16    |IBUF       |    10|
|17    |OBUF       |    20|
+------+-----------+------+

Report Instance Areas: 
+------+--------------+--------------+------+
|      |Instance      |Module        |Cells |
+------+--------------+--------------+------+
|1     |top           |              |   398|
|2     |  CPU         |rat_mcu       |   340|
|3     |    alu1      |rat_alu       |     5|
|4     |    cf1       |d_flip_flop   |     9|
|5     |    cu1       |control_unit  |    21|
|6     |    pc1       |pc_wrapper    |    18|
|7     |      pc1     |pc            |    18|
|8     |    prog_rom1 |prog_rom      |   203|
|9     |    reg_file1 |REG_FILE      |    49|
|10    |    scr_ram1  |scratch_ram   |    10|
|11    |    sp        |stack_pointer |    24|
|12    |    zf1       |d_flip_flop_0 |     1|
+------+--------------+--------------+------+
---------------------------------------------------------------------------------
Finished Writing Synthesis Report : Time (s): cpu = 00:00:52 ; elapsed = 00:00:58 . Memory (MB): peak = 603.445 ; gain = 396.641
---------------------------------------------------------------------------------
Synthesis finished with 0 errors, 0 critical warnings and 17 warnings.
Synthesis Optimization Runtime : Time (s): cpu = 00:00:33 ; elapsed = 00:00:43 . Memory (MB): peak = 603.445 ; gain = 145.020
Synthesis Optimization Complete : Time (s): cpu = 00:00:52 ; elapsed = 00:00:58 . Memory (MB): peak = 603.445 ; gain = 396.641
INFO: [Project 1-571] Translating synthesized netlist
INFO: [Netlist 29-17] Analyzing 42 Unisim elements for replacement
INFO: [Netlist 29-28] Unisim Transformation completed in 0 CPU seconds
INFO: [Project 1-570] Preparing netlist for logic optimization
INFO: [Opt 31-138] Pushed 0 inverter(s) to 0 load pin(s).
INFO: [Project 1-111] Unisim Transformation Summary:
  A total of 21 instances were transformed.
  LD => LDCE: 2 instances
  RAM256X1S => RAM256X1S (MUXF7, MUXF7, MUXF8, RAMS64E, RAMS64E, RAMS64E, RAMS64E): 10 instances
  RAM32X1D => RAM32X1D (RAMD32, RAMD32): 8 instances
  RAMB16_S18 => RAMB18E1: 1 instances

INFO: [Common 17-83] Releasing license: Synthesis
87 Infos, 20 Warnings, 0 Critical Warnings and 0 Errors encountered.
synth_design completed successfully
synth_design: Time (s): cpu = 00:00:51 ; elapsed = 00:00:56 . Memory (MB): peak = 603.445 ; gain = 396.641
report_utilization: Time (s): cpu = 00:00:00 ; elapsed = 00:00:00.038 . Memory (MB): peak = 603.445 ; gain = 0.000
INFO: [Common 17-206] Exiting Vivado at Fri Mar 02 15:17:03 2018...
