#-----------------------------------------------------------
# Vivado v2016.2 (64-bit)
# SW Build 1577090 on Thu Jun  2 16:32:40 MDT 2016
# IP Build 1577682 on Fri Jun  3 12:00:54 MDT 2016
# Start of session at: Wed Feb 21 15:05:37 2018
# Process ID: 9188
# Current directory: C:/Users/pangj/OneDrive - California Polytechnic State University/cpe233/rat5
# Command line: vivado.exe -gui_launcher_event rodinguilauncherevent12988 C:\Users\pangj\OneDrive - California Polytechnic State University\cpe233\rat5\rat5.xpr
# Log file: C:/Users/pangj/OneDrive - California Polytechnic State University/cpe233/rat5/vivado.log
# Journal file: C:/Users/pangj/OneDrive - California Polytechnic State University/cpe233/rat5\vivado.jou
#-----------------------------------------------------------
start_gui
open_project {C:/Users/pangj/OneDrive - California Polytechnic State University/cpe233/rat5/rat5.xpr}
Scanning sources...
Finished scanning sources
INFO: [IP_Flow 19-234] Refreshing IP repositories
INFO: [IP_Flow 19-1704] No user IP repositories specified
INFO: [IP_Flow 19-2313] Loaded Vivado IP repository 'C:/Xilinx/Vivado/2016.2/data/ip'.
open_project: Time (s): cpu = 00:00:17 ; elapsed = 00:00:09 . Memory (MB): peak = 760.363 ; gain = 121.117
update_compile_order -fileset sources_1
add_files -norecurse {{C:/Users/pangj/OneDrive - California Polytechnic State University/cpe233/rat6/rat6.srcs/sources_1/new/mux_4to1.vhd}}
update_compile_order -fileset sources_1
exit
INFO: [Common 17-206] Exiting Vivado at Wed Feb 21 15:20:38 2018...
