#-----------------------------------------------------------
# Vivado v2016.2 (64-bit)
# SW Build 1577090 on Thu Jun  2 16:32:40 MDT 2016
# IP Build 1577682 on Fri Jun  3 12:00:54 MDT 2016
# Start of session at: Sun Mar 18 17:22:50 2018
# Process ID: 17600
# Current directory: C:/Users/pangj/OneDrive - California Polytechnic State University/rat-cpu/rat5
# Command line: vivado.exe -gui_launcher_event rodinguilauncherevent14628 C:\Users\pangj\OneDrive - California Polytechnic State University\rat-cpu\rat5\rat5.xpr
# Log file: C:/Users/pangj/OneDrive - California Polytechnic State University/rat-cpu/rat5/vivado.log
# Journal file: C:/Users/pangj/OneDrive - California Polytechnic State University/rat-cpu/rat5\vivado.jou
#-----------------------------------------------------------
start_gui
open_project {C:/Users/pangj/OneDrive - California Polytechnic State University/rat-cpu/rat5/rat5.xpr}
INFO: [Project 1-313] Project file moved from 'C:/Users/pangj/OneDrive - California Polytechnic State University/cpe233/rat5' since last save.
Scanning sources...
Finished scanning sources
INFO: [IP_Flow 19-234] Refreshing IP repositories
INFO: [IP_Flow 19-1704] No user IP repositories specified
INFO: [IP_Flow 19-2313] Loaded Vivado IP repository 'C:/Xilinx/Vivado/2016.2/data/ip'.
open_project: Time (s): cpu = 00:00:18 ; elapsed = 00:00:10 . Memory (MB): peak = 768.176 ; gain = 126.664
update_compile_order -fileset sources_1
exit
INFO: [Common 17-206] Exiting Vivado at Sun Mar 18 17:41:32 2018...
