#-----------------------------------------------------------
# Vivado v2016.2 (64-bit)
# SW Build 1577090 on Thu Jun  2 16:32:40 MDT 2016
# IP Build 1577682 on Fri Jun  3 12:00:54 MDT 2016
# Start of session at: Fri Feb 09 19:40:55 2018
# Process ID: 30828
# Current directory: C:/Users/pangj/OneDrive - California Polytechnic State University/cpe233/rat5
# Command line: vivado.exe -gui_launcher_event rodinguilauncherevent37404 C:\Users\pangj\OneDrive - California Polytechnic State University\cpe233\rat5\rat5.xpr
# Log file: C:/Users/pangj/OneDrive - California Polytechnic State University/cpe233/rat5/vivado.log
# Journal file: C:/Users/pangj/OneDrive - California Polytechnic State University/cpe233/rat5\vivado.jou
#-----------------------------------------------------------
start_gui
open_project {C:/Users/pangj/OneDrive - California Polytechnic State University/cpe233/rat5/rat5.xpr}
INFO: [Project 1-313] Project file moved from 'C:/Users/Russe/OneDrive/Documents/GitHub/cpe233/rat5' since last save.
Scanning sources...
Finished scanning sources
WARNING: [filemgmt 56-2] IPUserFilesDir: Could not find the directory 'C:/Users/pangj/OneDrive - California Polytechnic State University/cpe233/rat5/rat5.ip_user_files', nor could it be found using path 'C:/Users/Russe/OneDrive/Documents/GitHub/cpe233/rat5/rat5.ip_user_files'.
INFO: [IP_Flow 19-234] Refreshing IP repositories
INFO: [IP_Flow 19-1704] No user IP repositories specified
INFO: [IP_Flow 19-2313] Loaded Vivado IP repository 'C:/Xilinx/Vivado/2016.2/data/ip'.
open_project: Time (s): cpu = 00:00:14 ; elapsed = 00:00:07 . Memory (MB): peak = 777.660 ; gain = 131.992
update_compile_order -fileset sources_1
exit
INFO: [Common 17-206] Exiting Vivado at Fri Feb 09 21:47:09 2018...
