#-----------------------------------------------------------
# Vivado v2016.2 (64-bit)
# SW Build 1577090 on Thu Jun  2 16:32:40 MDT 2016
# IP Build 1577682 on Fri Jun  3 12:00:54 MDT 2016
# Start of session at: Fri Feb 16 14:33:24 2018
# Process ID: 11012
# Current directory: C:/Users/pangj/OneDrive - California Polytechnic State University/cpe233/hw3
# Command line: vivado.exe -gui_launcher_event rodinguilauncherevent55640 C:\Users\pangj\OneDrive - California Polytechnic State University\cpe233\hw3\hw3.xpr
# Log file: C:/Users/pangj/OneDrive - California Polytechnic State University/cpe233/hw3/vivado.log
# Journal file: C:/Users/pangj/OneDrive - California Polytechnic State University/cpe233/hw3\vivado.jou
#-----------------------------------------------------------
start_gui
open_project {C:/Users/pangj/OneDrive - California Polytechnic State University/cpe233/hw3/hw3.xpr}
CRITICAL WARNING: [Project 1-19] Could not find the file 'C:/Users/pangj/OneDrive - California Polytechnic State University/cpe233/hw3/hw3.srcs/sources_1/new/keypad_driver.vhd'.
Scanning sources...
Finished scanning sources
INFO: [IP_Flow 19-234] Refreshing IP repositories
INFO: [IP_Flow 19-1704] No user IP repositories specified
INFO: [IP_Flow 19-2313] Loaded Vivado IP repository 'C:/Xilinx/Vivado/2016.2/data/ip'.
open_project: Time (s): cpu = 00:00:13 ; elapsed = 00:00:07 . Memory (MB): peak = 721.156 ; gain = 89.598
update_compile_order -fileset sources_1
update_files -from_files {{C:/Users/pangj/OneDrive - California Polytechnic State University/cpe233/hw3/hw3.srcs/sources_1/new/keypad_drvr.vhd}} -to_files {{C:/Users/pangj/OneDrive - California Polytechnic State University/cpe233/hw3/hw3.srcs/sources_1/new/keypad_driver.vhd}} -filesets [get_filesets *]
INFO: [filemgmt 20-762] Replacing file 'C:/Users/pangj/OneDrive - California Polytechnic State University/cpe233/hw3/hw3.srcs/sources_1/new/keypad_driver.vhd' with file 'C:/Users/pangj/OneDrive - California Polytechnic State University/cpe233/hw3/hw3.srcs/sources_1/new/keypad_drvr.vhd'.
update_compile_order -fileset sources_1
update_compile_order -fileset sim_1
file mkdir C:/Users/pangj/OneDrive - California Polytechnic State University/cpe233/hw3/hw3.srcs/constrs_1/new
file mkdir C:/Users/pangj/OneDrive - California Polytechnic State University/cpe233/hw3/hw3.srcs/constrs_1/new
file mkdir C:/Users/pangj/OneDrive - California Polytechnic State University/cpe233/hw3/hw3.srcs/constrs_1/new
file mkdir C:/Users/pangj/OneDrive - California Polytechnic State University/cpe233/hw3/hw3.srcs/constrs_1/new
file mkdir {C:/Users/pangj/OneDrive - California Polytechnic State University/cpe233/hw3/hw3.srcs/constrs_1/new}
close [ open {C:/Users/pangj/OneDrive - California Polytechnic State University/cpe233/hw3/hw3.srcs/constrs_1/new/keypad_constraints.xdc} w ]
add_files -fileset constrs_1 {{C:/Users/pangj/OneDrive - California Polytechnic State University/cpe233/hw3/hw3.srcs/constrs_1/new/keypad_constraints.xdc}}
launch_runs impl_1 -to_step write_bitstream
[Fri Feb 16 15:06:38 2018] Launched impl_1...
Run output will be captured here: C:/Users/pangj/OneDrive - California Polytechnic State University/cpe233/hw3/hw3.runs/impl_1/runme.log
update_files -from_files {{C:/Users/pangj/OneDrive - California Polytechnic State University/cpe233/hw3/hw3.srcs/sources_1/new/keypad_driver.vhd}} -to_files {{C:/Users/pangj/OneDrive - California Polytechnic State University/cpe233/hw3/hw3.srcs/sources_1/new/keypad_drvr.vhd}} -filesets [get_filesets *]
INFO: [filemgmt 20-762] Replacing file 'C:/Users/pangj/OneDrive - California Polytechnic State University/cpe233/hw3/hw3.srcs/sources_1/new/keypad_drvr.vhd' with file 'C:/Users/pangj/OneDrive - California Polytechnic State University/cpe233/hw3/hw3.srcs/sources_1/new/keypad_driver.vhd'.
reset_run synth_1
launch_runs impl_1 -to_step write_bitstream
[Fri Feb 16 15:11:03 2018] Launched synth_1...
Run output will be captured here: C:/Users/pangj/OneDrive - California Polytechnic State University/cpe233/hw3/hw3.runs/synth_1/runme.log
[Fri Feb 16 15:11:03 2018] Launched impl_1...
Run output will be captured here: C:/Users/pangj/OneDrive - California Polytechnic State University/cpe233/hw3/hw3.runs/impl_1/runme.log
create_project hw3 C:/Users/pangj/Desktop/hw3 -part xc7a50tcpg236-1
INFO: [IP_Flow 19-234] Refreshing IP repositories
INFO: [IP_Flow 19-1704] No user IP repositories specified
INFO: [IP_Flow 19-2313] Loaded Vivado IP repository 'C:/Xilinx/Vivado/2016.2/data/ip'.
set_property target_language VHDL [current_project]
file mkdir C:/Users/pangj/Desktop/hw3/hw3.srcs/constrs_1
file mkdir C:/Users/pangj/Desktop/hw3/hw3.srcs/sources_1/new
close [ open C:/Users/pangj/Desktop/hw3/hw3.srcs/sources_1/new/keypad_drvr.vhd w ]
add_files C:/Users/pangj/Desktop/hw3/hw3.srcs/sources_1/new/keypad_drvr.vhd
update_compile_order -fileset sources_1
update_compile_order -fileset sources_1
update_compile_order -fileset sim_1
current_project hw3
file mkdir C:/Users/pangj/Desktop/hw3/hw3.srcs/constrs_1/new
current_project hw3(2)
close [ open C:/Users/pangj/Desktop/hw3/hw3.srcs/constrs_1/new/keypad_constraints.xdc w ]
add_files -fileset constrs_1 C:/Users/pangj/Desktop/hw3/hw3.srcs/constrs_1/new/keypad_constraints.xdc
current_project hw3
close_project
launch_runs impl_1 -to_step write_bitstream
[Fri Feb 16 15:17:23 2018] Launched synth_1...
Run output will be captured here: C:/Users/pangj/Desktop/hw3/hw3.runs/synth_1/runme.log
[Fri Feb 16 15:17:23 2018] Launched impl_1...
Run output will be captured here: C:/Users/pangj/Desktop/hw3/hw3.runs/impl_1/runme.log
exit
INFO: [Common 17-206] Exiting Vivado at Fri Feb 16 15:19:27 2018...
