Exception at PC 0x00007FFC56293FB8
Exception at PC 0x00007FFC56293FB8
Exception at PC 0x00007FFC56293FB8
Exception at PC 0x00007FFC56293FB8
Exception at PC 0x00007FFC56293FB8
Exception at PC 0x00007FFC56293FB8
Unable to capture context for thread 29208 in process 19012, can not generate back trace
Unable to capture context for thread 3804 in process 19012, can not generate back trace
Exception at PC 0x00007FFBF25EBB93
Printing stacktrace...

Unable to capture context for thread 3804 in process 19012, can not generate back trace
Exception at PC 0x00007FFC56293FB8
Exception at PC 0x00007FFC56293FB8
Exception at PC 0x00007FFC56293FB8
Exception at PC 0x00007FFC56293FB8
Exception at PC 0x00007FFC56293FB8
Exception at PC 0x00007FFC56293FB8
Exception at PC 0x00007FFC56293FB8
Exception at PC 0x00007FFC56293FB8
Exception at PC 0x00007FFC56293FB8
[0]  [0x00007FFBF25EBB93]
[1]  [0x00007FFBF25EBB93]
[2]  [0x00007FFBF25EB4A1]
[3]  [0x00007FFBF25EB3EF]
[4]  [0x00007FFBF25D19FE]
[5]  [0x00007FFBF25D0ED1]
[6]  [0x00007FFBF25D0D76]
[7]  [0x00007FFBF25779F6]
[8]  [0x00007FFBF2567AFB]
[9]  [0x00007FFBF268E90A]
[10]  [0x00007FFBF26A9F87]
[11]  [0x00007FFBF26AA05F]
[12] (BaseThreadInitThunk+0x14) [0x00007FFC58C91FE4]
[13] (RtlUserThreadStart+0x21) [0x00007FFC5910EFB1]
Done
Exception at PC 0x00007FFC56293FB8
Exception at PC 0x00007FFC56293FB8
Exception at PC 0x00007FFC56293FB8
Exception at PC 0x00007FFC56293FB8
Exception at PC 0x00007FFC56293FB8
Exception at PC 0x00007FFC56293FB8
Exception at PC 0x00007FFC56293FB8
Exception at PC 0x00007FFC56293FB8
