#-----------------------------------------------------------
# Vivado v2016.2 (64-bit)
# SW Build 1577090 on Thu Jun  2 16:32:40 MDT 2016
# IP Build 1577682 on Fri Jun  3 12:00:54 MDT 2016
# Start of session at: Sun Mar 18 18:51:49 2018
# Process ID: 10460
# Current directory: C:/Users/pangj/OneDrive - California Polytechnic State University/rat-cpu/rat8
# Command line: vivado.exe -gui_launcher_event rodinguilauncherevent13368 C:\Users\pangj\OneDrive - California Polytechnic State University\rat-cpu\rat8\rat8.xpr
# Log file: C:/Users/pangj/OneDrive - California Polytechnic State University/rat-cpu/rat8/vivado.log
# Journal file: C:/Users/pangj/OneDrive - California Polytechnic State University/rat-cpu/rat8\vivado.jou
#-----------------------------------------------------------
start_gui
open_project {C:/Users/pangj/OneDrive - California Polytechnic State University/rat-cpu/rat8/rat8.xpr}
Scanning sources...
Finished scanning sources
WARNING: [filemgmt 56-3] IPUserFilesDir: Could not find the directory 'C:/Users/pangj/OneDrive - California Polytechnic State University/rat-cpu/rat8/rat8.ip_user_files'.
INFO: [IP_Flow 19-234] Refreshing IP repositories
INFO: [IP_Flow 19-1704] No user IP repositories specified
INFO: [IP_Flow 19-2313] Loaded Vivado IP repository 'C:/Xilinx/Vivado/2016.2/data/ip'.
open_project: Time (s): cpu = 00:00:22 ; elapsed = 00:00:12 . Memory (MB): peak = 750.109 ; gain = 96.992
update_compile_order -fileset sources_1
exit
INFO: [Common 17-206] Exiting Vivado at Sun Mar 18 19:07:11 2018...
