
*** Running vivado
    with args -log RAT_wrapper.vds -m64 -mode batch -messageDb vivado.pb -notrace -source RAT_wrapper.tcl


****** Vivado v2016.2 (64-bit)
  **** SW Build 1577090 on Thu Jun  2 16:32:40 MDT 2016
  **** IP Build 1577682 on Fri Jun  3 12:00:54 MDT 2016
    ** Copyright 1986-2016 Xilinx, Inc. All Rights Reserved.

source RAT_wrapper.tcl -notrace
Command: synth_design -top RAT_wrapper -part xc7a35tcpg236-1
Starting synth_design
Attempting to get a license for feature 'Synthesis' and/or device 'xc7a35t'
INFO: [Common 17-349] Got license for feature 'Synthesis' and/or device 'xc7a35t'
INFO: Launching helper process for spawning children vivado processes
INFO: Helper process launched with PID 7760 
---------------------------------------------------------------------------------
Starting RTL Elaboration : Time (s): cpu = 00:00:04 ; elapsed = 00:00:06 . Memory (MB): peak = 273.484 ; gain = 66.051
---------------------------------------------------------------------------------
INFO: [Synth 8-638] synthesizing module 'RAT_wrapper' [C:/Users/NWang/OneDrive/Others/Documents/GitHub/rat-cpu/rat6/rat6.srcs/sources_1/new/RAT_WRAPPER.vhd:24]
INFO: [Synth 8-3491] module 'rat_mcu' declared at 'C:/Users/NWang/OneDrive/Others/Documents/GitHub/rat-cpu/rat6/rat6.srcs/sources_1/new/rat_mcu.vhd:35' bound to instance 'CPU' of component 'rat_mcu' [C:/Users/NWang/OneDrive/Others/Documents/GitHub/rat-cpu/rat6/rat6.srcs/sources_1/new/RAT_WRAPPER.vhd:80]
INFO: [Synth 8-638] synthesizing module 'rat_mcu' [C:/Users/NWang/OneDrive/Others/Documents/GitHub/rat-cpu/rat6/rat6.srcs/sources_1/new/rat_mcu.vhd:46]
INFO: [Synth 8-3491] module 'pc_wrapper' declared at 'C:/Users/NWang/OneDrive/Others/Documents/GitHub/rat-cpu/rat6/rat6.srcs/sources_1/new/rat2.vhd:19' bound to instance 'pc1' of component 'pc_wrapper' [C:/Users/NWang/OneDrive/Others/Documents/GitHub/rat-cpu/rat6/rat6.srcs/sources_1/new/rat_mcu.vhd:190]
INFO: [Synth 8-638] synthesizing module 'pc_wrapper' [C:/Users/NWang/OneDrive/Others/Documents/GitHub/rat-cpu/rat6/rat6.srcs/sources_1/new/rat2.vhd:31]
INFO: [Synth 8-3491] module 'mux_4to1' declared at 'C:/Users/NWang/OneDrive/Others/Documents/GitHub/rat-cpu/rat6/rat6.srcs/sources_1/new/mux_4to1.vhd:18' bound to instance 'mux1' of component 'mux_4to1' [C:/Users/NWang/OneDrive/Others/Documents/GitHub/rat-cpu/rat6/rat6.srcs/sources_1/new/rat2.vhd:59]
INFO: [Synth 8-638] synthesizing module 'mux_4to1' [C:/Users/NWang/OneDrive/Others/Documents/GitHub/rat-cpu/rat6/rat6.srcs/sources_1/new/mux_4to1.vhd:27]
INFO: [Synth 8-256] done synthesizing module 'mux_4to1' (1#1) [C:/Users/NWang/OneDrive/Others/Documents/GitHub/rat-cpu/rat6/rat6.srcs/sources_1/new/mux_4to1.vhd:27]
INFO: [Synth 8-3491] module 'pc' declared at 'C:/Users/NWang/OneDrive/Others/Documents/GitHub/rat-cpu/rat6/rat6.srcs/sources_1/new/pc.vhd:20' bound to instance 'pc1' of component 'pc' [C:/Users/NWang/OneDrive/Others/Documents/GitHub/rat-cpu/rat6/rat6.srcs/sources_1/new/rat2.vhd:67]
INFO: [Synth 8-638] synthesizing module 'pc' [C:/Users/NWang/OneDrive/Others/Documents/GitHub/rat-cpu/rat6/rat6.srcs/sources_1/new/pc.vhd:29]
INFO: [Synth 8-256] done synthesizing module 'pc' (2#1) [C:/Users/NWang/OneDrive/Others/Documents/GitHub/rat-cpu/rat6/rat6.srcs/sources_1/new/pc.vhd:29]
INFO: [Synth 8-256] done synthesizing module 'pc_wrapper' (3#1) [C:/Users/NWang/OneDrive/Others/Documents/GitHub/rat-cpu/rat6/rat6.srcs/sources_1/new/rat2.vhd:31]
INFO: [Synth 8-3491] module 'prog_rom' declared at 'C:/Users/NWang/OneDrive/Others/Documents/GitHub/rat-cpu/rat6/rat6.srcs/sources_1/new/prog_rom.vhd:21' bound to instance 'prog_rom1' of component 'prog_rom' [C:/Users/NWang/OneDrive/Others/Documents/GitHub/rat-cpu/rat6/rat6.srcs/sources_1/new/rat_mcu.vhd:200]
INFO: [Synth 8-638] synthesizing module 'prog_rom' [C:/Users/NWang/OneDrive/Others/Documents/GitHub/rat-cpu/rat6/rat6.srcs/sources_1/new/prog_rom.vhd:29]
	Parameter INIT bound to: 20'b00000000000000000000 
	Parameter INITP_00 bound to: 256'b1000101110111011111000110000001000100010111011101111100011000000100010001011101110111110001100000010001000101110111011111111111100000000000000000000000000000000000000000000000000000000000000000000000000000000000000000000000000000000000000000000000000000000 
	Parameter INITP_01 bound to: 256'b0000000000000000000000000000000000000000000000000000000000000000000000000000000000000000000000000000000000000000000000000000000000000000000000000000000000000000000000000000111110001000100010111011101111100011010000001000100010111011101111100011010000001000 
	Parameter INITP_02 bound to: 256'b0000000000000000000000000000000000000000000000000000000000000000000000000000000000000000000000000000000000000000000000000000000000000000000000000000000000000000000000000000000000000000000000000000000000000000000000000000000000000000000000000000000000000000 
	Parameter INITP_03 bound to: 256'b0000000000000000000000000000000000000000000000000000000000000000000000000000000000000000000000000000000000000000000000000000000000000000000000000000000000000000000000000000000000000000000000000000000000000000000000000000000000000000000000000000000000000000 
	Parameter INITP_04 bound to: 256'b0000000000000000000000000000000000000000000000000000000000000000000000000000000000000000000000000000000000000000000000000000000000000000000000000000000000000000000000000000000000000000000000000000000000000000000000000000000000000000000000000000000000000000 
	Parameter INITP_05 bound to: 256'b0000000000000000000000000000000000000000000000000000000000000000000000000000000000000000000000000000000000000000000000000000000000000000000000000000000000000000000000000000000000000000000000000000000000000000000000000000000000000000000000000000000000000000 
	Parameter INITP_06 bound to: 256'b0000000000000000000000000000000000000000000000000000000000000000000000000000000000000000000000000000000000000000000000000000000000000000000000000000000000000000000000000000000000000000000000000000000000000000000000000000000000000000000000000000000000000000 
	Parameter INITP_07 bound to: 256'b0000000000000000000000000000000000000000000000000000000000000000000000000000000000000000000000000000000000000000000000000000000000000000000000000000000000000000000000000000000000000000000000000000000000000000000000000000000000000000000000000000000000000000 
	Parameter INIT_00 bound to: 256'b0000000000000000000000000000000000000000000000000000000000000000000000000000000000000000000000000000000000000000000000000000000000000000000000000000000000000000000000000000000000000000000000000000000000000000000000000000000000000000000000000000000000000000 
	Parameter INIT_01 bound to: 256'b0000000000000000000000000000000000000000000000000000000000000000000000000000000000000000000000000000000000000000000000000000000000000000000000000000000000000000000000000000000000000000000000000000000000000000000000000000000000000000000000000000000000000000 
	Parameter INIT_02 bound to: 256'b0000000000000000000000000000000000000000000000000000000000000000000000000000000000000000000000000000000000000000000000000000000000000000000000000000000000000000000000000000000000000000000000000000000000000000000000000000000000000000000000000000000000000000 
	Parameter INIT_03 bound to: 256'b0000000000000000000000000000000000000000000000000000000000000000000000000000000000000000000000000000000000000000000000000000000000000000000000000000000000000000000000000000000000000000000000000000000000000000000000000000000000000000000000000000000000000000 
	Parameter INIT_04 bound to: 256'b1000001000110011001100010000000010000010010000110011001000000000100000100101001111010011000000010111001110110100110100100000000101110010110010101101000100000001011100011010101001100010101010100110000100001111011010110000000101101010000000000111010000000000 
	Parameter INIT_05 bound to: 256'b0011000100000000100000101100101100110010000000001000001011011011110100110000000101110011101101001101001000000001011100101100101011010001000000010111000110101010010101000100000000110100000000011000001010110011000000110000101000000011000100000100001100001001 
	Parameter INIT_06 bound to: 256'b1000001101010011001100100000000010000011011000111101001100000001011100111011010011010010000000010111001011001010110100010000000101110001101010100101010001000000001101000000001010000011001110110000010010101111000001000001000101000100000010011000001010111011 
	Parameter INIT_07 bound to: 256'b0011001000000000100000111110101111010011000000010111001110110100110100100000000101110010110010101101000100000001011100011010101001010100010000000011010000000100100000111100001100000101101001010000010100010010010001010000100110000011010000110011000100000000 
	Parameter INIT_08 bound to: 256'b1101001100000001011100111011010011010010000000010111001011001010110100010000000101110001101010100101010001000000001101000000100010000100010100110000011000011111000001100000000001001010010110000100011000001001100000111100101100110001000000001000001111011011 
	Parameter INIT_09 bound to: 256'b1101001000000001011100101100101011010001000000010111000110101010010101000100000000110100000100001000010011100011000001111000011100000111000000010100101001011000010001110000100110000100010110110011000100000000100001000110101100110010000000001000010001111011 
	Parameter INIT_0A bound to: 256'b0000000000000000000000000000000000000000000000000000000000000000100001010100100010000101010010000111111100000000010101000100000000110100111000001000010011101011001100010000000010000100111110110011001000000000100001010000101111010011000000010111001110110100 
	Parameter INIT_0B bound to: 256'b0000000000000000000000000000000000000000000000000000000000000000000000000000000000000000000000000000000000000000000000000000000000000000000000000000000000000000000000000000000000000000000000000000000000000000000000000000000000000000000000000000000000000000 
	Parameter INIT_0C bound to: 256'b0000000000000000000000000000000000000000000000000000000000000000000000000000000000000000000000000000000000000000000000000000000000000000000000000000000000000000000000000000000000000000000000000000000000000000000000000000000000000000000000000000000000000000 
	Parameter INIT_0D bound to: 256'b0000000000000000000000000000000000000000000000000000000000000000000000000000000000000000000000000000000000000000000000000000000000000000000000000000000000000000000000000000000000000000000000000000000000000000000000000000000000000000000000000000000000000000 
	Parameter INIT_0E bound to: 256'b0000000000000000000000000000000000000000000000000000000000000000000000000000000000000000000000000000000000000000000000000000000000000000000000000000000000000000000000000000000000000000000000000000000000000000000000000000000000000000000000000000000000000000 
	Parameter INIT_0F bound to: 256'b0000000000000000000000000000000000000000000000000000000000000000000000000000000000000000000000000000000000000000000000000000000000000000000000000000000000000000000000000000000000000000000000000000000000000000000000000000000000000000000000000000000000000000 
	Parameter INIT_10 bound to: 256'b0000000000000000000000000000000000000000000000000000000000000000000000000000000000000000000000000000000000000000000000000000000000000000000000000000000000000000000000000000000000000000000000000000000000000000000000000000000000000000000000000000000000000000 
	Parameter INIT_11 bound to: 256'b0000000000000000000000000000000000000000000000000000000000000000000000000000000000000000000000000000000000000000000000000000000000000000000000000000000000000000000000000000000000000000000000000000000000000000000000000000000000000000000000000000000000000000 
	Parameter INIT_12 bound to: 256'b0000000000000000000000000000000000000000000000000000000000000000000000000000000000000000000000000000000000000000000000000000000000000000000000000000000000000000000000000000000000000000000000000000000000000000000000000000000000000000000000000000000000000000 
	Parameter INIT_13 bound to: 256'b0000000000000000000000000000000000000000000000000000000000000000000000000000000000000000000000000000000000000000000000000000000000000000000000000000000000000000000000000000000000000000000000000000000000000000000000000000000000000000000000000000000000000000 
	Parameter INIT_14 bound to: 256'b0000000000000000000000000000000000000000000000000000000000000000000000000000000000000000000000000000000000000000000000000000000000000000000000000000000000000000000000000000000000000000000000000000000000000000000000000000000000000000000000000000000000000000 
	Parameter INIT_15 bound to: 256'b0000000000000000000000000000000000000000000000000000000000000000000000000000000000000000000000000000000000000000000000000000000000000000000000000000000000000000000000000000000000000000000000000000000000000000000000000000000000000000000000000000000000000000 
	Parameter INIT_16 bound to: 256'b0000000000000000000000000000000000000000000000000000000000000000000000000000000000000000000000000000000000000000000000000000000000000000000000000000000000000000000000000000000000000000000000000000000000000000000000000000000000000000000000000000000000000000 
	Parameter INIT_17 bound to: 256'b0000000000000000000000000000000000000000000000000000000000000000000000000000000000000000000000000000000000000000000000000000000000000000000000000000000000000000000000000000000000000000000000000000000000000000000000000000000000000000000000000000000000000000 
	Parameter INIT_18 bound to: 256'b0000000000000000000000000000000000000000000000000000000000000000000000000000000000000000000000000000000000000000000000000000000000000000000000000000000000000000000000000000000000000000000000000000000000000000000000000000000000000000000000000000000000000000 
	Parameter INIT_19 bound to: 256'b0000000000000000000000000000000000000000000000000000000000000000000000000000000000000000000000000000000000000000000000000000000000000000000000000000000000000000000000000000000000000000000000000000000000000000000000000000000000000000000000000000000000000000 
	Parameter INIT_1A bound to: 256'b0000000000000000000000000000000000000000000000000000000000000000000000000000000000000000000000000000000000000000000000000000000000000000000000000000000000000000000000000000000000000000000000000000000000000000000000000000000000000000000000000000000000000000 
	Parameter INIT_1B bound to: 256'b0000000000000000000000000000000000000000000000000000000000000000000000000000000000000000000000000000000000000000000000000000000000000000000000000000000000000000000000000000000000000000000000000000000000000000000000000000000000000000000000000000000000000000 
	Parameter INIT_1C bound to: 256'b0000000000000000000000000000000000000000000000000000000000000000000000000000000000000000000000000000000000000000000000000000000000000000000000000000000000000000000000000000000000000000000000000000000000000000000000000000000000000000000000000000000000000000 
	Parameter INIT_1D bound to: 256'b0000000000000000000000000000000000000000000000000000000000000000000000000000000000000000000000000000000000000000000000000000000000000000000000000000000000000000000000000000000000000000000000000000000000000000000000000000000000000000000000000000000000000000 
	Parameter INIT_1E bound to: 256'b0000000000000000000000000000000000000000000000000000000000000000000000000000000000000000000000000000000000000000000000000000000000000000000000000000000000000000000000000000000000000000000000000000000000000000000000000000000000000000000000000000000000000000 
	Parameter INIT_1F bound to: 256'b0000000000000000000000000000000000000000000000000000000000000000000000000000000000000000000000000000000000000000000000000000000000000000000000000000000000000000000000000000000000000000000000000000000000000000000000000000000000000000000000000000000000000000 
	Parameter INIT_20 bound to: 256'b0000000000000000000000000000000000000000000000000000000000000000000000000000000000000000000000000000000000000000000000000000000000000000000000000000000000000000000000000000000000000000000000000000000000000000000000000000000000000000000000000000000000000000 
	Parameter INIT_21 bound to: 256'b0000000000000000000000000000000000000000000000000000000000000000000000000000000000000000000000000000000000000000000000000000000000000000000000000000000000000000000000000000000000000000000000000000000000000000000000000000000000000000000000000000000000000000 
	Parameter INIT_22 bound to: 256'b0000000000000000000000000000000000000000000000000000000000000000000000000000000000000000000000000000000000000000000000000000000000000000000000000000000000000000000000000000000000000000000000000000000000000000000000000000000000000000000000000000000000000000 
	Parameter INIT_23 bound to: 256'b0000000000000000000000000000000000000000000000000000000000000000000000000000000000000000000000000000000000000000000000000000000000000000000000000000000000000000000000000000000000000000000000000000000000000000000000000000000000000000000000000000000000000000 
	Parameter INIT_24 bound to: 256'b0000000000000000000000000000000000000000000000000000000000000000000000000000000000000000000000000000000000000000000000000000000000000000000000000000000000000000000000000000000000000000000000000000000000000000000000000000000000000000000000000000000000000000 
	Parameter INIT_25 bound to: 256'b0000000000000000000000000000000000000000000000000000000000000000000000000000000000000000000000000000000000000000000000000000000000000000000000000000000000000000000000000000000000000000000000000000000000000000000000000000000000000000000000000000000000000000 
	Parameter INIT_26 bound to: 256'b0000000000000000000000000000000000000000000000000000000000000000000000000000000000000000000000000000000000000000000000000000000000000000000000000000000000000000000000000000000000000000000000000000000000000000000000000000000000000000000000000000000000000000 
	Parameter INIT_27 bound to: 256'b0000000000000000000000000000000000000000000000000000000000000000000000000000000000000000000000000000000000000000000000000000000000000000000000000000000000000000000000000000000000000000000000000000000000000000000000000000000000000000000000000000000000000000 
	Parameter INIT_28 bound to: 256'b0000000000000000000000000000000000000000000000000000000000000000000000000000000000000000000000000000000000000000000000000000000000000000000000000000000000000000000000000000000000000000000000000000000000000000000000000000000000000000000000000000000000000000 
	Parameter INIT_29 bound to: 256'b0000000000000000000000000000000000000000000000000000000000000000000000000000000000000000000000000000000000000000000000000000000000000000000000000000000000000000000000000000000000000000000000000000000000000000000000000000000000000000000000000000000000000000 
	Parameter INIT_2A bound to: 256'b0000000000000000000000000000000000000000000000000000000000000000000000000000000000000000000000000000000000000000000000000000000000000000000000000000000000000000000000000000000000000000000000000000000000000000000000000000000000000000000000000000000000000000 
	Parameter INIT_2B bound to: 256'b0000000000000000000000000000000000000000000000000000000000000000000000000000000000000000000000000000000000000000000000000000000000000000000000000000000000000000000000000000000000000000000000000000000000000000000000000000000000000000000000000000000000000000 
	Parameter INIT_2C bound to: 256'b0000000000000000000000000000000000000000000000000000000000000000000000000000000000000000000000000000000000000000000000000000000000000000000000000000000000000000000000000000000000000000000000000000000000000000000000000000000000000000000000000000000000000000 
	Parameter INIT_2D bound to: 256'b0000000000000000000000000000000000000000000000000000000000000000000000000000000000000000000000000000000000000000000000000000000000000000000000000000000000000000000000000000000000000000000000000000000000000000000000000000000000000000000000000000000000000000 
	Parameter INIT_2E bound to: 256'b0000000000000000000000000000000000000000000000000000000000000000000000000000000000000000000000000000000000000000000000000000000000000000000000000000000000000000000000000000000000000000000000000000000000000000000000000000000000000000000000000000000000000000 
	Parameter INIT_2F bound to: 256'b0000000000000000000000000000000000000000000000000000000000000000000000000000000000000000000000000000000000000000000000000000000000000000000000000000000000000000000000000000000000000000000000000000000000000000000000000000000000000000000000000000000000000000 
	Parameter INIT_30 bound to: 256'b0000000000000000000000000000000000000000000000000000000000000000000000000000000000000000000000000000000000000000000000000000000000000000000000000000000000000000000000000000000000000000000000000000000000000000000000000000000000000000000000000000000000000000 
	Parameter INIT_31 bound to: 256'b0000000000000000000000000000000000000000000000000000000000000000000000000000000000000000000000000000000000000000000000000000000000000000000000000000000000000000000000000000000000000000000000000000000000000000000000000000000000000000000000000000000000000000 
	Parameter INIT_32 bound to: 256'b0000000000000000000000000000000000000000000000000000000000000000000000000000000000000000000000000000000000000000000000000000000000000000000000000000000000000000000000000000000000000000000000000000000000000000000000000000000000000000000000000000000000000000 
	Parameter INIT_33 bound to: 256'b0000000000000000000000000000000000000000000000000000000000000000000000000000000000000000000000000000000000000000000000000000000000000000000000000000000000000000000000000000000000000000000000000000000000000000000000000000000000000000000000000000000000000000 
	Parameter INIT_34 bound to: 256'b0000000000000000000000000000000000000000000000000000000000000000000000000000000000000000000000000000000000000000000000000000000000000000000000000000000000000000000000000000000000000000000000000000000000000000000000000000000000000000000000000000000000000000 
	Parameter INIT_35 bound to: 256'b0000000000000000000000000000000000000000000000000000000000000000000000000000000000000000000000000000000000000000000000000000000000000000000000000000000000000000000000000000000000000000000000000000000000000000000000000000000000000000000000000000000000000000 
	Parameter INIT_36 bound to: 256'b0000000000000000000000000000000000000000000000000000000000000000000000000000000000000000000000000000000000000000000000000000000000000000000000000000000000000000000000000000000000000000000000000000000000000000000000000000000000000000000000000000000000000000 
	Parameter INIT_37 bound to: 256'b0000000000000000000000000000000000000000000000000000000000000000000000000000000000000000000000000000000000000000000000000000000000000000000000000000000000000000000000000000000000000000000000000000000000000000000000000000000000000000000000000000000000000000 
	Parameter INIT_38 bound to: 256'b0000000000000000000000000000000000000000000000000000000000000000000000000000000000000000000000000000000000000000000000000000000000000000000000000000000000000000000000000000000000000000000000000000000000000000000000000000000000000000000000000000000000000000 
	Parameter INIT_39 bound to: 256'b0000000000000000000000000000000000000000000000000000000000000000000000000000000000000000000000000000000000000000000000000000000000000000000000000000000000000000000000000000000000000000000000000000000000000000000000000000000000000000000000000000000000000000 
	Parameter INIT_3A bound to: 256'b0000000000000000000000000000000000000000000000000000000000000000000000000000000000000000000000000000000000000000000000000000000000000000000000000000000000000000000000000000000000000000000000000000000000000000000000000000000000000000000000000000000000000000 
	Parameter INIT_3B bound to: 256'b0000000000000000000000000000000000000000000000000000000000000000000000000000000000000000000000000000000000000000000000000000000000000000000000000000000000000000000000000000000000000000000000000000000000000000000000000000000000000000000000000000000000000000 
	Parameter INIT_3C bound to: 256'b0000000000000000000000000000000000000000000000000000000000000000000000000000000000000000000000000000000000000000000000000000000000000000000000000000000000000000000000000000000000000000000000000000000000000000000000000000000000000000000000000000000000000000 
	Parameter INIT_3D bound to: 256'b0000000000000000000000000000000000000000000000000000000000000000000000000000000000000000000000000000000000000000000000000000000000000000000000000000000000000000000000000000000000000000000000000000000000000000000000000000000000000000000000000000000000000000 
	Parameter INIT_3E bound to: 256'b0000000000000000000000000000000000000000000000000000000000000000000000000000000000000000000000000000000000000000000000000000000000000000000000000000000000000000000000000000000000000000000000000000000000000000000000000000000000000000000000000000000000000000 
	Parameter INIT_3F bound to: 256'b0000000000000000000000000000000000000000000000000000000000000000000000000000000000000000000000000000000000000000000000000000000000000000000000000000000000000000000000000000000000000000000000000000000000000000000000000000000000000000000000000000000000000000 
	Parameter SRVAL bound to: 20'b00000000000000000000 
	Parameter WRITE_MODE bound to: WRITE_FIRST - type: string 
INFO: [Synth 8-113] binding component instance 'ram_1024_x_18' to cell 'RAMB16_S18' [C:/Users/NWang/OneDrive/Others/Documents/GitHub/rat-cpu/rat6/rat6.srcs/sources_1/new/prog_rom.vhd:194]
INFO: [Synth 8-256] done synthesizing module 'prog_rom' (4#1) [C:/Users/NWang/OneDrive/Others/Documents/GitHub/rat-cpu/rat6/rat6.srcs/sources_1/new/prog_rom.vhd:29]
INFO: [Synth 8-3491] module 'REG_FILE' declared at 'C:/Users/NWang/OneDrive/Others/Documents/GitHub/rat-cpu/rat6/rat6.srcs/sources_1/new/register_file.vhd:20' bound to instance 'reg_file1' of component 'REG_FILE' [C:/Users/NWang/OneDrive/Others/Documents/GitHub/rat-cpu/rat6/rat6.srcs/sources_1/new/rat_mcu.vhd:205]
INFO: [Synth 8-638] synthesizing module 'REG_FILE' [C:/Users/NWang/OneDrive/Others/Documents/GitHub/rat-cpu/rat6/rat6.srcs/sources_1/new/register_file.vhd:30]
INFO: [Synth 8-256] done synthesizing module 'REG_FILE' (5#1) [C:/Users/NWang/OneDrive/Others/Documents/GitHub/rat-cpu/rat6/rat6.srcs/sources_1/new/register_file.vhd:30]
INFO: [Synth 8-3491] module 'rat_alu' declared at 'C:/Users/NWang/OneDrive/Others/Documents/GitHub/rat-cpu/rat6/rat6.srcs/sources_1/new/rat_alu.vhd:20' bound to instance 'alu1' of component 'rat_alu' [C:/Users/NWang/OneDrive/Others/Documents/GitHub/rat-cpu/rat6/rat6.srcs/sources_1/new/rat_mcu.vhd:214]
INFO: [Synth 8-638] synthesizing module 'rat_alu' [C:/Users/NWang/OneDrive/Others/Documents/GitHub/rat-cpu/rat6/rat6.srcs/sources_1/new/rat_alu.vhd:30]
INFO: [Synth 8-226] default block is never used [C:/Users/NWang/OneDrive/Others/Documents/GitHub/rat-cpu/rat6/rat6.srcs/sources_1/new/rat_alu.vhd:39]
INFO: [Synth 8-256] done synthesizing module 'rat_alu' (6#1) [C:/Users/NWang/OneDrive/Others/Documents/GitHub/rat-cpu/rat6/rat6.srcs/sources_1/new/rat_alu.vhd:30]
INFO: [Synth 8-3491] module 'control_unit' declared at 'C:/Users/NWang/OneDrive/Others/Documents/GitHub/rat-cpu/rat6/rat6.srcs/sources_1/new/control_unit.vhd:19' bound to instance 'cu1' of component 'control_unit' [C:/Users/NWang/OneDrive/Others/Documents/GitHub/rat-cpu/rat6/rat6.srcs/sources_1/new/rat_mcu.vhd:223]
INFO: [Synth 8-638] synthesizing module 'control_unit' [C:/Users/NWang/OneDrive/Others/Documents/GitHub/rat-cpu/rat6/rat6.srcs/sources_1/new/control_unit.vhd:61]
INFO: [Synth 8-256] done synthesizing module 'control_unit' (7#1) [C:/Users/NWang/OneDrive/Others/Documents/GitHub/rat-cpu/rat6/rat6.srcs/sources_1/new/control_unit.vhd:61]
INFO: [Synth 8-3491] module 'd_flip_flop' declared at 'C:/Users/NWang/OneDrive/Others/Documents/GitHub/rat-cpu/rat6/rat6.srcs/sources_1/new/d_flip_flop.vhd:34' bound to instance 'cf1' of component 'd_flip_flop' [C:/Users/NWang/OneDrive/Others/Documents/GitHub/rat-cpu/rat6/rat6.srcs/sources_1/new/rat_mcu.vhd:263]
INFO: [Synth 8-638] synthesizing module 'd_flip_flop' [C:/Users/NWang/OneDrive/Others/Documents/GitHub/rat-cpu/rat6/rat6.srcs/sources_1/new/d_flip_flop.vhd:43]
INFO: [Synth 8-256] done synthesizing module 'd_flip_flop' (8#1) [C:/Users/NWang/OneDrive/Others/Documents/GitHub/rat-cpu/rat6/rat6.srcs/sources_1/new/d_flip_flop.vhd:43]
INFO: [Synth 8-3491] module 'd_flip_flop' declared at 'C:/Users/NWang/OneDrive/Others/Documents/GitHub/rat-cpu/rat6/rat6.srcs/sources_1/new/d_flip_flop.vhd:34' bound to instance 'zf1' of component 'd_flip_flop' [C:/Users/NWang/OneDrive/Others/Documents/GitHub/rat-cpu/rat6/rat6.srcs/sources_1/new/rat_mcu.vhd:271]
INFO: [Synth 8-3491] module 'd_flip_flop' declared at 'C:/Users/NWang/OneDrive/Others/Documents/GitHub/rat-cpu/rat6/rat6.srcs/sources_1/new/d_flip_flop.vhd:34' bound to instance 'if1' of component 'd_flip_flop' [C:/Users/NWang/OneDrive/Others/Documents/GitHub/rat-cpu/rat6/rat6.srcs/sources_1/new/rat_mcu.vhd:279]
INFO: [Synth 8-3491] module 'mux_2T1' declared at 'C:/Users/NWang/OneDrive/Others/Documents/GitHub/rat-cpu/rat6/rat6.srcs/sources_1/new/mux_2T1.vhd:34' bound to instance 'mux_rf_alu' of component 'mux_2T1' [C:/Users/NWang/OneDrive/Others/Documents/GitHub/rat-cpu/rat6/rat6.srcs/sources_1/new/rat_mcu.vhd:287]
INFO: [Synth 8-638] synthesizing module 'mux_2T1' [C:/Users/NWang/OneDrive/Others/Documents/GitHub/rat-cpu/rat6/rat6.srcs/sources_1/new/mux_2T1.vhd:41]
INFO: [Synth 8-256] done synthesizing module 'mux_2T1' (9#1) [C:/Users/NWang/OneDrive/Others/Documents/GitHub/rat-cpu/rat6/rat6.srcs/sources_1/new/mux_2T1.vhd:41]
INFO: [Synth 8-3491] module 'mux_rf' declared at 'C:/Users/NWang/OneDrive/Others/Documents/GitHub/rat-cpu/rat6/rat6.srcs/sources_1/new/mux_rf.vhd:18' bound to instance 'mux_rf1' of component 'mux_rf' [C:/Users/NWang/OneDrive/Others/Documents/GitHub/rat-cpu/rat6/rat6.srcs/sources_1/new/rat_mcu.vhd:292]
INFO: [Synth 8-638] synthesizing module 'mux_rf' [C:/Users/NWang/OneDrive/Others/Documents/GitHub/rat-cpu/rat6/rat6.srcs/sources_1/new/mux_rf.vhd:27]
INFO: [Synth 8-256] done synthesizing module 'mux_rf' (10#1) [C:/Users/NWang/OneDrive/Others/Documents/GitHub/rat-cpu/rat6/rat6.srcs/sources_1/new/mux_rf.vhd:27]
INFO: [Synth 8-256] done synthesizing module 'rat_mcu' (11#1) [C:/Users/NWang/OneDrive/Others/Documents/GitHub/rat-cpu/rat6/rat6.srcs/sources_1/new/rat_mcu.vhd:46]
INFO: [Synth 8-256] done synthesizing module 'RAT_wrapper' (12#1) [C:/Users/NWang/OneDrive/Others/Documents/GitHub/rat-cpu/rat6/rat6.srcs/sources_1/new/RAT_WRAPPER.vhd:24]
WARNING: [Synth 8-3331] design control_unit has unconnected port c_flag
WARNING: [Synth 8-3331] design control_unit has unconnected port z_flag
WARNING: [Synth 8-3331] design control_unit has unconnected port int
---------------------------------------------------------------------------------
Finished RTL Elaboration : Time (s): cpu = 00:00:05 ; elapsed = 00:00:07 . Memory (MB): peak = 310.922 ; gain = 103.488
---------------------------------------------------------------------------------

Report Check Netlist: 
+------+------------------+-------+---------+-------+------------------+
|      |Item              |Errors |Warnings |Status |Description       |
+------+------------------+-------+---------+-------+------------------+
|1     |multi_driven_nets |      0|        0|Passed |Multi driven nets |
+------+------------------+-------+---------+-------+------------------+
---------------------------------------------------------------------------------
Finished RTL Optimization Phase 1 : Time (s): cpu = 00:00:05 ; elapsed = 00:00:07 . Memory (MB): peak = 310.922 ; gain = 103.488
---------------------------------------------------------------------------------
INFO: [Netlist 29-17] Analyzing 1 Unisim elements for replacement
INFO: [Netlist 29-28] Unisim Transformation completed in 0 CPU seconds
INFO: [Device 21-403] Loading part xc7a35tcpg236-1
INFO: [Project 1-570] Preparing netlist for logic optimization

Processing XDC Constraints
Initializing timing engine
Parsing XDC File [C:/Users/NWang/OneDrive/Others/Documents/GitHub/rat-cpu/rat6/rat6.srcs/constrs_1/new/rat_wrapper_constraints.xdc]
WARNING: [Vivado 12-584] No ports matched 'btn_l'. [C:/Users/NWang/OneDrive/Others/Documents/GitHub/rat-cpu/rat6/rat6.srcs/constrs_1/new/rat_wrapper_constraints.xdc:115]
CRITICAL WARNING: [Common 17-55] 'set_property' expects at least one object. [C:/Users/NWang/OneDrive/Others/Documents/GitHub/rat-cpu/rat6/rat6.srcs/constrs_1/new/rat_wrapper_constraints.xdc:115]
Resolution: If [get_<value>] was used to populate the object, check to make sure this command returns at least one valid object.
WARNING: [Vivado 12-584] No ports matched 'btn_l'. [C:/Users/NWang/OneDrive/Others/Documents/GitHub/rat-cpu/rat6/rat6.srcs/constrs_1/new/rat_wrapper_constraints.xdc:116]
CRITICAL WARNING: [Common 17-55] 'set_property' expects at least one object. [C:/Users/NWang/OneDrive/Others/Documents/GitHub/rat-cpu/rat6/rat6.srcs/constrs_1/new/rat_wrapper_constraints.xdc:116]
Resolution: If [get_<value>] was used to populate the object, check to make sure this command returns at least one valid object.
WARNING: [Vivado 12-584] No ports matched 'btn_r'. [C:/Users/NWang/OneDrive/Others/Documents/GitHub/rat-cpu/rat6/rat6.srcs/constrs_1/new/rat_wrapper_constraints.xdc:117]
CRITICAL WARNING: [Common 17-55] 'set_property' expects at least one object. [C:/Users/NWang/OneDrive/Others/Documents/GitHub/rat-cpu/rat6/rat6.srcs/constrs_1/new/rat_wrapper_constraints.xdc:117]
Resolution: If [get_<value>] was used to populate the object, check to make sure this command returns at least one valid object.
WARNING: [Vivado 12-584] No ports matched 'btn_r'. [C:/Users/NWang/OneDrive/Others/Documents/GitHub/rat-cpu/rat6/rat6.srcs/constrs_1/new/rat_wrapper_constraints.xdc:118]
CRITICAL WARNING: [Common 17-55] 'set_property' expects at least one object. [C:/Users/NWang/OneDrive/Others/Documents/GitHub/rat-cpu/rat6/rat6.srcs/constrs_1/new/rat_wrapper_constraints.xdc:118]
Resolution: If [get_<value>] was used to populate the object, check to make sure this command returns at least one valid object.
Finished Parsing XDC File [C:/Users/NWang/OneDrive/Others/Documents/GitHub/rat-cpu/rat6/rat6.srcs/constrs_1/new/rat_wrapper_constraints.xdc]
INFO: [Project 1-236] Implementation specific constraints were found while reading constraint file [C:/Users/NWang/OneDrive/Others/Documents/GitHub/rat-cpu/rat6/rat6.srcs/constrs_1/new/rat_wrapper_constraints.xdc]. These constraints will be ignored for synthesis but will be used in implementation. Impacted constraints are listed in the file [.Xil/RAT_wrapper_propImpl.xdc].
Resolution: To avoid this warning, move constraints listed in [.Xil/RAT_wrapper_propImpl.xdc] to another XDC file and exclude this new file from synthesis with the used_in_synthesis property (File Properties dialog in GUI) and re-run elaboration/synthesis.
Completed Processing XDC Constraints

INFO: [Project 1-111] Unisim Transformation Summary:
  A total of 1 instances were transformed.
  RAMB16_S18 => RAMB18E1: 1 instances

Constraint Validation Runtime : Time (s): cpu = 00:00:00 ; elapsed = 00:00:00.004 . Memory (MB): peak = 548.125 ; gain = 0.000
---------------------------------------------------------------------------------
Finished Constraint Validation : Time (s): cpu = 00:00:13 ; elapsed = 00:00:15 . Memory (MB): peak = 548.125 ; gain = 340.691
---------------------------------------------------------------------------------
---------------------------------------------------------------------------------
Start Loading Part and Timing Information
---------------------------------------------------------------------------------
Loading part: xc7a35tcpg236-1
---------------------------------------------------------------------------------
Finished Loading Part and Timing Information : Time (s): cpu = 00:00:13 ; elapsed = 00:00:15 . Memory (MB): peak = 548.125 ; gain = 340.691
---------------------------------------------------------------------------------
---------------------------------------------------------------------------------
Start Applying 'set_property' XDC Constraints
---------------------------------------------------------------------------------
---------------------------------------------------------------------------------
Finished applying 'set_property' XDC Constraints : Time (s): cpu = 00:00:13 ; elapsed = 00:00:15 . Memory (MB): peak = 548.125 ; gain = 340.691
---------------------------------------------------------------------------------
INFO: [Synth 8-5546] ROM "i_set" won't be mapped to RAM because it is too sparse
INFO: [Synth 8-5546] ROM "i_clr" won't be mapped to RAM because it is too sparse
INFO: [Synth 8-5546] ROM "pc_ld" won't be mapped to RAM because it is too sparse
INFO: [Synth 8-5546] ROM "alu_opy_sel" won't be mapped to RAM because it is too sparse
INFO: [Synth 8-5546] ROM "rf_wr_sel" won't be mapped to RAM because it is too sparse
INFO: [Synth 8-5546] ROM "scr_we" won't be mapped to RAM because it is too sparse
INFO: [Synth 8-5546] ROM "scr_addr_sel" won't be mapped to RAM because it is too sparse
INFO: [Synth 8-5546] ROM "flg_c_set" won't be mapped to RAM because it is too sparse
INFO: [Synth 8-5546] ROM "flg_c_clr" won't be mapped to RAM because it is too sparse
INFO: [Synth 8-5546] ROM "r_LEDS" won't be mapped to RAM because it is too sparse
WARNING: [Synth 8-327] inferring latch for variable 'v_res_reg' [C:/Users/NWang/OneDrive/Others/Documents/GitHub/rat-cpu/rat6/rat6.srcs/sources_1/new/rat_alu.vhd:41]
WARNING: [Synth 8-327] inferring latch for variable 'ns_reg' [C:/Users/NWang/OneDrive/Others/Documents/GitHub/rat-cpu/rat6/rat6.srcs/sources_1/new/control_unit.vhd:77]
---------------------------------------------------------------------------------
Finished RTL Optimization Phase 2 : Time (s): cpu = 00:00:14 ; elapsed = 00:00:16 . Memory (MB): peak = 548.125 ; gain = 340.691
---------------------------------------------------------------------------------

Report RTL Partitions: 
+-+--------------+------------+----------+
| |RTL Partition |Replication |Instances |
+-+--------------+------------+----------+
+-+--------------+------------+----------+
---------------------------------------------------------------------------------
Start RTL Component Statistics 
---------------------------------------------------------------------------------
Detailed RTL Component Info : 
+---Adders : 
	   2 Input     10 Bit       Adders := 1     
	   2 Input      9 Bit       Adders := 2     
	   3 Input      9 Bit       Adders := 1     
	   4 Input      9 Bit       Adders := 1     
+---XORs : 
	   2 Input      8 Bit         XORs := 1     
+---Registers : 
	               10 Bit    Registers := 1     
	                8 Bit    Registers := 1     
	                2 Bit    Registers := 1     
	                1 Bit    Registers := 4     
+---Muxes : 
	   5 Input     10 Bit        Muxes := 1     
	   2 Input     10 Bit        Muxes := 1     
	  16 Input      9 Bit        Muxes := 2     
	   2 Input      8 Bit        Muxes := 1     
	   5 Input      8 Bit        Muxes := 1     
	   4 Input      4 Bit        Muxes := 1     
	  44 Input      2 Bit        Muxes := 1     
	   4 Input      2 Bit        Muxes := 1     
	   2 Input      1 Bit        Muxes := 2     
	  16 Input      1 Bit        Muxes := 1     
	  44 Input      1 Bit        Muxes := 8     
	   4 Input      1 Bit        Muxes := 6     
---------------------------------------------------------------------------------
Finished RTL Component Statistics 
---------------------------------------------------------------------------------
---------------------------------------------------------------------------------
Start RTL Hierarchical Component Statistics 
---------------------------------------------------------------------------------
Hierarchical RTL Component report 
Module RAT_wrapper 
Detailed RTL Component Info : 
+---Registers : 
	                8 Bit    Registers := 1     
	                1 Bit    Registers := 1     
+---Muxes : 
	   2 Input      1 Bit        Muxes := 1     
Module mux_4to1 
Detailed RTL Component Info : 
+---Muxes : 
	   5 Input     10 Bit        Muxes := 1     
Module pc 
Detailed RTL Component Info : 
+---Adders : 
	   2 Input     10 Bit       Adders := 1     
+---Registers : 
	               10 Bit    Registers := 1     
+---Muxes : 
	   2 Input     10 Bit        Muxes := 1     
	   2 Input      1 Bit        Muxes := 1     
Module rat_alu 
Detailed RTL Component Info : 
+---Adders : 
	   2 Input      9 Bit       Adders := 2     
	   3 Input      9 Bit       Adders := 1     
	   4 Input      9 Bit       Adders := 1     
+---XORs : 
	   2 Input      8 Bit         XORs := 1     
+---Muxes : 
	  16 Input      9 Bit        Muxes := 2     
	  16 Input      1 Bit        Muxes := 1     
Module control_unit 
Detailed RTL Component Info : 
+---Registers : 
	                2 Bit    Registers := 1     
+---Muxes : 
	   4 Input      4 Bit        Muxes := 1     
	  44 Input      2 Bit        Muxes := 1     
	   4 Input      2 Bit        Muxes := 1     
	  44 Input      1 Bit        Muxes := 8     
	   4 Input      1 Bit        Muxes := 6     
Module d_flip_flop 
Detailed RTL Component Info : 
+---Registers : 
	                1 Bit    Registers := 1     
Module mux_2T1 
Detailed RTL Component Info : 
+---Muxes : 
	   2 Input      8 Bit        Muxes := 1     
Module mux_rf 
Detailed RTL Component Info : 
+---Muxes : 
	   5 Input      8 Bit        Muxes := 1     
---------------------------------------------------------------------------------
Finished RTL Hierarchical Component Statistics
---------------------------------------------------------------------------------
---------------------------------------------------------------------------------
Start Part Resource Summary
---------------------------------------------------------------------------------
Part Resources:
DSPs: 90 (col length:60)
BRAMs: 100 (col length: RAMB18 60 RAMB36 30)
---------------------------------------------------------------------------------
Finished Part Resource Summary
---------------------------------------------------------------------------------
Start Parallel Synthesis Optimization  : Time (s): cpu = 00:00:14 ; elapsed = 00:00:16 . Memory (MB): peak = 548.125 ; gain = 340.691
---------------------------------------------------------------------------------
Start Cross Boundary Optimization
---------------------------------------------------------------------------------
INFO: [Synth 8-5546] ROM "r_LEDS" won't be mapped to RAM because it is too sparse
---------------------------------------------------------------------------------
Finished Cross Boundary Optimization : Time (s): cpu = 00:00:14 ; elapsed = 00:00:16 . Memory (MB): peak = 548.125 ; gain = 340.691
---------------------------------------------------------------------------------
Finished Parallel Reinference  : Time (s): cpu = 00:00:14 ; elapsed = 00:00:16 . Memory (MB): peak = 548.125 ; gain = 340.691

Report RTL Partitions: 
+-+--------------+------------+----------+
| |RTL Partition |Replication |Instances |
+-+--------------+------------+----------+
+-+--------------+------------+----------+
---------------------------------------------------------------------------------
Start ROM, RAM, DSP and Shift Register Reporting
---------------------------------------------------------------------------------

ROM:
+-------------+------------------+---------------+----------------+
|Module Name  | RTL Object       | Depth x Width | Implemented As | 
+-------------+------------------+---------------+----------------+
|control_unit | alu_sel          | 128x4         | LUT            | 
|control_unit | rf_wr            | 128x1         | LUT            | 
|control_unit | flg_c_ld         | 128x1         | LUT            | 
|control_unit | flg_z_ld         | 128x1         | LUT            | 
|RAT_wrapper  | CPU/cu1/alu_sel  | 128x4         | LUT            | 
|RAT_wrapper  | CPU/cu1/rf_wr    | 128x1         | LUT            | 
|RAT_wrapper  | CPU/cu1/flg_c_ld | 128x1         | LUT            | 
|RAT_wrapper  | CPU/cu1/flg_z_ld | 128x1         | LUT            | 
+-------------+------------------+---------------+----------------+


Distributed RAM: Preliminary Mapping  Report (see note below)
+------------+-------------------------------+-----------+----------------------+----------------+
|Module Name | RTL Object                    | Inference | Size (Depth x Width) | Primitives     | 
+------------+-------------------------------+-----------+----------------------+----------------+
|RAT_wrapper | CPU/reg_file1/signal_name_reg | Implied   | 32 x 8               | RAM32X1D x 8   | 
+------------+-------------------------------+-----------+----------------------+----------------+

Note: The table above is a preliminary report that shows the Distributed RAMs at the current stage of the synthesis flow. Some Distributed RAMs may be reimplemented as non Distributed RAM primitives later in the synthesis flow. Multiple instantiated RAMs are reported only once.
---------------------------------------------------------------------------------
Finished ROM, RAM, DSP and Shift Register Reporting
---------------------------------------------------------------------------------
---------------------------------------------------------------------------------
Start Area Optimization
---------------------------------------------------------------------------------
INFO: [Synth 8-3333] propagating constant 0 across sequential element (i_1/\r_LEDS_reg[0] )
INFO: [Synth 8-3333] propagating constant 0 across sequential element (i_1/\r_LEDS_reg[1] )
INFO: [Synth 8-3333] propagating constant 0 across sequential element (i_1/\r_LEDS_reg[2] )
INFO: [Synth 8-3333] propagating constant 0 across sequential element (i_1/\r_LEDS_reg[3] )
INFO: [Synth 8-3333] propagating constant 0 across sequential element (i_1/\r_LEDS_reg[4] )
INFO: [Synth 8-3333] propagating constant 0 across sequential element (i_1/\r_LEDS_reg[5] )
INFO: [Synth 8-3333] propagating constant 0 across sequential element (i_1/\r_LEDS_reg[6] )
INFO: [Synth 8-3333] propagating constant 0 across sequential element (i_1/\r_LEDS_reg[7] )
WARNING: [Synth 8-3332] Sequential element (CPU/alu1/v_res_reg[8]) is unused and will be removed from module RAT_wrapper.
WARNING: [Synth 8-3332] Sequential element (CPU/alu1/v_res_reg[7]) is unused and will be removed from module RAT_wrapper.
WARNING: [Synth 8-3332] Sequential element (CPU/alu1/v_res_reg[6]) is unused and will be removed from module RAT_wrapper.
WARNING: [Synth 8-3332] Sequential element (CPU/alu1/v_res_reg[5]) is unused and will be removed from module RAT_wrapper.
WARNING: [Synth 8-3332] Sequential element (CPU/alu1/v_res_reg[4]) is unused and will be removed from module RAT_wrapper.
WARNING: [Synth 8-3332] Sequential element (CPU/alu1/v_res_reg[3]) is unused and will be removed from module RAT_wrapper.
WARNING: [Synth 8-3332] Sequential element (CPU/alu1/v_res_reg[2]) is unused and will be removed from module RAT_wrapper.
WARNING: [Synth 8-3332] Sequential element (CPU/alu1/v_res_reg[1]) is unused and will be removed from module RAT_wrapper.
WARNING: [Synth 8-3332] Sequential element (CPU/alu1/v_res_reg[0]) is unused and will be removed from module RAT_wrapper.
WARNING: [Synth 8-3332] Sequential element (CPU/cu1/ns_reg[1]) is unused and will be removed from module RAT_wrapper.
WARNING: [Synth 8-3332] Sequential element (CPU/cu1/ns_reg[0]) is unused and will be removed from module RAT_wrapper.
WARNING: [Synth 8-3332] Sequential element (s_clk_sig_reg) is unused and will be removed from module RAT_wrapper.
WARNING: [Synth 8-3332] Sequential element (CPU/cu1/ps_reg[1]) is unused and will be removed from module RAT_wrapper.
WARNING: [Synth 8-3332] Sequential element (CPU/cu1/ps_reg[0]) is unused and will be removed from module RAT_wrapper.
WARNING: [Synth 8-3332] Sequential element (CPU/pc1/pc1/out_temp_reg[9]) is unused and will be removed from module RAT_wrapper.
WARNING: [Synth 8-3332] Sequential element (CPU/pc1/pc1/out_temp_reg[8]) is unused and will be removed from module RAT_wrapper.
WARNING: [Synth 8-3332] Sequential element (CPU/pc1/pc1/out_temp_reg[7]) is unused and will be removed from module RAT_wrapper.
WARNING: [Synth 8-3332] Sequential element (CPU/pc1/pc1/out_temp_reg[6]) is unused and will be removed from module RAT_wrapper.
WARNING: [Synth 8-3332] Sequential element (CPU/pc1/pc1/out_temp_reg[5]) is unused and will be removed from module RAT_wrapper.
WARNING: [Synth 8-3332] Sequential element (CPU/pc1/pc1/out_temp_reg[4]) is unused and will be removed from module RAT_wrapper.
WARNING: [Synth 8-3332] Sequential element (CPU/pc1/pc1/out_temp_reg[3]) is unused and will be removed from module RAT_wrapper.
WARNING: [Synth 8-3332] Sequential element (CPU/pc1/pc1/out_temp_reg[2]) is unused and will be removed from module RAT_wrapper.
WARNING: [Synth 8-3332] Sequential element (CPU/pc1/pc1/out_temp_reg[1]) is unused and will be removed from module RAT_wrapper.
WARNING: [Synth 8-3332] Sequential element (CPU/pc1/pc1/out_temp_reg[0]) is unused and will be removed from module RAT_wrapper.
WARNING: [Synth 8-3332] Sequential element (r_LEDS_reg[7]) is unused and will be removed from module RAT_wrapper.
WARNING: [Synth 8-3332] Sequential element (r_LEDS_reg[6]) is unused and will be removed from module RAT_wrapper.
WARNING: [Synth 8-3332] Sequential element (r_LEDS_reg[5]) is unused and will be removed from module RAT_wrapper.
WARNING: [Synth 8-3332] Sequential element (r_LEDS_reg[4]) is unused and will be removed from module RAT_wrapper.
WARNING: [Synth 8-3332] Sequential element (r_LEDS_reg[3]) is unused and will be removed from module RAT_wrapper.
WARNING: [Synth 8-3332] Sequential element (r_LEDS_reg[2]) is unused and will be removed from module RAT_wrapper.
WARNING: [Synth 8-3332] Sequential element (r_LEDS_reg[1]) is unused and will be removed from module RAT_wrapper.
WARNING: [Synth 8-3332] Sequential element (r_LEDS_reg[0]) is unused and will be removed from module RAT_wrapper.
WARNING: [Synth 8-3332] Sequential element (CPU/cf1/flag_reg) is unused and will be removed from module RAT_wrapper.
WARNING: [Synth 8-3332] Sequential element (CPU/if1/flag_reg) is unused and will be removed from module RAT_wrapper.
---------------------------------------------------------------------------------
Finished Area Optimization : Time (s): cpu = 00:00:14 ; elapsed = 00:00:16 . Memory (MB): peak = 548.125 ; gain = 340.691
---------------------------------------------------------------------------------
Finished Parallel Area Optimization  : Time (s): cpu = 00:00:14 ; elapsed = 00:00:16 . Memory (MB): peak = 548.125 ; gain = 340.691

Report RTL Partitions: 
+-+--------------+------------+----------+
| |RTL Partition |Replication |Instances |
+-+--------------+------------+----------+
+-+--------------+------------+----------+
---------------------------------------------------------------------------------
Start Timing Optimization
---------------------------------------------------------------------------------
---------------------------------------------------------------------------------
Start Applying XDC Timing Constraints
---------------------------------------------------------------------------------
---------------------------------------------------------------------------------
Finished Applying XDC Timing Constraints : Time (s): cpu = 00:00:23 ; elapsed = 00:00:26 . Memory (MB): peak = 559.383 ; gain = 351.949
---------------------------------------------------------------------------------
---------------------------------------------------------------------------------
Finished Timing Optimization : Time (s): cpu = 00:00:23 ; elapsed = 00:00:26 . Memory (MB): peak = 559.383 ; gain = 351.949
---------------------------------------------------------------------------------

Report RTL Partitions: 
+-+--------------+------------+----------+
| |RTL Partition |Replication |Instances |
+-+--------------+------------+----------+
+-+--------------+------------+----------+
---------------------------------------------------------------------------------
Start Technology Mapping
---------------------------------------------------------------------------------
---------------------------------------------------------------------------------
Finished Technology Mapping : Time (s): cpu = 00:00:23 ; elapsed = 00:00:26 . Memory (MB): peak = 569.035 ; gain = 361.602
---------------------------------------------------------------------------------
Finished Parallel Technology Mapping Optimization  : Time (s): cpu = 00:00:23 ; elapsed = 00:00:26 . Memory (MB): peak = 569.035 ; gain = 361.602

Report RTL Partitions: 
+-+--------------+------------+----------+
| |RTL Partition |Replication |Instances |
+-+--------------+------------+----------+
+-+--------------+------------+----------+
Finished Parallel Synthesis Optimization  : Time (s): cpu = 00:00:23 ; elapsed = 00:00:26 . Memory (MB): peak = 569.035 ; gain = 361.602
---------------------------------------------------------------------------------
Start IO Insertion
---------------------------------------------------------------------------------
---------------------------------------------------------------------------------
Start Flattening Before IO Insertion
---------------------------------------------------------------------------------
---------------------------------------------------------------------------------
Finished Flattening Before IO Insertion
---------------------------------------------------------------------------------
---------------------------------------------------------------------------------
Start Final Netlist Cleanup
---------------------------------------------------------------------------------
---------------------------------------------------------------------------------
Finished Final Netlist Cleanup
---------------------------------------------------------------------------------
---------------------------------------------------------------------------------
Finished IO Insertion : Time (s): cpu = 00:00:24 ; elapsed = 00:00:26 . Memory (MB): peak = 569.035 ; gain = 361.602
---------------------------------------------------------------------------------

Report Check Netlist: 
+------+------------------+-------+---------+-------+------------------+
|      |Item              |Errors |Warnings |Status |Description       |
+------+------------------+-------+---------+-------+------------------+
|1     |multi_driven_nets |      0|        0|Passed |Multi driven nets |
+------+------------------+-------+---------+-------+------------------+
---------------------------------------------------------------------------------
Start Renaming Generated Instances
---------------------------------------------------------------------------------
---------------------------------------------------------------------------------
Finished Renaming Generated Instances : Time (s): cpu = 00:00:24 ; elapsed = 00:00:26 . Memory (MB): peak = 569.035 ; gain = 361.602
---------------------------------------------------------------------------------

Report RTL Partitions: 
+-+--------------+------------+----------+
| |RTL Partition |Replication |Instances |
+-+--------------+------------+----------+
+-+--------------+------------+----------+
---------------------------------------------------------------------------------
Start Rebuilding User Hierarchy
---------------------------------------------------------------------------------
---------------------------------------------------------------------------------
Finished Rebuilding User Hierarchy : Time (s): cpu = 00:00:24 ; elapsed = 00:00:26 . Memory (MB): peak = 569.035 ; gain = 361.602
---------------------------------------------------------------------------------
---------------------------------------------------------------------------------
Start Renaming Generated Ports
---------------------------------------------------------------------------------
---------------------------------------------------------------------------------
Finished Renaming Generated Ports : Time (s): cpu = 00:00:24 ; elapsed = 00:00:26 . Memory (MB): peak = 569.035 ; gain = 361.602
---------------------------------------------------------------------------------
---------------------------------------------------------------------------------
Start Handling Custom Attributes
---------------------------------------------------------------------------------
---------------------------------------------------------------------------------
Finished Handling Custom Attributes : Time (s): cpu = 00:00:24 ; elapsed = 00:00:26 . Memory (MB): peak = 569.035 ; gain = 361.602
---------------------------------------------------------------------------------
---------------------------------------------------------------------------------
Start Renaming Generated Nets
---------------------------------------------------------------------------------
---------------------------------------------------------------------------------
Finished Renaming Generated Nets : Time (s): cpu = 00:00:24 ; elapsed = 00:00:26 . Memory (MB): peak = 569.035 ; gain = 361.602
---------------------------------------------------------------------------------
---------------------------------------------------------------------------------
Start Writing Synthesis Report
---------------------------------------------------------------------------------

Report BlackBoxes: 
+-+--------------+----------+
| |BlackBox name |Instances |
+-+--------------+----------+
+-+--------------+----------+

Report Cell Usage: 
+------+-----+------+
|      |Cell |Count |
+------+-----+------+
|1     |OBUF |     8|
+------+-----+------+

Report Instance Areas: 
+------+---------+-------+------+
|      |Instance |Module |Cells |
+------+---------+-------+------+
|1     |top      |       |     8|
+------+---------+-------+------+
---------------------------------------------------------------------------------
Finished Writing Synthesis Report : Time (s): cpu = 00:00:24 ; elapsed = 00:00:26 . Memory (MB): peak = 569.035 ; gain = 361.602
---------------------------------------------------------------------------------
Synthesis finished with 0 errors, 0 critical warnings and 36 warnings.
Synthesis Optimization Runtime : Time (s): cpu = 00:00:14 ; elapsed = 00:00:19 . Memory (MB): peak = 569.035 ; gain = 124.398
Synthesis Optimization Complete : Time (s): cpu = 00:00:24 ; elapsed = 00:00:26 . Memory (MB): peak = 569.035 ; gain = 361.602
INFO: [Project 1-571] Translating synthesized netlist
INFO: [Project 1-570] Preparing netlist for logic optimization
INFO: [Opt 31-138] Pushed 0 inverter(s) to 0 load pin(s).
INFO: [Project 1-111] Unisim Transformation Summary:
No Unisim elements were transformed.

INFO: [Common 17-83] Releasing license: Synthesis
70 Infos, 43 Warnings, 4 Critical Warnings and 0 Errors encountered.
synth_design completed successfully
synth_design: Time (s): cpu = 00:00:24 ; elapsed = 00:00:25 . Memory (MB): peak = 579.375 ; gain = 371.941
report_utilization: Time (s): cpu = 00:00:00 ; elapsed = 00:00:00.013 . Memory (MB): peak = 579.375 ; gain = 0.000
INFO: [Common 17-206] Exiting Vivado at Wed Feb 21 16:01:37 2018...
