#-----------------------------------------------------------
# Vivado v2016.2 (64-bit)
# SW Build 1577090 on Thu Jun  2 16:32:40 MDT 2016
# IP Build 1577682 on Fri Jun  3 12:00:54 MDT 2016
# Start of session at: Mon Jan 29 22:55:16 2018
# Process ID: 9732
# Current directory: C:/Users/pangj/OneDrive - California Polytechnic State University/cpe233/rat3
# Command line: vivado.exe -gui_launcher_event rodinguilauncherevent15840 C:\Users\pangj\OneDrive - California Polytechnic State University\cpe233\rat3\rat3.xpr
# Log file: C:/Users/pangj/OneDrive - California Polytechnic State University/cpe233/rat3/vivado.log
# Journal file: C:/Users/pangj/OneDrive - California Polytechnic State University/cpe233/rat3\vivado.jou
#-----------------------------------------------------------
start_gui
open_project {C:/Users/pangj/OneDrive - California Polytechnic State University/cpe233/rat3/rat3.xpr}
Scanning sources...
Finished scanning sources
INFO: [IP_Flow 19-234] Refreshing IP repositories
INFO: [IP_Flow 19-1704] No user IP repositories specified
INFO: [IP_Flow 19-2313] Loaded Vivado IP repository 'C:/Xilinx/Vivado/2016.2/data/ip'.
open_project: Time (s): cpu = 00:00:17 ; elapsed = 00:00:07 . Memory (MB): peak = 745.789 ; gain = 112.789
update_compile_order -fileset sources_1
launch_simulation -simset sim_2
INFO: [USF-XSim-27] Simulation object is 'sim_2'
INFO: [USF-XSim-37] Inspecting design source files for 'Scratch_RAM_TB' in fileset 'sim_2'...
INFO: [USF-XSim-97] Finding global include files...
INFO: [USF-XSim-98] Fetching design files from 'sim_2'...
INFO: [USF-XSim-2] XSim::Compile design
INFO: [USF-XSim-61] Executing 'COMPILE and ANALYZE' step in 'C:/Users/pangj/OneDrive - California Polytechnic State University/cpe233/rat3/rat3.sim/sim_2/behav'
"xvhdl -m64 --relax -prj Scratch_RAM_TB_vhdl.prj"
INFO: [VRFC 10-163] Analyzing VHDL file "C:/Users/pangj/OneDrive - California Polytechnic State University/cpe233/rat3/rat3.srcs/sources_1/new/Scratch_RAM.vhd" into library xil_defaultlib
INFO: [VRFC 10-307] analyzing entity Scratch_RAM
INFO: [VRFC 10-163] Analyzing VHDL file "C:/Users/pangj/OneDrive - California Polytechnic State University/cpe233/rat3/rat3.srcs/sim_2/new/Scratch_RAM_TB.vhd" into library xil_defaultlib
INFO: [VRFC 10-307] analyzing entity Scratch_RAM_TB
INFO: [USF-XSim-69] 'compile' step finished in '1' seconds
INFO: [USF-XSim-3] XSim::Elaborate design
INFO: [USF-XSim-61] Executing 'ELABORATE' step in 'C:/Users/pangj/OneDrive - California Polytechnic State University/cpe233/rat3/rat3.sim/sim_2/behav'
Vivado Simulator 2016.2
Copyright 1986-1999, 2001-2016 Xilinx, Inc. All Rights Reserved.
Running: C:/Xilinx/Vivado/2016.2/bin/unwrapped/win64.o/xelab.exe -wto df22c7b3be8e4af6b14035b1380e8435 --debug typical --relax --mt 2 -L xil_defaultlib -L secureip --snapshot Scratch_RAM_TB_behav xil_defaultlib.Scratch_RAM_TB -log elaborate.log 
Using 2 slave threads.
Starting static elaboration
Completed static elaboration
Starting simulation data flow analysis
Completed simulation data flow analysis
Time Resolution for simulation is 1ps
Compiling package std.standard
Compiling package ieee.std_logic_1164
Compiling package ieee.numeric_std
Compiling architecture behavioral of entity xil_defaultlib.Scratch_RAM [scratch_ram_default]
Compiling architecture bench of entity xil_defaultlib.scratch_ram_tb
Built simulation snapshot Scratch_RAM_TB_behav
ERROR: [Common 17-165] Too many positional options when parsing '-notrace', please type 'webtalk -help' for usage info.

INFO: [USF-XSim-69] 'elaborate' step finished in '3' seconds
INFO: [USF-XSim-4] XSim::Simulate design
INFO: [USF-XSim-61] Executing 'SIMULATE' step in 'C:/Users/pangj/OneDrive - California Polytechnic State University/cpe233/rat3/rat3.sim/sim_2/behav'
INFO: [USF-XSim-98] *** Running xsim
   with args "Scratch_RAM_TB_behav -key {Behavioral:sim_2:Functional:Scratch_RAM_TB} -tclbatch {Scratch_RAM_TB.tcl} -log {simulate.log}"
INFO: [USF-XSim-8] Loading simulator feature
Vivado Simulator 2016.2
Time resolution is 1 ps
source Scratch_RAM_TB.tcl
# set curr_wave [current_wave_config]
# if { [string length $curr_wave] == 0 } {
#   if { [llength [get_objects]] > 0} {
#     add_wave /
#     set_property needs_save false [current_wave_config]
#   } else {
#      send_msg_id Add_Wave-1 WARNING "No top level signals found. Simulator will start without a wave window. If you want to open a wave window go to 'File->New Waveform Configuration' or type 'create_wave_config' in the TCL console."
#   }
# }
# run 1000ns
INFO: [USF-XSim-96] XSim completed. Design snapshot 'Scratch_RAM_TB_behav' loaded.
INFO: [USF-XSim-97] XSim simulation ran for 1000ns
launch_simulation: Time (s): cpu = 00:00:03 ; elapsed = 00:00:06 . Memory (MB): peak = 745.789 ; gain = 0.000
close_sim
INFO: [Simtcl 6-16] Simulation closed
launch_simulation -simset sim_2
INFO: [USF-XSim-27] Simulation object is 'sim_2'
INFO: [USF-XSim-37] Inspecting design source files for 'Scratch_RAM_TB' in fileset 'sim_2'...
INFO: [USF-XSim-97] Finding global include files...
INFO: [USF-XSim-98] Fetching design files from 'sim_2'...
INFO: [USF-XSim-2] XSim::Compile design
INFO: [USF-XSim-61] Executing 'COMPILE and ANALYZE' step in 'C:/Users/pangj/OneDrive - California Polytechnic State University/cpe233/rat3/rat3.sim/sim_2/behav'
"xvhdl -m64 --relax -prj Scratch_RAM_TB_vhdl.prj"
INFO: [VRFC 10-163] Analyzing VHDL file "C:/Users/pangj/OneDrive - California Polytechnic State University/cpe233/rat3/rat3.srcs/sources_1/new/Scratch_RAM.vhd" into library xil_defaultlib
INFO: [VRFC 10-307] analyzing entity Scratch_RAM
INFO: [VRFC 10-163] Analyzing VHDL file "C:/Users/pangj/OneDrive - California Polytechnic State University/cpe233/rat3/rat3.srcs/sim_2/new/Scratch_RAM_TB.vhd" into library xil_defaultlib
INFO: [VRFC 10-307] analyzing entity Scratch_RAM_TB
INFO: [USF-XSim-69] 'compile' step finished in '2' seconds
INFO: [USF-XSim-3] XSim::Elaborate design
INFO: [USF-XSim-61] Executing 'ELABORATE' step in 'C:/Users/pangj/OneDrive - California Polytechnic State University/cpe233/rat3/rat3.sim/sim_2/behav'
Vivado Simulator 2016.2
Copyright 1986-1999, 2001-2016 Xilinx, Inc. All Rights Reserved.
Running: C:/Xilinx/Vivado/2016.2/bin/unwrapped/win64.o/xelab.exe -wto df22c7b3be8e4af6b14035b1380e8435 --debug typical --relax --mt 2 -L xil_defaultlib -L secureip --snapshot Scratch_RAM_TB_behav xil_defaultlib.Scratch_RAM_TB -log elaborate.log 
Using 2 slave threads.
Starting static elaboration
Completed static elaboration
Starting simulation data flow analysis
Completed simulation data flow analysis
Time Resolution for simulation is 1ps
Compiling package std.standard
Compiling package ieee.std_logic_1164
Compiling package ieee.numeric_std
Compiling architecture behavioral of entity xil_defaultlib.Scratch_RAM [scratch_ram_default]
Compiling architecture bench of entity xil_defaultlib.scratch_ram_tb
Built simulation snapshot Scratch_RAM_TB_behav
ERROR: [Common 17-165] Too many positional options when parsing '-notrace', please type 'webtalk -help' for usage info.

INFO: [USF-XSim-69] 'elaborate' step finished in '4' seconds
INFO: [USF-XSim-4] XSim::Simulate design
INFO: [USF-XSim-61] Executing 'SIMULATE' step in 'C:/Users/pangj/OneDrive - California Polytechnic State University/cpe233/rat3/rat3.sim/sim_2/behav'
INFO: [USF-XSim-98] *** Running xsim
   with args "Scratch_RAM_TB_behav -key {Behavioral:sim_2:Functional:Scratch_RAM_TB} -tclbatch {Scratch_RAM_TB.tcl} -log {simulate.log}"
INFO: [USF-XSim-8] Loading simulator feature
Vivado Simulator 2016.2
Time resolution is 1 ps
source Scratch_RAM_TB.tcl
# set curr_wave [current_wave_config]
# if { [string length $curr_wave] == 0 } {
#   if { [llength [get_objects]] > 0} {
#     add_wave /
#     set_property needs_save false [current_wave_config]
#   } else {
#      send_msg_id Add_Wave-1 WARNING "No top level signals found. Simulator will start without a wave window. If you want to open a wave window go to 'File->New Waveform Configuration' or type 'create_wave_config' in the TCL console."
#   }
# }
# run 1000ns
INFO: [USF-XSim-96] XSim completed. Design snapshot 'Scratch_RAM_TB_behav' loaded.
INFO: [USF-XSim-97] XSim simulation ran for 1000ns
launch_simulation: Time (s): cpu = 00:00:05 ; elapsed = 00:00:09 . Memory (MB): peak = 779.961 ; gain = 0.000
close_sim
INFO: [Simtcl 6-16] Simulation closed
launch_simulation -simset sim_2
INFO: [USF-XSim-27] Simulation object is 'sim_2'
INFO: [USF-XSim-37] Inspecting design source files for 'Scratch_RAM_TB' in fileset 'sim_2'...
INFO: [USF-XSim-97] Finding global include files...
INFO: [USF-XSim-98] Fetching design files from 'sim_2'...
INFO: [USF-XSim-2] XSim::Compile design
INFO: [USF-XSim-61] Executing 'COMPILE and ANALYZE' step in 'C:/Users/pangj/OneDrive - California Polytechnic State University/cpe233/rat3/rat3.sim/sim_2/behav'
"xvhdl -m64 --relax -prj Scratch_RAM_TB_vhdl.prj"
INFO: [VRFC 10-163] Analyzing VHDL file "C:/Users/pangj/OneDrive - California Polytechnic State University/cpe233/rat3/rat3.srcs/sources_1/new/Scratch_RAM.vhd" into library xil_defaultlib
INFO: [VRFC 10-307] analyzing entity Scratch_RAM
INFO: [VRFC 10-163] Analyzing VHDL file "C:/Users/pangj/OneDrive - California Polytechnic State University/cpe233/rat3/rat3.srcs/sim_2/new/Scratch_RAM_TB.vhd" into library xil_defaultlib
INFO: [VRFC 10-307] analyzing entity Scratch_RAM_TB
INFO: [USF-XSim-69] 'compile' step finished in '1' seconds
INFO: [USF-XSim-3] XSim::Elaborate design
INFO: [USF-XSim-61] Executing 'ELABORATE' step in 'C:/Users/pangj/OneDrive - California Polytechnic State University/cpe233/rat3/rat3.sim/sim_2/behav'
Vivado Simulator 2016.2
Copyright 1986-1999, 2001-2016 Xilinx, Inc. All Rights Reserved.
Running: C:/Xilinx/Vivado/2016.2/bin/unwrapped/win64.o/xelab.exe -wto df22c7b3be8e4af6b14035b1380e8435 --debug typical --relax --mt 2 -L xil_defaultlib -L secureip --snapshot Scratch_RAM_TB_behav xil_defaultlib.Scratch_RAM_TB -log elaborate.log 
Using 2 slave threads.
Starting static elaboration
Completed static elaboration
Starting simulation data flow analysis
Completed simulation data flow analysis
Time Resolution for simulation is 1ps
Compiling package std.standard
Compiling package ieee.std_logic_1164
Compiling package ieee.numeric_std
Compiling architecture behavioral of entity xil_defaultlib.Scratch_RAM [scratch_ram_default]
Compiling architecture bench of entity xil_defaultlib.scratch_ram_tb
Built simulation snapshot Scratch_RAM_TB_behav
ERROR: [Common 17-165] Too many positional options when parsing '-notrace', please type 'webtalk -help' for usage info.

INFO: [USF-XSim-69] 'elaborate' step finished in '3' seconds
INFO: [USF-XSim-4] XSim::Simulate design
INFO: [USF-XSim-61] Executing 'SIMULATE' step in 'C:/Users/pangj/OneDrive - California Polytechnic State University/cpe233/rat3/rat3.sim/sim_2/behav'
INFO: [USF-XSim-98] *** Running xsim
   with args "Scratch_RAM_TB_behav -key {Behavioral:sim_2:Functional:Scratch_RAM_TB} -tclbatch {Scratch_RAM_TB.tcl} -log {simulate.log}"
INFO: [USF-XSim-8] Loading simulator feature
Vivado Simulator 2016.2
Time resolution is 1 ps
source Scratch_RAM_TB.tcl
# set curr_wave [current_wave_config]
# if { [string length $curr_wave] == 0 } {
#   if { [llength [get_objects]] > 0} {
#     add_wave /
#     set_property needs_save false [current_wave_config]
#   } else {
#      send_msg_id Add_Wave-1 WARNING "No top level signals found. Simulator will start without a wave window. If you want to open a wave window go to 'File->New Waveform Configuration' or type 'create_wave_config' in the TCL console."
#   }
# }
# run 1000ns
INFO: [USF-XSim-96] XSim completed. Design snapshot 'Scratch_RAM_TB_behav' loaded.
INFO: [USF-XSim-97] XSim simulation ran for 1000ns
launch_simulation: Time (s): cpu = 00:00:02 ; elapsed = 00:00:06 . Memory (MB): peak = 793.402 ; gain = 0.000
close_sim
INFO: [Simtcl 6-16] Simulation closed
launch_simulation -simset sim_2
INFO: [USF-XSim-27] Simulation object is 'sim_2'
INFO: [USF-XSim-37] Inspecting design source files for 'Scratch_RAM_TB' in fileset 'sim_2'...
INFO: [USF-XSim-97] Finding global include files...
INFO: [USF-XSim-98] Fetching design files from 'sim_2'...
INFO: [USF-XSim-2] XSim::Compile design
INFO: [USF-XSim-61] Executing 'COMPILE and ANALYZE' step in 'C:/Users/pangj/OneDrive - California Polytechnic State University/cpe233/rat3/rat3.sim/sim_2/behav'
"xvhdl -m64 --relax -prj Scratch_RAM_TB_vhdl.prj"
INFO: [VRFC 10-163] Analyzing VHDL file "C:/Users/pangj/OneDrive - California Polytechnic State University/cpe233/rat3/rat3.srcs/sources_1/new/Scratch_RAM.vhd" into library xil_defaultlib
INFO: [VRFC 10-307] analyzing entity Scratch_RAM
INFO: [VRFC 10-163] Analyzing VHDL file "C:/Users/pangj/OneDrive - California Polytechnic State University/cpe233/rat3/rat3.srcs/sim_2/new/Scratch_RAM_TB.vhd" into library xil_defaultlib
INFO: [VRFC 10-307] analyzing entity Scratch_RAM_TB
INFO: [USF-XSim-69] 'compile' step finished in '1' seconds
INFO: [USF-XSim-3] XSim::Elaborate design
INFO: [USF-XSim-61] Executing 'ELABORATE' step in 'C:/Users/pangj/OneDrive - California Polytechnic State University/cpe233/rat3/rat3.sim/sim_2/behav'
Vivado Simulator 2016.2
Copyright 1986-1999, 2001-2016 Xilinx, Inc. All Rights Reserved.
Running: C:/Xilinx/Vivado/2016.2/bin/unwrapped/win64.o/xelab.exe -wto df22c7b3be8e4af6b14035b1380e8435 --debug typical --relax --mt 2 -L xil_defaultlib -L secureip --snapshot Scratch_RAM_TB_behav xil_defaultlib.Scratch_RAM_TB -log elaborate.log 
Using 2 slave threads.
Starting static elaboration
Completed static elaboration
Starting simulation data flow analysis
Completed simulation data flow analysis
Time Resolution for simulation is 1ps
Compiling package std.standard
Compiling package ieee.std_logic_1164
Compiling package ieee.numeric_std
Compiling architecture behavioral of entity xil_defaultlib.Scratch_RAM [scratch_ram_default]
Compiling architecture bench of entity xil_defaultlib.scratch_ram_tb
Built simulation snapshot Scratch_RAM_TB_behav
ERROR: [Common 17-165] Too many positional options when parsing '-notrace', please type 'webtalk -help' for usage info.

INFO: [USF-XSim-69] 'elaborate' step finished in '3' seconds
INFO: [USF-XSim-4] XSim::Simulate design
INFO: [USF-XSim-61] Executing 'SIMULATE' step in 'C:/Users/pangj/OneDrive - California Polytechnic State University/cpe233/rat3/rat3.sim/sim_2/behav'
INFO: [USF-XSim-98] *** Running xsim
   with args "Scratch_RAM_TB_behav -key {Behavioral:sim_2:Functional:Scratch_RAM_TB} -tclbatch {Scratch_RAM_TB.tcl} -log {simulate.log}"
INFO: [USF-XSim-8] Loading simulator feature
Vivado Simulator 2016.2
Time resolution is 1 ps
source Scratch_RAM_TB.tcl
# set curr_wave [current_wave_config]
# if { [string length $curr_wave] == 0 } {
#   if { [llength [get_objects]] > 0} {
#     add_wave /
#     set_property needs_save false [current_wave_config]
#   } else {
#      send_msg_id Add_Wave-1 WARNING "No top level signals found. Simulator will start without a wave window. If you want to open a wave window go to 'File->New Waveform Configuration' or type 'create_wave_config' in the TCL console."
#   }
# }
# run 1000ns
INFO: [USF-XSim-96] XSim completed. Design snapshot 'Scratch_RAM_TB_behav' loaded.
INFO: [USF-XSim-97] XSim simulation ran for 1000ns
launch_simulation: Time (s): cpu = 00:00:02 ; elapsed = 00:00:06 . Memory (MB): peak = 793.402 ; gain = 0.000
close_sim
INFO: [Simtcl 6-16] Simulation closed
launch_simulation -simset sim_2
INFO: [USF-XSim-27] Simulation object is 'sim_2'
INFO: [USF-XSim-37] Inspecting design source files for 'Scratch_RAM_TB' in fileset 'sim_2'...
INFO: [USF-XSim-97] Finding global include files...
INFO: [USF-XSim-98] Fetching design files from 'sim_2'...
INFO: [USF-XSim-2] XSim::Compile design
INFO: [USF-XSim-61] Executing 'COMPILE and ANALYZE' step in 'C:/Users/pangj/OneDrive - California Polytechnic State University/cpe233/rat3/rat3.sim/sim_2/behav'
"xvhdl -m64 --relax -prj Scratch_RAM_TB_vhdl.prj"
INFO: [VRFC 10-163] Analyzing VHDL file "C:/Users/pangj/OneDrive - California Polytechnic State University/cpe233/rat3/rat3.srcs/sources_1/new/Scratch_RAM.vhd" into library xil_defaultlib
INFO: [VRFC 10-307] analyzing entity Scratch_RAM
INFO: [VRFC 10-163] Analyzing VHDL file "C:/Users/pangj/OneDrive - California Polytechnic State University/cpe233/rat3/rat3.srcs/sim_2/new/Scratch_RAM_TB.vhd" into library xil_defaultlib
INFO: [VRFC 10-307] analyzing entity Scratch_RAM_TB
INFO: [USF-XSim-69] 'compile' step finished in '1' seconds
INFO: [USF-XSim-3] XSim::Elaborate design
INFO: [USF-XSim-61] Executing 'ELABORATE' step in 'C:/Users/pangj/OneDrive - California Polytechnic State University/cpe233/rat3/rat3.sim/sim_2/behav'
Vivado Simulator 2016.2
Copyright 1986-1999, 2001-2016 Xilinx, Inc. All Rights Reserved.
Running: C:/Xilinx/Vivado/2016.2/bin/unwrapped/win64.o/xelab.exe -wto df22c7b3be8e4af6b14035b1380e8435 --debug typical --relax --mt 2 -L xil_defaultlib -L secureip --snapshot Scratch_RAM_TB_behav xil_defaultlib.Scratch_RAM_TB -log elaborate.log 
Using 2 slave threads.
Starting static elaboration
Completed static elaboration
Starting simulation data flow analysis
Completed simulation data flow analysis
Time Resolution for simulation is 1ps
Compiling package std.standard
Compiling package ieee.std_logic_1164
Compiling package ieee.numeric_std
Compiling architecture behavioral of entity xil_defaultlib.Scratch_RAM [scratch_ram_default]
Compiling architecture bench of entity xil_defaultlib.scratch_ram_tb
Built simulation snapshot Scratch_RAM_TB_behav
ERROR: [Common 17-165] Too many positional options when parsing '-notrace', please type 'webtalk -help' for usage info.

INFO: [USF-XSim-69] 'elaborate' step finished in '3' seconds
INFO: [USF-XSim-4] XSim::Simulate design
INFO: [USF-XSim-61] Executing 'SIMULATE' step in 'C:/Users/pangj/OneDrive - California Polytechnic State University/cpe233/rat3/rat3.sim/sim_2/behav'
INFO: [USF-XSim-98] *** Running xsim
   with args "Scratch_RAM_TB_behav -key {Behavioral:sim_2:Functional:Scratch_RAM_TB} -tclbatch {Scratch_RAM_TB.tcl} -log {simulate.log}"
INFO: [USF-XSim-8] Loading simulator feature
Vivado Simulator 2016.2
Time resolution is 1 ps
source Scratch_RAM_TB.tcl
# set curr_wave [current_wave_config]
# if { [string length $curr_wave] == 0 } {
#   if { [llength [get_objects]] > 0} {
#     add_wave /
#     set_property needs_save false [current_wave_config]
#   } else {
#      send_msg_id Add_Wave-1 WARNING "No top level signals found. Simulator will start without a wave window. If you want to open a wave window go to 'File->New Waveform Configuration' or type 'create_wave_config' in the TCL console."
#   }
# }
# run 1000ns
INFO: [USF-XSim-96] XSim completed. Design snapshot 'Scratch_RAM_TB_behav' loaded.
INFO: [USF-XSim-97] XSim simulation ran for 1000ns
launch_simulation: Time (s): cpu = 00:00:03 ; elapsed = 00:00:06 . Memory (MB): peak = 793.402 ; gain = 0.000
close_sim
INFO: [Simtcl 6-16] Simulation closed
exit
INFO: [Common 17-206] Exiting Vivado at Mon Jan 29 23:12:51 2018...
