#-----------------------------------------------------------
# Vivado v2016.2 (64-bit)
# SW Build 1577090 on Thu Jun  2 16:32:40 MDT 2016
# IP Build 1577682 on Fri Jun  3 12:00:54 MDT 2016
# Start of session at: Sun Jan 28 18:32:35 2018
# Process ID: 18884
# Current directory: C:/Users/NWang/OneDrive/Others/Documents/GitHub/cpe233/rat3
# Command line: vivado.exe -gui_launcher_event rodinguilauncherevent10176 C:\Users\NWang\OneDrive\Others\Documents\GitHub\cpe233\rat3\rat3.xpr
# Log file: C:/Users/NWang/OneDrive/Others/Documents/GitHub/cpe233/rat3/vivado.log
# Journal file: C:/Users/NWang/OneDrive/Others/Documents/GitHub/cpe233/rat3\vivado.jou
#-----------------------------------------------------------
start_gui
open_project C:/Users/NWang/OneDrive/Others/Documents/GitHub/cpe233/rat3/rat3.xpr
INFO: [Project 1-313] Project file moved from 'C:/Users/NWang/OneDrive/Others/Documents/GitHub/cpe233/rat2_new/rat3' since last save.
Scanning sources...
Finished scanning sources
INFO: [IP_Flow 19-234] Refreshing IP repositories
INFO: [IP_Flow 19-1704] No user IP repositories specified
INFO: [IP_Flow 19-2313] Loaded Vivado IP repository 'C:/Xilinx/Vivado/2016.2/data/ip'.
update_compile_order -fileset sources_1
exit
INFO: [Common 17-206] Exiting Vivado at Sun Jan 28 18:46:32 2018...
