#-----------------------------------------------------------
# Vivado v2016.2 (64-bit)
# SW Build 1577090 on Thu Jun  2 16:32:40 MDT 2016
# IP Build 1577682 on Fri Jun  3 12:00:54 MDT 2016
# Start of session at: Mon Jan 29 15:46:24 2018
# Process ID: 11492
# Current directory: C:/Users/Russe/OneDrive/Documents/GitHub/cpe233/rat3
# Command line: vivado.exe -gui_launcher_event rodinguilauncherevent5752 C:\Users\Russe\OneDrive\Documents\GitHub\cpe233\rat3\rat3.xpr
# Log file: C:/Users/Russe/OneDrive/Documents/GitHub/cpe233/rat3/vivado.log
# Journal file: C:/Users/Russe/OneDrive/Documents/GitHub/cpe233/rat3\vivado.jou
#-----------------------------------------------------------
start_gui
open_project C:/Users/Russe/OneDrive/Documents/GitHub/cpe233/rat3/rat3.xpr
INFO: [Project 1-313] Project file moved from 'C:/Users/pangj/OneDrive - California Polytechnic State University/cpe233/rat3' since last save.
Scanning sources...
Finished scanning sources
INFO: [IP_Flow 19-234] Refreshing IP repositories
INFO: [IP_Flow 19-1704] No user IP repositories specified
INFO: [IP_Flow 19-2313] Loaded Vivado IP repository 'C:/Xilinx/Vivado/2016.2/data/ip'.
open_project: Time (s): cpu = 00:00:12 ; elapsed = 00:00:06 . Memory (MB): peak = 738.684 ; gain = 107.203
update_compile_order -fileset sources_1
