Unable to capture context for thread 74328 in process 59992, can not generate back trace
Exception at PC 0x00007FF87F88BB93
Printing stacktrace...

Exception at PC 0x00007FF8D1013FB8
Exception at PC 0x00007FF8D1013FB8
Exception at PC 0x00007FF8D1013FB8
Exception at PC 0x00007FF8D1013FB8
Exception at PC 0x00007FF8D1013FB8
Exception at PC 0x00007FF8D1013FB8
Exception at PC 0x00007FF8D1013FB8
Exception at PC 0x00007FF8D1013FB8
Exception at PC 0x00007FF8D1013FB8
[0]  [0x00007FF87F88BB93]
[1]  [0x00007FF87F88BB93]
[2]  [0x00007FF87F88B4A1]
[3]  [0x00007FF87F88B3EF]
[4]  [0x00007FF87F8719FE]
[5]  [0x00007FF87F870ED1]
[6]  [0x00007FF87F870D76]
[7]  [0x00007FF87F8179F6]
[8]  [0x00007FF87F807AFB]
[9]  [0x00007FF87F92E90A]
[10]  [0x00007FF87F949F87]
[11]  [0x00007FF87F94A05F]
[12] (BaseThreadInitThunk+0x14) [0x00007FF8D2091FE4]
[13] (RtlUserThreadStart+0x21) [0x00007FF8D40AEFB1]
Done
Exception at PC 0x00007FF8D1013FB8
Exception at PC 0x00007FF8D1013FB8
Exception at PC 0x00007FF8D1013FB8
Exception at PC 0x00007FF8D1013FB8
Exception at PC 0x00007FF8D1013FB8
Exception at PC 0x00007FF8D1013FB8
Exception at PC 0x00007FF8D1013FB8
Exception at PC 0x00007FF8D1013FB8
Exception at PC 0x00007FF8D1013FB8
Exception at PC 0x00007FF8D1013FB8
Exception at PC 0x00007FF8D1013FB8
