Copyright 1986-2016 Xilinx, Inc. All Rights Reserved.
---------------------------------------------------------------------------------------------------------------------------------------------------------------
| Tool Version : Vivado v.2016.2 (win64) Build 1577090 Thu Jun  2 16:32:40 MDT 2016
| Date         : Fri Feb 16 22:42:21 2018
| Host         : LAPTOP-PK5AGDMH running 64-bit major release  (build 9200)
| Command      : report_timing_summary -warn_on_violation -max_paths 10 -file keypad_drvr_timing_summary_routed.rpt -rpx keypad_drvr_timing_summary_routed.rpx
| Design       : keypad_drvr
| Device       : 7a35t-cpg236
| Speed File   : -1  PRODUCTION 1.14 2014-09-11
---------------------------------------------------------------------------------------------------------------------------------------------------------------

Timing Summary Report

------------------------------------------------------------------------------------------------
| Timer Settings
| --------------
------------------------------------------------------------------------------------------------

  Enable Multi Corner Analysis               :  Yes
  Enable Pessimism Removal                   :  Yes
  Pessimism Removal Resolution               :  Nearest Common Node
  Enable Input Delay Default Clock           :  No
  Enable Preset / Clear Arcs                 :  No
  Disable Flight Delays                      :  No
  Ignore I/O Paths                           :  No
  Timing Early Launch at Borrowing Latches   :  false

  Corner  Analyze    Analyze    
  Name    Max Paths  Min Paths  
  ------  ---------  ---------  
  Slow    Yes        Yes        
  Fast    Yes        Yes        



check_timing report

Table of Contents
-----------------
1. checking no_clock
2. checking constant_clock
3. checking pulse_width_clock
4. checking unconstrained_internal_endpoints
5. checking no_input_delay
6. checking no_output_delay
7. checking multiple_clock
8. checking generated_clocks
9. checking loops
10. checking partial_input_delay
11. checking partial_output_delay
12. checking latch_loops

1. checking no_clock
--------------------
 There are 2 register/latch pins with no clock driven by root clock pin: cols[0] (HIGH)

 There are 2 register/latch pins with no clock driven by root clock pin: cols[1] (HIGH)

 There are 2 register/latch pins with no clock driven by root clock pin: cols[2] (HIGH)

 There are 5 register/latch pins with no clock driven by root clock pin: FSM_onehot_ps_reg[1]/C (HIGH)

 There are 3 register/latch pins with no clock driven by root clock pin: FSM_onehot_ps_reg[2]/C (HIGH)

 There are 3 register/latch pins with no clock driven by root clock pin: FSM_onehot_ps_reg[3]/C (HIGH)

 There are 3 register/latch pins with no clock driven by root clock pin: FSM_onehot_ps_reg[4]/C (HIGH)

 There are 3 register/latch pins with no clock driven by root clock pin: FSM_onehot_ps_reg[5]/C (HIGH)


2. checking constant_clock
--------------------------
 There are 0 register/latch pins with constant_clock.


3. checking pulse_width_clock
-----------------------------
 There are 0 register/latch pins which need pulse_width check


4. checking unconstrained_internal_endpoints
--------------------------------------------
 There are 5 pins that are not constrained for maximum delay. (HIGH)

 There are 0 pins that are not constrained for maximum delay due to constant clock.


5. checking no_input_delay
--------------------------
 There are 3 input ports with no input delay specified. (HIGH)

 There are 0 input ports with no input delay but user has a false path constraint.


6. checking no_output_delay
---------------------------
 There are 5 ports with no output delay specified. (HIGH)

 There are 0 ports with no output delay but user has a false path constraint

 There are 0 ports with no output delay but with a timing clock defined on it or propagating through it


7. checking multiple_clock
--------------------------
 There are 0 register/latch pins with multiple clocks.


8. checking generated_clocks
----------------------------
 There are 0 generated clocks that are not connected to a clock source.


9. checking loops
-----------------
 There are 0 combinational loops in the design.


10. checking partial_input_delay
--------------------------------
 There are 0 input ports with partial input delay specified.


11. checking partial_output_delay
---------------------------------
 There are 0 ports with partial output delay specified.


12. checking latch_loops
------------------------
 There are 0 combinational latch loops in the design through latch input



------------------------------------------------------------------------------------------------
| Design Timing Summary
| ---------------------
------------------------------------------------------------------------------------------------

    WNS(ns)      TNS(ns)  TNS Failing Endpoints  TNS Total Endpoints      WHS(ns)      THS(ns)  THS Failing Endpoints  THS Total Endpoints     WPWS(ns)     TPWS(ns)  TPWS Failing Endpoints  TPWS Total Endpoints  
    -------      -------  ---------------------  -------------------      -------      -------  ---------------------  -------------------     --------     --------  ----------------------  --------------------  
      8.360        0.000                      0                    5        0.140        0.000                      0                    5        4.500        0.000                       0                     7  


All user specified timing constraints are met.


------------------------------------------------------------------------------------------------
| Clock Summary
| -------------
------------------------------------------------------------------------------------------------

Clock        Waveform(ns)       Period(ns)      Frequency(MHz)
-----        ------------       ----------      --------------
sys_clk_pin  {0.000 5.000}      10.000          100.000         


------------------------------------------------------------------------------------------------
| Intra Clock Table
| -----------------
------------------------------------------------------------------------------------------------

Clock             WNS(ns)      TNS(ns)  TNS Failing Endpoints  TNS Total Endpoints      WHS(ns)      THS(ns)  THS Failing Endpoints  THS Total Endpoints     WPWS(ns)     TPWS(ns)  TPWS Failing Endpoints  TPWS Total Endpoints  
-----             -------      -------  ---------------------  -------------------      -------      -------  ---------------------  -------------------     --------     --------  ----------------------  --------------------  
sys_clk_pin         8.360        0.000                      0                    5        0.140        0.000                      0                    5        4.500        0.000                       0                     7  


------------------------------------------------------------------------------------------------
| Inter Clock Table
| -----------------
------------------------------------------------------------------------------------------------

From Clock    To Clock          WNS(ns)      TNS(ns)  TNS Failing Endpoints  TNS Total Endpoints      WHS(ns)      THS(ns)  THS Failing Endpoints  THS Total Endpoints  
----------    --------          -------      -------  ---------------------  -------------------      -------      -------  ---------------------  -------------------  


------------------------------------------------------------------------------------------------
| Other Path Groups Table
| -----------------------
------------------------------------------------------------------------------------------------

Path Group    From Clock    To Clock          WNS(ns)      TNS(ns)  TNS Failing Endpoints  TNS Total Endpoints      WHS(ns)      THS(ns)  THS Failing Endpoints  THS Total Endpoints  
----------    ----------    --------          -------      -------  ---------------------  -------------------      -------      -------  ---------------------  -------------------  


------------------------------------------------------------------------------------------------
| Timing Details
| --------------
------------------------------------------------------------------------------------------------


---------------------------------------------------------------------------------------------------
From Clock:  sys_clk_pin
  To Clock:  sys_clk_pin

Setup :            0  Failing Endpoints,  Worst Slack        8.360ns,  Total Violation        0.000ns
Hold  :            0  Failing Endpoints,  Worst Slack        0.140ns,  Total Violation        0.000ns
PW    :            0  Failing Endpoints,  Worst Slack        4.500ns,  Total Violation        0.000ns
---------------------------------------------------------------------------------------------------


Max Delay Paths
--------------------------------------------------------------------------------------
Slack (MET) :             8.360ns  (required time - arrival time)
  Source:                 FSM_onehot_ps_reg[5]/C
                            (rising edge-triggered cell FDRE clocked by sys_clk_pin  {rise@0.000ns fall@5.000ns period=10.000ns})
  Destination:            FSM_onehot_ps_reg[1]/D
                            (rising edge-triggered cell FDRE clocked by sys_clk_pin  {rise@0.000ns fall@5.000ns period=10.000ns})
  Path Group:             sys_clk_pin
  Path Type:              Setup (Max at Slow Process Corner)
  Requirement:            10.000ns  (sys_clk_pin rise@10.000ns - sys_clk_pin rise@0.000ns)
  Data Path Delay:        1.682ns  (logic 0.642ns (38.176%)  route 1.040ns (61.824%))
  Logic Levels:           1  (LUT2=1)
  Clock Path Skew:        0.000ns (DCD - SCD + CPR)
    Destination Clock Delay (DCD):    4.850ns = ( 14.850 - 10.000 ) 
    Source Clock Delay      (SCD):    5.147ns
    Clock Pessimism Removal (CPR):    0.297ns
  Clock Uncertainty:      0.035ns  ((TSJ^2 + TIJ^2)^1/2 + DJ) / 2 + PE
    Total System Jitter     (TSJ):    0.071ns
    Total Input Jitter      (TIJ):    0.000ns
    Discrete Jitter          (DJ):    0.000ns
    Phase Error              (PE):    0.000ns

    Location             Delay type                Incr(ns)  Path(ns)    Netlist Resource(s)
  -------------------------------------------------------------------    -------------------
                         (clock sys_clk_pin rise edge)
                                                      0.000     0.000 r  
    W5                                                0.000     0.000 r  clk (IN)
                         net (fo=0)                   0.000     0.000    clk
    W5                   IBUF (Prop_ibuf_I_O)         1.458     1.458 r  clk_IBUF_inst/O
                         net (fo=1, routed)           1.967     3.425    clk_IBUF
    BUFGCTRL_X0Y0        BUFG (Prop_bufg_I_O)         0.096     3.521 r  clk_IBUF_BUFG_inst/O
                         net (fo=6, routed)           1.626     5.147    clk_IBUF_BUFG
    SLICE_X64Y94         FDRE                                         r  FSM_onehot_ps_reg[5]/C
  -------------------------------------------------------------------    -------------------
    SLICE_X64Y94         FDRE (Prop_fdre_C_Q)         0.518     5.665 r  FSM_onehot_ps_reg[5]/Q
                         net (fo=5, routed)           1.040     6.705    FSM_onehot_ps_reg_n_0_[5]
    SLICE_X64Y94         LUT2 (Prop_lut2_I1_O)        0.124     6.829 r  FSM_onehot_ps[1]_i_1/O
                         net (fo=1, routed)           0.000     6.829    FSM_onehot_ps[1]_i_1_n_0
    SLICE_X64Y94         FDRE                                         r  FSM_onehot_ps_reg[1]/D
  -------------------------------------------------------------------    -------------------

                         (clock sys_clk_pin rise edge)
                                                     10.000    10.000 r  
    W5                                                0.000    10.000 r  clk (IN)
                         net (fo=0)                   0.000    10.000    clk
    W5                   IBUF (Prop_ibuf_I_O)         1.388    11.388 r  clk_IBUF_inst/O
                         net (fo=1, routed)           1.862    13.250    clk_IBUF
    BUFGCTRL_X0Y0        BUFG (Prop_bufg_I_O)         0.091    13.341 r  clk_IBUF_BUFG_inst/O
                         net (fo=6, routed)           1.509    14.850    clk_IBUF_BUFG
    SLICE_X64Y94         FDRE                                         r  FSM_onehot_ps_reg[1]/C
                         clock pessimism              0.297    15.147    
                         clock uncertainty           -0.035    15.112    
    SLICE_X64Y94         FDRE (Setup_fdre_C_D)        0.077    15.189    FSM_onehot_ps_reg[1]
  -------------------------------------------------------------------
                         required time                         15.189    
                         arrival time                          -6.829    
  -------------------------------------------------------------------
                         slack                                  8.360    

Slack (MET) :             8.789ns  (required time - arrival time)
  Source:                 FSM_onehot_ps_reg[1]/C
                            (rising edge-triggered cell FDRE clocked by sys_clk_pin  {rise@0.000ns fall@5.000ns period=10.000ns})
  Destination:            FSM_onehot_ps_reg[2]/D
                            (rising edge-triggered cell FDRE clocked by sys_clk_pin  {rise@0.000ns fall@5.000ns period=10.000ns})
  Path Group:             sys_clk_pin
  Path Type:              Setup (Max at Slow Process Corner)
  Requirement:            10.000ns  (sys_clk_pin rise@10.000ns - sys_clk_pin rise@0.000ns)
  Data Path Delay:        1.072ns  (logic 0.518ns (48.299%)  route 0.554ns (51.701%))
  Logic Levels:           0  
  Clock Path Skew:        -0.022ns (DCD - SCD + CPR)
    Destination Clock Delay (DCD):    4.850ns = ( 14.850 - 10.000 ) 
    Source Clock Delay      (SCD):    5.147ns
    Clock Pessimism Removal (CPR):    0.275ns
  Clock Uncertainty:      0.035ns  ((TSJ^2 + TIJ^2)^1/2 + DJ) / 2 + PE
    Total System Jitter     (TSJ):    0.071ns
    Total Input Jitter      (TIJ):    0.000ns
    Discrete Jitter          (DJ):    0.000ns
    Phase Error              (PE):    0.000ns

    Location             Delay type                Incr(ns)  Path(ns)    Netlist Resource(s)
  -------------------------------------------------------------------    -------------------
                         (clock sys_clk_pin rise edge)
                                                      0.000     0.000 r  
    W5                                                0.000     0.000 r  clk (IN)
                         net (fo=0)                   0.000     0.000    clk
    W5                   IBUF (Prop_ibuf_I_O)         1.458     1.458 r  clk_IBUF_inst/O
                         net (fo=1, routed)           1.967     3.425    clk_IBUF
    BUFGCTRL_X0Y0        BUFG (Prop_bufg_I_O)         0.096     3.521 r  clk_IBUF_BUFG_inst/O
                         net (fo=6, routed)           1.626     5.147    clk_IBUF_BUFG
    SLICE_X64Y94         FDRE                                         r  FSM_onehot_ps_reg[1]/C
  -------------------------------------------------------------------    -------------------
    SLICE_X64Y94         FDRE (Prop_fdre_C_Q)         0.518     5.665 r  FSM_onehot_ps_reg[1]/Q
                         net (fo=5, routed)           0.554     6.219    FSM_onehot_ps_reg_n_0_[1]
    SLICE_X65Y94         FDRE                                         r  FSM_onehot_ps_reg[2]/D
  -------------------------------------------------------------------    -------------------

                         (clock sys_clk_pin rise edge)
                                                     10.000    10.000 r  
    W5                                                0.000    10.000 r  clk (IN)
                         net (fo=0)                   0.000    10.000    clk
    W5                   IBUF (Prop_ibuf_I_O)         1.388    11.388 r  clk_IBUF_inst/O
                         net (fo=1, routed)           1.862    13.250    clk_IBUF
    BUFGCTRL_X0Y0        BUFG (Prop_bufg_I_O)         0.091    13.341 r  clk_IBUF_BUFG_inst/O
                         net (fo=6, routed)           1.509    14.850    clk_IBUF_BUFG
    SLICE_X65Y94         FDRE                                         r  FSM_onehot_ps_reg[2]/C
                         clock pessimism              0.275    15.125    
                         clock uncertainty           -0.035    15.090    
    SLICE_X65Y94         FDRE (Setup_fdre_C_D)       -0.081    15.009    FSM_onehot_ps_reg[2]
  -------------------------------------------------------------------
                         required time                         15.009    
                         arrival time                          -6.219    
  -------------------------------------------------------------------
                         slack                                  8.789    

Slack (MET) :             8.801ns  (required time - arrival time)
  Source:                 FSM_onehot_ps_reg[4]/C
                            (rising edge-triggered cell FDRE clocked by sys_clk_pin  {rise@0.000ns fall@5.000ns period=10.000ns})
  Destination:            FSM_onehot_ps_reg[5]/D
                            (rising edge-triggered cell FDRE clocked by sys_clk_pin  {rise@0.000ns fall@5.000ns period=10.000ns})
  Path Group:             sys_clk_pin
  Path Type:              Setup (Max at Slow Process Corner)
  Requirement:            10.000ns  (sys_clk_pin rise@10.000ns - sys_clk_pin rise@0.000ns)
  Data Path Delay:        1.135ns  (logic 0.518ns (45.633%)  route 0.617ns (54.367%))
  Logic Levels:           0  
  Clock Path Skew:        0.000ns (DCD - SCD + CPR)
    Destination Clock Delay (DCD):    4.850ns = ( 14.850 - 10.000 ) 
    Source Clock Delay      (SCD):    5.147ns
    Clock Pessimism Removal (CPR):    0.297ns
  Clock Uncertainty:      0.035ns  ((TSJ^2 + TIJ^2)^1/2 + DJ) / 2 + PE
    Total System Jitter     (TSJ):    0.071ns
    Total Input Jitter      (TIJ):    0.000ns
    Discrete Jitter          (DJ):    0.000ns
    Phase Error              (PE):    0.000ns

    Location             Delay type                Incr(ns)  Path(ns)    Netlist Resource(s)
  -------------------------------------------------------------------    -------------------
                         (clock sys_clk_pin rise edge)
                                                      0.000     0.000 r  
    W5                                                0.000     0.000 r  clk (IN)
                         net (fo=0)                   0.000     0.000    clk
    W5                   IBUF (Prop_ibuf_I_O)         1.458     1.458 r  clk_IBUF_inst/O
                         net (fo=1, routed)           1.967     3.425    clk_IBUF
    BUFGCTRL_X0Y0        BUFG (Prop_bufg_I_O)         0.096     3.521 r  clk_IBUF_BUFG_inst/O
                         net (fo=6, routed)           1.626     5.147    clk_IBUF_BUFG
    SLICE_X64Y94         FDRE                                         r  FSM_onehot_ps_reg[4]/C
  -------------------------------------------------------------------    -------------------
    SLICE_X64Y94         FDRE (Prop_fdre_C_Q)         0.518     5.665 r  FSM_onehot_ps_reg[4]/Q
                         net (fo=4, routed)           0.617     6.282    FSM_onehot_ps_reg_n_0_[4]
    SLICE_X64Y94         FDRE                                         r  FSM_onehot_ps_reg[5]/D
  -------------------------------------------------------------------    -------------------

                         (clock sys_clk_pin rise edge)
                                                     10.000    10.000 r  
    W5                                                0.000    10.000 r  clk (IN)
                         net (fo=0)                   0.000    10.000    clk
    W5                   IBUF (Prop_ibuf_I_O)         1.388    11.388 r  clk_IBUF_inst/O
                         net (fo=1, routed)           1.862    13.250    clk_IBUF
    BUFGCTRL_X0Y0        BUFG (Prop_bufg_I_O)         0.091    13.341 r  clk_IBUF_BUFG_inst/O
                         net (fo=6, routed)           1.509    14.850    clk_IBUF_BUFG
    SLICE_X64Y94         FDRE                                         r  FSM_onehot_ps_reg[5]/C
                         clock pessimism              0.297    15.147    
                         clock uncertainty           -0.035    15.112    
    SLICE_X64Y94         FDRE (Setup_fdre_C_D)       -0.028    15.084    FSM_onehot_ps_reg[5]
  -------------------------------------------------------------------
                         required time                         15.084    
                         arrival time                          -6.282    
  -------------------------------------------------------------------
                         slack                                  8.801    

Slack (MET) :             8.873ns  (required time - arrival time)
  Source:                 FSM_onehot_ps_reg[3]/C
                            (rising edge-triggered cell FDRE clocked by sys_clk_pin  {rise@0.000ns fall@5.000ns period=10.000ns})
  Destination:            FSM_onehot_ps_reg[4]/D
                            (rising edge-triggered cell FDRE clocked by sys_clk_pin  {rise@0.000ns fall@5.000ns period=10.000ns})
  Path Group:             sys_clk_pin
  Path Type:              Setup (Max at Slow Process Corner)
  Requirement:            10.000ns  (sys_clk_pin rise@10.000ns - sys_clk_pin rise@0.000ns)
  Data Path Delay:        0.876ns  (logic 0.478ns (54.571%)  route 0.398ns (45.429%))
  Logic Levels:           0  
  Clock Path Skew:        0.000ns (DCD - SCD + CPR)
    Destination Clock Delay (DCD):    4.850ns = ( 14.850 - 10.000 ) 
    Source Clock Delay      (SCD):    5.147ns
    Clock Pessimism Removal (CPR):    0.297ns
  Clock Uncertainty:      0.035ns  ((TSJ^2 + TIJ^2)^1/2 + DJ) / 2 + PE
    Total System Jitter     (TSJ):    0.071ns
    Total Input Jitter      (TIJ):    0.000ns
    Discrete Jitter          (DJ):    0.000ns
    Phase Error              (PE):    0.000ns

    Location             Delay type                Incr(ns)  Path(ns)    Netlist Resource(s)
  -------------------------------------------------------------------    -------------------
                         (clock sys_clk_pin rise edge)
                                                      0.000     0.000 r  
    W5                                                0.000     0.000 r  clk (IN)
                         net (fo=0)                   0.000     0.000    clk
    W5                   IBUF (Prop_ibuf_I_O)         1.458     1.458 r  clk_IBUF_inst/O
                         net (fo=1, routed)           1.967     3.425    clk_IBUF
    BUFGCTRL_X0Y0        BUFG (Prop_bufg_I_O)         0.096     3.521 r  clk_IBUF_BUFG_inst/O
                         net (fo=6, routed)           1.626     5.147    clk_IBUF_BUFG
    SLICE_X64Y94         FDRE                                         r  FSM_onehot_ps_reg[3]/C
  -------------------------------------------------------------------    -------------------
    SLICE_X64Y94         FDRE (Prop_fdre_C_Q)         0.478     5.625 r  FSM_onehot_ps_reg[3]/Q
                         net (fo=4, routed)           0.398     6.023    FSM_onehot_ps_reg_n_0_[3]
    SLICE_X64Y94         FDRE                                         r  FSM_onehot_ps_reg[4]/D
  -------------------------------------------------------------------    -------------------

                         (clock sys_clk_pin rise edge)
                                                     10.000    10.000 r  
    W5                                                0.000    10.000 r  clk (IN)
                         net (fo=0)                   0.000    10.000    clk
    W5                   IBUF (Prop_ibuf_I_O)         1.388    11.388 r  clk_IBUF_inst/O
                         net (fo=1, routed)           1.862    13.250    clk_IBUF
    BUFGCTRL_X0Y0        BUFG (Prop_bufg_I_O)         0.091    13.341 r  clk_IBUF_BUFG_inst/O
                         net (fo=6, routed)           1.509    14.850    clk_IBUF_BUFG
    SLICE_X64Y94         FDRE                                         r  FSM_onehot_ps_reg[4]/C
                         clock pessimism              0.297    15.147    
                         clock uncertainty           -0.035    15.112    
    SLICE_X64Y94         FDRE (Setup_fdre_C_D)       -0.216    14.896    FSM_onehot_ps_reg[4]
  -------------------------------------------------------------------
                         required time                         14.896    
                         arrival time                          -6.023    
  -------------------------------------------------------------------
                         slack                                  8.873    

Slack (MET) :             9.079ns  (required time - arrival time)
  Source:                 FSM_onehot_ps_reg[2]/C
                            (rising edge-triggered cell FDRE clocked by sys_clk_pin  {rise@0.000ns fall@5.000ns period=10.000ns})
  Destination:            FSM_onehot_ps_reg[3]/D
                            (rising edge-triggered cell FDRE clocked by sys_clk_pin  {rise@0.000ns fall@5.000ns period=10.000ns})
  Path Group:             sys_clk_pin
  Path Type:              Setup (Max at Slow Process Corner)
  Requirement:            10.000ns  (sys_clk_pin rise@10.000ns - sys_clk_pin rise@0.000ns)
  Data Path Delay:        0.847ns  (logic 0.456ns (53.818%)  route 0.391ns (46.182%))
  Logic Levels:           0  
  Clock Path Skew:        -0.022ns (DCD - SCD + CPR)
    Destination Clock Delay (DCD):    4.850ns = ( 14.850 - 10.000 ) 
    Source Clock Delay      (SCD):    5.147ns
    Clock Pessimism Removal (CPR):    0.275ns
  Clock Uncertainty:      0.035ns  ((TSJ^2 + TIJ^2)^1/2 + DJ) / 2 + PE
    Total System Jitter     (TSJ):    0.071ns
    Total Input Jitter      (TIJ):    0.000ns
    Discrete Jitter          (DJ):    0.000ns
    Phase Error              (PE):    0.000ns

    Location             Delay type                Incr(ns)  Path(ns)    Netlist Resource(s)
  -------------------------------------------------------------------    -------------------
                         (clock sys_clk_pin rise edge)
                                                      0.000     0.000 r  
    W5                                                0.000     0.000 r  clk (IN)
                         net (fo=0)                   0.000     0.000    clk
    W5                   IBUF (Prop_ibuf_I_O)         1.458     1.458 r  clk_IBUF_inst/O
                         net (fo=1, routed)           1.967     3.425    clk_IBUF
    BUFGCTRL_X0Y0        BUFG (Prop_bufg_I_O)         0.096     3.521 r  clk_IBUF_BUFG_inst/O
                         net (fo=6, routed)           1.626     5.147    clk_IBUF_BUFG
    SLICE_X65Y94         FDRE                                         r  FSM_onehot_ps_reg[2]/C
  -------------------------------------------------------------------    -------------------
    SLICE_X65Y94         FDRE (Prop_fdre_C_Q)         0.456     5.603 r  FSM_onehot_ps_reg[2]/Q
                         net (fo=4, routed)           0.391     5.994    FSM_onehot_ps_reg_n_0_[2]
    SLICE_X64Y94         FDRE                                         r  FSM_onehot_ps_reg[3]/D
  -------------------------------------------------------------------    -------------------

                         (clock sys_clk_pin rise edge)
                                                     10.000    10.000 r  
    W5                                                0.000    10.000 r  clk (IN)
                         net (fo=0)                   0.000    10.000    clk
    W5                   IBUF (Prop_ibuf_I_O)         1.388    11.388 r  clk_IBUF_inst/O
                         net (fo=1, routed)           1.862    13.250    clk_IBUF
    BUFGCTRL_X0Y0        BUFG (Prop_bufg_I_O)         0.091    13.341 r  clk_IBUF_BUFG_inst/O
                         net (fo=6, routed)           1.509    14.850    clk_IBUF_BUFG
    SLICE_X64Y94         FDRE                                         r  FSM_onehot_ps_reg[3]/C
                         clock pessimism              0.275    15.125    
                         clock uncertainty           -0.035    15.090    
    SLICE_X64Y94         FDRE (Setup_fdre_C_D)       -0.016    15.074    FSM_onehot_ps_reg[3]
  -------------------------------------------------------------------
                         required time                         15.074    
                         arrival time                          -5.994    
  -------------------------------------------------------------------
                         slack                                  9.079    





Min Delay Paths
--------------------------------------------------------------------------------------
Slack (MET) :             0.140ns  (arrival time - required time)
  Source:                 FSM_onehot_ps_reg[0]/C
                            (rising edge-triggered cell FDRE clocked by sys_clk_pin  {rise@0.000ns fall@5.000ns period=10.000ns})
  Destination:            FSM_onehot_ps_reg[1]/D
                            (rising edge-triggered cell FDRE clocked by sys_clk_pin  {rise@0.000ns fall@5.000ns period=10.000ns})
  Path Group:             sys_clk_pin
  Path Type:              Hold (Min at Fast Process Corner)
  Requirement:            0.000ns  (sys_clk_pin rise@0.000ns - sys_clk_pin rise@0.000ns)
  Data Path Delay:        0.273ns  (logic 0.186ns (68.106%)  route 0.087ns (31.894%))
  Logic Levels:           1  (LUT2=1)
  Clock Path Skew:        0.013ns (DCD - SCD - CPR)
    Destination Clock Delay (DCD):    1.991ns
    Source Clock Delay      (SCD):    1.476ns
    Clock Pessimism Removal (CPR):    0.502ns

    Location             Delay type                Incr(ns)  Path(ns)    Netlist Resource(s)
  -------------------------------------------------------------------    -------------------
                         (clock sys_clk_pin rise edge)
                                                      0.000     0.000 r  
    W5                                                0.000     0.000 r  clk (IN)
                         net (fo=0)                   0.000     0.000    clk
    W5                   IBUF (Prop_ibuf_I_O)         0.226     0.226 r  clk_IBUF_inst/O
                         net (fo=1, routed)           0.631     0.858    clk_IBUF
    BUFGCTRL_X0Y0        BUFG (Prop_bufg_I_O)         0.026     0.884 r  clk_IBUF_BUFG_inst/O
                         net (fo=6, routed)           0.593     1.476    clk_IBUF_BUFG
    SLICE_X65Y94         FDRE                                         r  FSM_onehot_ps_reg[0]/C
  -------------------------------------------------------------------    -------------------
    SLICE_X65Y94         FDRE (Prop_fdre_C_Q)         0.141     1.617 r  FSM_onehot_ps_reg[0]/Q
                         net (fo=1, routed)           0.087     1.704    FSM_onehot_ps_reg_n_0_[0]
    SLICE_X64Y94         LUT2 (Prop_lut2_I0_O)        0.045     1.749 r  FSM_onehot_ps[1]_i_1/O
                         net (fo=1, routed)           0.000     1.749    FSM_onehot_ps[1]_i_1_n_0
    SLICE_X64Y94         FDRE                                         r  FSM_onehot_ps_reg[1]/D
  -------------------------------------------------------------------    -------------------

                         (clock sys_clk_pin rise edge)
                                                      0.000     0.000 r  
    W5                                                0.000     0.000 r  clk (IN)
                         net (fo=0)                   0.000     0.000    clk
    W5                   IBUF (Prop_ibuf_I_O)         0.414     0.414 r  clk_IBUF_inst/O
                         net (fo=1, routed)           0.685     1.099    clk_IBUF
    BUFGCTRL_X0Y0        BUFG (Prop_bufg_I_O)         0.029     1.128 r  clk_IBUF_BUFG_inst/O
                         net (fo=6, routed)           0.863     1.991    clk_IBUF_BUFG
    SLICE_X64Y94         FDRE                                         r  FSM_onehot_ps_reg[1]/C
                         clock pessimism             -0.502     1.489    
    SLICE_X64Y94         FDRE (Hold_fdre_C_D)         0.120     1.609    FSM_onehot_ps_reg[1]
  -------------------------------------------------------------------
                         required time                         -1.609    
                         arrival time                           1.749    
  -------------------------------------------------------------------
                         slack                                  0.140    

Slack (MET) :             0.196ns  (arrival time - required time)
  Source:                 FSM_onehot_ps_reg[2]/C
                            (rising edge-triggered cell FDRE clocked by sys_clk_pin  {rise@0.000ns fall@5.000ns period=10.000ns})
  Destination:            FSM_onehot_ps_reg[3]/D
                            (rising edge-triggered cell FDRE clocked by sys_clk_pin  {rise@0.000ns fall@5.000ns period=10.000ns})
  Path Group:             sys_clk_pin
  Path Type:              Hold (Min at Fast Process Corner)
  Requirement:            0.000ns  (sys_clk_pin rise@0.000ns - sys_clk_pin rise@0.000ns)
  Data Path Delay:        0.269ns  (logic 0.141ns (52.358%)  route 0.128ns (47.642%))
  Logic Levels:           0  
  Clock Path Skew:        0.013ns (DCD - SCD - CPR)
    Destination Clock Delay (DCD):    1.991ns
    Source Clock Delay      (SCD):    1.476ns
    Clock Pessimism Removal (CPR):    0.502ns

    Location             Delay type                Incr(ns)  Path(ns)    Netlist Resource(s)
  -------------------------------------------------------------------    -------------------
                         (clock sys_clk_pin rise edge)
                                                      0.000     0.000 r  
    W5                                                0.000     0.000 r  clk (IN)
                         net (fo=0)                   0.000     0.000    clk
    W5                   IBUF (Prop_ibuf_I_O)         0.226     0.226 r  clk_IBUF_inst/O
                         net (fo=1, routed)           0.631     0.858    clk_IBUF
    BUFGCTRL_X0Y0        BUFG (Prop_bufg_I_O)         0.026     0.884 r  clk_IBUF_BUFG_inst/O
                         net (fo=6, routed)           0.593     1.476    clk_IBUF_BUFG
    SLICE_X65Y94         FDRE                                         r  FSM_onehot_ps_reg[2]/C
  -------------------------------------------------------------------    -------------------
    SLICE_X65Y94         FDRE (Prop_fdre_C_Q)         0.141     1.617 r  FSM_onehot_ps_reg[2]/Q
                         net (fo=4, routed)           0.128     1.746    FSM_onehot_ps_reg_n_0_[2]
    SLICE_X64Y94         FDRE                                         r  FSM_onehot_ps_reg[3]/D
  -------------------------------------------------------------------    -------------------

                         (clock sys_clk_pin rise edge)
                                                      0.000     0.000 r  
    W5                                                0.000     0.000 r  clk (IN)
                         net (fo=0)                   0.000     0.000    clk
    W5                   IBUF (Prop_ibuf_I_O)         0.414     0.414 r  clk_IBUF_inst/O
                         net (fo=1, routed)           0.685     1.099    clk_IBUF
    BUFGCTRL_X0Y0        BUFG (Prop_bufg_I_O)         0.029     1.128 r  clk_IBUF_BUFG_inst/O
                         net (fo=6, routed)           0.863     1.991    clk_IBUF_BUFG
    SLICE_X64Y94         FDRE                                         r  FSM_onehot_ps_reg[3]/C
                         clock pessimism             -0.502     1.489    
    SLICE_X64Y94         FDRE (Hold_fdre_C_D)         0.060     1.549    FSM_onehot_ps_reg[3]
  -------------------------------------------------------------------
                         required time                         -1.549    
                         arrival time                           1.746    
  -------------------------------------------------------------------
                         slack                                  0.196    

Slack (MET) :             0.284ns  (arrival time - required time)
  Source:                 FSM_onehot_ps_reg[3]/C
                            (rising edge-triggered cell FDRE clocked by sys_clk_pin  {rise@0.000ns fall@5.000ns period=10.000ns})
  Destination:            FSM_onehot_ps_reg[4]/D
                            (rising edge-triggered cell FDRE clocked by sys_clk_pin  {rise@0.000ns fall@5.000ns period=10.000ns})
  Path Group:             sys_clk_pin
  Path Type:              Hold (Min at Fast Process Corner)
  Requirement:            0.000ns  (sys_clk_pin rise@0.000ns - sys_clk_pin rise@0.000ns)
  Data Path Delay:        0.283ns  (logic 0.148ns (52.311%)  route 0.135ns (47.689%))
  Logic Levels:           0  
  Clock Path Skew:        0.000ns (DCD - SCD - CPR)
    Destination Clock Delay (DCD):    1.991ns
    Source Clock Delay      (SCD):    1.476ns
    Clock Pessimism Removal (CPR):    0.515ns

    Location             Delay type                Incr(ns)  Path(ns)    Netlist Resource(s)
  -------------------------------------------------------------------    -------------------
                         (clock sys_clk_pin rise edge)
                                                      0.000     0.000 r  
    W5                                                0.000     0.000 r  clk (IN)
                         net (fo=0)                   0.000     0.000    clk
    W5                   IBUF (Prop_ibuf_I_O)         0.226     0.226 r  clk_IBUF_inst/O
                         net (fo=1, routed)           0.631     0.858    clk_IBUF
    BUFGCTRL_X0Y0        BUFG (Prop_bufg_I_O)         0.026     0.884 r  clk_IBUF_BUFG_inst/O
                         net (fo=6, routed)           0.593     1.476    clk_IBUF_BUFG
    SLICE_X64Y94         FDRE                                         r  FSM_onehot_ps_reg[3]/C
  -------------------------------------------------------------------    -------------------
    SLICE_X64Y94         FDRE (Prop_fdre_C_Q)         0.148     1.624 r  FSM_onehot_ps_reg[3]/Q
                         net (fo=4, routed)           0.135     1.759    FSM_onehot_ps_reg_n_0_[3]
    SLICE_X64Y94         FDRE                                         r  FSM_onehot_ps_reg[4]/D
  -------------------------------------------------------------------    -------------------

                         (clock sys_clk_pin rise edge)
                                                      0.000     0.000 r  
    W5                                                0.000     0.000 r  clk (IN)
                         net (fo=0)                   0.000     0.000    clk
    W5                   IBUF (Prop_ibuf_I_O)         0.414     0.414 r  clk_IBUF_inst/O
                         net (fo=1, routed)           0.685     1.099    clk_IBUF
    BUFGCTRL_X0Y0        BUFG (Prop_bufg_I_O)         0.029     1.128 r  clk_IBUF_BUFG_inst/O
                         net (fo=6, routed)           0.863     1.991    clk_IBUF_BUFG
    SLICE_X64Y94         FDRE                                         r  FSM_onehot_ps_reg[4]/C
                         clock pessimism             -0.515     1.476    
    SLICE_X64Y94         FDRE (Hold_fdre_C_D)        -0.001     1.475    FSM_onehot_ps_reg[4]
  -------------------------------------------------------------------
                         required time                         -1.475    
                         arrival time                           1.759    
  -------------------------------------------------------------------
                         slack                                  0.284    

Slack (MET) :             0.289ns  (arrival time - required time)
  Source:                 FSM_onehot_ps_reg[1]/C
                            (rising edge-triggered cell FDRE clocked by sys_clk_pin  {rise@0.000ns fall@5.000ns period=10.000ns})
  Destination:            FSM_onehot_ps_reg[2]/D
                            (rising edge-triggered cell FDRE clocked by sys_clk_pin  {rise@0.000ns fall@5.000ns period=10.000ns})
  Path Group:             sys_clk_pin
  Path Type:              Hold (Min at Fast Process Corner)
  Requirement:            0.000ns  (sys_clk_pin rise@0.000ns - sys_clk_pin rise@0.000ns)
  Data Path Delay:        0.368ns  (logic 0.164ns (44.507%)  route 0.204ns (55.493%))
  Logic Levels:           0  
  Clock Path Skew:        0.013ns (DCD - SCD - CPR)
    Destination Clock Delay (DCD):    1.991ns
    Source Clock Delay      (SCD):    1.476ns
    Clock Pessimism Removal (CPR):    0.502ns

    Location             Delay type                Incr(ns)  Path(ns)    Netlist Resource(s)
  -------------------------------------------------------------------    -------------------
                         (clock sys_clk_pin rise edge)
                                                      0.000     0.000 r  
    W5                                                0.000     0.000 r  clk (IN)
                         net (fo=0)                   0.000     0.000    clk
    W5                   IBUF (Prop_ibuf_I_O)         0.226     0.226 r  clk_IBUF_inst/O
                         net (fo=1, routed)           0.631     0.858    clk_IBUF
    BUFGCTRL_X0Y0        BUFG (Prop_bufg_I_O)         0.026     0.884 r  clk_IBUF_BUFG_inst/O
                         net (fo=6, routed)           0.593     1.476    clk_IBUF_BUFG
    SLICE_X64Y94         FDRE                                         r  FSM_onehot_ps_reg[1]/C
  -------------------------------------------------------------------    -------------------
    SLICE_X64Y94         FDRE (Prop_fdre_C_Q)         0.164     1.640 r  FSM_onehot_ps_reg[1]/Q
                         net (fo=5, routed)           0.204     1.845    FSM_onehot_ps_reg_n_0_[1]
    SLICE_X65Y94         FDRE                                         r  FSM_onehot_ps_reg[2]/D
  -------------------------------------------------------------------    -------------------

                         (clock sys_clk_pin rise edge)
                                                      0.000     0.000 r  
    W5                                                0.000     0.000 r  clk (IN)
                         net (fo=0)                   0.000     0.000    clk
    W5                   IBUF (Prop_ibuf_I_O)         0.414     0.414 r  clk_IBUF_inst/O
                         net (fo=1, routed)           0.685     1.099    clk_IBUF
    BUFGCTRL_X0Y0        BUFG (Prop_bufg_I_O)         0.029     1.128 r  clk_IBUF_BUFG_inst/O
                         net (fo=6, routed)           0.863     1.991    clk_IBUF_BUFG
    SLICE_X65Y94         FDRE                                         r  FSM_onehot_ps_reg[2]/C
                         clock pessimism             -0.502     1.489    
    SLICE_X65Y94         FDRE (Hold_fdre_C_D)         0.066     1.555    FSM_onehot_ps_reg[2]
  -------------------------------------------------------------------
                         required time                         -1.555    
                         arrival time                           1.845    
  -------------------------------------------------------------------
                         slack                                  0.289    

Slack (MET) :             0.314ns  (arrival time - required time)
  Source:                 FSM_onehot_ps_reg[4]/C
                            (rising edge-triggered cell FDRE clocked by sys_clk_pin  {rise@0.000ns fall@5.000ns period=10.000ns})
  Destination:            FSM_onehot_ps_reg[5]/D
                            (rising edge-triggered cell FDRE clocked by sys_clk_pin  {rise@0.000ns fall@5.000ns period=10.000ns})
  Path Group:             sys_clk_pin
  Path Type:              Hold (Min at Fast Process Corner)
  Requirement:            0.000ns  (sys_clk_pin rise@0.000ns - sys_clk_pin rise@0.000ns)
  Data Path Delay:        0.377ns  (logic 0.164ns (43.484%)  route 0.213ns (56.516%))
  Logic Levels:           0  
  Clock Path Skew:        0.000ns (DCD - SCD - CPR)
    Destination Clock Delay (DCD):    1.991ns
    Source Clock Delay      (SCD):    1.476ns
    Clock Pessimism Removal (CPR):    0.515ns

    Location             Delay type                Incr(ns)  Path(ns)    Netlist Resource(s)
  -------------------------------------------------------------------    -------------------
                         (clock sys_clk_pin rise edge)
                                                      0.000     0.000 r  
    W5                                                0.000     0.000 r  clk (IN)
                         net (fo=0)                   0.000     0.000    clk
    W5                   IBUF (Prop_ibuf_I_O)         0.226     0.226 r  clk_IBUF_inst/O
                         net (fo=1, routed)           0.631     0.858    clk_IBUF
    BUFGCTRL_X0Y0        BUFG (Prop_bufg_I_O)         0.026     0.884 r  clk_IBUF_BUFG_inst/O
                         net (fo=6, routed)           0.593     1.476    clk_IBUF_BUFG
    SLICE_X64Y94         FDRE                                         r  FSM_onehot_ps_reg[4]/C
  -------------------------------------------------------------------    -------------------
    SLICE_X64Y94         FDRE (Prop_fdre_C_Q)         0.164     1.640 r  FSM_onehot_ps_reg[4]/Q
                         net (fo=4, routed)           0.213     1.853    FSM_onehot_ps_reg_n_0_[4]
    SLICE_X64Y94         FDRE                                         r  FSM_onehot_ps_reg[5]/D
  -------------------------------------------------------------------    -------------------

                         (clock sys_clk_pin rise edge)
                                                      0.000     0.000 r  
    W5                                                0.000     0.000 r  clk (IN)
                         net (fo=0)                   0.000     0.000    clk
    W5                   IBUF (Prop_ibuf_I_O)         0.414     0.414 r  clk_IBUF_inst/O
                         net (fo=1, routed)           0.685     1.099    clk_IBUF
    BUFGCTRL_X0Y0        BUFG (Prop_bufg_I_O)         0.029     1.128 r  clk_IBUF_BUFG_inst/O
                         net (fo=6, routed)           0.863     1.991    clk_IBUF_BUFG
    SLICE_X64Y94         FDRE                                         r  FSM_onehot_ps_reg[5]/C
                         clock pessimism             -0.515     1.476    
    SLICE_X64Y94         FDRE (Hold_fdre_C_D)         0.063     1.539    FSM_onehot_ps_reg[5]
  -------------------------------------------------------------------
                         required time                         -1.539    
                         arrival time                           1.853    
  -------------------------------------------------------------------
                         slack                                  0.314    





Pulse Width Checks
--------------------------------------------------------------------------------------
Clock Name:         sys_clk_pin
Waveform(ns):       { 0.000 5.000 }
Period(ns):         10.000
Sources:            { clk }

Check Type        Corner  Lib Pin  Reference Pin  Required(ns)  Actual(ns)  Slack(ns)  Location       Pin
Min Period        n/a     BUFG/I   n/a            2.155         10.000      7.845      BUFGCTRL_X0Y0  clk_IBUF_BUFG_inst/I
Min Period        n/a     FDRE/C   n/a            1.000         10.000      9.000      SLICE_X65Y94   FSM_onehot_ps_reg[0]/C
Min Period        n/a     FDRE/C   n/a            1.000         10.000      9.000      SLICE_X64Y94   FSM_onehot_ps_reg[1]/C
Min Period        n/a     FDRE/C   n/a            1.000         10.000      9.000      SLICE_X65Y94   FSM_onehot_ps_reg[2]/C
Min Period        n/a     FDRE/C   n/a            1.000         10.000      9.000      SLICE_X64Y94   FSM_onehot_ps_reg[3]/C
Min Period        n/a     FDRE/C   n/a            1.000         10.000      9.000      SLICE_X64Y94   FSM_onehot_ps_reg[4]/C
Min Period        n/a     FDRE/C   n/a            1.000         10.000      9.000      SLICE_X64Y94   FSM_onehot_ps_reg[5]/C
Low Pulse Width   Slow    FDRE/C   n/a            0.500         5.000       4.500      SLICE_X65Y94   FSM_onehot_ps_reg[0]/C
Low Pulse Width   Fast    FDRE/C   n/a            0.500         5.000       4.500      SLICE_X65Y94   FSM_onehot_ps_reg[0]/C
Low Pulse Width   Slow    FDRE/C   n/a            0.500         5.000       4.500      SLICE_X64Y94   FSM_onehot_ps_reg[1]/C
Low Pulse Width   Fast    FDRE/C   n/a            0.500         5.000       4.500      SLICE_X64Y94   FSM_onehot_ps_reg[1]/C
Low Pulse Width   Slow    FDRE/C   n/a            0.500         5.000       4.500      SLICE_X65Y94   FSM_onehot_ps_reg[2]/C
Low Pulse Width   Fast    FDRE/C   n/a            0.500         5.000       4.500      SLICE_X65Y94   FSM_onehot_ps_reg[2]/C
Low Pulse Width   Slow    FDRE/C   n/a            0.500         5.000       4.500      SLICE_X64Y94   FSM_onehot_ps_reg[3]/C
Low Pulse Width   Fast    FDRE/C   n/a            0.500         5.000       4.500      SLICE_X64Y94   FSM_onehot_ps_reg[3]/C
Low Pulse Width   Slow    FDRE/C   n/a            0.500         5.000       4.500      SLICE_X64Y94   FSM_onehot_ps_reg[4]/C
Low Pulse Width   Fast    FDRE/C   n/a            0.500         5.000       4.500      SLICE_X64Y94   FSM_onehot_ps_reg[4]/C
High Pulse Width  Slow    FDRE/C   n/a            0.500         5.000       4.500      SLICE_X65Y94   FSM_onehot_ps_reg[0]/C
High Pulse Width  Slow    FDRE/C   n/a            0.500         5.000       4.500      SLICE_X64Y94   FSM_onehot_ps_reg[1]/C
High Pulse Width  Slow    FDRE/C   n/a            0.500         5.000       4.500      SLICE_X65Y94   FSM_onehot_ps_reg[2]/C
High Pulse Width  Slow    FDRE/C   n/a            0.500         5.000       4.500      SLICE_X64Y94   FSM_onehot_ps_reg[3]/C
High Pulse Width  Slow    FDRE/C   n/a            0.500         5.000       4.500      SLICE_X64Y94   FSM_onehot_ps_reg[4]/C
High Pulse Width  Slow    FDRE/C   n/a            0.500         5.000       4.500      SLICE_X64Y94   FSM_onehot_ps_reg[5]/C
High Pulse Width  Fast    FDRE/C   n/a            0.500         5.000       4.500      SLICE_X65Y94   FSM_onehot_ps_reg[0]/C
High Pulse Width  Fast    FDRE/C   n/a            0.500         5.000       4.500      SLICE_X64Y94   FSM_onehot_ps_reg[1]/C
High Pulse Width  Fast    FDRE/C   n/a            0.500         5.000       4.500      SLICE_X65Y94   FSM_onehot_ps_reg[2]/C
High Pulse Width  Fast    FDRE/C   n/a            0.500         5.000       4.500      SLICE_X64Y94   FSM_onehot_ps_reg[3]/C



