#-----------------------------------------------------------
# Vivado v2016.2 (64-bit)
# SW Build 1577090 on Thu Jun  2 16:32:40 MDT 2016
# IP Build 1577682 on Fri Jun  3 12:00:54 MDT 2016
# Start of session at: Tue Feb 20 15:54:36 2018
# Process ID: 11236
# Current directory: C:/Users/NWang/Desktop/hw3_new
# Command line: vivado.exe -gui_launcher_event rodinguilauncherevent9316 C:\Users\NWang\Desktop\hw3_new\hw3_new.xpr
# Log file: C:/Users/NWang/Desktop/hw3_new/vivado.log
# Journal file: C:/Users/NWang/Desktop/hw3_new\vivado.jou
#-----------------------------------------------------------
start_gui
open_project C:/Users/NWang/Desktop/hw3_new/hw3_new.xpr
INFO: [Project 1-313] Project file moved from 'C:/Users/NWang/OneDrive/Others/Documents/GitHub/rat-cpu/hw3_new' since last save.
Scanning sources...
Finished scanning sources
INFO: [IP_Flow 19-234] Refreshing IP repositories
INFO: [IP_Flow 19-1704] No user IP repositories specified
INFO: [IP_Flow 19-2313] Loaded Vivado IP repository 'C:/Xilinx/Vivado/2016.2/data/ip'.
update_compile_order -fileset sources_1
update_compile_order -fileset sources_1
update_compile_order -fileset sources_1
launch_simulation
INFO: [USF-XSim-27] Simulation object is 'sim_1'
INFO: [USF-XSim-37] Inspecting design source files for 'keypad_drvr' in fileset 'sim_1'...
INFO: [USF-XSim-97] Finding global include files...
INFO: [USF-XSim-98] Fetching design files from 'sim_1'...
INFO: [USF-XSim-2] XSim::Compile design
INFO: [USF-XSim-61] Executing 'COMPILE and ANALYZE' step in 'C:/Users/NWang/Desktop/hw3_new/hw3_new.sim/sim_1/behav'
"xvhdl -m64 --relax -prj keypad_drvr_vhdl.prj"
INFO: [VRFC 10-163] Analyzing VHDL file "C:/Users/NWang/Desktop/hw3_new/hw3_new.srcs/sources_1/new/clk_div_fs.vhd" into library xil_defaultlib
INFO: [VRFC 10-307] analyzing entity clk_div_fs
INFO: [VRFC 10-163] Analyzing VHDL file "C:/Users/NWang/Desktop/hw3_new/hw3_new.srcs/sources_1/new/keypad_fsm.vhd" into library xil_defaultlib
INFO: [VRFC 10-307] analyzing entity keypad_fsm
INFO: [VRFC 10-163] Analyzing VHDL file "C:/Users/NWang/Desktop/hw3_new/hw3_new.srcs/sources_1/new/keypad_driver.vhd" into library xil_defaultlib
INFO: [VRFC 10-307] analyzing entity keypad_drvr
INFO: [USF-XSim-69] 'compile' step finished in '1' seconds
INFO: [USF-XSim-3] XSim::Elaborate design
INFO: [USF-XSim-61] Executing 'ELABORATE' step in 'C:/Users/NWang/Desktop/hw3_new/hw3_new.sim/sim_1/behav'
Vivado Simulator 2016.2
Copyright 1986-1999, 2001-2016 Xilinx, Inc. All Rights Reserved.
Running: C:/Xilinx/Vivado/2016.2/bin/unwrapped/win64.o/xelab.exe -wto 0091659b798643e892da0b21cad8fb42 --debug typical --relax --mt 2 -L xil_defaultlib -L secureip --snapshot keypad_drvr_behav xil_defaultlib.keypad_drvr -log elaborate.log 
Using 2 slave threads.
Starting static elaboration
Completed static elaboration
Starting simulation data flow analysis
Completed simulation data flow analysis
Time Resolution for simulation is 1ps
Compiling package std.standard
Compiling package ieee.std_logic_1164
Compiling package ieee.std_logic_arith
Compiling package ieee.std_logic_unsigned
Compiling architecture my_clk_div of entity xil_defaultlib.clk_div_fs [clk_div_fs_default]
Compiling architecture behavioral of entity xil_defaultlib.keypad_fsm [keypad_fsm_default]
Compiling architecture behavioral of entity xil_defaultlib.keypad_drvr
Built simulation snapshot keypad_drvr_behav

****** Webtalk v2016.2 (64-bit)
  **** SW Build 1577090 on Thu Jun  2 16:32:40 MDT 2016
  **** IP Build 1577682 on Fri Jun  3 12:00:54 MDT 2016
    ** Copyright 1986-2016 Xilinx, Inc. All Rights Reserved.

source C:/Users/NWang/Desktop/hw3_new/hw3_new.sim/sim_1/behav/xsim.dir/keypad_drvr_behav/webtalk/xsim_webtalk.tcl -notrace
INFO: [Common 17-206] Exiting Webtalk at Tue Feb 20 15:57:55 2018...
INFO: [USF-XSim-69] 'elaborate' step finished in '2' seconds
INFO: [USF-XSim-4] XSim::Simulate design
INFO: [USF-XSim-61] Executing 'SIMULATE' step in 'C:/Users/NWang/Desktop/hw3_new/hw3_new.sim/sim_1/behav'
INFO: [USF-XSim-98] *** Running xsim
   with args "keypad_drvr_behav -key {Behavioral:sim_1:Functional:keypad_drvr} -tclbatch {keypad_drvr.tcl} -log {simulate.log}"
INFO: [USF-XSim-8] Loading simulator feature
Vivado Simulator 2016.2
Time resolution is 1 ps
source keypad_drvr.tcl
# set curr_wave [current_wave_config]
# if { [string length $curr_wave] == 0 } {
#   if { [llength [get_objects]] > 0} {
#     add_wave /
#     set_property needs_save false [current_wave_config]
#   } else {
#      send_msg_id Add_Wave-1 WARNING "No top level signals found. Simulator will start without a wave window. If you want to open a wave window go to 'File->New Waveform Configuration' or type 'create_wave_config' in the TCL console."
#   }
# }
# run 1000ns
INFO: [USF-XSim-96] XSim completed. Design snapshot 'keypad_drvr_behav' loaded.
INFO: [USF-XSim-97] XSim simulation ran for 1000ns
launch_simulation: Time (s): cpu = 00:00:03 ; elapsed = 00:00:05 . Memory (MB): peak = 794.074 ; gain = 0.000
add_force {/keypad_drvr/clk} -radix hex {1 0ns} {0 5000ps} -repeat_every 10000ps
add_force {/keypad_drvr/cols} -radix hex {3 0ns}
run 500 ms
run: Time (s): cpu = 00:00:23 ; elapsed = 00:00:22 . Memory (MB): peak = 794.074 ; gain = 0.000
restart
INFO: [Simtcl 6-17] Simulation restarted
add_force {/keypad_drvr/clk} -radix hex {1 0ns} {0 50000ps} -repeat_every 100000ps
add_force {/keypad_drvr/cols} -radix hex {7 0ns}
run 500 ms
run: Time (s): cpu = 00:00:08 ; elapsed = 00:00:09 . Memory (MB): peak = 794.074 ; gain = 0.000
restart
INFO: [Simtcl 6-17] Simulation restarted
run 500 ms
run: Time (s): cpu = 00:00:07 ; elapsed = 00:00:07 . Memory (MB): peak = 796.992 ; gain = 0.000
restart
INFO: [Simtcl 6-17] Simulation restarted
run 100 ms
add_force {/keypad_drvr/clk} -radix hex {1 0ns} {0 50000ps} -repeat_every 100000ps
run 100 ms
add_force {/keypad_drvr/cols} -radix hex {3 0ns}
run 100 ms
add_force {/keypad_drvr/cols} -radix hex {7 0ns}
run 100 ms
add_force {/keypad_drvr/cols} -radix hex {D 0ns}
ERROR: [Simtcl 6-179] Couldn't add force for the following reason: Illegal value 'D': Object size 3 does not match size of given value D.
add_force {/keypad_drvr/cols} -radix hex {5 0ns}
run 100 ms
add_force {/keypad_drvr/cols} -radix hex {6 0ns}
run 100 ms
close_sim
INFO: [Simtcl 6-16] Simulation closed
exit
INFO: [Common 17-206] Exiting Vivado at Tue Feb 20 16:05:44 2018...
