#-----------------------------------------------------------
# Vivado v2016.2 (64-bit)
# SW Build 1577090 on Thu Jun  2 16:32:40 MDT 2016
# IP Build 1577682 on Fri Jun  3 12:00:54 MDT 2016
# Start of session at: Tue Feb 20 16:06:02 2018
# Process ID: 3304
# Current directory: C:/Users/NWang/Desktop/hw3_new
# Command line: vivado.exe -gui_launcher_event rodinguilauncherevent5284 C:\Users\NWang\Desktop\hw3_new\hw3_new.xpr
# Log file: C:/Users/NWang/Desktop/hw3_new/vivado.log
# Journal file: C:/Users/NWang/Desktop/hw3_new\vivado.jou
#-----------------------------------------------------------
start_gui
open_project C:/Users/NWang/Desktop/hw3_new/hw3_new.xpr
Scanning sources...
Finished scanning sources
INFO: [IP_Flow 19-234] Refreshing IP repositories
INFO: [IP_Flow 19-1704] No user IP repositories specified
INFO: [IP_Flow 19-2313] Loaded Vivado IP repository 'C:/Xilinx/Vivado/2016.2/data/ip'.
update_compile_order -fileset sources_1
exit
INFO: [Common 17-206] Exiting Vivado at Tue Feb 20 16:07:00 2018...
