
*** Running vivado
    with args -log keypad_drvr.vds -m64 -mode batch -messageDb vivado.pb -notrace -source keypad_drvr.tcl


****** Vivado v2016.2 (64-bit)
  **** SW Build 1577090 on Thu Jun  2 16:32:40 MDT 2016
  **** IP Build 1577682 on Fri Jun  3 12:00:54 MDT 2016
    ** Copyright 1986-2016 Xilinx, Inc. All Rights Reserved.

source keypad_drvr.tcl -notrace
Command: synth_design -top keypad_drvr -part xc7a35tcpg236-1
Starting synth_design
Attempting to get a license for feature 'Synthesis' and/or device 'xc7a35t'
INFO: [Common 17-349] Got license for feature 'Synthesis' and/or device 'xc7a35t'
INFO: Launching helper process for spawning children vivado processes
INFO: Helper process launched with PID 17332 
---------------------------------------------------------------------------------
Starting RTL Elaboration : Time (s): cpu = 00:00:06 ; elapsed = 00:00:08 . Memory (MB): peak = 267.105 ; gain = 60.496
---------------------------------------------------------------------------------
INFO: [Synth 8-638] synthesizing module 'keypad_drvr' [C:/Users/pangj/OneDrive - California Polytechnic State University/cpe233/hw3/hw3.srcs/sources_1/new/keypad_driver.vhd:45]
INFO: [Synth 8-3491] module 'clk_div_fs' declared at 'C:/Users/pangj/OneDrive - California Polytechnic State University/cpe233/hw3/hw3.srcs/sources_1/imports/new/clk_div_fs.vhd:33' bound to instance 'c1' of component 'clk_div_fs' [C:/Users/pangj/OneDrive - California Polytechnic State University/cpe233/hw3/hw3.srcs/sources_1/new/keypad_driver.vhd:64]
INFO: [Synth 8-638] synthesizing module 'clk_div_fs' [C:/Users/pangj/OneDrive - California Polytechnic State University/cpe233/hw3/hw3.srcs/sources_1/imports/new/clk_div_fs.vhd:38]
INFO: [Synth 8-256] done synthesizing module 'clk_div_fs' (1#1) [C:/Users/pangj/OneDrive - California Polytechnic State University/cpe233/hw3/hw3.srcs/sources_1/imports/new/clk_div_fs.vhd:38]
INFO: [Synth 8-3491] module 'keypad_fsm' declared at 'C:/Users/pangj/OneDrive - California Polytechnic State University/cpe233/hw3/hw3.srcs/sources_1/new/keypad_fsm.vhd:25' bound to instance 'f1' of component 'keypad_fsm' [C:/Users/pangj/OneDrive - California Polytechnic State University/cpe233/hw3/hw3.srcs/sources_1/new/keypad_driver.vhd:68]
INFO: [Synth 8-638] synthesizing module 'keypad_fsm' [C:/Users/pangj/OneDrive - California Polytechnic State University/cpe233/hw3/hw3.srcs/sources_1/new/keypad_fsm.vhd:34]
WARNING: [Synth 8-614] signal 'cols' is read in the process but is not in the sensitivity list [C:/Users/pangj/OneDrive - California Polytechnic State University/cpe233/hw3/hw3.srcs/sources_1/new/keypad_fsm.vhd:54]
INFO: [Synth 8-256] done synthesizing module 'keypad_fsm' (2#1) [C:/Users/pangj/OneDrive - California Polytechnic State University/cpe233/hw3/hw3.srcs/sources_1/new/keypad_fsm.vhd:34]
INFO: [Synth 8-256] done synthesizing module 'keypad_drvr' (3#1) [C:/Users/pangj/OneDrive - California Polytechnic State University/cpe233/hw3/hw3.srcs/sources_1/new/keypad_driver.vhd:45]
---------------------------------------------------------------------------------
Finished RTL Elaboration : Time (s): cpu = 00:00:07 ; elapsed = 00:00:08 . Memory (MB): peak = 303.465 ; gain = 96.855
---------------------------------------------------------------------------------

Report Check Netlist: 
+------+------------------+-------+---------+-------+------------------+
|      |Item              |Errors |Warnings |Status |Description       |
+------+------------------+-------+---------+-------+------------------+
|1     |multi_driven_nets |      0|        0|Passed |Multi driven nets |
+------+------------------+-------+---------+-------+------------------+
---------------------------------------------------------------------------------
Finished RTL Optimization Phase 1 : Time (s): cpu = 00:00:07 ; elapsed = 00:00:09 . Memory (MB): peak = 303.465 ; gain = 96.855
---------------------------------------------------------------------------------
INFO: [Device 21-403] Loading part xc7a35tcpg236-1
INFO: [Project 1-570] Preparing netlist for logic optimization

Processing XDC Constraints
Initializing timing engine
Parsing XDC File [C:/Users/pangj/OneDrive - California Polytechnic State University/cpe233/hw3/hw3.srcs/constrs_1/new/keypad_constraints.xdc]
Finished Parsing XDC File [C:/Users/pangj/OneDrive - California Polytechnic State University/cpe233/hw3/hw3.srcs/constrs_1/new/keypad_constraints.xdc]
INFO: [Project 1-236] Implementation specific constraints were found while reading constraint file [C:/Users/pangj/OneDrive - California Polytechnic State University/cpe233/hw3/hw3.srcs/constrs_1/new/keypad_constraints.xdc]. These constraints will be ignored for synthesis but will be used in implementation. Impacted constraints are listed in the file [.Xil/keypad_drvr_propImpl.xdc].
Resolution: To avoid this warning, move constraints listed in [.Xil/keypad_drvr_propImpl.xdc] to another XDC file and exclude this new file from synthesis with the used_in_synthesis property (File Properties dialog in GUI) and re-run elaboration/synthesis.
Completed Processing XDC Constraints

INFO: [Project 1-111] Unisim Transformation Summary:
No Unisim elements were transformed.

Constraint Validation Runtime : Time (s): cpu = 00:00:00 ; elapsed = 00:00:00.004 . Memory (MB): peak = 592.039 ; gain = 0.000
---------------------------------------------------------------------------------
Finished Constraint Validation : Time (s): cpu = 00:00:16 ; elapsed = 00:00:18 . Memory (MB): peak = 592.039 ; gain = 385.430
---------------------------------------------------------------------------------
---------------------------------------------------------------------------------
Start Loading Part and Timing Information
---------------------------------------------------------------------------------
Loading part: xc7a35tcpg236-1
---------------------------------------------------------------------------------
Finished Loading Part and Timing Information : Time (s): cpu = 00:00:16 ; elapsed = 00:00:18 . Memory (MB): peak = 592.039 ; gain = 385.430
---------------------------------------------------------------------------------
---------------------------------------------------------------------------------
Start Applying 'set_property' XDC Constraints
---------------------------------------------------------------------------------
---------------------------------------------------------------------------------
Finished applying 'set_property' XDC Constraints : Time (s): cpu = 00:00:16 ; elapsed = 00:00:18 . Memory (MB): peak = 592.039 ; gain = 385.430
---------------------------------------------------------------------------------
INFO: [Synth 8-802] inferred FSM for state register 'ps_reg' in module 'keypad_fsm'
INFO: [Synth 8-5544] ROM "rows" won't be mapped to Block RAM because address size (3) smaller than threshold (5)
INFO: [Synth 8-5544] ROM "pressed_key" won't be mapped to Block RAM because address size (3) smaller than threshold (5)
INFO: [Synth 8-5544] ROM "led_state" won't be mapped to Block RAM because address size (3) smaller than threshold (5)
INFO: [Synth 8-5544] ROM "ns" won't be mapped to Block RAM because address size (3) smaller than threshold (5)
INFO: [Synth 8-5544] ROM "ns" won't be mapped to Block RAM because address size (3) smaller than threshold (5)
INFO: [Synth 8-5544] ROM "ns" won't be mapped to Block RAM because address size (3) smaller than threshold (5)
INFO: [Synth 8-5544] ROM "ns" won't be mapped to Block RAM because address size (3) smaller than threshold (5)
INFO: [Synth 8-5544] ROM "ns" won't be mapped to Block RAM because address size (3) smaller than threshold (5)
INFO: [Synth 8-5544] ROM "ns" won't be mapped to Block RAM because address size (3) smaller than threshold (5)
WARNING: [Synth 8-327] inferring latch for variable 'rows_reg' [C:/Users/pangj/OneDrive - California Polytechnic State University/cpe233/hw3/hw3.srcs/sources_1/new/keypad_fsm.vhd:69]
---------------------------------------------------------------------------------------------------
                   State |                     New Encoding |                Previous Encoding 
---------------------------------------------------------------------------------------------------
                 st_init |                              000 |                              000
                 st_row3 |                              001 |                              010
                 st_row2 |                              010 |                              011
                 st_row1 |                              011 |                              100
                 st_row0 |                              100 |                              101
                 st_hold |                              101 |                              001
---------------------------------------------------------------------------------------------------
INFO: [Synth 8-3354] encoded FSM with state register 'ps_reg' using encoding 'sequential' in module 'keypad_fsm'
WARNING: [Synth 8-327] inferring latch for variable 'led_state_reg' [C:/Users/pangj/OneDrive - California Polytechnic State University/cpe233/hw3/hw3.srcs/sources_1/new/keypad_fsm.vhd:82]
WARNING: [Synth 8-327] inferring latch for variable 'pressed_key_reg' [C:/Users/pangj/OneDrive - California Polytechnic State University/cpe233/hw3/hw3.srcs/sources_1/new/keypad_fsm.vhd:87]
---------------------------------------------------------------------------------
Finished RTL Optimization Phase 2 : Time (s): cpu = 00:00:16 ; elapsed = 00:00:19 . Memory (MB): peak = 592.039 ; gain = 385.430
---------------------------------------------------------------------------------

Report RTL Partitions: 
+-+--------------+------------+----------+
| |RTL Partition |Replication |Instances |
+-+--------------+------------+----------+
+-+--------------+------------+----------+
---------------------------------------------------------------------------------
Start RTL Component Statistics 
---------------------------------------------------------------------------------
Detailed RTL Component Info : 
+---Registers : 
	                1 Bit    Registers := 1     
+---Muxes : 
	   4 Input      8 Bit        Muxes := 3     
	   6 Input      8 Bit        Muxes := 1     
	   6 Input      4 Bit        Muxes := 2     
	  21 Input      3 Bit        Muxes := 1     
	   4 Input      1 Bit        Muxes := 1     
	   2 Input      1 Bit        Muxes := 1     
	   6 Input      1 Bit        Muxes := 3     
---------------------------------------------------------------------------------
Finished RTL Component Statistics 
---------------------------------------------------------------------------------
---------------------------------------------------------------------------------
Start RTL Hierarchical Component Statistics 
---------------------------------------------------------------------------------
Hierarchical RTL Component report 
Module clk_div_fs 
Detailed RTL Component Info : 
+---Registers : 
	                1 Bit    Registers := 1     
Module keypad_fsm 
Detailed RTL Component Info : 
+---Muxes : 
	   4 Input      8 Bit        Muxes := 3     
	   6 Input      8 Bit        Muxes := 1     
	   6 Input      4 Bit        Muxes := 2     
	  21 Input      3 Bit        Muxes := 1     
	   4 Input      1 Bit        Muxes := 1     
	   2 Input      1 Bit        Muxes := 1     
	   6 Input      1 Bit        Muxes := 3     
---------------------------------------------------------------------------------
Finished RTL Hierarchical Component Statistics
---------------------------------------------------------------------------------
---------------------------------------------------------------------------------
Start Part Resource Summary
---------------------------------------------------------------------------------
Part Resources:
DSPs: 90 (col length:60)
BRAMs: 100 (col length: RAMB18 60 RAMB36 30)
---------------------------------------------------------------------------------
Finished Part Resource Summary
---------------------------------------------------------------------------------
Start Parallel Synthesis Optimization  : Time (s): cpu = 00:00:16 ; elapsed = 00:00:19 . Memory (MB): peak = 592.039 ; gain = 385.430
---------------------------------------------------------------------------------
Start Cross Boundary Optimization
---------------------------------------------------------------------------------
---------------------------------------------------------------------------------
Finished Cross Boundary Optimization : Time (s): cpu = 00:00:16 ; elapsed = 00:00:19 . Memory (MB): peak = 592.039 ; gain = 385.430
---------------------------------------------------------------------------------
Finished Parallel Reinference  : Time (s): cpu = 00:00:16 ; elapsed = 00:00:19 . Memory (MB): peak = 592.039 ; gain = 385.430

Report RTL Partitions: 
+-+--------------+------------+----------+
| |RTL Partition |Replication |Instances |
+-+--------------+------------+----------+
+-+--------------+------------+----------+
---------------------------------------------------------------------------------
Start Area Optimization
---------------------------------------------------------------------------------
INFO: [Synth 8-3886] merging instance 'f1/pressed_key_reg[4]' (LD) to 'f1/pressed_key_reg[7]'
INFO: [Synth 8-3886] merging instance 'f1/pressed_key_reg[5]' (LD) to 'f1/pressed_key_reg[7]'
INFO: [Synth 8-3886] merging instance 'f1/pressed_key_reg[6]' (LD) to 'f1/pressed_key_reg[7]'
INFO: [Synth 8-3333] propagating constant 0 across sequential element (\f1/pressed_key_reg[7] )
WARNING: [Synth 8-3332] Sequential element (f1/pressed_key_reg[7]) is unused and will be removed from module keypad_drvr.
WARNING: [Synth 8-3332] Sequential element (f1/pressed_key_reg[6]) is unused and will be removed from module keypad_drvr.
WARNING: [Synth 8-3332] Sequential element (f1/pressed_key_reg[5]) is unused and will be removed from module keypad_drvr.
WARNING: [Synth 8-3332] Sequential element (f1/pressed_key_reg[4]) is unused and will be removed from module keypad_drvr.
---------------------------------------------------------------------------------
Finished Area Optimization : Time (s): cpu = 00:00:17 ; elapsed = 00:00:19 . Memory (MB): peak = 592.039 ; gain = 385.430
---------------------------------------------------------------------------------
Finished Parallel Area Optimization  : Time (s): cpu = 00:00:17 ; elapsed = 00:00:19 . Memory (MB): peak = 592.039 ; gain = 385.430

Report RTL Partitions: 
+-+--------------+------------+----------+
| |RTL Partition |Replication |Instances |
+-+--------------+------------+----------+
+-+--------------+------------+----------+
---------------------------------------------------------------------------------
Start Timing Optimization
---------------------------------------------------------------------------------
---------------------------------------------------------------------------------
Start Applying XDC Timing Constraints
---------------------------------------------------------------------------------
---------------------------------------------------------------------------------
Finished Applying XDC Timing Constraints : Time (s): cpu = 00:00:28 ; elapsed = 00:00:30 . Memory (MB): peak = 592.039 ; gain = 385.430
---------------------------------------------------------------------------------
---------------------------------------------------------------------------------
Finished Timing Optimization : Time (s): cpu = 00:00:28 ; elapsed = 00:00:31 . Memory (MB): peak = 592.039 ; gain = 385.430
---------------------------------------------------------------------------------

Report RTL Partitions: 
+-+--------------+------------+----------+
| |RTL Partition |Replication |Instances |
+-+--------------+------------+----------+
+-+--------------+------------+----------+
---------------------------------------------------------------------------------
Start Technology Mapping
---------------------------------------------------------------------------------
---------------------------------------------------------------------------------
Finished Technology Mapping : Time (s): cpu = 00:00:28 ; elapsed = 00:00:31 . Memory (MB): peak = 592.039 ; gain = 385.430
---------------------------------------------------------------------------------
Finished Parallel Technology Mapping Optimization  : Time (s): cpu = 00:00:28 ; elapsed = 00:00:31 . Memory (MB): peak = 592.039 ; gain = 385.430

Report RTL Partitions: 
+-+--------------+------------+----------+
| |RTL Partition |Replication |Instances |
+-+--------------+------------+----------+
+-+--------------+------------+----------+
Finished Parallel Synthesis Optimization  : Time (s): cpu = 00:00:28 ; elapsed = 00:00:31 . Memory (MB): peak = 592.039 ; gain = 385.430
---------------------------------------------------------------------------------
Start IO Insertion
---------------------------------------------------------------------------------
---------------------------------------------------------------------------------
Start Flattening Before IO Insertion
---------------------------------------------------------------------------------
---------------------------------------------------------------------------------
Finished Flattening Before IO Insertion
---------------------------------------------------------------------------------
---------------------------------------------------------------------------------
Start Final Netlist Cleanup
---------------------------------------------------------------------------------
---------------------------------------------------------------------------------
Finished Final Netlist Cleanup
---------------------------------------------------------------------------------
---------------------------------------------------------------------------------
Finished IO Insertion : Time (s): cpu = 00:00:28 ; elapsed = 00:00:31 . Memory (MB): peak = 592.039 ; gain = 385.430
---------------------------------------------------------------------------------

Report Check Netlist: 
+------+------------------+-------+---------+-------+------------------+
|      |Item              |Errors |Warnings |Status |Description       |
+------+------------------+-------+---------+-------+------------------+
|1     |multi_driven_nets |      0|        0|Passed |Multi driven nets |
+------+------------------+-------+---------+-------+------------------+
---------------------------------------------------------------------------------
Start Renaming Generated Instances
---------------------------------------------------------------------------------
---------------------------------------------------------------------------------
Finished Renaming Generated Instances : Time (s): cpu = 00:00:28 ; elapsed = 00:00:31 . Memory (MB): peak = 592.039 ; gain = 385.430
---------------------------------------------------------------------------------

Report RTL Partitions: 
+-+--------------+------------+----------+
| |RTL Partition |Replication |Instances |
+-+--------------+------------+----------+
+-+--------------+------------+----------+
---------------------------------------------------------------------------------
Start Rebuilding User Hierarchy
---------------------------------------------------------------------------------
---------------------------------------------------------------------------------
Finished Rebuilding User Hierarchy : Time (s): cpu = 00:00:28 ; elapsed = 00:00:31 . Memory (MB): peak = 592.039 ; gain = 385.430
---------------------------------------------------------------------------------
---------------------------------------------------------------------------------
Start Renaming Generated Ports
---------------------------------------------------------------------------------
---------------------------------------------------------------------------------
Finished Renaming Generated Ports : Time (s): cpu = 00:00:28 ; elapsed = 00:00:31 . Memory (MB): peak = 592.039 ; gain = 385.430
---------------------------------------------------------------------------------
---------------------------------------------------------------------------------
Start Handling Custom Attributes
---------------------------------------------------------------------------------
---------------------------------------------------------------------------------
Finished Handling Custom Attributes : Time (s): cpu = 00:00:28 ; elapsed = 00:00:31 . Memory (MB): peak = 592.039 ; gain = 385.430
---------------------------------------------------------------------------------
---------------------------------------------------------------------------------
Start Renaming Generated Nets
---------------------------------------------------------------------------------
---------------------------------------------------------------------------------
Finished Renaming Generated Nets : Time (s): cpu = 00:00:28 ; elapsed = 00:00:31 . Memory (MB): peak = 592.039 ; gain = 385.430
---------------------------------------------------------------------------------
---------------------------------------------------------------------------------
Start Writing Synthesis Report
---------------------------------------------------------------------------------

Report BlackBoxes: 
+-+--------------+----------+
| |BlackBox name |Instances |
+-+--------------+----------+
+-+--------------+----------+

Report Cell Usage: 
+------+-------+------+
|      |Cell   |Count |
+------+-------+------+
|1     |BUFG   |     1|
|2     |CARRY4 |    12|
|3     |LUT1   |    32|
|4     |LUT2   |    33|
|5     |LUT3   |     6|
|6     |LUT4   |     2|
|7     |LUT5   |     2|
|8     |LUT6   |     5|
|9     |FDRE   |    36|
|10    |LD     |    12|
|11    |IBUF   |     4|
|12    |OBUF   |    16|
+------+-------+------+

Report Instance Areas: 
+------+---------+-----------+------+
|      |Instance |Module     |Cells |
+------+---------+-----------+------+
|1     |top      |           |   161|
|2     |  c1     |clk_div_fs |   107|
|3     |  f1     |keypad_fsm |    33|
+------+---------+-----------+------+
---------------------------------------------------------------------------------
Finished Writing Synthesis Report : Time (s): cpu = 00:00:28 ; elapsed = 00:00:31 . Memory (MB): peak = 592.039 ; gain = 385.430
---------------------------------------------------------------------------------
Synthesis finished with 0 errors, 0 critical warnings and 7 warnings.
Synthesis Optimization Runtime : Time (s): cpu = 00:00:16 ; elapsed = 00:00:22 . Memory (MB): peak = 592.039 ; gain = 96.855
Synthesis Optimization Complete : Time (s): cpu = 00:00:28 ; elapsed = 00:00:31 . Memory (MB): peak = 592.039 ; gain = 385.430
INFO: [Project 1-571] Translating synthesized netlist
INFO: [Netlist 29-17] Analyzing 28 Unisim elements for replacement
INFO: [Netlist 29-28] Unisim Transformation completed in 0 CPU seconds
INFO: [Project 1-570] Preparing netlist for logic optimization
INFO: [Opt 31-138] Pushed 0 inverter(s) to 0 load pin(s).
INFO: [Project 1-111] Unisim Transformation Summary:
  A total of 12 instances were transformed.
  LD => LDCE: 12 instances

INFO: [Common 17-83] Releasing license: Synthesis
35 Infos, 8 Warnings, 0 Critical Warnings and 0 Errors encountered.
synth_design completed successfully
synth_design: Time (s): cpu = 00:00:28 ; elapsed = 00:00:29 . Memory (MB): peak = 592.039 ; gain = 385.430
report_utilization: Time (s): cpu = 00:00:00 ; elapsed = 00:00:00.021 . Memory (MB): peak = 592.039 ; gain = 0.000
INFO: [Common 17-206] Exiting Vivado at Mon Feb 19 00:47:06 2018...
