Unable to capture context for thread 11780 in process 16968, can not generate back trace
Exception at PC 0x00007FFB1E1B3FB8
Unable to capture context for thread 11780 in process 16968, can not generate back trace
Exception at PC 0x00007FFA8D17BB93
Printing stacktrace...

Exception at PC 0x00007FFB1E1B3FB8
Exception at PC 0x00007FFB1E1B3FB8
Exception at PC 0x00007FFB1E1B3FB8
Exception at PC 0x00007FFB1E1B3FB8
Exception at PC 0x00007FFB1E1B3FB8
Exception at PC 0x00007FFB1E1B3FB8
Exception at PC 0x00007FFB1E1B3FB8
Exception at PC 0x00007FFB1E1B3FB8
Exception at PC 0x00007FFB1E1B3FB8
Exception at PC 0x00007FFB1E1B3FB8
Exception at PC 0x00007FFB1E1B3FB8
Exception at PC 0x00007FFB1E1B3FB8
[0]  [0x00007FFA8D17BB93]
[1]  [0x00007FFA8D17BB93]
[2]  [0x00007FFA8D17B4A1]
[3]  [0x00007FFA8D17B3EF]
[4]  [0x00007FFA8D1619FE]
[5]  [0x00007FFA8D160ED1]
[6]  [0x00007FFA8D160D76]
[7]  [0x00007FFA8D1079F6]
[8]  [0x00007FFA8D0F7AFB]
[9]  [0x00007FFA8D21E90A]
[10]  [0x00007FFA8D239F87]
[11]  [0x00007FFA8D23A05F]
[12] (BaseThreadInitThunk+0x14) [0x00007FFB20331FE4]
[13] (RtlUserThreadStart+0x21) [0x00007FFB21BAEFB1]
Done
Exception at PC 0x00007FFB1E1B3FB8
Exception at PC 0x00007FFB1E1B3FB8
Exception at PC 0x00007FFB1E1B3FB8
Exception at PC 0x00007FFB1E1B3FB8
Exception at PC 0x00007FFB1E1B3FB8
Exception at PC 0x00007FFB1E1B3FB8
Exception at PC 0x00007FFB1E1B3FB8
