#-----------------------------------------------------------
# Vivado v2016.2 (64-bit)
# SW Build 1577090 on Thu Jun  2 16:32:40 MDT 2016
# IP Build 1577682 on Fri Jun  3 12:00:54 MDT 2016
# Start of session at: Wed Mar 07 21:59:33 2018
# Process ID: 12200
# Current directory: C:/Users/pangj/OneDrive - California Polytechnic State University/rat-cpu/rat_mcu/rat_mcu
# Command line: vivado.exe -gui_launcher_event rodinguilauncherevent5564 C:\Users\pangj\OneDrive - California Polytechnic State University\rat-cpu\rat_mcu\rat_mcu\rat_mcu.xpr
# Log file: C:/Users/pangj/OneDrive - California Polytechnic State University/rat-cpu/rat_mcu/rat_mcu/vivado.log
# Journal file: C:/Users/pangj/OneDrive - California Polytechnic State University/rat-cpu/rat_mcu/rat_mcu\vivado.jou
#-----------------------------------------------------------
start_gui
open_project {C:/Users/pangj/OneDrive - California Polytechnic State University/rat-cpu/rat_mcu/rat_mcu/rat_mcu.xpr}
INFO: [ProjectBase 1-489] The host OS only allows 260 characters in a normal path. The project is stored in a path with more than 80 characters. If you experience issues with IP, Block Designs, or files not being found, please consider moving the project to a location with a shorter path. Alternately consider using the OS subst command to map part of the path to a drive letter.
Current project path is 'C:/Users/pangj/OneDrive - California Polytechnic State University/rat-cpu/rat_mcu/rat_mcu'
INFO: [Project 1-313] Project file moved from 'C:/Users/NWang/OneDrive/Others/Documents/GitHub/rat-cpu/rat_mcu/rat_mcu' since last save.
Scanning sources...
Finished scanning sources
INFO: [IP_Flow 19-234] Refreshing IP repositories
INFO: [IP_Flow 19-1704] No user IP repositories specified
INFO: [IP_Flow 19-2313] Loaded Vivado IP repository 'C:/Xilinx/Vivado/2016.2/data/ip'.
open_project: Time (s): cpu = 00:00:19 ; elapsed = 00:00:10 . Memory (MB): peak = 753.645 ; gain = 126.934
update_compile_order -fileset sources_1
save_project_as hoop_driver {C:/Users/pangj/OneDrive - California Polytechnic State University/rat-cpu/final_project/hoop_driver} -force
INFO: [ProjectBase 1-489] The host OS only allows 260 characters in a normal path. The project is stored in a path with more than 80 characters. If you experience issues with IP, Block Designs, or files not being found, please consider moving the project to a location with a shorter path. Alternately consider using the OS subst command to map part of the path to a drive letter.
Current project path is 'C:/Users/pangj/OneDrive - California Polytechnic State University/rat-cpu/final_project/hoop_driver'
update_compile_order -fileset sources_1
reset_run synth_1
launch_runs impl_1 -to_step write_bitstream
[Wed Mar 07 22:16:40 2018] Launched synth_1...
Run output will be captured here: C:/Users/pangj/OneDrive - California Polytechnic State University/rat-cpu/final_project/hoop_driver/hoop_driver.runs/synth_1/runme.log
[Wed Mar 07 22:16:40 2018] Launched impl_1...
Run output will be captured here: C:/Users/pangj/OneDrive - California Polytechnic State University/rat-cpu/final_project/hoop_driver/hoop_driver.runs/impl_1/runme.log
open_hw
connect_hw_server
INFO: [Labtools 27-2285] Connecting to hw_server url TCP:localhost:3121
INFO: [Labtools 27-2222] Launching hw_server...
INFO: [Labtools 27-2221] Launch Output:

****** Xilinx hw_server v2016.2
  **** Build date : Jun  2 2016-16:57:03
    ** Copyright 1986-2016 Xilinx, Inc. All Rights Reserved.


open_hw_target
INFO: [Labtoolstcl 44-466] Opening hw_target localhost:3121/xilinx_tcf/Digilent/210183A5824EA
set_property PROGRAM.FILE {C:/Users/pangj/OneDrive - California Polytechnic State University/rat-cpu/final_project/hoop_driver/hoop_driver.runs/impl_1/RAT_wrapper.bit} [lindex [get_hw_devices] 0]
current_hw_device [lindex [get_hw_devices] 0]
refresh_hw_device -update_hw_probes false [lindex [get_hw_devices] 0]
INFO: [Labtools 27-1434] Device xc7a35t (JTAG device index = 0) is programmed with a design that has no supported debug core(s) in it.
WARNING: [Labtools 27-3123] The debug hub core was not detected at User Scan Chain 1 or 3.
Resolution: 
1. Make sure the clock connected to the debug hub (dbg_hub) core is a free running clock and is active OR
2. Manually launch hw_server with -e "set xsdb-user-bscan <C_USER_SCAN_CHAIN scan_chain_number>" to detect the debug hub at User Scan Chain of 2 or 4. To determine the user scan chain setting, open the implemented design and use: get_property C_USER_SCAN_CHAIN [get_debug_cores dbg_hub].
set_property PROBES.FILE {} [lindex [get_hw_devices] 0]
set_property PROGRAM.FILE {C:/Users/pangj/OneDrive - California Polytechnic State University/rat-cpu/final_project/hoop_driver/hoop_driver.runs/impl_1/RAT_wrapper.bit} [lindex [get_hw_devices] 0]
program_hw_devices [lindex [get_hw_devices] 0]
INFO: [Labtools 27-3164] End of startup status: HIGH
refresh_hw_device [lindex [get_hw_devices] 0]
INFO: [Labtools 27-1434] Device xc7a35t (JTAG device index = 0) is programmed with a design that has no supported debug core(s) in it.
WARNING: [Labtools 27-3123] The debug hub core was not detected at User Scan Chain 1 or 3.
Resolution: 
1. Make sure the clock connected to the debug hub (dbg_hub) core is a free running clock and is active OR
2. Manually launch hw_server with -e "set xsdb-user-bscan <C_USER_SCAN_CHAIN scan_chain_number>" to detect the debug hub at User Scan Chain of 2 or 4. To determine the user scan chain setting, open the implemented design and use: get_property C_USER_SCAN_CHAIN [get_debug_cores dbg_hub].
exit
INFO: [Common 17-206] Exiting Vivado at Wed Mar 07 22:20:36 2018...
