Unable to capture context for thread 33500 in process 27548, can not generate back trace
Unable to capture context for thread 33500 in process 27548, can not generate back trace
Exception at PC 0x00007FFBFAB14008
Exception at PC 0x00007FFB7835BB93
Printing stacktrace...

Exception at PC 0x00007FFBFAB14008
Exception at PC 0x00007FFBFAB14008
Exception at PC 0x00007FFBFAB14008
Exception at PC 0x00007FFBFAB14008
Exception at PC 0x00007FFBFAB14008
Exception at PC 0x00007FFBFAB14008
Exception at PC 0x00007FFBFAB14008
Exception at PC 0x00007FFBFAB14008
Exception at PC 0x00007FFBFAB14008
Exception at PC 0x00007FFBFAB14008
Exception at PC 0x00007FFBFAB14008
Exception at PC 0x00007FFBFAB14008
Exception at PC 0x00007FFBFAB14008
[0]  [0x00007FFB7835BB93]
[1]  [0x00007FFB7835BB93]
[2]  [0x00007FFB7835B4A1]
[3]  [0x00007FFB7835B3EF]
[4]  [0x00007FFB783419FE]
[5]  [0x00007FFB78340ED1]
[6]  [0x00007FFB78340D76]
[7]  [0x00007FFB782E79F6]
[8]  [0x00007FFB782D7AFB]
[9]  [0x00007FFB783FE90A]
[10]  [0x00007FFB78419F87]
[11]  [0x00007FFB7841A05F]
[12] (BaseThreadInitThunk+0x14) [0x00007FFBFB4D1FE4]
[13] (RtlUserThreadStart+0x21) [0x00007FFBFDF3EFC1]
Done
Exception at PC 0x00007FFBFAB14008
Exception at PC 0x00007FFBFAB14008
Exception at PC 0x00007FFBFAB14008
Exception at PC 0x00007FFBFAB14008
Exception at PC 0x00007FFBFAB14008
Exception at PC 0x00007FFBFAB14008
