#-----------------------------------------------------------
# Vivado v2016.2 (64-bit)
# SW Build 1577090 on Thu Jun  2 16:32:40 MDT 2016
# IP Build 1577682 on Fri Jun  3 12:00:54 MDT 2016
# Start of session at: Tue Feb 20 22:48:22 2018
# Process ID: 6016
# Current directory: C:/Users/pangj/OneDrive - California Polytechnic State University/cpe233/hw3/hw3
# Command line: vivado.exe -gui_launcher_event rodinguilauncherevent13452 C:\Users\pangj\OneDrive - California Polytechnic State University\cpe233\hw3\hw3\hw3.xpr
# Log file: C:/Users/pangj/OneDrive - California Polytechnic State University/cpe233/hw3/hw3/vivado.log
# Journal file: C:/Users/pangj/OneDrive - California Polytechnic State University/cpe233/hw3/hw3\vivado.jou
#-----------------------------------------------------------
start_gui
open_project {C:/Users/pangj/OneDrive - California Polytechnic State University/cpe233/hw3/hw3/hw3.xpr}
Scanning sources...
Finished scanning sources
INFO: [IP_Flow 19-234] Refreshing IP repositories
INFO: [IP_Flow 19-1704] No user IP repositories specified
INFO: [IP_Flow 19-2313] Loaded Vivado IP repository 'C:/Xilinx/Vivado/2016.2/data/ip'.
open_project: Time (s): cpu = 00:00:22 ; elapsed = 00:00:10 . Memory (MB): peak = 752.246 ; gain = 109.000
update_compile_order -fileset sources_1
exit
INFO: [Common 17-206] Exiting Vivado at Tue Feb 20 22:49:09 2018...
ry (MB): peak = 734.074 ; gain = 80.973
update_compile_order -fileset sources_1
update_compile_order -fileset sources_1
update_compile_order -fileset sim_1
update_compile_order -fileset sources_1
update_compile_order -fileset sources_1
update_compile_order -fileset sources_1
exit
INFO: [Common 17-206] Exiting Vivado at Wed Feb 21 00:04:24 2018...
