#-----------------------------------------------------------
# Vivado v2016.2 (64-bit)
# SW Build 1577090 on Thu Jun  2 16:32:40 MDT 2016
# IP Build 1577682 on Fri Jun  3 12:00:54 MDT 2016
# Start of session at: Tue Feb 20 15:03:52 2018
# Process ID: 15012
# Current directory: C:/Users/pangj/OneDrive - California Polytechnic State University/cpe233/rat6
# Command line: vivado.exe -gui_launcher_event rodinguilauncherevent5496 C:\Users\pangj\OneDrive - California Polytechnic State University\cpe233\rat6\rat6.xpr
# Log file: C:/Users/pangj/OneDrive - California Polytechnic State University/cpe233/rat6/vivado.log
# Journal file: C:/Users/pangj/OneDrive - California Polytechnic State University/cpe233/rat6\vivado.jou
#-----------------------------------------------------------
start_gui
open_project {C:/Users/pangj/OneDrive - California Polytechnic State University/cpe233/rat6/rat6.xpr}
Scanning sources...
Finished scanning sources
WARNING: [filemgmt 56-3] IPUserFilesDir: Could not find the directory 'C:/Users/pangj/OneDrive - California Polytechnic State University/cpe233/rat6/rat6.ip_user_files'.
INFO: [IP_Flow 19-234] Refreshing IP repositories
INFO: [IP_Flow 19-1704] No user IP repositories specified
INFO: [IP_Flow 19-2313] Loaded Vivado IP repository 'C:/Xilinx/Vivado/2016.2/data/ip'.
open_project: Time (s): cpu = 00:00:17 ; elapsed = 00:00:09 . Memory (MB): peak = 746.156 ; gain = 114.270
update_compile_order -fileset sources_1
add_files -norecurse {{C:/Users/pangj/OneDrive - California Polytechnic State University/cpe233/rat6/rat6.srcs/sources_1/new/control_unit.vhd}}
update_compile_order -fileset sources_1
