#-----------------------------------------------------------
# Vivado v2016.2 (64-bit)
# SW Build 1577090 on Thu Jun  2 16:32:40 MDT 2016
# IP Build 1577682 on Fri Jun  3 12:00:54 MDT 2016
# Start of session at: Mon Feb 26 21:33:37 2018
# Process ID: 14116
# Current directory: C:/Users/pangj/OneDrive - California Polytechnic State University/cpe233/rat6
# Command line: vivado.exe -gui_launcher_event rodinguilauncherevent9396 C:\Users\pangj\OneDrive - California Polytechnic State University\cpe233\rat6\rat6.xpr
# Log file: C:/Users/pangj/OneDrive - California Polytechnic State University/cpe233/rat6/vivado.log
# Journal file: C:/Users/pangj/OneDrive - California Polytechnic State University/cpe233/rat6\vivado.jou
#-----------------------------------------------------------
start_gui
open_project {C:/Users/pangj/OneDrive - California Polytechnic State University/cpe233/rat6/rat6.xpr}
Scanning sources...
Finished scanning sources
INFO: [IP_Flow 19-234] Refreshing IP repositories
INFO: [IP_Flow 19-1704] No user IP repositories specified
INFO: [IP_Flow 19-2313] Loaded Vivado IP repository 'C:/Xilinx/Vivado/2016.2/data/ip'.
open_project: Time (s): cpu = 00:00:15 ; elapsed = 00:00:06 . Memory (MB): peak = 778.629 ; gain = 129.930
update_compile_order -fileset sources_1
save_project_as rat7_mcu {C:/Users/pangj/OneDrive - California Polytechnic State University/cpe233/rat7_mcu} -force
INFO: [ProjectBase 1-489] The host OS only allows 260 characters in a normal path. The project is stored in a path with more than 80 characters. If you experience issues with IP, Block Designs, or files not being found, please consider moving the project to a location with a shorter path. Alternately consider using the OS subst command to map part of the path to a drive letter.
Current project path is 'C:/Users/pangj/OneDrive - California Polytechnic State University/cpe233/rat7_mcu'
add_files -norecurse {{C:/Users/pangj/OneDrive - California Polytechnic State University/cpe233/rat7_sp/rat7/rat7.srcs/sources_1/new/stack_pointer.vhd}}
update_compile_order -fileset sources_1
add_files -norecurse {{C:/Users/pangj/OneDrive - California Polytechnic State University/cpe233/rat3/rat3.srcs/sources_1/new/Scratch_RAM.vhd}}
update_compile_order -fileset sources_1
update_compile_order -fileset sources_1
close [ open {C:/Users/pangj/OneDrive - California Polytechnic State University/cpe233/rat7_mcu/rat7_mcu.srcs/sources_1/new/mux_scr_data_in.vhd} w ]
add_files {{C:/Users/pangj/OneDrive - California Polytechnic State University/cpe233/rat7_mcu/rat7_mcu.srcs/sources_1/new/mux_scr_data_in.vhd}}
update_compile_order -fileset sources_1
update_compile_order -fileset sources_1
update_compile_order -fileset sources_1
