#-----------------------------------------------------------
# Vivado v2016.2 (64-bit)
# SW Build 1577090 on Thu Jun  2 16:32:40 MDT 2016
# IP Build 1577682 on Fri Jun  3 12:00:54 MDT 2016
# Start of session at: Mon Feb 26 21:33:37 2018
# Process ID: 14116
# Current directory: C:/Users/pangj/OneDrive - California Polytechnic State University/cpe233/rat6
# Command line: vivado.exe -gui_launcher_event rodinguilauncherevent9396 C:\Users\pangj\OneDrive - California Polytechnic State University\cpe233\rat6\rat6.xpr
# Log file: C:/Users/pangj/OneDrive - California Polytechnic State University/cpe233/rat6/vivado.log
# Journal file: C:/Users/pangj/OneDrive - California Polytechnic State University/cpe233/rat6\vivado.jou
#-----------------------------------------------------------
start_gui
open_project {C:/Users/pangj/OneDrive - California Polytechnic State University/cpe233/rat6/rat6.xpr}
Scanning sources...
Finished scanning sources
INFO: [IP_Flow 19-234] Refreshing IP repositories
INFO: [IP_Flow 19-1704] No user IP repositories specified
INFO: [IP_Flow 19-2313] Loaded Vivado IP repository 'C:/Xilinx/Vivado/2016.2/data/ip'.
open_project: Time (s): cpu = 00:00:15 ; elapsed = 00:00:06 . Memory (MB): peak = 778.629 ; gain = 129.930
update_compile_order -fileset sources_1
save_project_as rat7_mcu {C:/Users/pangj/OneDrive - California Polytechnic State University/cpe233/rat7_mcu} -force
INFO: [ProjectBase 1-489] The host OS only allows 260 characters in a normal path. The project is stored in a path with more than 80 characters. If you experience issues with IP, Block Designs, or files not being found, please consider moving the project to a location with a shorter path. Alternately consider using the OS subst command to map part of the path to a drive letter.
Current project path is 'C:/Users/pangj/OneDrive - California Polytechnic State University/cpe233/rat7_mcu'
add_files -norecurse {{C:/Users/pangj/OneDrive - California Polytechnic State University/cpe233/rat7_sp/rat7/rat7.srcs/sources_1/new/stack_pointer.vhd}}
update_compile_order -fileset sources_1
add_files -norecurse {{C:/Users/pangj/OneDrive - California Polytechnic State University/cpe233/rat3/rat3.srcs/sources_1/new/Scratch_RAM.vhd}}
update_compile_order -fileset sources_1
update_compile_order -fileset sources_1
close [ open {C:/Users/pangj/OneDrive - California Polytechnic State University/cpe233/rat7_mcu/rat7_mcu.srcs/sources_1/new/mux_scr_data_in.vhd} w ]
add_files {{C:/Users/pangj/OneDrive - California Polytechnic State University/cpe233/rat7_mcu/rat7_mcu.srcs/sources_1/new/mux_scr_data_in.vhd}}
update_compile_order -fileset sources_1
update_compile_order -fileset sources_1
update_compile_order -fileset sources_1
reset_run synth_1
launch_runs impl_1 -to_step write_bitstream
[Mon Feb 26 22:35:02 2018] Launched synth_1...
Run output will be captured here: C:/Users/pangj/OneDrive - California Polytechnic State University/cpe233/rat7_mcu/rat7_mcu.runs/synth_1/runme.log
[Mon Feb 26 22:35:02 2018] Launched impl_1...
Run output will be captured here: C:/Users/pangj/OneDrive - California Polytechnic State University/cpe233/rat7_mcu/rat7_mcu.runs/impl_1/runme.log
open_hw
connect_hw_server
INFO: [Labtools 27-2285] Connecting to hw_server url TCP:localhost:3121
INFO: [Labtools 27-2222] Launching hw_server...
INFO: [Labtools 27-2221] Launch Output:

****** Xilinx hw_server v2016.2
  **** Build date : Jun  2 2016-16:57:03
    ** Copyright 1986-2016 Xilinx, Inc. All Rights Reserved.


open_hw_target
INFO: [Labtoolstcl 44-466] Opening hw_target localhost:3121/xilinx_tcf/Digilent/210183A5824EA
set_property PROGRAM.FILE {C:/Users/pangj/OneDrive - California Polytechnic State University/cpe233/rat7_mcu/rat7_mcu.runs/impl_1/RAT_wrapper.bit} [lindex [get_hw_devices] 0]
current_hw_device [lindex [get_hw_devices] 0]
refresh_hw_device -update_hw_probes false [lindex [get_hw_devices] 0]
INFO: [Labtools 27-1434] Device xc7a35t (JTAG device index = 0) is programmed with a design that has no supported debug core(s) in it.
WARNING: [Labtools 27-3123] The debug hub core was not detected at User Scan Chain 1 or 3.
Resolution: 
1. Make sure the clock connected to the debug hub (dbg_hub) core is a free running clock and is active OR
2. Manually launch hw_server with -e "set xsdb-user-bscan <C_USER_SCAN_CHAIN scan_chain_number>" to detect the debug hub at User Scan Chain of 2 or 4. To determine the user scan chain setting, open the implemented design and use: get_property C_USER_SCAN_CHAIN [get_debug_cores dbg_hub].
set_property PROBES.FILE {} [lindex [get_hw_devices] 0]
set_property PROGRAM.FILE {C:/Users/pangj/OneDrive - California Polytechnic State University/cpe233/rat7_mcu/rat7_mcu.runs/impl_1/RAT_wrapper.bit} [lindex [get_hw_devices] 0]
program_hw_devices [lindex [get_hw_devices] 0]
INFO: [Labtools 27-3164] End of startup status: HIGH
refresh_hw_device [lindex [get_hw_devices] 0]
INFO: [Labtools 27-1434] Device xc7a35t (JTAG device index = 0) is programmed with a design that has no supported debug core(s) in it.
WARNING: [Labtools 27-3123] The debug hub core was not detected at User Scan Chain 1 or 3.
Resolution: 
1. Make sure the clock connected to the debug hub (dbg_hub) core is a free running clock and is active OR
2. Manually launch hw_server with -e "set xsdb-user-bscan <C_USER_SCAN_CHAIN scan_chain_number>" to detect the debug hub at User Scan Chain of 2 or 4. To determine the user scan chain setting, open the implemented design and use: get_property C_USER_SCAN_CHAIN [get_debug_cores dbg_hub].
reset_run synth_1
launch_runs impl_1 -to_step write_bitstream
[Mon Feb 26 22:56:22 2018] Launched synth_1...
Run output will be captured here: C:/Users/pangj/OneDrive - California Polytechnic State University/cpe233/rat7_mcu/rat7_mcu.runs/synth_1/runme.log
[Mon Feb 26 22:56:22 2018] Launched impl_1...
Run output will be captured here: C:/Users/pangj/OneDrive - California Polytechnic State University/cpe233/rat7_mcu/rat7_mcu.runs/impl_1/runme.log
set_property PROBES.FILE {} [lindex [get_hw_devices] 0]
set_property PROGRAM.FILE {C:/Users/pangj/OneDrive - California Polytechnic State University/cpe233/rat7_mcu/rat7_mcu.runs/impl_1/RAT_wrapper.bit} [lindex [get_hw_devices] 0]
program_hw_devices [lindex [get_hw_devices] 0]
INFO: [Labtools 27-3164] End of startup status: HIGH
refresh_hw_device [lindex [get_hw_devices] 0]
INFO: [Labtools 27-1434] Device xc7a35t (JTAG device index = 0) is programmed with a design that has no supported debug core(s) in it.
WARNING: [Labtools 27-3123] The debug hub core was not detected at User Scan Chain 1 or 3.
Resolution: 
1. Make sure the clock connected to the debug hub (dbg_hub) core is a free running clock and is active OR
2. Manually launch hw_server with -e "set xsdb-user-bscan <C_USER_SCAN_CHAIN scan_chain_number>" to detect the debug hub at User Scan Chain of 2 or 4. To determine the user scan chain setting, open the implemented design and use: get_property C_USER_SCAN_CHAIN [get_debug_cores dbg_hub].
reset_run synth_1
launch_runs impl_1 -to_step write_bitstream
[Mon Feb 26 23:43:42 2018] Launched synth_1...
Run output will be captured here: C:/Users/pangj/OneDrive - California Polytechnic State University/cpe233/rat7_mcu/rat7_mcu.runs/synth_1/runme.log
[Mon Feb 26 23:43:42 2018] Launched impl_1...
Run output will be captured here: C:/Users/pangj/OneDrive - California Polytechnic State University/cpe233/rat7_mcu/rat7_mcu.runs/impl_1/runme.log
set_property PROBES.FILE {} [lindex [get_hw_devices] 0]
set_property PROGRAM.FILE {C:/Users/pangj/OneDrive - California Polytechnic State University/cpe233/rat7_mcu/rat7_mcu.runs/impl_1/RAT_wrapper.bit} [lindex [get_hw_devices] 0]
program_hw_devices [lindex [get_hw_devices] 0]
INFO: [Labtools 27-3164] End of startup status: HIGH
refresh_hw_device [lindex [get_hw_devices] 0]
INFO: [Labtools 27-1434] Device xc7a35t (JTAG device index = 0) is programmed with a design that has no supported debug core(s) in it.
WARNING: [Labtools 27-3123] The debug hub core was not detected at User Scan Chain 1 or 3.
Resolution: 
1. Make sure the clock connected to the debug hub (dbg_hub) core is a free running clock and is active OR
2. Manually launch hw_server with -e "set xsdb-user-bscan <C_USER_SCAN_CHAIN scan_chain_number>" to detect the debug hub at User Scan Chain of 2 or 4. To determine the user scan chain setting, open the implemented design and use: get_property C_USER_SCAN_CHAIN [get_debug_cores dbg_hub].
launch_simulation
INFO: [USF-XSim-27] Simulation object is 'sim_1'
INFO: [USF-XSim-37] Inspecting design source files for 'RAT_wrapper' in fileset 'sim_1'...
INFO: [USF-XSim-97] Finding global include files...
INFO: [USF-XSim-98] Fetching design files from 'sim_1'...
INFO: [USF-XSim-2] XSim::Compile design
INFO: [USF-XSim-61] Executing 'COMPILE and ANALYZE' step in 'C:/Users/pangj/OneDrive - California Polytechnic State University/cpe233/rat7_mcu/rat7_mcu.sim/sim_1/behav'
"xvhdl -m64 --relax -prj RAT_wrapper_vhdl.prj"
INFO: [VRFC 10-163] Analyzing VHDL file "C:/Users/pangj/OneDrive - California Polytechnic State University/cpe233/rat7_mcu/rat7_mcu.srcs/sources_1/new/pc.vhd" into library xil_defaultlib
INFO: [VRFC 10-307] analyzing entity pc
INFO: [VRFC 10-163] Analyzing VHDL file "C:/Users/pangj/OneDrive - California Polytechnic State University/cpe233/rat7_mcu/rat7_mcu.srcs/sources_1/new/mux_4to1.vhd" into library xil_defaultlib
INFO: [VRFC 10-307] analyzing entity mux_4to1
INFO: [VRFC 10-163] Analyzing VHDL file "C:/Users/pangj/OneDrive - California Polytechnic State University/cpe233/rat7_sp/rat7/rat7.srcs/sources_1/new/stack_pointer.vhd" into library xil_defaultlib
INFO: [VRFC 10-307] analyzing entity stack_pointer
INFO: [VRFC 10-163] Analyzing VHDL file "C:/Users/pangj/OneDrive - California Polytechnic State University/cpe233/rat7_mcu/rat7_mcu.srcs/sources_1/new/mux_scr_data_in.vhd" into library xil_defaultlib
INFO: [VRFC 10-307] analyzing entity mux_2to1
INFO: [VRFC 10-163] Analyzing VHDL file "C:/Users/pangj/OneDrive - California Polytechnic State University/cpe233/rat3/rat3.srcs/sources_1/new/Scratch_RAM.vhd" into library xil_defaultlib
INFO: [VRFC 10-307] analyzing entity scratch_ram
INFO: [VRFC 10-163] Analyzing VHDL file "C:/Users/pangj/OneDrive - California Polytechnic State University/cpe233/rat7_mcu/rat7_mcu.srcs/sources_1/new/register_file.vhd" into library xil_defaultlib
INFO: [VRFC 10-307] analyzing entity REG_FILE
INFO: [VRFC 10-163] Analyzing VHDL file "C:/Users/pangj/OneDrive - California Polytechnic State University/cpe233/rat7_mcu/rat7_mcu.srcs/sources_1/new/rat_alu.vhd" into library xil_defaultlib
INFO: [VRFC 10-307] analyzing entity rat_alu
INFO: [VRFC 10-163] Analyzing VHDL file "C:/Users/pangj/OneDrive - California Polytechnic State University/cpe233/rat7_mcu/rat7_mcu.srcs/sources_1/new/rat2.vhd" into library xil_defaultlib
INFO: [VRFC 10-307] analyzing entity pc_wrapper
INFO: [VRFC 10-163] Analyzing VHDL file "C:/Users/pangj/OneDrive - California Polytechnic State University/cpe233/rat7_mcu/rat7_mcu.srcs/sources_1/new/prog_rom.vhd" into library xil_defaultlib
INFO: [VRFC 10-307] analyzing entity prog_rom
INFO: [VRFC 10-163] Analyzing VHDL file "C:/Users/pangj/OneDrive - California Polytechnic State University/cpe233/rat7_mcu/rat7_mcu.srcs/sources_1/new/mux_rf.vhd" into library xil_defaultlib
INFO: [VRFC 10-307] analyzing entity mux_rf
INFO: [VRFC 10-163] Analyzing VHDL file "C:/Users/pangj/OneDrive - California Polytechnic State University/cpe233/rat7_mcu/rat7_mcu.srcs/sources_1/new/mux_2T1.vhd" into library xil_defaultlib
INFO: [VRFC 10-307] analyzing entity mux_2T1
INFO: [VRFC 10-163] Analyzing VHDL file "C:/Users/pangj/OneDrive - California Polytechnic State University/cpe233/rat7_mcu/rat7_mcu.srcs/sources_1/new/d_flip_flop.vhd" into library xil_defaultlib
INFO: [VRFC 10-307] analyzing entity d_flip_flop
INFO: [VRFC 10-163] Analyzing VHDL file "C:/Users/pangj/OneDrive - California Polytechnic State University/cpe233/rat7_mcu/rat7_mcu.srcs/sources_1/new/control_unit.vhd" into library xil_defaultlib
INFO: [VRFC 10-307] analyzing entity control_unit
INFO: [VRFC 10-163] Analyzing VHDL file "C:/Users/pangj/OneDrive - California Polytechnic State University/cpe233/rat7_mcu/rat7_mcu.srcs/sources_1/new/rat_mcu.vhd" into library xil_defaultlib
INFO: [VRFC 10-307] analyzing entity rat_mcu
INFO: [VRFC 10-163] Analyzing VHDL file "C:/Users/pangj/OneDrive - California Polytechnic State University/cpe233/rat7_mcu/rat7_mcu.srcs/sources_1/new/RAT_WRAPPER.vhd" into library xil_defaultlib
INFO: [VRFC 10-307] analyzing entity RAT_wrapper
INFO: [USF-XSim-69] 'compile' step finished in '2' seconds
INFO: [USF-XSim-3] XSim::Elaborate design
INFO: [USF-XSim-61] Executing 'ELABORATE' step in 'C:/Users/pangj/OneDrive - California Polytechnic State University/cpe233/rat7_mcu/rat7_mcu.sim/sim_1/behav'
Vivado Simulator 2016.2
Copyright 1986-1999, 2001-2016 Xilinx, Inc. All Rights Reserved.
Running: C:/Xilinx/Vivado/2016.2/bin/unwrapped/win64.o/xelab.exe -wto 236dca1f2b3c4046a5803dda1ba8dd8f --debug typical --relax --mt 2 -L xil_defaultlib -L secureip --snapshot RAT_wrapper_behav xil_defaultlib.RAT_wrapper -log elaborate.log 
Using 2 slave threads.
Starting static elaboration
Completed static elaboration
Starting simulation data flow analysis
Completed simulation data flow analysis
Time Resolution for simulation is 1ps
Compiling package std.standard
Compiling package ieee.std_logic_1164
Compiling package ieee.numeric_std
Compiling package ieee.std_logic_arith
Compiling package ieee.std_logic_unsigned
Compiling package unisim.vcomponents
Compiling package ieee.std_logic_signed
Compiling package std.textio
Compiling package ieee.vital_timing
Compiling package ieee.vital_primitives
Compiling package unisim.vpkg
Compiling package ieee.std_logic_textio
Compiling architecture behavioral of entity xil_defaultlib.mux_4to1 [mux_4to1_default]
Compiling architecture behavioral of entity xil_defaultlib.pc [pc_default]
Compiling architecture behavioral of entity xil_defaultlib.pc_wrapper [pc_wrapper_default]
Compiling architecture rb18_internal_vhdl_v of entity unisim.RB18_INTERNAL_VHDL [\RB18_INTERNAL_VHDL(bram_size=18...]
Compiling architecture ramb18e1_v of entity unisim.RAMB18E1 [\RAMB18E1(initp_00="000000000000...]
Compiling architecture ramb16_s18_v of entity unisim.RAMB16_S18 [\RAMB16_S18(initp_00="0000000000...]
Compiling architecture low_level_definition of entity xil_defaultlib.prog_rom [prog_rom_default]
Compiling architecture behavioral of entity xil_defaultlib.REG_FILE [reg_file_default]
Compiling architecture behavioral of entity xil_defaultlib.mux_rf [mux_rf_default]
Compiling architecture behavioral of entity xil_defaultlib.rat_alu [rat_alu_default]
Compiling architecture behavioral of entity xil_defaultlib.mux_2T1 [mux_2t1_default]
Compiling architecture behavioral of entity xil_defaultlib.control_unit [control_unit_default]
Compiling architecture behavioral of entity xil_defaultlib.d_flip_flop [d_flip_flop_default]
Compiling architecture behavioral of entity xil_defaultlib.scratch_ram [scratch_ram_default]
Compiling architecture behavioral of entity xil_defaultlib.mux_2to1 [mux_2to1_default]
Compiling architecture behavioral of entity xil_defaultlib.stack_pointer [stack_pointer_default]
Compiling architecture behavioral of entity xil_defaultlib.rat_mcu [rat_mcu_default]
Compiling architecture behavioral of entity xil_defaultlib.rat_wrapper
Built simulation snapshot RAT_wrapper_behav
ERROR: [Common 17-165] Too many positional options when parsing '-notrace', please type 'webtalk -help' for usage info.

run_program: Time (s): cpu = 00:00:00 ; elapsed = 00:00:07 . Memory (MB): peak = 936.301 ; gain = 0.000
INFO: [USF-XSim-69] 'elaborate' step finished in '7' seconds
INFO: [USF-XSim-4] XSim::Simulate design
INFO: [USF-XSim-61] Executing 'SIMULATE' step in 'C:/Users/pangj/OneDrive - California Polytechnic State University/cpe233/rat7_mcu/rat7_mcu.sim/sim_1/behav'
INFO: [USF-XSim-98] *** Running xsim
   with args "RAT_wrapper_behav -key {Behavioral:sim_1:Functional:RAT_wrapper} -tclbatch {RAT_wrapper.tcl} -log {simulate.log}"
INFO: [USF-XSim-8] Loading simulator feature
Vivado Simulator 2016.2
Time resolution is 1 ps
source RAT_wrapper.tcl
# set curr_wave [current_wave_config]
# if { [string length $curr_wave] == 0 } {
#   if { [llength [get_objects]] > 0} {
#     add_wave /
#     set_property needs_save false [current_wave_config]
#   } else {
#      send_msg_id Add_Wave-1 WARNING "No top level signals found. Simulator will start without a wave window. If you want to open a wave window go to 'File->New Waveform Configuration' or type 'create_wave_config' in the TCL console."
#   }
# }
# run 1000ns
INFO: [USF-XSim-96] XSim completed. Design snapshot 'RAT_wrapper_behav' loaded.
INFO: [USF-XSim-97] XSim simulation ran for 1000ns
launch_simulation: Time (s): cpu = 00:00:04 ; elapsed = 00:00:12 . Memory (MB): peak = 936.301 ; gain = 0.000
reset_run synth_1
launch_runs impl_1 -to_step write_bitstream
[Tue Feb 27 00:11:51 2018] Launched synth_1...
Run output will be captured here: C:/Users/pangj/OneDrive - California Polytechnic State University/cpe233/rat7_mcu/rat7_mcu.runs/synth_1/runme.log
[Tue Feb 27 00:11:51 2018] Launched impl_1...
Run output will be captured here: C:/Users/pangj/OneDrive - California Polytechnic State University/cpe233/rat7_mcu/rat7_mcu.runs/impl_1/runme.log
set_property PROBES.FILE {} [lindex [get_hw_devices] 0]
set_property PROGRAM.FILE {C:/Users/pangj/OneDrive - California Polytechnic State University/cpe233/rat7_mcu/rat7_mcu.runs/impl_1/RAT_wrapper.bit} [lindex [get_hw_devices] 0]
program_hw_devices [lindex [get_hw_devices] 0]
INFO: [Labtools 27-3164] End of startup status: HIGH
refresh_hw_device [lindex [get_hw_devices] 0]
INFO: [Labtools 27-1434] Device xc7a35t (JTAG device index = 0) is programmed with a design that has no supported debug core(s) in it.
WARNING: [Labtools 27-3123] The debug hub core was not detected at User Scan Chain 1 or 3.
Resolution: 
1. Make sure the clock connected to the debug hub (dbg_hub) core is a free running clock and is active OR
2. Manually launch hw_server with -e "set xsdb-user-bscan <C_USER_SCAN_CHAIN scan_chain_number>" to detect the debug hub at User Scan Chain of 2 or 4. To determine the user scan chain setting, open the implemented design and use: get_property C_USER_SCAN_CHAIN [get_debug_cores dbg_hub].
reset_run synth_1
launch_runs impl_1 -to_step write_bitstream
[Tue Feb 27 00:17:59 2018] Launched synth_1...
Run output will be captured here: C:/Users/pangj/OneDrive - California Polytechnic State University/cpe233/rat7_mcu/rat7_mcu.runs/synth_1/runme.log
[Tue Feb 27 00:17:59 2018] Launched impl_1...
Run output will be captured here: C:/Users/pangj/OneDrive - California Polytechnic State University/cpe233/rat7_mcu/rat7_mcu.runs/impl_1/runme.log
set_property PROBES.FILE {} [lindex [get_hw_devices] 0]
set_property PROGRAM.FILE {C:/Users/pangj/OneDrive - California Polytechnic State University/cpe233/rat7_mcu/rat7_mcu.runs/impl_1/RAT_wrapper.bit} [lindex [get_hw_devices] 0]
program_hw_devices [lindex [get_hw_devices] 0]
INFO: [Labtools 27-3164] End of startup status: HIGH
refresh_hw_device [lindex [get_hw_devices] 0]
INFO: [Labtools 27-1434] Device xc7a35t (JTAG device index = 0) is programmed with a design that has no supported debug core(s) in it.
WARNING: [Labtools 27-3123] The debug hub core was not detected at User Scan Chain 1 or 3.
Resolution: 
1. Make sure the clock connected to the debug hub (dbg_hub) core is a free running clock and is active OR
2. Manually launch hw_server with -e "set xsdb-user-bscan <C_USER_SCAN_CHAIN scan_chain_number>" to detect the debug hub at User Scan Chain of 2 or 4. To determine the user scan chain setting, open the implemented design and use: get_property C_USER_SCAN_CHAIN [get_debug_cores dbg_hub].
reset_run synth_1
launch_runs impl_1 -to_step write_bitstream
[Tue Feb 27 00:21:08 2018] Launched synth_1...
Run output will be captured here: C:/Users/pangj/OneDrive - California Polytechnic State University/cpe233/rat7_mcu/rat7_mcu.runs/synth_1/runme.log
[Tue Feb 27 00:21:08 2018] Launched impl_1...
Run output will be captured here: C:/Users/pangj/OneDrive - California Polytechnic State University/cpe233/rat7_mcu/rat7_mcu.runs/impl_1/runme.log
set_property PROBES.FILE {} [lindex [get_hw_devices] 0]
set_property PROGRAM.FILE {C:/Users/pangj/OneDrive - California Polytechnic State University/cpe233/rat7_mcu/rat7_mcu.runs/impl_1/RAT_wrapper.bit} [lindex [get_hw_devices] 0]
program_hw_devices [lindex [get_hw_devices] 0]
INFO: [Labtools 27-3164] End of startup status: HIGH
refresh_hw_device [lindex [get_hw_devices] 0]
INFO: [Labtools 27-1434] Device xc7a35t (JTAG device index = 0) is programmed with a design that has no supported debug core(s) in it.
WARNING: [Labtools 27-3123] The debug hub core was not detected at User Scan Chain 1 or 3.
Resolution: 
1. Make sure the clock connected to the debug hub (dbg_hub) core is a free running clock and is active OR
2. Manually launch hw_server with -e "set xsdb-user-bscan <C_USER_SCAN_CHAIN scan_chain_number>" to detect the debug hub at User Scan Chain of 2 or 4. To determine the user scan chain setting, open the implemented design and use: get_property C_USER_SCAN_CHAIN [get_debug_cores dbg_hub].
reset_run synth_1
launch_runs impl_1 -to_step write_bitstream
[Tue Feb 27 00:34:25 2018] Launched synth_1...
Run output will be captured here: C:/Users/pangj/OneDrive - California Polytechnic State University/cpe233/rat7_mcu/rat7_mcu.runs/synth_1/runme.log
[Tue Feb 27 00:34:25 2018] Launched impl_1...
Run output will be captured here: C:/Users/pangj/OneDrive - California Polytechnic State University/cpe233/rat7_mcu/rat7_mcu.runs/impl_1/runme.log
set_property PROBES.FILE {} [lindex [get_hw_devices] 0]
set_property PROGRAM.FILE {C:/Users/pangj/OneDrive - California Polytechnic State University/cpe233/rat7_mcu/rat7_mcu.runs/impl_1/RAT_wrapper.bit} [lindex [get_hw_devices] 0]
program_hw_devices [lindex [get_hw_devices] 0]
INFO: [Labtools 27-3164] End of startup status: HIGH
refresh_hw_device [lindex [get_hw_devices] 0]
INFO: [Labtools 27-1434] Device xc7a35t (JTAG device index = 0) is programmed with a design that has no supported debug core(s) in it.
WARNING: [Labtools 27-3123] The debug hub core was not detected at User Scan Chain 1 or 3.
Resolution: 
1. Make sure the clock connected to the debug hub (dbg_hub) core is a free running clock and is active OR
2. Manually launch hw_server with -e "set xsdb-user-bscan <C_USER_SCAN_CHAIN scan_chain_number>" to detect the debug hub at User Scan Chain of 2 or 4. To determine the user scan chain setting, open the implemented design and use: get_property C_USER_SCAN_CHAIN [get_debug_cores dbg_hub].
set_property PROBES.FILE {} [lindex [get_hw_devices] 0]
set_property PROGRAM.FILE {C:/Users/pangj/OneDrive - California Polytechnic State University/cpe233/rat7_mcu/rat7_mcu.runs/impl_1/RAT_wrapper.bit} [lindex [get_hw_devices] 0]
program_hw_devices [lindex [get_hw_devices] 0]
INFO: [Labtools 27-3164] End of startup status: HIGH
refresh_hw_device [lindex [get_hw_devices] 0]
INFO: [Labtools 27-1434] Device xc7a35t (JTAG device index = 0) is programmed with a design that has no supported debug core(s) in it.
WARNING: [Labtools 27-3123] The debug hub core was not detected at User Scan Chain 1 or 3.
Resolution: 
1. Make sure the clock connected to the debug hub (dbg_hub) core is a free running clock and is active OR
2. Manually launch hw_server with -e "set xsdb-user-bscan <C_USER_SCAN_CHAIN scan_chain_number>" to detect the debug hub at User Scan Chain of 2 or 4. To determine the user scan chain setting, open the implemented design and use: get_property C_USER_SCAN_CHAIN [get_debug_cores dbg_hub].
reset_run impl_1 -prev_step 
launch_runs impl_1 -to_step write_bitstream
[Tue Feb 27 00:38:56 2018] Launched impl_1...
Run output will be captured here: C:/Users/pangj/OneDrive - California Polytechnic State University/cpe233/rat7_mcu/rat7_mcu.runs/impl_1/runme.log
set_property PROBES.FILE {} [lindex [get_hw_devices] 0]
set_property PROGRAM.FILE {C:/Users/pangj/OneDrive - California Polytechnic State University/cpe233/rat7_mcu/rat7_mcu.runs/impl_1/RAT_wrapper.bit} [lindex [get_hw_devices] 0]
program_hw_devices [lindex [get_hw_devices] 0]
INFO: [Labtools 27-3164] End of startup status: HIGH
refresh_hw_device [lindex [get_hw_devices] 0]
INFO: [Labtools 27-1434] Device xc7a35t (JTAG device index = 0) is programmed with a design that has no supported debug core(s) in it.
WARNING: [Labtools 27-3123] The debug hub core was not detected at User Scan Chain 1 or 3.
Resolution: 
1. Make sure the clock connected to the debug hub (dbg_hub) core is a free running clock and is active OR
2. Manually launch hw_server with -e "set xsdb-user-bscan <C_USER_SCAN_CHAIN scan_chain_number>" to detect the debug hub at User Scan Chain of 2 or 4. To determine the user scan chain setting, open the implemented design and use: get_property C_USER_SCAN_CHAIN [get_debug_cores dbg_hub].
set_property PROBES.FILE {} [lindex [get_hw_devices] 0]
set_property PROGRAM.FILE {C:/Users/pangj/OneDrive - California Polytechnic State University/cpe233/rat7_mcu/rat7_mcu.runs/impl_1/RAT_wrapper.bit} [lindex [get_hw_devices] 0]
program_hw_devices [lindex [get_hw_devices] 0]
INFO: [Labtools 27-3164] End of startup status: HIGH
refresh_hw_device [lindex [get_hw_devices] 0]
INFO: [Labtools 27-1434] Device xc7a35t (JTAG device index = 0) is programmed with a design that has no supported debug core(s) in it.
WARNING: [Labtools 27-3123] The debug hub core was not detected at User Scan Chain 1 or 3.
Resolution: 
1. Make sure the clock connected to the debug hub (dbg_hub) core is a free running clock and is active OR
2. Manually launch hw_server with -e "set xsdb-user-bscan <C_USER_SCAN_CHAIN scan_chain_number>" to detect the debug hub at User Scan Chain of 2 or 4. To determine the user scan chain setting, open the implemented design and use: get_property C_USER_SCAN_CHAIN [get_debug_cores dbg_hub].
reset_run impl_1 -prev_step 
launch_runs impl_1 -to_step write_bitstream
[Tue Feb 27 00:40:44 2018] Launched impl_1...
Run output will be captured here: C:/Users/pangj/OneDrive - California Polytechnic State University/cpe233/rat7_mcu/rat7_mcu.runs/impl_1/runme.log
set_property PROBES.FILE {} [lindex [get_hw_devices] 0]
set_property PROGRAM.FILE {C:/Users/pangj/OneDrive - California Polytechnic State University/cpe233/rat7_mcu/rat7_mcu.runs/impl_1/RAT_wrapper.bit} [lindex [get_hw_devices] 0]
program_hw_devices [lindex [get_hw_devices] 0]
INFO: [Labtools 27-3164] End of startup status: HIGH
refresh_hw_device [lindex [get_hw_devices] 0]
INFO: [Labtools 27-1434] Device xc7a35t (JTAG device index = 0) is programmed with a design that has no supported debug core(s) in it.
WARNING: [Labtools 27-3123] The debug hub core was not detected at User Scan Chain 1 or 3.
Resolution: 
1. Make sure the clock connected to the debug hub (dbg_hub) core is a free running clock and is active OR
2. Manually launch hw_server with -e "set xsdb-user-bscan <C_USER_SCAN_CHAIN scan_chain_number>" to detect the debug hub at User Scan Chain of 2 or 4. To determine the user scan chain setting, open the implemented design and use: get_property C_USER_SCAN_CHAIN [get_debug_cores dbg_hub].
reset_run impl_1 -prev_step 
launch_runs impl_1 -to_step write_bitstream
[Tue Feb 27 00:42:10 2018] Launched impl_1...
Run output will be captured here: C:/Users/pangj/OneDrive - California Polytechnic State University/cpe233/rat7_mcu/rat7_mcu.runs/impl_1/runme.log
set_property PROBES.FILE {} [lindex [get_hw_devices] 0]
set_property PROGRAM.FILE {C:/Users/pangj/OneDrive - California Polytechnic State University/cpe233/rat7_mcu/rat7_mcu.runs/impl_1/RAT_wrapper.bit} [lindex [get_hw_devices] 0]
program_hw_devices [lindex [get_hw_devices] 0]
INFO: [Labtools 27-3164] End of startup status: HIGH
refresh_hw_device [lindex [get_hw_devices] 0]
INFO: [Labtools 27-1434] Device xc7a35t (JTAG device index = 0) is programmed with a design that has no supported debug core(s) in it.
WARNING: [Labtools 27-3123] The debug hub core was not detected at User Scan Chain 1 or 3.
Resolution: 
1. Make sure the clock connected to the debug hub (dbg_hub) core is a free running clock and is active OR
2. Manually launch hw_server with -e "set xsdb-user-bscan <C_USER_SCAN_CHAIN scan_chain_number>" to detect the debug hub at User Scan Chain of 2 or 4. To determine the user scan chain setting, open the implemented design and use: get_property C_USER_SCAN_CHAIN [get_debug_cores dbg_hub].
reset_run impl_1 -prev_step 
launch_runs impl_1 -to_step write_bitstream
[Tue Feb 27 00:43:24 2018] Launched impl_1...
Run output will be captured here: C:/Users/pangj/OneDrive - California Polytechnic State University/cpe233/rat7_mcu/rat7_mcu.runs/impl_1/runme.log
set_property PROBES.FILE {} [lindex [get_hw_devices] 0]
set_property PROGRAM.FILE {C:/Users/pangj/OneDrive - California Polytechnic State University/cpe233/rat7_mcu/rat7_mcu.runs/impl_1/RAT_wrapper.bit} [lindex [get_hw_devices] 0]
program_hw_devices [lindex [get_hw_devices] 0]
INFO: [Labtools 27-3164] End of startup status: HIGH
refresh_hw_device [lindex [get_hw_devices] 0]
INFO: [Labtools 27-1434] Device xc7a35t (JTAG device index = 0) is programmed with a design that has no supported debug core(s) in it.
WARNING: [Labtools 27-3123] The debug hub core was not detected at User Scan Chain 1 or 3.
Resolution: 
1. Make sure the clock connected to the debug hub (dbg_hub) core is a free running clock and is active OR
2. Manually launch hw_server with -e "set xsdb-user-bscan <C_USER_SCAN_CHAIN scan_chain_number>" to detect the debug hub at User Scan Chain of 2 or 4. To determine the user scan chain setting, open the implemented design and use: get_property C_USER_SCAN_CHAIN [get_debug_cores dbg_hub].
reset_run impl_1 -prev_step 
launch_runs impl_1 -to_step write_bitstream
[Tue Feb 27 00:44:41 2018] Launched impl_1...
Run output will be captured here: C:/Users/pangj/OneDrive - California Polytechnic State University/cpe233/rat7_mcu/rat7_mcu.runs/impl_1/runme.log
set_property PROBES.FILE {} [lindex [get_hw_devices] 0]
set_property PROGRAM.FILE {C:/Users/pangj/OneDrive - California Polytechnic State University/cpe233/rat7_mcu/rat7_mcu.runs/impl_1/RAT_wrapper.bit} [lindex [get_hw_devices] 0]
program_hw_devices [lindex [get_hw_devices] 0]
INFO: [Labtools 27-3164] End of startup status: HIGH
refresh_hw_device [lindex [get_hw_devices] 0]
INFO: [Labtools 27-1434] Device xc7a35t (JTAG device index = 0) is programmed with a design that has no supported debug core(s) in it.
WARNING: [Labtools 27-3123] The debug hub core was not detected at User Scan Chain 1 or 3.
Resolution: 
1. Make sure the clock connected to the debug hub (dbg_hub) core is a free running clock and is active OR
2. Manually launch hw_server with -e "set xsdb-user-bscan <C_USER_SCAN_CHAIN scan_chain_number>" to detect the debug hub at User Scan Chain of 2 or 4. To determine the user scan chain setting, open the implemented design and use: get_property C_USER_SCAN_CHAIN [get_debug_cores dbg_hub].
reset_run impl_1 -prev_step 
launch_runs impl_1 -to_step write_bitstream
[Tue Feb 27 00:47:40 2018] Launched impl_1...
Run output will be captured here: C:/Users/pangj/OneDrive - California Polytechnic State University/cpe233/rat7_mcu/rat7_mcu.runs/impl_1/runme.log
set_property PROBES.FILE {} [lindex [get_hw_devices] 0]
set_property PROGRAM.FILE {C:/Users/pangj/OneDrive - California Polytechnic State University/cpe233/rat7_mcu/rat7_mcu.runs/impl_1/RAT_wrapper.bit} [lindex [get_hw_devices] 0]
program_hw_devices [lindex [get_hw_devices] 0]
INFO: [Labtools 27-3164] End of startup status: HIGH
refresh_hw_device [lindex [get_hw_devices] 0]
INFO: [Labtools 27-1434] Device xc7a35t (JTAG device index = 0) is programmed with a design that has no supported debug core(s) in it.
WARNING: [Labtools 27-3123] The debug hub core was not detected at User Scan Chain 1 or 3.
Resolution: 
1. Make sure the clock connected to the debug hub (dbg_hub) core is a free running clock and is active OR
2. Manually launch hw_server with -e "set xsdb-user-bscan <C_USER_SCAN_CHAIN scan_chain_number>" to detect the debug hub at User Scan Chain of 2 or 4. To determine the user scan chain setting, open the implemented design and use: get_property C_USER_SCAN_CHAIN [get_debug_cores dbg_hub].
set_property PROBES.FILE {} [lindex [get_hw_devices] 0]
set_property PROGRAM.FILE {C:/Users/pangj/OneDrive - California Polytechnic State University/cpe233/rat7_mcu/rat7_mcu.runs/impl_1/RAT_wrapper.bit} [lindex [get_hw_devices] 0]
program_hw_devices [lindex [get_hw_devices] 0]
INFO: [Labtools 27-3164] End of startup status: HIGH
refresh_hw_device [lindex [get_hw_devices] 0]
INFO: [Labtools 27-1434] Device xc7a35t (JTAG device index = 0) is programmed with a design that has no supported debug core(s) in it.
WARNING: [Labtools 27-3123] The debug hub core was not detected at User Scan Chain 1 or 3.
Resolution: 
1. Make sure the clock connected to the debug hub (dbg_hub) core is a free running clock and is active OR
2. Manually launch hw_server with -e "set xsdb-user-bscan <C_USER_SCAN_CHAIN scan_chain_number>" to detect the debug hub at User Scan Chain of 2 or 4. To determine the user scan chain setting, open the implemented design and use: get_property C_USER_SCAN_CHAIN [get_debug_cores dbg_hub].
set_property PROBES.FILE {} [lindex [get_hw_devices] 0]
set_property PROGRAM.FILE {C:/Users/pangj/OneDrive - California Polytechnic State University/cpe233/rat7_mcu/rat7_mcu.runs/impl_1/RAT_wrapper.bit} [lindex [get_hw_devices] 0]
program_hw_devices [lindex [get_hw_devices] 0]
INFO: [Labtools 27-3164] End of startup status: HIGH
refresh_hw_device [lindex [get_hw_devices] 0]
INFO: [Labtools 27-1434] Device xc7a35t (JTAG device index = 0) is programmed with a design that has no supported debug core(s) in it.
WARNING: [Labtools 27-3123] The debug hub core was not detected at User Scan Chain 1 or 3.
Resolution: 
1. Make sure the clock connected to the debug hub (dbg_hub) core is a free running clock and is active OR
2. Manually launch hw_server with -e "set xsdb-user-bscan <C_USER_SCAN_CHAIN scan_chain_number>" to detect the debug hub at User Scan Chain of 2 or 4. To determine the user scan chain setting, open the implemented design and use: get_property C_USER_SCAN_CHAIN [get_debug_cores dbg_hub].
set_property PROBES.FILE {} [lindex [get_hw_devices] 0]
set_property PROGRAM.FILE {C:/Users/pangj/OneDrive - California Polytechnic State University/cpe233/rat7_mcu/rat7_mcu.runs/impl_1/RAT_wrapper.bit} [lindex [get_hw_devices] 0]
program_hw_devices [lindex [get_hw_devices] 0]
INFO: [Labtools 27-3164] End of startup status: HIGH
refresh_hw_device [lindex [get_hw_devices] 0]
INFO: [Labtools 27-1434] Device xc7a35t (JTAG device index = 0) is programmed with a design that has no supported debug core(s) in it.
WARNING: [Labtools 27-3123] The debug hub core was not detected at User Scan Chain 1 or 3.
Resolution: 
1. Make sure the clock connected to the debug hub (dbg_hub) core is a free running clock and is active OR
2. Manually launch hw_server with -e "set xsdb-user-bscan <C_USER_SCAN_CHAIN scan_chain_number>" to detect the debug hub at User Scan Chain of 2 or 4. To determine the user scan chain setting, open the implemented design and use: get_property C_USER_SCAN_CHAIN [get_debug_cores dbg_hub].
synth_design -rtl -name rtl_1
Command: synth_design -rtl -name rtl_1
Starting synth_design
Using part: xc7a35tcpg236-1
Top: RAT_wrapper
---------------------------------------------------------------------------------
Starting RTL Elaboration : Time (s): cpu = 00:07:52 ; elapsed = 03:23:03 . Memory (MB): peak = 988.313 ; gain = 781.270
---------------------------------------------------------------------------------
INFO: [Synth 8-638] synthesizing module 'RAT_wrapper' [C:/Users/pangj/OneDrive - California Polytechnic State University/cpe233/rat7_mcu/rat7_mcu.srcs/sources_1/new/RAT_WRAPPER.vhd:24]
INFO: [Synth 8-3491] module 'rat_mcu' declared at 'C:/Users/pangj/OneDrive - California Polytechnic State University/cpe233/rat7_mcu/rat7_mcu.srcs/sources_1/new/rat_mcu.vhd:22' bound to instance 'CPU' of component 'rat_mcu' [C:/Users/pangj/OneDrive - California Polytechnic State University/cpe233/rat7_mcu/rat7_mcu.srcs/sources_1/new/RAT_WRAPPER.vhd:80]
INFO: [Synth 8-638] synthesizing module 'rat_mcu' [C:/Users/pangj/OneDrive - California Polytechnic State University/cpe233/rat7_mcu/rat7_mcu.srcs/sources_1/new/rat_mcu.vhd:33]
INFO: [Synth 8-3491] module 'pc_wrapper' declared at 'C:/Users/pangj/OneDrive - California Polytechnic State University/cpe233/rat7_mcu/rat7_mcu.srcs/sources_1/new/rat2.vhd:19' bound to instance 'pc1' of component 'pc_wrapper' [C:/Users/pangj/OneDrive - California Polytechnic State University/cpe233/rat7_mcu/rat7_mcu.srcs/sources_1/new/rat_mcu.vhd:207]
INFO: [Synth 8-638] synthesizing module 'pc_wrapper' [C:/Users/pangj/OneDrive - California Polytechnic State University/cpe233/rat7_mcu/rat7_mcu.srcs/sources_1/new/rat2.vhd:31]
INFO: [Synth 8-3491] module 'mux_4to1' declared at 'C:/Users/pangj/OneDrive - California Polytechnic State University/cpe233/rat7_mcu/rat7_mcu.srcs/sources_1/new/mux_4to1.vhd:18' bound to instance 'mux1' of component 'mux_4to1' [C:/Users/pangj/OneDrive - California Polytechnic State University/cpe233/rat7_mcu/rat7_mcu.srcs/sources_1/new/rat2.vhd:59]
INFO: [Synth 8-638] synthesizing module 'mux_4to1' [C:/Users/pangj/OneDrive - California Polytechnic State University/cpe233/rat7_mcu/rat7_mcu.srcs/sources_1/new/mux_4to1.vhd:27]
INFO: [Synth 8-256] done synthesizing module 'mux_4to1' (1#1) [C:/Users/pangj/OneDrive - California Polytechnic State University/cpe233/rat7_mcu/rat7_mcu.srcs/sources_1/new/mux_4to1.vhd:27]
INFO: [Synth 8-3491] module 'pc' declared at 'C:/Users/pangj/OneDrive - California Polytechnic State University/cpe233/rat7_mcu/rat7_mcu.srcs/sources_1/new/pc.vhd:20' bound to instance 'pc1' of component 'pc' [C:/Users/pangj/OneDrive - California Polytechnic State University/cpe233/rat7_mcu/rat7_mcu.srcs/sources_1/new/rat2.vhd:67]
INFO: [Synth 8-638] synthesizing module 'pc' [C:/Users/pangj/OneDrive - California Polytechnic State University/cpe233/rat7_mcu/rat7_mcu.srcs/sources_1/new/pc.vhd:29]
INFO: [Synth 8-256] done synthesizing module 'pc' (2#1) [C:/Users/pangj/OneDrive - California Polytechnic State University/cpe233/rat7_mcu/rat7_mcu.srcs/sources_1/new/pc.vhd:29]
INFO: [Synth 8-256] done synthesizing module 'pc_wrapper' (3#1) [C:/Users/pangj/OneDrive - California Polytechnic State University/cpe233/rat7_mcu/rat7_mcu.srcs/sources_1/new/rat2.vhd:31]
INFO: [Synth 8-3491] module 'prog_rom' declared at 'C:/Users/pangj/OneDrive - California Polytechnic State University/cpe233/rat7_mcu/rat7_mcu.srcs/sources_1/new/prog_rom.vhd:21' bound to instance 'prog_rom1' of component 'prog_rom' [C:/Users/pangj/OneDrive - California Polytechnic State University/cpe233/rat7_mcu/rat7_mcu.srcs/sources_1/new/rat_mcu.vhd:218]
INFO: [Synth 8-638] synthesizing module 'prog_rom' [C:/Users/pangj/OneDrive - California Polytechnic State University/cpe233/rat7_mcu/rat7_mcu.srcs/sources_1/new/prog_rom.vhd:29]
	Parameter INIT bound to: 20'b00000000000000000000 
	Parameter INITP_00 bound to: 256'b0010001011001011001000101100101100100000101100100011001011001000111100101100111000110111001110001101110011100011011100111000111011001110001110110011100011101111001110001110001101000000111000110100000011100011000000111000110000001110001100001111111111111100 
	Parameter INITP_01 bound to: 256'b0011110011100011000000111000110000111000111111001110001100001110001100001110001100001110001101001101001101001101001101011101110111011101110011100011010111011100111000110111110111001110001111011101110011100011110111111100111000100001100010110010000110001011 
	Parameter INITP_02 bound to: 256'b0100100010001011101110110100001000000000010011111101110100110111001110101010100000110011110100111000001100111100111000001100111101001110000011001111001110000011100110001100001110100011000011100110001100001110111011110011100011111100111000111100110011100011 
	Parameter INITP_03 bound to: 256'b0000000000000000000000000000000000000000000000000000000000000000000000000000000000000000000000000000000000000000000000000000000000000000000000000000000000000000000000000000000000000000000000000000000000000000000000000000000000000000000000000100111011110000 
	Parameter INITP_04 bound to: 256'b0000000000000000000000000000000000000000000000000000000000000000000000000000000000000000000000000000000000000000000000000000000000000000000000000000000000000000000000000000000000000000000000000000000000000000000000000000000000000000000000000000000000000000 
	Parameter INITP_05 bound to: 256'b0000000000000000000000000000000000000000000000000000000000000000000000000000000000000000000000000000000000000000000000000000000000000000000000000000000000000000000000000000000000000000000000000000000000000000000000000000000000000000000000000000000000000000 
	Parameter INITP_06 bound to: 256'b0000000000000000000000000000000000000000000000000000000000000000000000000000000000000000000000000000000000000000000000000000000000000000000000000000000000000000000000000000000000000000000000000000000000000000000000000000000000000000000000000000000000000000 
	Parameter INITP_07 bound to: 256'b0000000000000000000000000000000000000000000000000000000000000000000000000000000000000000000000000000000000000000000000000000000000000000000000000000000000000000000000000000000000000000000000000000000000000000000000000000000000000000000000000000000000000000 
	Parameter INIT_00 bound to: 256'b0100010000001001100010111010000101010100010000000011010000000001100000000110101100000011000010100000001100010000010000110000100101100010101010100110000100001111011010110000000101101010000000000111010000000000010111101000000101111110000000010000000000000000 
	Parameter INIT_01 bound to: 256'b0000011000000000010010100101100001000110000010011000101110100001010101000100000000110100000001001000000011011011000001011010010100000101000100100100010100001001100010111010000101010100010000000011010000000010100000001010001100000100101011110000010000010001 
	Parameter INIT_02 bound to: 256'b1000110000000001010101000100000000110100111000001000101110100001010101000100000000110100000100001000000101011011000001111000011100000111000000010100101001011000010001110000100110001011101000010101010001000000001101000000100010000001000110110000011000011111 
	Parameter INIT_03 bound to: 256'b0110101010101011100010111010000101011111010000000011111100000010100000011110101100001010111111110010101010101010011010100101010110001011101000010101111101000000001111110000000110000001101100110000101000010001000010101101101101101010001101010111111100000000 
	Parameter INIT_04 bound to: 256'b0000101001111111000010100000001101101010111111101000101110100001010111110100000000111111000010001000001001011011000010101111111000001010000000100110101001111111100010111010000101011111010000000011111100000100100000100010001100001010111111110100101001010100 
	Parameter INIT_05 bound to: 256'b0000010001110111011001000111011110001011101000011000000100000001011000010000000010001100000000010101111101000000001111111110000010000010110010110000101011011111001010100000000001101010101111101000101110100001010111110100000000111111000100001000001010010011 
	Parameter INIT_06 bound to: 256'b1000001110000000110000010000010010000011100000001000101110100001100000010000010001000001010000001000001101010000110000010000001010000011010100110000010001100110100010111010000110000001000000100100000101000000100000110001100011000001000000011000001100011010 
	Parameter INIT_07 bound to: 256'b1000010000000000110000010001000010100100000000011000010000010001011001000111011110001011101000011000000100010000010000010100000010000011110000001100000100001000101000111100000010000100010101010110010011111111100010111010000110000001000010000100000101000000 
	Parameter INIT_08 bound to: 256'b1000010010000000110000010100000010100100100000001000000000000001110001000001000110001011101000011000000101000000010000010100000010000100010000001100000100100000101001000100000110000000000000001000010011111111100010111010000110000001001000000100000101000000 
	Parameter INIT_09 bound to: 256'b0110000000010001010000010000000001100001110100011000101110100001010111110100000000111111000000011000010011011011000000010101000010000001111111110010000000000001011000000101000001011111010000000111111100000000100011000000000101000001010000001000000110000000 
	Parameter INIT_0A bound to: 256'b0101111101000000001111110000010010000101011110110000000100100010001000010000001010100000111111110110000000100010010000010000000001100001111111111000101110100001010111110100000000111111000000101000010100101011000000010001000110000001110100000010000000000001 
	Parameter INIT_0B bound to: 256'b0110000000110011001000000000000101100000001000100010000000000001011000000001000110001011101000010101111101000000001111110000100010000101110010110000000101000010001000010000001000100000000000010110000001000010010000010000000001100001000000001000101110100001 
	Parameter INIT_0C bound to: 256'b0000000100100010001000010000001010000110101010110000000100110011001000010000001010000110101010110000000101000100001000010000001010000110101010110000000101010101001000010000001000100000000000010110000001010101001000000000000101100000010001000010000000000001 
	Parameter INIT_0D bound to: 256'b1000011100001011000000011000100010001011000100011000101110100001010111110100000000111111001000001000011011011011000000010111011110001011000000011000101110100001010111110100000000111111000100001000011010101011000000010001000100100001000000101000011010101011 
	Parameter INIT_0E bound to: 256'b1000101110100001010101000100000000110100000000011000011101110011000010100000000101101010000000010111010000000000100011000000000101011111010000000011111110000000100001110011101100000000010110011000101100111001100010111010000101011111010000000011111101000000 
	Parameter INIT_0F bound to: 256'b0100110110101010011101010000001010101010000000101000101110100001010101000100000000110100000001001000011111011011000011000000000101001100010110100100101001011011100010111010000101010100010000000011010000000010100001111010001100001011000000010100101101010001 
	Parameter INIT_10 bound to: 256'b0000110000000001100011110000010010101010000001001000101110100001010101000100000000110100000100001000100001011011000011100000000110001110000000110100101010110011011101100000001110001011101000010101010001000000001101000000100010001000000110110000110100000001 
	Parameter INIT_11 bound to: 256'b1000000000000001001001000000001010001011101000010100000101000000000000010010000110001000111000110000001000000011100000100000001001100010000000010010010000000001011001000000000001100001000000001000110000000001010101000100000000110100111000001000100010010011 
	Parameter INIT_12 bound to: 256'b1110001000000011100000000000000100100100000010001000101110100001010000010100000000000001001000011000100101011011000000100000010111000010000000100010010000000100100010111010000101000001010000000000000100100001100010010010001100000010000001111010001000000011 
	Parameter INIT_13 bound to: 256'b1000000000000001100010111010000101001111010000000010111100000001100010011110101101001100010100000110110000001001001010100101100001101011000001000110101000000101100011000000000101000001010000000010000111110000000000010010000110001001101000110000001000000001 
	Parameter INIT_14 bound to: 256'b0010111100000100100010101000001101001100010100000110110000000001001010100101101001101011000001000110101000000101100010111010000101001111010000000010111100000010100010100011101101001100010100000110110000001010001010100101100101101011000001000110101000000101 
	Parameter INIT_15 bound to: 256'b1000101011111000010011110100000000101111100000000010111101000000001011110010000000101111000100000010111100001000100010101111001101001100010100000110110000000010001010100101101101101011000000100110101000000101100000000000000110001011101000010100111101000000 
	Parameter INIT_16 bound to: 256'b0100000000100001010000010000000101000100000010010010000000001000100000000000001010001011011000010110001100001010011000010000000101100000000000011000000000000010011000011000100010000000000000101000101100101001011000010011000010000000000000100110000101110111 
	Parameter INIT_17 bound to: 256'b1000000000000010100010111010101100111101000000001000101110111011001111000000000010001011110010111101101100000001011110110101111011011100000000010111110011111111110111010000000101111101111111111000000000000010100010110110000110001011100110101100001100000001 
	Parameter INIT_18 bound to: 256'b0000000000000000000000000000000000000000000000000000000000000000000000000000000000000000000000000000000000000000000000000000000010000000000000101000101110100001010111101000000110011110000000010101111101000000011111110000000010001011101000011000101110100001 
	Parameter INIT_19 bound to: 256'b0000000000000000000000000000000000000000000000000000000000000000000000000000000000000000000000000000000000000000000000000000000000000000000000000000000000000000000000000000000000000000000000000000000000000000000000000000000000000000000000000000000000000000 
	Parameter INIT_1A bound to: 256'b0000000000000000000000000000000000000000000000000000000000000000000000000000000000000000000000000000000000000000000000000000000000000000000000000000000000000000000000000000000000000000000000000000000000000000000000000000000000000000000000000000000000000000 
	Parameter INIT_1B bound to: 256'b0000000000000000000000000000000000000000000000000000000000000000000000000000000000000000000000000000000000000000000000000000000000000000000000000000000000000000000000000000000000000000000000000000000000000000000000000000000000000000000000000000000000000000 
	Parameter INIT_1C bound to: 256'b0000000000000000000000000000000000000000000000000000000000000000000000000000000000000000000000000000000000000000000000000000000000000000000000000000000000000000000000000000000000000000000000000000000000000000000000000000000000000000000000000000000000000000 
	Parameter INIT_1D bound to: 256'b0000000000000000000000000000000000000000000000000000000000000000000000000000000000000000000000000000000000000000000000000000000000000000000000000000000000000000000000000000000000000000000000000000000000000000000000000000000000000000000000000000000000000000 
	Parameter INIT_1E bound to: 256'b0000000000000000000000000000000000000000000000000000000000000000000000000000000000000000000000000000000000000000000000000000000000000000000000000000000000000000000000000000000000000000000000000000000000000000000000000000000000000000000000000000000000000000 
	Parameter INIT_1F bound to: 256'b0000000000000000000000000000000000000000000000000000000000000000000000000000000000000000000000000000000000000000000000000000000000000000000000000000000000000000000000000000000000000000000000000000000000000000000000000000000000000000000000000000000000000000 
	Parameter INIT_20 bound to: 256'b0000000000000000000000000000000000000000000000000000000000000000000000000000000000000000000000000000000000000000000000000000000000000000000000000000000000000000000000000000000000000000000000000000000000000000000000000000000000000000000000000000000000000000 
	Parameter INIT_21 bound to: 256'b0000000000000000000000000000000000000000000000000000000000000000000000000000000000000000000000000000000000000000000000000000000000000000000000000000000000000000000000000000000000000000000000000000000000000000000000000000000000000000000000000000000000000000 
	Parameter INIT_22 bound to: 256'b0000000000000000000000000000000000000000000000000000000000000000000000000000000000000000000000000000000000000000000000000000000000000000000000000000000000000000000000000000000000000000000000000000000000000000000000000000000000000000000000000000000000000000 
	Parameter INIT_23 bound to: 256'b0000000000000000000000000000000000000000000000000000000000000000000000000000000000000000000000000000000000000000000000000000000000000000000000000000000000000000000000000000000000000000000000000000000000000000000000000000000000000000000000000000000000000000 
	Parameter INIT_24 bound to: 256'b0000000000000000000000000000000000000000000000000000000000000000000000000000000000000000000000000000000000000000000000000000000000000000000000000000000000000000000000000000000000000000000000000000000000000000000000000000000000000000000000000000000000000000 
	Parameter INIT_25 bound to: 256'b0000000000000000000000000000000000000000000000000000000000000000000000000000000000000000000000000000000000000000000000000000000000000000000000000000000000000000000000000000000000000000000000000000000000000000000000000000000000000000000000000000000000000000 
	Parameter INIT_26 bound to: 256'b0000000000000000000000000000000000000000000000000000000000000000000000000000000000000000000000000000000000000000000000000000000000000000000000000000000000000000000000000000000000000000000000000000000000000000000000000000000000000000000000000000000000000000 
	Parameter INIT_27 bound to: 256'b0000000000000000000000000000000000000000000000000000000000000000000000000000000000000000000000000000000000000000000000000000000000000000000000000000000000000000000000000000000000000000000000000000000000000000000000000000000000000000000000000000000000000000 
	Parameter INIT_28 bound to: 256'b0000000000000000000000000000000000000000000000000000000000000000000000000000000000000000000000000000000000000000000000000000000000000000000000000000000000000000000000000000000000000000000000000000000000000000000000000000000000000000000000000000000000000000 
	Parameter INIT_29 bound to: 256'b0000000000000000000000000000000000000000000000000000000000000000000000000000000000000000000000000000000000000000000000000000000000000000000000000000000000000000000000000000000000000000000000000000000000000000000000000000000000000000000000000000000000000000 
	Parameter INIT_2A bound to: 256'b0000000000000000000000000000000000000000000000000000000000000000000000000000000000000000000000000000000000000000000000000000000000000000000000000000000000000000000000000000000000000000000000000000000000000000000000000000000000000000000000000000000000000000 
	Parameter INIT_2B bound to: 256'b0000000000000000000000000000000000000000000000000000000000000000000000000000000000000000000000000000000000000000000000000000000000000000000000000000000000000000000000000000000000000000000000000000000000000000000000000000000000000000000000000000000000000000 
	Parameter INIT_2C bound to: 256'b0000000000000000000000000000000000000000000000000000000000000000000000000000000000000000000000000000000000000000000000000000000000000000000000000000000000000000000000000000000000000000000000000000000000000000000000000000000000000000000000000000000000000000 
	Parameter INIT_2D bound to: 256'b0000000000000000000000000000000000000000000000000000000000000000000000000000000000000000000000000000000000000000000000000000000000000000000000000000000000000000000000000000000000000000000000000000000000000000000000000000000000000000000000000000000000000000 
	Parameter INIT_2E bound to: 256'b0000000000000000000000000000000000000000000000000000000000000000000000000000000000000000000000000000000000000000000000000000000000000000000000000000000000000000000000000000000000000000000000000000000000000000000000000000000000000000000000000000000000000000 
	Parameter INIT_2F bound to: 256'b0000000000000000000000000000000000000000000000000000000000000000000000000000000000000000000000000000000000000000000000000000000000000000000000000000000000000000000000000000000000000000000000000000000000000000000000000000000000000000000000000000000000000000 
	Parameter INIT_30 bound to: 256'b0000000000000000000000000000000000000000000000000000000000000000000000000000000000000000000000000000000000000000000000000000000000000000000000000000000000000000000000000000000000000000000000000000000000000000000000000000000000000000000000000000000000000000 
	Parameter INIT_31 bound to: 256'b0000000000000000000000000000000000000000000000000000000000000000000000000000000000000000000000000000000000000000000000000000000000000000000000000000000000000000000000000000000000000000000000000000000000000000000000000000000000000000000000000000000000000000 
	Parameter INIT_32 bound to: 256'b0000000000000000000000000000000000000000000000000000000000000000000000000000000000000000000000000000000000000000000000000000000000000000000000000000000000000000000000000000000000000000000000000000000000000000000000000000000000000000000000000000000000000000 
	Parameter INIT_33 bound to: 256'b0000000000000000000000000000000000000000000000000000000000000000000000000000000000000000000000000000000000000000000000000000000000000000000000000000000000000000000000000000000000000000000000000000000000000000000000000000000000000000000000000000000000000000 
	Parameter INIT_34 bound to: 256'b0000000000000000000000000000000000000000000000000000000000000000000000000000000000000000000000000000000000000000000000000000000000000000000000000000000000000000000000000000000000000000000000000000000000000000000000000000000000000000000000000000000000000000 
	Parameter INIT_35 bound to: 256'b0000000000000000000000000000000000000000000000000000000000000000000000000000000000000000000000000000000000000000000000000000000000000000000000000000000000000000000000000000000000000000000000000000000000000000000000000000000000000000000000000000000000000000 
	Parameter INIT_36 bound to: 256'b0000000000000000000000000000000000000000000000000000000000000000000000000000000000000000000000000000000000000000000000000000000000000000000000000000000000000000000000000000000000000000000000000000000000000000000000000000000000000000000000000000000000000000 
	Parameter INIT_37 bound to: 256'b0000000000000000000000000000000000000000000000000000000000000000000000000000000000000000000000000000000000000000000000000000000000000000000000000000000000000000000000000000000000000000000000000000000000000000000000000000000000000000000000000000000000000000 
	Parameter INIT_38 bound to: 256'b0000000000000000000000000000000000000000000000000000000000000000000000000000000000000000000000000000000000000000000000000000000000000000000000000000000000000000000000000000000000000000000000000000000000000000000000000000000000000000000000000000000000000000 
	Parameter INIT_39 bound to: 256'b0000000000000000000000000000000000000000000000000000000000000000000000000000000000000000000000000000000000000000000000000000000000000000000000000000000000000000000000000000000000000000000000000000000000000000000000000000000000000000000000000000000000000000 
	Parameter INIT_3A bound to: 256'b0000000000000000000000000000000000000000000000000000000000000000000000000000000000000000000000000000000000000000000000000000000000000000000000000000000000000000000000000000000000000000000000000000000000000000000000000000000000000000000000000000000000000000 
	Parameter INIT_3B bound to: 256'b0000000000000000000000000000000000000000000000000000000000000000000000000000000000000000000000000000000000000000000000000000000000000000000000000000000000000000000000000000000000000000000000000000000000000000000000000000000000000000000000000000000000000000 
	Parameter INIT_3C bound to: 256'b0000000000000000000000000000000000000000000000000000000000000000000000000000000000000000000000000000000000000000000000000000000000000000000000000000000000000000000000000000000000000000000000000000000000000000000000000000000000000000000000000000000000000000 
	Parameter INIT_3D bound to: 256'b0000000000000000000000000000000000000000000000000000000000000000000000000000000000000000000000000000000000000000000000000000000000000000000000000000000000000000000000000000000000000000000000000000000000000000000000000000000000000000000000000000000000000000 
	Parameter INIT_3E bound to: 256'b0000000000000000000000000000000000000000000000000000000000000000000000000000000000000000000000000000000000000000000000000000000000000000000000000000000000000000000000000000000000000000000000000000000000000000000000000000000000000000000000000000000000000000 
	Parameter INIT_3F bound to: 256'b0000000000000000000000000000000000000000000000000000000000000000000000000000000000000000000000000000000000000000000000000000000000000000000000000000000000000000000000000000000000000000000000000000000000000000000000000000000000000000000000000000000000000000 
	Parameter SRVAL bound to: 20'b00000000000000000000 
	Parameter WRITE_MODE bound to: WRITE_FIRST - type: string 
INFO: [Synth 8-113] binding component instance 'ram_1024_x_18' to cell 'RAMB16_S18' [C:/Users/pangj/OneDrive - California Polytechnic State University/cpe233/rat7_mcu/rat7_mcu.srcs/sources_1/new/prog_rom.vhd:194]
INFO: [Synth 8-256] done synthesizing module 'prog_rom' (4#1) [C:/Users/pangj/OneDrive - California Polytechnic State University/cpe233/rat7_mcu/rat7_mcu.srcs/sources_1/new/prog_rom.vhd:29]
INFO: [Synth 8-3491] module 'REG_FILE' declared at 'C:/Users/pangj/OneDrive - California Polytechnic State University/cpe233/rat7_mcu/rat7_mcu.srcs/sources_1/new/register_file.vhd:20' bound to instance 'reg_file1' of component 'REG_FILE' [C:/Users/pangj/OneDrive - California Polytechnic State University/cpe233/rat7_mcu/rat7_mcu.srcs/sources_1/new/rat_mcu.vhd:224]
INFO: [Synth 8-638] synthesizing module 'REG_FILE' [C:/Users/pangj/OneDrive - California Polytechnic State University/cpe233/rat7_mcu/rat7_mcu.srcs/sources_1/new/register_file.vhd:30]
INFO: [Synth 8-256] done synthesizing module 'REG_FILE' (5#1) [C:/Users/pangj/OneDrive - California Polytechnic State University/cpe233/rat7_mcu/rat7_mcu.srcs/sources_1/new/register_file.vhd:30]
INFO: [Synth 8-3491] module 'mux_rf' declared at 'C:/Users/pangj/OneDrive - California Polytechnic State University/cpe233/rat7_mcu/rat7_mcu.srcs/sources_1/new/mux_rf.vhd:18' bound to instance 'mux_rf1' of component 'mux_rf' [C:/Users/pangj/OneDrive - California Polytechnic State University/cpe233/rat7_mcu/rat7_mcu.srcs/sources_1/new/rat_mcu.vhd:232]
INFO: [Synth 8-638] synthesizing module 'mux_rf' [C:/Users/pangj/OneDrive - California Polytechnic State University/cpe233/rat7_mcu/rat7_mcu.srcs/sources_1/new/mux_rf.vhd:27]
INFO: [Synth 8-256] done synthesizing module 'mux_rf' (6#1) [C:/Users/pangj/OneDrive - California Polytechnic State University/cpe233/rat7_mcu/rat7_mcu.srcs/sources_1/new/mux_rf.vhd:27]
INFO: [Synth 8-3491] module 'rat_alu' declared at 'C:/Users/pangj/OneDrive - California Polytechnic State University/cpe233/rat7_mcu/rat7_mcu.srcs/sources_1/new/rat_alu.vhd:20' bound to instance 'alu1' of component 'rat_alu' [C:/Users/pangj/OneDrive - California Polytechnic State University/cpe233/rat7_mcu/rat7_mcu.srcs/sources_1/new/rat_mcu.vhd:241]
INFO: [Synth 8-638] synthesizing module 'rat_alu' [C:/Users/pangj/OneDrive - California Polytechnic State University/cpe233/rat7_mcu/rat7_mcu.srcs/sources_1/new/rat_alu.vhd:30]
INFO: [Synth 8-226] default block is never used [C:/Users/pangj/OneDrive - California Polytechnic State University/cpe233/rat7_mcu/rat7_mcu.srcs/sources_1/new/rat_alu.vhd:39]
INFO: [Synth 8-256] done synthesizing module 'rat_alu' (7#1) [C:/Users/pangj/OneDrive - California Polytechnic State University/cpe233/rat7_mcu/rat7_mcu.srcs/sources_1/new/rat_alu.vhd:30]
INFO: [Synth 8-3491] module 'mux_2T1' declared at 'C:/Users/pangj/OneDrive - California Polytechnic State University/cpe233/rat7_mcu/rat7_mcu.srcs/sources_1/new/mux_2T1.vhd:16' bound to instance 'mux_rf_alu' of component 'mux_2T1' [C:/Users/pangj/OneDrive - California Polytechnic State University/cpe233/rat7_mcu/rat7_mcu.srcs/sources_1/new/rat_mcu.vhd:249]
INFO: [Synth 8-638] synthesizing module 'mux_2T1' [C:/Users/pangj/OneDrive - California Polytechnic State University/cpe233/rat7_mcu/rat7_mcu.srcs/sources_1/new/mux_2T1.vhd:23]
INFO: [Synth 8-256] done synthesizing module 'mux_2T1' (8#1) [C:/Users/pangj/OneDrive - California Polytechnic State University/cpe233/rat7_mcu/rat7_mcu.srcs/sources_1/new/mux_2T1.vhd:23]
INFO: [Synth 8-3491] module 'control_unit' declared at 'C:/Users/pangj/OneDrive - California Polytechnic State University/cpe233/rat7_mcu/rat7_mcu.srcs/sources_1/new/control_unit.vhd:19' bound to instance 'cu1' of component 'control_unit' [C:/Users/pangj/OneDrive - California Polytechnic State University/cpe233/rat7_mcu/rat7_mcu.srcs/sources_1/new/rat_mcu.vhd:256]
INFO: [Synth 8-638] synthesizing module 'control_unit' [C:/Users/pangj/OneDrive - California Polytechnic State University/cpe233/rat7_mcu/rat7_mcu.srcs/sources_1/new/control_unit.vhd:61]
WARNING: [Synth 8-614] signal 'c_flag' is read in the process but is not in the sensitivity list [C:/Users/pangj/OneDrive - California Polytechnic State University/cpe233/rat7_mcu/rat7_mcu.srcs/sources_1/new/control_unit.vhd:82]
WARNING: [Synth 8-614] signal 'z_flag' is read in the process but is not in the sensitivity list [C:/Users/pangj/OneDrive - California Polytechnic State University/cpe233/rat7_mcu/rat7_mcu.srcs/sources_1/new/control_unit.vhd:82]
INFO: [Synth 8-256] done synthesizing module 'control_unit' (9#1) [C:/Users/pangj/OneDrive - California Polytechnic State University/cpe233/rat7_mcu/rat7_mcu.srcs/sources_1/new/control_unit.vhd:61]
INFO: [Synth 8-3491] module 'd_flip_flop' declared at 'C:/Users/pangj/OneDrive - California Polytechnic State University/cpe233/rat7_mcu/rat7_mcu.srcs/sources_1/new/d_flip_flop.vhd:17' bound to instance 'cf1' of component 'd_flip_flop' [C:/Users/pangj/OneDrive - California Polytechnic State University/cpe233/rat7_mcu/rat7_mcu.srcs/sources_1/new/rat_mcu.vhd:296]
INFO: [Synth 8-638] synthesizing module 'd_flip_flop' [C:/Users/pangj/OneDrive - California Polytechnic State University/cpe233/rat7_mcu/rat7_mcu.srcs/sources_1/new/d_flip_flop.vhd:26]
INFO: [Synth 8-256] done synthesizing module 'd_flip_flop' (10#1) [C:/Users/pangj/OneDrive - California Polytechnic State University/cpe233/rat7_mcu/rat7_mcu.srcs/sources_1/new/d_flip_flop.vhd:26]
INFO: [Synth 8-3491] module 'd_flip_flop' declared at 'C:/Users/pangj/OneDrive - California Polytechnic State University/cpe233/rat7_mcu/rat7_mcu.srcs/sources_1/new/d_flip_flop.vhd:17' bound to instance 'zf1' of component 'd_flip_flop' [C:/Users/pangj/OneDrive - California Polytechnic State University/cpe233/rat7_mcu/rat7_mcu.srcs/sources_1/new/rat_mcu.vhd:304]
INFO: [Synth 8-3491] module 'd_flip_flop' declared at 'C:/Users/pangj/OneDrive - California Polytechnic State University/cpe233/rat7_mcu/rat7_mcu.srcs/sources_1/new/d_flip_flop.vhd:17' bound to instance 'if1' of component 'd_flip_flop' [C:/Users/pangj/OneDrive - California Polytechnic State University/cpe233/rat7_mcu/rat7_mcu.srcs/sources_1/new/rat_mcu.vhd:312]
INFO: [Synth 8-3491] module 'scratch_ram' declared at 'C:/Users/pangj/OneDrive - California Polytechnic State University/cpe233/rat3/rat3.srcs/sources_1/new/Scratch_RAM.vhd:20' bound to instance 'scr_ram1' of component 'scratch_ram' [C:/Users/pangj/OneDrive - California Polytechnic State University/cpe233/rat7_mcu/rat7_mcu.srcs/sources_1/new/rat_mcu.vhd:322]
INFO: [Synth 8-638] synthesizing module 'scratch_ram' [C:/Users/pangj/OneDrive - California Polytechnic State University/cpe233/rat3/rat3.srcs/sources_1/new/Scratch_RAM.vhd:28]
INFO: [Synth 8-256] done synthesizing module 'scratch_ram' (11#1) [C:/Users/pangj/OneDrive - California Polytechnic State University/cpe233/rat3/rat3.srcs/sources_1/new/Scratch_RAM.vhd:28]
INFO: [Synth 8-3491] module 'mux_rf' declared at 'C:/Users/pangj/OneDrive - California Polytechnic State University/cpe233/rat7_mcu/rat7_mcu.srcs/sources_1/new/mux_rf.vhd:18' bound to instance 'mux_scr_addr' of component 'mux_rf' [C:/Users/pangj/OneDrive - California Polytechnic State University/cpe233/rat7_mcu/rat7_mcu.srcs/sources_1/new/rat_mcu.vhd:329]
INFO: [Synth 8-3491] module 'mux_2to1' declared at 'C:/Users/pangj/OneDrive - California Polytechnic State University/cpe233/rat7_mcu/rat7_mcu.srcs/sources_1/new/mux_scr_data_in.vhd:18' bound to instance 'mux_scr_data_in' of component 'mux_2to1' [C:/Users/pangj/OneDrive - California Polytechnic State University/cpe233/rat7_mcu/rat7_mcu.srcs/sources_1/new/rat_mcu.vhd:337]
INFO: [Synth 8-638] synthesizing module 'mux_2to1' [C:/Users/pangj/OneDrive - California Polytechnic State University/cpe233/rat7_mcu/rat7_mcu.srcs/sources_1/new/mux_scr_data_in.vhd:25]
INFO: [Synth 8-256] done synthesizing module 'mux_2to1' (12#1) [C:/Users/pangj/OneDrive - California Polytechnic State University/cpe233/rat7_mcu/rat7_mcu.srcs/sources_1/new/mux_scr_data_in.vhd:25]
INFO: [Synth 8-3491] module 'stack_pointer' declared at 'C:/Users/pangj/OneDrive - California Polytechnic State University/cpe233/rat7_sp/rat7/rat7.srcs/sources_1/new/stack_pointer.vhd:18' bound to instance 'sp' of component 'stack_pointer' [C:/Users/pangj/OneDrive - California Polytechnic State University/cpe233/rat7_mcu/rat7_mcu.srcs/sources_1/new/rat_mcu.vhd:344]
INFO: [Synth 8-638] synthesizing module 'stack_pointer' [C:/Users/pangj/OneDrive - California Polytechnic State University/cpe233/rat7_sp/rat7/rat7.srcs/sources_1/new/stack_pointer.vhd:28]
INFO: [Synth 8-256] done synthesizing module 'stack_pointer' (13#1) [C:/Users/pangj/OneDrive - California Polytechnic State University/cpe233/rat7_sp/rat7/rat7.srcs/sources_1/new/stack_pointer.vhd:28]
CRITICAL WARNING: [Synth 8-3352] multi-driven net FROM_STACK[0] with 1st driver pin 'rat_mcu:/scr_ram1/data_out[0]' [C:/Users/pangj/OneDrive - California Polytechnic State University/cpe233/rat7_mcu/rat7_mcu.srcs/sources_1/new/rat_mcu.vhd:207]
CRITICAL WARNING: [Synth 8-3352] multi-driven net FROM_STACK[0] with 2nd driver pin 'GND' [C:/Users/pangj/OneDrive - California Polytechnic State University/cpe233/rat7_mcu/rat7_mcu.srcs/sources_1/new/rat_mcu.vhd:207]
CRITICAL WARNING: [Synth 8-5559] multi-driven net FROM_STACK[0] is connected to constant driver, other driver is ignored [C:/Users/pangj/OneDrive - California Polytechnic State University/cpe233/rat7_mcu/rat7_mcu.srcs/sources_1/new/rat_mcu.vhd:207]
CRITICAL WARNING: [Synth 8-3352] multi-driven net scr_we with 1st driver pin 'rat_mcu:/cu1/scr_we' [C:/Users/pangj/OneDrive - California Polytechnic State University/cpe233/rat7_mcu/rat7_mcu.srcs/sources_1/new/rat_mcu.vhd:322]
CRITICAL WARNING: [Synth 8-3352] multi-driven net scr_we with 2nd driver pin 'GND' [C:/Users/pangj/OneDrive - California Polytechnic State University/cpe233/rat7_mcu/rat7_mcu.srcs/sources_1/new/rat_mcu.vhd:322]
CRITICAL WARNING: [Synth 8-5559] multi-driven net scr_we is connected to constant driver, other driver is ignored [C:/Users/pangj/OneDrive - California Polytechnic State University/cpe233/rat7_mcu/rat7_mcu.srcs/sources_1/new/rat_mcu.vhd:322]
CRITICAL WARNING: [Synth 8-3352] multi-driven net ld with 1st driver pin 'rat_mcu:/cu1/sp_ld' [C:/Users/pangj/OneDrive - California Polytechnic State University/cpe233/rat7_mcu/rat7_mcu.srcs/sources_1/new/rat_mcu.vhd:344]
CRITICAL WARNING: [Synth 8-3352] multi-driven net ld with 2nd driver pin 'GND' [C:/Users/pangj/OneDrive - California Polytechnic State University/cpe233/rat7_mcu/rat7_mcu.srcs/sources_1/new/rat_mcu.vhd:344]
CRITICAL WARNING: [Synth 8-5559] multi-driven net ld is connected to constant driver, other driver is ignored [C:/Users/pangj/OneDrive - California Polytechnic State University/cpe233/rat7_mcu/rat7_mcu.srcs/sources_1/new/rat_mcu.vhd:344]
CRITICAL WARNING: [Synth 8-3352] multi-driven net incr with 1st driver pin 'rat_mcu:/cu1/sp_incr' [C:/Users/pangj/OneDrive - California Polytechnic State University/cpe233/rat7_mcu/rat7_mcu.srcs/sources_1/new/rat_mcu.vhd:344]
CRITICAL WARNING: [Synth 8-3352] multi-driven net incr with 2nd driver pin 'GND' [C:/Users/pangj/OneDrive - California Polytechnic State University/cpe233/rat7_mcu/rat7_mcu.srcs/sources_1/new/rat_mcu.vhd:344]
CRITICAL WARNING: [Synth 8-5559] multi-driven net incr is connected to constant driver, other driver is ignored [C:/Users/pangj/OneDrive - California Polytechnic State University/cpe233/rat7_mcu/rat7_mcu.srcs/sources_1/new/rat_mcu.vhd:344]
CRITICAL WARNING: [Synth 8-3352] multi-driven net decr with 1st driver pin 'rat_mcu:/cu1/sp_decr' [C:/Users/pangj/OneDrive - California Polytechnic State University/cpe233/rat7_mcu/rat7_mcu.srcs/sources_1/new/rat_mcu.vhd:344]
CRITICAL WARNING: [Synth 8-3352] multi-driven net decr with 2nd driver pin 'GND' [C:/Users/pangj/OneDrive - California Polytechnic State University/cpe233/rat7_mcu/rat7_mcu.srcs/sources_1/new/rat_mcu.vhd:344]
CRITICAL WARNING: [Synth 8-5559] multi-driven net decr is connected to constant driver, other driver is ignored [C:/Users/pangj/OneDrive - California Polytechnic State University/cpe233/rat7_mcu/rat7_mcu.srcs/sources_1/new/rat_mcu.vhd:344]
CRITICAL WARNING: [Synth 8-3352] multi-driven net sel with 1st driver pin 'rat_mcu:/cu1/scr_data_sel' [C:/Users/pangj/OneDrive - California Polytechnic State University/cpe233/rat7_mcu/rat7_mcu.srcs/sources_1/new/rat_mcu.vhd:337]
CRITICAL WARNING: [Synth 8-3352] multi-driven net sel with 2nd driver pin 'GND' [C:/Users/pangj/OneDrive - California Polytechnic State University/cpe233/rat7_mcu/rat7_mcu.srcs/sources_1/new/rat_mcu.vhd:337]
CRITICAL WARNING: [Synth 8-5559] multi-driven net sel is connected to constant driver, other driver is ignored [C:/Users/pangj/OneDrive - California Polytechnic State University/cpe233/rat7_mcu/rat7_mcu.srcs/sources_1/new/rat_mcu.vhd:337]
CRITICAL WARNING: [Synth 8-3352] multi-driven net sel[0] with 1st driver pin 'rat_mcu:/cu1/scr_addr_sel[0]' [C:/Users/pangj/OneDrive - California Polytechnic State University/cpe233/rat7_mcu/rat7_mcu.srcs/sources_1/new/rat_mcu.vhd:329]
CRITICAL WARNING: [Synth 8-3352] multi-driven net sel[0] with 2nd driver pin 'GND' [C:/Users/pangj/OneDrive - California Polytechnic State University/cpe233/rat7_mcu/rat7_mcu.srcs/sources_1/new/rat_mcu.vhd:329]
CRITICAL WARNING: [Synth 8-5559] multi-driven net sel[0] is connected to constant driver, other driver is ignored [C:/Users/pangj/OneDrive - California Polytechnic State University/cpe233/rat7_mcu/rat7_mcu.srcs/sources_1/new/rat_mcu.vhd:329]
INFO: [Synth 8-256] done synthesizing module 'rat_mcu' (14#1) [C:/Users/pangj/OneDrive - California Polytechnic State University/cpe233/rat7_mcu/rat7_mcu.srcs/sources_1/new/rat_mcu.vhd:33]
INFO: [Synth 8-256] done synthesizing module 'RAT_wrapper' (15#1) [C:/Users/pangj/OneDrive - California Polytechnic State University/cpe233/rat7_mcu/rat7_mcu.srcs/sources_1/new/RAT_WRAPPER.vhd:24]
WARNING: [Synth 8-3331] design control_unit has unconnected port int
---------------------------------------------------------------------------------
Finished RTL Elaboration : Time (s): cpu = 00:07:53 ; elapsed = 03:23:05 . Memory (MB): peak = 1020.469 ; gain = 813.426
---------------------------------------------------------------------------------

Report Check Netlist: 
+------+------------------+-------+---------+-------+------------------+
|      |Item              |Errors |Warnings |Status |Description       |
+------+------------------+-------+---------+-------+------------------+
|1     |multi_driven_nets |      0|        0|Passed |Multi driven nets |
+------+------------------+-------+---------+-------+------------------+
---------------------------------------------------------------------------------
Finished RTL Optimization Phase 1 : Time (s): cpu = 00:07:53 ; elapsed = 03:23:05 . Memory (MB): peak = 1020.469 ; gain = 813.426
---------------------------------------------------------------------------------
INFO: [Netlist 29-17] Analyzing 1 Unisim elements for replacement
INFO: [Netlist 29-28] Unisim Transformation completed in 0 CPU seconds
INFO: [Device 21-403] Loading part xc7a35tcpg236-1
INFO: [Project 1-570] Preparing netlist for logic optimization

Processing XDC Constraints
Initializing timing engine
Parsing XDC File [C:/Users/pangj/OneDrive - California Polytechnic State University/cpe233/rat7_mcu/rat7_mcu.srcs/constrs_1/new/rat_wrapper_constraints.xdc]
Finished Parsing XDC File [C:/Users/pangj/OneDrive - California Polytechnic State University/cpe233/rat7_mcu/rat7_mcu.srcs/constrs_1/new/rat_wrapper_constraints.xdc]
Completed Processing XDC Constraints

INFO: [Opt 31-138] Pushed 0 inverter(s) to 0 load pin(s).
INFO: [Project 1-111] Unisim Transformation Summary:
  A total of 1 instances were transformed.
  RAMB16_S18 => RAMB18E1: 1 instances

RTL Elaboration Complete:  : Time (s): cpu = 00:08:11 ; elapsed = 03:23:23 . Memory (MB): peak = 1324.965 ; gain = 1117.922
55 Infos, 3 Warnings, 21 Critical Warnings and 0 Errors encountered.
synth_design completed successfully
synth_design: Time (s): cpu = 00:00:24 ; elapsed = 00:00:24 . Memory (MB): peak = 1324.965 ; gain = 369.961
close_sim
INFO: [Simtcl 6-16] Simulation closed
exit
INFO: [Common 17-206] Exiting Vivado at Tue Feb 27 01:06:16 2018...
