#-----------------------------------------------------------
# Vivado v2016.2 (64-bit)
# SW Build 1577090 on Thu Jun  2 16:32:40 MDT 2016
# IP Build 1577682 on Fri Jun  3 12:00:54 MDT 2016
# Start of session at: Wed Feb 21 20:12:42 2018
# Process ID: 1200
# Current directory: C:/Users/NWang/OneDrive/Others/Documents/GitHub/rat-cpu/rat6
# Command line: vivado.exe -gui_launcher_event rodinguilauncherevent8060 C:\Users\NWang\OneDrive\Others\Documents\GitHub\rat-cpu\rat6\rat6.xpr
# Log file: C:/Users/NWang/OneDrive/Others/Documents/GitHub/rat-cpu/rat6/vivado.log
# Journal file: C:/Users/NWang/OneDrive/Others/Documents/GitHub/rat-cpu/rat6\vivado.jou
#-----------------------------------------------------------
start_gui
open_project C:/Users/NWang/OneDrive/Others/Documents/GitHub/rat-cpu/rat6/rat6.xpr
Scanning sources...
Finished scanning sources
WARNING: [filemgmt 56-3] IPUserFilesDir: Could not find the directory 'C:/Users/NWang/OneDrive/Others/Documents/GitHub/rat-cpu/rat6/rat6.ip_user_files'.
INFO: [IP_Flow 19-234] Refreshing IP repositories
INFO: [IP_Flow 19-1704] No user IP repositories specified
INFO: [IP_Flow 19-2313] Loaded Vivado IP repository 'C:/Xilinx/Vivado/2016.2/data/ip'.
open_project: Time (s): cpu = 00:00:12 ; elapsed = 00:00:05 . Memory (MB): peak = 764.762 ; gain = 119.695
update_compile_order -fileset sources_1
launch_simulation
INFO: [USF-XSim-27] Simulation object is 'sim_1'
INFO: [USF-XSim-37] Inspecting design source files for 'RAT_wrapper' in fileset 'sim_1'...
INFO: [USF-XSim-97] Finding global include files...
INFO: [USF-XSim-98] Fetching design files from 'sim_1'...
INFO: [USF-XSim-2] XSim::Compile design
INFO: [USF-XSim-61] Executing 'COMPILE and ANALYZE' step in 'C:/Users/NWang/OneDrive/Others/Documents/GitHub/rat-cpu/rat6/rat6.sim/sim_1/behav'
"xvhdl -m64 --relax -prj RAT_wrapper_vhdl.prj"
INFO: [VRFC 10-163] Analyzing VHDL file "C:/Users/NWang/OneDrive/Others/Documents/GitHub/rat-cpu/rat6/rat6.srcs/sources_1/new/pc.vhd" into library xil_defaultlib
INFO: [VRFC 10-307] analyzing entity pc
INFO: [VRFC 10-163] Analyzing VHDL file "C:/Users/NWang/OneDrive/Others/Documents/GitHub/rat-cpu/rat6/rat6.srcs/sources_1/new/mux_4to1.vhd" into library xil_defaultlib
INFO: [VRFC 10-307] analyzing entity mux_4to1
INFO: [VRFC 10-163] Analyzing VHDL file "C:/Users/NWang/OneDrive/Others/Documents/GitHub/rat-cpu/rat6/rat6.srcs/sources_1/new/register_file.vhd" into library xil_defaultlib
INFO: [VRFC 10-307] analyzing entity REG_FILE
INFO: [VRFC 10-163] Analyzing VHDL file "C:/Users/NWang/OneDrive/Others/Documents/GitHub/rat-cpu/rat6/rat6.srcs/sources_1/new/rat_alu.vhd" into library xil_defaultlib
INFO: [VRFC 10-307] analyzing entity rat_alu
INFO: [VRFC 10-163] Analyzing VHDL file "C:/Users/NWang/OneDrive/Others/Documents/GitHub/rat-cpu/rat6/rat6.srcs/sources_1/new/rat2.vhd" into library xil_defaultlib
INFO: [VRFC 10-307] analyzing entity pc_wrapper
INFO: [VRFC 10-163] Analyzing VHDL file "C:/Users/NWang/OneDrive/Others/Documents/GitHub/rat-cpu/rat6/rat6.srcs/sources_1/new/prog_rom.vhd" into library xil_defaultlib
INFO: [VRFC 10-307] analyzing entity prog_rom
INFO: [VRFC 10-163] Analyzing VHDL file "C:/Users/NWang/OneDrive/Others/Documents/GitHub/rat-cpu/rat6/rat6.srcs/sources_1/new/mux_rf.vhd" into library xil_defaultlib
INFO: [VRFC 10-307] analyzing entity mux_rf
INFO: [VRFC 10-163] Analyzing VHDL file "C:/Users/NWang/OneDrive/Others/Documents/GitHub/rat-cpu/rat6/rat6.srcs/sources_1/new/mux_2T1.vhd" into library xil_defaultlib
INFO: [VRFC 10-307] analyzing entity mux_2T1
INFO: [VRFC 10-163] Analyzing VHDL file "C:/Users/NWang/OneDrive/Others/Documents/GitHub/rat-cpu/rat6/rat6.srcs/sources_1/new/d_flip_flop.vhd" into library xil_defaultlib
INFO: [VRFC 10-307] analyzing entity d_flip_flop
INFO: [VRFC 10-163] Analyzing VHDL file "C:/Users/NWang/OneDrive/Others/Documents/GitHub/rat-cpu/rat6/rat6.srcs/sources_1/new/control_unit.vhd" into library xil_defaultlib
INFO: [VRFC 10-307] analyzing entity control_unit
INFO: [VRFC 10-163] Analyzing VHDL file "C:/Users/NWang/OneDrive/Others/Documents/GitHub/rat-cpu/rat6/rat6.srcs/sources_1/new/rat_mcu.vhd" into library xil_defaultlib
INFO: [VRFC 10-307] analyzing entity rat_mcu
INFO: [VRFC 10-163] Analyzing VHDL file "C:/Users/NWang/OneDrive/Others/Documents/GitHub/rat-cpu/rat6/rat6.srcs/sources_1/new/RAT_WRAPPER.vhd" into library xil_defaultlib
INFO: [VRFC 10-307] analyzing entity RAT_wrapper
INFO: [USF-XSim-69] 'compile' step finished in '2' seconds
INFO: [USF-XSim-3] XSim::Elaborate design
INFO: [USF-XSim-61] Executing 'ELABORATE' step in 'C:/Users/NWang/OneDrive/Others/Documents/GitHub/rat-cpu/rat6/rat6.sim/sim_1/behav'
Vivado Simulator 2016.2
Copyright 1986-1999, 2001-2016 Xilinx, Inc. All Rights Reserved.
Running: C:/Xilinx/Vivado/2016.2/bin/unwrapped/win64.o/xelab.exe -wto dacbda8d39e44ed7980109be0785ecdf --debug typical --relax --mt 2 -L xil_defaultlib -L secureip --snapshot RAT_wrapper_behav xil_defaultlib.RAT_wrapper -log elaborate.log 
Using 2 slave threads.
Starting static elaboration
Completed static elaboration
Starting simulation data flow analysis
Completed simulation data flow analysis
Time Resolution for simulation is 1ps
Compiling package std.standard
Compiling package ieee.std_logic_1164
Compiling package ieee.numeric_std
Compiling package ieee.std_logic_arith
Compiling package ieee.std_logic_unsigned
Compiling package unisim.vcomponents
Compiling package ieee.std_logic_signed
Compiling package std.textio
Compiling package ieee.vital_timing
Compiling package ieee.vital_primitives
Compiling package unisim.vpkg
Compiling package ieee.std_logic_textio
Compiling architecture behavioral of entity xil_defaultlib.mux_4to1 [mux_4to1_default]
Compiling architecture behavioral of entity xil_defaultlib.pc [pc_default]
Compiling architecture behavioral of entity xil_defaultlib.pc_wrapper [pc_wrapper_default]
Compiling architecture rb18_internal_vhdl_v of entity unisim.RB18_INTERNAL_VHDL [\RB18_INTERNAL_VHDL(bram_size=18...]
Compiling architecture ramb18e1_v of entity unisim.RAMB18E1 [\RAMB18E1(initp_00="100010111011...]
Compiling architecture ramb16_s18_v of entity unisim.RAMB16_S18 [\RAMB16_S18(initp_00="1000101110...]
Compiling architecture low_level_definition of entity xil_defaultlib.prog_rom [prog_rom_default]
Compiling architecture behavioral of entity xil_defaultlib.REG_FILE [reg_file_default]
Compiling architecture behavioral of entity xil_defaultlib.rat_alu [rat_alu_default]
Compiling architecture behavioral of entity xil_defaultlib.control_unit [control_unit_default]
Compiling architecture behavioral of entity xil_defaultlib.d_flip_flop [d_flip_flop_default]
Compiling architecture behavioral of entity xil_defaultlib.mux_2T1 [mux_2t1_default]
Compiling architecture behavioral of entity xil_defaultlib.mux_rf [mux_rf_default]
Compiling architecture behavioral of entity xil_defaultlib.rat_mcu [rat_mcu_default]
Compiling architecture behavioral of entity xil_defaultlib.rat_wrapper
Built simulation snapshot RAT_wrapper_behav

****** Webtalk v2016.2 (64-bit)
  **** SW Build 1577090 on Thu Jun  2 16:32:40 MDT 2016
  **** IP Build 1577682 on Fri Jun  3 12:00:54 MDT 2016
    ** Copyright 1986-2016 Xilinx, Inc. All Rights Reserved.

source C:/Users/NWang/OneDrive/Others/Documents/GitHub/rat-cpu/rat6/rat6.sim/sim_1/behav/xsim.dir/RAT_wrapper_behav/webtalk/xsim_webtalk.tcl -notrace
INFO: [Common 17-206] Exiting Webtalk at Wed Feb 21 20:19:48 2018...
run_program: Time (s): cpu = 00:00:01 ; elapsed = 00:00:05 . Memory (MB): peak = 790.590 ; gain = 0.000
INFO: [USF-XSim-69] 'elaborate' step finished in '5' seconds
INFO: [USF-XSim-4] XSim::Simulate design
INFO: [USF-XSim-61] Executing 'SIMULATE' step in 'C:/Users/NWang/OneDrive/Others/Documents/GitHub/rat-cpu/rat6/rat6.sim/sim_1/behav'
INFO: [USF-XSim-98] *** Running xsim
   with args "RAT_wrapper_behav -key {Behavioral:sim_1:Functional:RAT_wrapper} -tclbatch {RAT_wrapper.tcl} -log {simulate.log}"
INFO: [USF-XSim-8] Loading simulator feature
Vivado Simulator 2016.2
Time resolution is 1 ps
source RAT_wrapper.tcl
# set curr_wave [current_wave_config]
# if { [string length $curr_wave] == 0 } {
#   if { [llength [get_objects]] > 0} {
#     add_wave /
#     set_property needs_save false [current_wave_config]
#   } else {
#      send_msg_id Add_Wave-1 WARNING "No top level signals found. Simulator will start without a wave window. If you want to open a wave window go to 'File->New Waveform Configuration' or type 'create_wave_config' in the TCL console."
#   }
# }
# run 1000ns
INFO: [USF-XSim-96] XSim completed. Design snapshot 'RAT_wrapper_behav' loaded.
INFO: [USF-XSim-97] XSim simulation ran for 1000ns
launch_simulation: Time (s): cpu = 00:00:04 ; elapsed = 00:00:09 . Memory (MB): peak = 790.590 ; gain = 0.000
close_sim
INFO: [Simtcl 6-16] Simulation closed
launch_simulation
INFO: [USF-XSim-27] Simulation object is 'sim_1'
INFO: [USF-XSim-37] Inspecting design source files for 'RAT_wrapper' in fileset 'sim_1'...
INFO: [USF-XSim-97] Finding global include files...
INFO: [USF-XSim-98] Fetching design files from 'sim_1'...
INFO: [USF-XSim-2] XSim::Compile design
INFO: [USF-XSim-61] Executing 'COMPILE and ANALYZE' step in 'C:/Users/NWang/OneDrive/Others/Documents/GitHub/rat-cpu/rat6/rat6.sim/sim_1/behav'
"xvhdl -m64 --relax -prj RAT_wrapper_vhdl.prj"
INFO: [VRFC 10-163] Analyzing VHDL file "C:/Users/NWang/OneDrive/Others/Documents/GitHub/rat-cpu/rat6/rat6.srcs/sources_1/new/pc.vhd" into library xil_defaultlib
INFO: [VRFC 10-307] analyzing entity pc
INFO: [VRFC 10-163] Analyzing VHDL file "C:/Users/NWang/OneDrive/Others/Documents/GitHub/rat-cpu/rat6/rat6.srcs/sources_1/new/mux_4to1.vhd" into library xil_defaultlib
INFO: [VRFC 10-307] analyzing entity mux_4to1
INFO: [VRFC 10-163] Analyzing VHDL file "C:/Users/NWang/OneDrive/Others/Documents/GitHub/rat-cpu/rat6/rat6.srcs/sources_1/new/register_file.vhd" into library xil_defaultlib
INFO: [VRFC 10-307] analyzing entity REG_FILE
INFO: [VRFC 10-163] Analyzing VHDL file "C:/Users/NWang/OneDrive/Others/Documents/GitHub/rat-cpu/rat6/rat6.srcs/sources_1/new/rat_alu.vhd" into library xil_defaultlib
INFO: [VRFC 10-307] analyzing entity rat_alu
INFO: [VRFC 10-163] Analyzing VHDL file "C:/Users/NWang/OneDrive/Others/Documents/GitHub/rat-cpu/rat6/rat6.srcs/sources_1/new/rat2.vhd" into library xil_defaultlib
INFO: [VRFC 10-307] analyzing entity pc_wrapper
INFO: [VRFC 10-163] Analyzing VHDL file "C:/Users/NWang/OneDrive/Others/Documents/GitHub/rat-cpu/rat6/rat6.srcs/sources_1/new/prog_rom.vhd" into library xil_defaultlib
INFO: [VRFC 10-307] analyzing entity prog_rom
INFO: [VRFC 10-163] Analyzing VHDL file "C:/Users/NWang/OneDrive/Others/Documents/GitHub/rat-cpu/rat6/rat6.srcs/sources_1/new/mux_rf.vhd" into library xil_defaultlib
INFO: [VRFC 10-307] analyzing entity mux_rf
INFO: [VRFC 10-163] Analyzing VHDL file "C:/Users/NWang/OneDrive/Others/Documents/GitHub/rat-cpu/rat6/rat6.srcs/sources_1/new/mux_2T1.vhd" into library xil_defaultlib
INFO: [VRFC 10-307] analyzing entity mux_2T1
INFO: [VRFC 10-163] Analyzing VHDL file "C:/Users/NWang/OneDrive/Others/Documents/GitHub/rat-cpu/rat6/rat6.srcs/sources_1/new/d_flip_flop.vhd" into library xil_defaultlib
INFO: [VRFC 10-307] analyzing entity d_flip_flop
INFO: [VRFC 10-163] Analyzing VHDL file "C:/Users/NWang/OneDrive/Others/Documents/GitHub/rat-cpu/rat6/rat6.srcs/sources_1/new/control_unit.vhd" into library xil_defaultlib
INFO: [VRFC 10-307] analyzing entity control_unit
INFO: [VRFC 10-163] Analyzing VHDL file "C:/Users/NWang/OneDrive/Others/Documents/GitHub/rat-cpu/rat6/rat6.srcs/sources_1/new/rat_mcu.vhd" into library xil_defaultlib
INFO: [VRFC 10-307] analyzing entity rat_mcu
INFO: [VRFC 10-163] Analyzing VHDL file "C:/Users/NWang/OneDrive/Others/Documents/GitHub/rat-cpu/rat6/rat6.srcs/sources_1/new/RAT_WRAPPER.vhd" into library xil_defaultlib
INFO: [VRFC 10-307] analyzing entity RAT_wrapper
INFO: [USF-XSim-69] 'compile' step finished in '1' seconds
INFO: [USF-XSim-3] XSim::Elaborate design
INFO: [USF-XSim-61] Executing 'ELABORATE' step in 'C:/Users/NWang/OneDrive/Others/Documents/GitHub/rat-cpu/rat6/rat6.sim/sim_1/behav'
Vivado Simulator 2016.2
Copyright 1986-1999, 2001-2016 Xilinx, Inc. All Rights Reserved.
Running: C:/Xilinx/Vivado/2016.2/bin/unwrapped/win64.o/xelab.exe -wto dacbda8d39e44ed7980109be0785ecdf --debug typical --relax --mt 2 -L xil_defaultlib -L secureip --snapshot RAT_wrapper_behav xil_defaultlib.RAT_wrapper -log elaborate.log 
Using 2 slave threads.
Starting static elaboration
Completed static elaboration
Starting simulation data flow analysis
Completed simulation data flow analysis
Time Resolution for simulation is 1ps
Compiling package std.standard
Compiling package ieee.std_logic_1164
Compiling package ieee.numeric_std
Compiling package ieee.std_logic_arith
Compiling package ieee.std_logic_unsigned
Compiling package unisim.vcomponents
Compiling package ieee.std_logic_signed
Compiling package std.textio
Compiling package ieee.vital_timing
Compiling package ieee.vital_primitives
Compiling package unisim.vpkg
Compiling package ieee.std_logic_textio
Compiling architecture behavioral of entity xil_defaultlib.mux_4to1 [mux_4to1_default]
Compiling architecture behavioral of entity xil_defaultlib.pc [pc_default]
Compiling architecture behavioral of entity xil_defaultlib.pc_wrapper [pc_wrapper_default]
Compiling architecture rb18_internal_vhdl_v of entity unisim.RB18_INTERNAL_VHDL [\RB18_INTERNAL_VHDL(bram_size=18...]
Compiling architecture ramb18e1_v of entity unisim.RAMB18E1 [\RAMB18E1(initp_00="100010111011...]
Compiling architecture ramb16_s18_v of entity unisim.RAMB16_S18 [\RAMB16_S18(initp_00="1000101110...]
Compiling architecture low_level_definition of entity xil_defaultlib.prog_rom [prog_rom_default]
Compiling architecture behavioral of entity xil_defaultlib.REG_FILE [reg_file_default]
Compiling architecture behavioral of entity xil_defaultlib.rat_alu [rat_alu_default]
Compiling architecture behavioral of entity xil_defaultlib.control_unit [control_unit_default]
Compiling architecture behavioral of entity xil_defaultlib.d_flip_flop [d_flip_flop_default]
Compiling architecture behavioral of entity xil_defaultlib.mux_2T1 [mux_2t1_default]
Compiling architecture behavioral of entity xil_defaultlib.mux_rf [mux_rf_default]
Compiling architecture behavioral of entity xil_defaultlib.rat_mcu [rat_mcu_default]
Compiling architecture behavioral of entity xil_defaultlib.rat_wrapper
Built simulation snapshot RAT_wrapper_behav

****** Webtalk v2016.2 (64-bit)
  **** SW Build 1577090 on Thu Jun  2 16:32:40 MDT 2016
  **** IP Build 1577682 on Fri Jun  3 12:00:54 MDT 2016
    ** Copyright 1986-2016 Xilinx, Inc. All Rights Reserved.

source C:/Users/NWang/OneDrive/Others/Documents/GitHub/rat-cpu/rat6/rat6.sim/sim_1/behav/xsim.dir/RAT_wrapper_behav/webtalk/xsim_webtalk.tcl -notrace
INFO: [Common 17-206] Exiting Webtalk at Wed Feb 21 20:22:16 2018...
INFO: [USF-XSim-69] 'elaborate' step finished in '4' seconds
INFO: [USF-XSim-4] XSim::Simulate design
INFO: [USF-XSim-61] Executing 'SIMULATE' step in 'C:/Users/NWang/OneDrive/Others/Documents/GitHub/rat-cpu/rat6/rat6.sim/sim_1/behav'
INFO: [USF-XSim-98] *** Running xsim
   with args "RAT_wrapper_behav -key {Behavioral:sim_1:Functional:RAT_wrapper} -tclbatch {RAT_wrapper.tcl} -log {simulate.log}"
INFO: [USF-XSim-8] Loading simulator feature
Vivado Simulator 2016.2
Time resolution is 1 ps
source RAT_wrapper.tcl
# set curr_wave [current_wave_config]
# if { [string length $curr_wave] == 0 } {
#   if { [llength [get_objects]] > 0} {
#     add_wave /
#     set_property needs_save false [current_wave_config]
#   } else {
#      send_msg_id Add_Wave-1 WARNING "No top level signals found. Simulator will start without a wave window. If you want to open a wave window go to 'File->New Waveform Configuration' or type 'create_wave_config' in the TCL console."
#   }
# }
# run 1000ns
INFO: [USF-XSim-96] XSim completed. Design snapshot 'RAT_wrapper_behav' loaded.
INFO: [USF-XSim-97] XSim simulation ran for 1000ns
launch_simulation: Time (s): cpu = 00:00:03 ; elapsed = 00:00:08 . Memory (MB): peak = 841.434 ; gain = 0.000
restart
INFO: [Simtcl 6-17] Simulation restarted
add_force {/RAT_wrapper/clk} -radix hex {1 0ns} {0 5000ps} -repeat_every 10000ps
add_force {/RAT_wrapper/rst} -radix hex {0 0ns}
run 100 us
restart
INFO: [Simtcl 6-17] Simulation restarted
run 1 us
run 1 us
run 1 us
run 1 us
open_hw
connect_hw_server
INFO: [Labtools 27-2285] Connecting to hw_server url TCP:localhost:3121
INFO: [Labtools 27-2222] Launching hw_server...
INFO: [Labtools 27-2221] Launch Output:

****** Xilinx hw_server v2016.2
  **** Build date : Jun  2 2016-16:57:03
    ** Copyright 1986-2016 Xilinx, Inc. All Rights Reserved.


open_hw_target
INFO: [Labtoolstcl 44-466] Opening hw_target localhost:3121/xilinx_tcf/Digilent/210183A4E08EA
set_property PROGRAM.FILE {C:/Users/NWang/OneDrive/Others/Documents/GitHub/rat-cpu/rat6/rat6.runs/impl_1/RAT_wrapper.bit} [lindex [get_hw_devices] 0]
current_hw_device [lindex [get_hw_devices] 0]
refresh_hw_device -update_hw_probes false [lindex [get_hw_devices] 0]
INFO: [Labtools 27-1434] Device xc7a35t (JTAG device index = 0) is programmed with a design that has no supported debug core(s) in it.
WARNING: [Labtools 27-3123] The debug hub core was not detected at User Scan Chain 1 or 3.
Resolution: 
1. Make sure the clock connected to the debug hub (dbg_hub) core is a free running clock and is active OR
2. Manually launch hw_server with -e "set xsdb-user-bscan <C_USER_SCAN_CHAIN scan_chain_number>" to detect the debug hub at User Scan Chain of 2 or 4. To determine the user scan chain setting, open the implemented design and use: get_property C_USER_SCAN_CHAIN [get_debug_cores dbg_hub].
set_property PROBES.FILE {} [lindex [get_hw_devices] 0]
set_property PROGRAM.FILE {C:/Users/NWang/OneDrive/Others/Documents/GitHub/rat-cpu/rat6/rat6.runs/impl_1/RAT_wrapper.bit} [lindex [get_hw_devices] 0]
program_hw_devices [lindex [get_hw_devices] 0]
INFO: [Labtools 27-3164] End of startup status: HIGH
refresh_hw_device [lindex [get_hw_devices] 0]
INFO: [Labtools 27-1434] Device xc7a35t (JTAG device index = 0) is programmed with a design that has no supported debug core(s) in it.
WARNING: [Labtools 27-3123] The debug hub core was not detected at User Scan Chain 1 or 3.
Resolution: 
1. Make sure the clock connected to the debug hub (dbg_hub) core is a free running clock and is active OR
2. Manually launch hw_server with -e "set xsdb-user-bscan <C_USER_SCAN_CHAIN scan_chain_number>" to detect the debug hub at User Scan Chain of 2 or 4. To determine the user scan chain setting, open the implemented design and use: get_property C_USER_SCAN_CHAIN [get_debug_cores dbg_hub].
ERROR: [Labtoolstcl 44-513] HW Target shutdown. Closing target: localhost:3121/xilinx_tcf/Digilent/210183A4E08EA
INFO: [Labtoolstcl 44-466] Opening hw_target localhost:3121/xilinx_tcf/Digilent/210183A4E08EA
INFO: [Labtools 27-1434] Device xc7a35t (JTAG device index = 0) is programmed with a design that has no supported debug core(s) in it.
WARNING: [Labtools 27-3123] The debug hub core was not detected at User Scan Chain 1 or 3.
Resolution: 
1. Make sure the clock connected to the debug hub (dbg_hub) core is a free running clock and is active OR
2. Manually launch hw_server with -e "set xsdb-user-bscan <C_USER_SCAN_CHAIN scan_chain_number>" to detect the debug hub at User Scan Chain of 2 or 4. To determine the user scan chain setting, open the implemented design and use: get_property C_USER_SCAN_CHAIN [get_debug_cores dbg_hub].
reset_run synth_1
launch_runs impl_1 -to_step write_bitstream
[Wed Feb 21 20:38:59 2018] Launched synth_1...
Run output will be captured here: C:/Users/NWang/OneDrive/Others/Documents/GitHub/rat-cpu/rat6/rat6.runs/synth_1/runme.log
[Wed Feb 21 20:38:59 2018] Launched impl_1...
Run output will be captured here: C:/Users/NWang/OneDrive/Others/Documents/GitHub/rat-cpu/rat6/rat6.runs/impl_1/runme.log
set_property PROBES.FILE {} [lindex [get_hw_devices] 0]
set_property PROGRAM.FILE {C:/Users/NWang/OneDrive/Others/Documents/GitHub/rat-cpu/rat6/rat6.runs/impl_1/RAT_wrapper.bit} [lindex [get_hw_devices] 0]
program_hw_devices [lindex [get_hw_devices] 0]
INFO: [Labtools 27-3164] End of startup status: HIGH
refresh_hw_device [lindex [get_hw_devices] 0]
INFO: [Labtools 27-1434] Device xc7a35t (JTAG device index = 0) is programmed with a design that has no supported debug core(s) in it.
WARNING: [Labtools 27-3123] The debug hub core was not detected at User Scan Chain 1 or 3.
Resolution: 
1. Make sure the clock connected to the debug hub (dbg_hub) core is a free running clock and is active OR
2. Manually launch hw_server with -e "set xsdb-user-bscan <C_USER_SCAN_CHAIN scan_chain_number>" to detect the debug hub at User Scan Chain of 2 or 4. To determine the user scan chain setting, open the implemented design and use: get_property C_USER_SCAN_CHAIN [get_debug_cores dbg_hub].
close_sim
INFO: [Simtcl 6-16] Simulation closed
launch_simulation
INFO: [USF-XSim-27] Simulation object is 'sim_1'
INFO: [USF-XSim-37] Inspecting design source files for 'RAT_wrapper' in fileset 'sim_1'...
INFO: [USF-XSim-97] Finding global include files...
INFO: [USF-XSim-98] Fetching design files from 'sim_1'...
INFO: [USF-XSim-2] XSim::Compile design
INFO: [USF-XSim-61] Executing 'COMPILE and ANALYZE' step in 'C:/Users/NWang/OneDrive/Others/Documents/GitHub/rat-cpu/rat6/rat6.sim/sim_1/behav'
"xvhdl -m64 --relax -prj RAT_wrapper_vhdl.prj"
INFO: [VRFC 10-163] Analyzing VHDL file "C:/Users/NWang/OneDrive/Others/Documents/GitHub/rat-cpu/rat6/rat6.srcs/sources_1/new/pc.vhd" into library xil_defaultlib
INFO: [VRFC 10-307] analyzing entity pc
INFO: [VRFC 10-163] Analyzing VHDL file "C:/Users/NWang/OneDrive/Others/Documents/GitHub/rat-cpu/rat6/rat6.srcs/sources_1/new/mux_4to1.vhd" into library xil_defaultlib
INFO: [VRFC 10-307] analyzing entity mux_4to1
INFO: [VRFC 10-163] Analyzing VHDL file "C:/Users/NWang/OneDrive/Others/Documents/GitHub/rat-cpu/rat6/rat6.srcs/sources_1/new/register_file.vhd" into library xil_defaultlib
INFO: [VRFC 10-307] analyzing entity REG_FILE
INFO: [VRFC 10-163] Analyzing VHDL file "C:/Users/NWang/OneDrive/Others/Documents/GitHub/rat-cpu/rat6/rat6.srcs/sources_1/new/rat_alu.vhd" into library xil_defaultlib
INFO: [VRFC 10-307] analyzing entity rat_alu
INFO: [VRFC 10-163] Analyzing VHDL file "C:/Users/NWang/OneDrive/Others/Documents/GitHub/rat-cpu/rat6/rat6.srcs/sources_1/new/rat2.vhd" into library xil_defaultlib
INFO: [VRFC 10-307] analyzing entity pc_wrapper
INFO: [VRFC 10-163] Analyzing VHDL file "C:/Users/NWang/OneDrive/Others/Documents/GitHub/rat-cpu/rat6/rat6.srcs/sources_1/new/prog_rom.vhd" into library xil_defaultlib
INFO: [VRFC 10-307] analyzing entity prog_rom
INFO: [VRFC 10-163] Analyzing VHDL file "C:/Users/NWang/OneDrive/Others/Documents/GitHub/rat-cpu/rat6/rat6.srcs/sources_1/new/mux_rf.vhd" into library xil_defaultlib
INFO: [VRFC 10-307] analyzing entity mux_rf
INFO: [VRFC 10-163] Analyzing VHDL file "C:/Users/NWang/OneDrive/Others/Documents/GitHub/rat-cpu/rat6/rat6.srcs/sources_1/new/mux_2T1.vhd" into library xil_defaultlib
INFO: [VRFC 10-307] analyzing entity mux_2T1
INFO: [VRFC 10-163] Analyzing VHDL file "C:/Users/NWang/OneDrive/Others/Documents/GitHub/rat-cpu/rat6/rat6.srcs/sources_1/new/d_flip_flop.vhd" into library xil_defaultlib
INFO: [VRFC 10-307] analyzing entity d_flip_flop
INFO: [VRFC 10-163] Analyzing VHDL file "C:/Users/NWang/OneDrive/Others/Documents/GitHub/rat-cpu/rat6/rat6.srcs/sources_1/new/control_unit.vhd" into library xil_defaultlib
INFO: [VRFC 10-307] analyzing entity control_unit
INFO: [VRFC 10-163] Analyzing VHDL file "C:/Users/NWang/OneDrive/Others/Documents/GitHub/rat-cpu/rat6/rat6.srcs/sources_1/new/rat_mcu.vhd" into library xil_defaultlib
INFO: [VRFC 10-307] analyzing entity rat_mcu
INFO: [VRFC 10-163] Analyzing VHDL file "C:/Users/NWang/OneDrive/Others/Documents/GitHub/rat-cpu/rat6/rat6.srcs/sources_1/new/RAT_WRAPPER.vhd" into library xil_defaultlib
INFO: [VRFC 10-307] analyzing entity RAT_wrapper
INFO: [USF-XSim-69] 'compile' step finished in '1' seconds
INFO: [USF-XSim-3] XSim::Elaborate design
INFO: [USF-XSim-61] Executing 'ELABORATE' step in 'C:/Users/NWang/OneDrive/Others/Documents/GitHub/rat-cpu/rat6/rat6.sim/sim_1/behav'
Vivado Simulator 2016.2
Copyright 1986-1999, 2001-2016 Xilinx, Inc. All Rights Reserved.
Running: C:/Xilinx/Vivado/2016.2/bin/unwrapped/win64.o/xelab.exe -wto dacbda8d39e44ed7980109be0785ecdf --debug typical --relax --mt 2 -L xil_defaultlib -L secureip --snapshot RAT_wrapper_behav xil_defaultlib.RAT_wrapper -log elaborate.log 
Using 2 slave threads.
Starting static elaboration
Completed static elaboration
Starting simulation data flow analysis
Completed simulation data flow analysis
Time Resolution for simulation is 1ps
Compiling package std.standard
Compiling package ieee.std_logic_1164
Compiling package ieee.numeric_std
Compiling package ieee.std_logic_arith
Compiling package ieee.std_logic_unsigned
Compiling package unisim.vcomponents
Compiling package ieee.std_logic_signed
Compiling package std.textio
Compiling package ieee.vital_timing
Compiling package ieee.vital_primitives
Compiling package unisim.vpkg
Compiling package ieee.std_logic_textio
Compiling architecture behavioral of entity xil_defaultlib.mux_4to1 [mux_4to1_default]
Compiling architecture behavioral of entity xil_defaultlib.pc [pc_default]
Compiling architecture behavioral of entity xil_defaultlib.pc_wrapper [pc_wrapper_default]
Compiling architecture rb18_internal_vhdl_v of entity unisim.RB18_INTERNAL_VHDL [\RB18_INTERNAL_VHDL(bram_size=18...]
Compiling architecture ramb18e1_v of entity unisim.RAMB18E1 [\RAMB18E1(initp_00="101111100011...]
Compiling architecture ramb16_s18_v of entity unisim.RAMB16_S18 [\RAMB16_S18(initp_00="1011111000...]
Compiling architecture low_level_definition of entity xil_defaultlib.prog_rom [prog_rom_default]
Compiling architecture behavioral of entity xil_defaultlib.REG_FILE [reg_file_default]
Compiling architecture behavioral of entity xil_defaultlib.rat_alu [rat_alu_default]
Compiling architecture behavioral of entity xil_defaultlib.control_unit [control_unit_default]
Compiling architecture behavioral of entity xil_defaultlib.d_flip_flop [d_flip_flop_default]
Compiling architecture behavioral of entity xil_defaultlib.mux_2T1 [mux_2t1_default]
Compiling architecture behavioral of entity xil_defaultlib.mux_rf [mux_rf_default]
Compiling architecture behavioral of entity xil_defaultlib.rat_mcu [rat_mcu_default]
Compiling architecture behavioral of entity xil_defaultlib.rat_wrapper
Built simulation snapshot RAT_wrapper_behav

****** Webtalk v2016.2 (64-bit)
  **** SW Build 1577090 on Thu Jun  2 16:32:40 MDT 2016
  **** IP Build 1577682 on Fri Jun  3 12:00:54 MDT 2016
    ** Copyright 1986-2016 Xilinx, Inc. All Rights Reserved.

source C:/Users/NWang/OneDrive/Others/Documents/GitHub/rat-cpu/rat6/rat6.sim/sim_1/behav/xsim.dir/RAT_wrapper_behav/webtalk/xsim_webtalk.tcl -notrace
INFO: [Common 17-206] Exiting Webtalk at Wed Feb 21 20:41:18 2018...
INFO: [USF-XSim-69] 'elaborate' step finished in '4' seconds
INFO: [USF-XSim-4] XSim::Simulate design
INFO: [USF-XSim-61] Executing 'SIMULATE' step in 'C:/Users/NWang/OneDrive/Others/Documents/GitHub/rat-cpu/rat6/rat6.sim/sim_1/behav'
INFO: [USF-XSim-98] *** Running xsim
   with args "RAT_wrapper_behav -key {Behavioral:sim_1:Functional:RAT_wrapper} -tclbatch {RAT_wrapper.tcl} -log {simulate.log}"
INFO: [USF-XSim-8] Loading simulator feature
Vivado Simulator 2016.2
Time resolution is 1 ps
source RAT_wrapper.tcl
# set curr_wave [current_wave_config]
# if { [string length $curr_wave] == 0 } {
#   if { [llength [get_objects]] > 0} {
#     add_wave /
#     set_property needs_save false [current_wave_config]
#   } else {
#      send_msg_id Add_Wave-1 WARNING "No top level signals found. Simulator will start without a wave window. If you want to open a wave window go to 'File->New Waveform Configuration' or type 'create_wave_config' in the TCL console."
#   }
# }
# run 1000ns
INFO: [USF-XSim-96] XSim completed. Design snapshot 'RAT_wrapper_behav' loaded.
INFO: [USF-XSim-97] XSim simulation ran for 1000ns
launch_simulation: Time (s): cpu = 00:00:03 ; elapsed = 00:00:08 . Memory (MB): peak = 929.055 ; gain = 0.000
restart
INFO: [Simtcl 6-17] Simulation restarted
add_force {/RAT_wrapper/clk} -radix hex {1 0ns} {0 5000ps} -repeat_every 10000ps
add_force {/RAT_wrapper/rst} -radix hex {0 0ns}
run 10 us
ERROR: [Labtoolstcl 44-513] HW Target shutdown. Closing target: localhost:3121/xilinx_tcf/Digilent/210183A4E08EA
close_sim
INFO: [Simtcl 6-16] Simulation closed
launch_simulation
INFO: [USF-XSim-27] Simulation object is 'sim_1'
INFO: [USF-XSim-37] Inspecting design source files for 'RAT_wrapper' in fileset 'sim_1'...
INFO: [USF-XSim-97] Finding global include files...
INFO: [USF-XSim-98] Fetching design files from 'sim_1'...
INFO: [USF-XSim-2] XSim::Compile design
INFO: [USF-XSim-61] Executing 'COMPILE and ANALYZE' step in 'C:/Users/NWang/OneDrive/Others/Documents/GitHub/rat-cpu/rat6/rat6.sim/sim_1/behav'
"xvhdl -m64 --relax -prj RAT_wrapper_vhdl.prj"
INFO: [VRFC 10-163] Analyzing VHDL file "C:/Users/NWang/OneDrive/Others/Documents/GitHub/rat-cpu/rat6/rat6.srcs/sources_1/new/pc.vhd" into library xil_defaultlib
INFO: [VRFC 10-307] analyzing entity pc
INFO: [VRFC 10-163] Analyzing VHDL file "C:/Users/NWang/OneDrive/Others/Documents/GitHub/rat-cpu/rat6/rat6.srcs/sources_1/new/mux_4to1.vhd" into library xil_defaultlib
INFO: [VRFC 10-307] analyzing entity mux_4to1
INFO: [VRFC 10-163] Analyzing VHDL file "C:/Users/NWang/OneDrive/Others/Documents/GitHub/rat-cpu/rat6/rat6.srcs/sources_1/new/register_file.vhd" into library xil_defaultlib
INFO: [VRFC 10-307] analyzing entity REG_FILE
INFO: [VRFC 10-163] Analyzing VHDL file "C:/Users/NWang/OneDrive/Others/Documents/GitHub/rat-cpu/rat6/rat6.srcs/sources_1/new/rat_alu.vhd" into library xil_defaultlib
INFO: [VRFC 10-307] analyzing entity rat_alu
INFO: [VRFC 10-163] Analyzing VHDL file "C:/Users/NWang/OneDrive/Others/Documents/GitHub/rat-cpu/rat6/rat6.srcs/sources_1/new/rat2.vhd" into library xil_defaultlib
INFO: [VRFC 10-307] analyzing entity pc_wrapper
INFO: [VRFC 10-163] Analyzing VHDL file "C:/Users/NWang/OneDrive/Others/Documents/GitHub/rat-cpu/rat6/rat6.srcs/sources_1/new/prog_rom.vhd" into library xil_defaultlib
INFO: [VRFC 10-307] analyzing entity prog_rom
INFO: [VRFC 10-163] Analyzing VHDL file "C:/Users/NWang/OneDrive/Others/Documents/GitHub/rat-cpu/rat6/rat6.srcs/sources_1/new/mux_rf.vhd" into library xil_defaultlib
INFO: [VRFC 10-307] analyzing entity mux_rf
INFO: [VRFC 10-163] Analyzing VHDL file "C:/Users/NWang/OneDrive/Others/Documents/GitHub/rat-cpu/rat6/rat6.srcs/sources_1/new/mux_2T1.vhd" into library xil_defaultlib
INFO: [VRFC 10-307] analyzing entity mux_2T1
INFO: [VRFC 10-163] Analyzing VHDL file "C:/Users/NWang/OneDrive/Others/Documents/GitHub/rat-cpu/rat6/rat6.srcs/sources_1/new/d_flip_flop.vhd" into library xil_defaultlib
INFO: [VRFC 10-307] analyzing entity d_flip_flop
INFO: [VRFC 10-163] Analyzing VHDL file "C:/Users/NWang/OneDrive/Others/Documents/GitHub/rat-cpu/rat6/rat6.srcs/sources_1/new/control_unit.vhd" into library xil_defaultlib
INFO: [VRFC 10-307] analyzing entity control_unit
INFO: [VRFC 10-163] Analyzing VHDL file "C:/Users/NWang/OneDrive/Others/Documents/GitHub/rat-cpu/rat6/rat6.srcs/sources_1/new/rat_mcu.vhd" into library xil_defaultlib
INFO: [VRFC 10-307] analyzing entity rat_mcu
INFO: [VRFC 10-163] Analyzing VHDL file "C:/Users/NWang/OneDrive/Others/Documents/GitHub/rat-cpu/rat6/rat6.srcs/sources_1/new/RAT_WRAPPER.vhd" into library xil_defaultlib
INFO: [VRFC 10-307] analyzing entity RAT_wrapper
INFO: [USF-XSim-69] 'compile' step finished in '1' seconds
INFO: [USF-XSim-3] XSim::Elaborate design
INFO: [USF-XSim-61] Executing 'ELABORATE' step in 'C:/Users/NWang/OneDrive/Others/Documents/GitHub/rat-cpu/rat6/rat6.sim/sim_1/behav'
Vivado Simulator 2016.2
Copyright 1986-1999, 2001-2016 Xilinx, Inc. All Rights Reserved.
Running: C:/Xilinx/Vivado/2016.2/bin/unwrapped/win64.o/xelab.exe -wto dacbda8d39e44ed7980109be0785ecdf --debug typical --relax --mt 2 -L xil_defaultlib -L secureip --snapshot RAT_wrapper_behav xil_defaultlib.RAT_wrapper -log elaborate.log 
Using 2 slave threads.
Starting static elaboration
Completed static elaboration
Starting simulation data flow analysis
Completed simulation data flow analysis
Time Resolution for simulation is 1ps
Compiling package std.standard
Compiling package ieee.std_logic_1164
Compiling package ieee.numeric_std
Compiling package ieee.std_logic_arith
Compiling package ieee.std_logic_unsigned
Compiling package unisim.vcomponents
Compiling package ieee.std_logic_signed
Compiling package std.textio
Compiling package ieee.vital_timing
Compiling package ieee.vital_primitives
Compiling package unisim.vpkg
Compiling package ieee.std_logic_textio
Compiling architecture behavioral of entity xil_defaultlib.mux_4to1 [mux_4to1_default]
Compiling architecture behavioral of entity xil_defaultlib.pc [pc_default]
Compiling architecture behavioral of entity xil_defaultlib.pc_wrapper [pc_wrapper_default]
Compiling architecture rb18_internal_vhdl_v of entity unisim.RB18_INTERNAL_VHDL [\RB18_INTERNAL_VHDL(bram_size=18...]
Compiling architecture ramb18e1_v of entity unisim.RAMB18E1 [\RAMB18E1(initp_00="100010111011...]
Compiling architecture ramb16_s18_v of entity unisim.RAMB16_S18 [\RAMB16_S18(initp_00="1000101110...]
Compiling architecture low_level_definition of entity xil_defaultlib.prog_rom [prog_rom_default]
Compiling architecture behavioral of entity xil_defaultlib.REG_FILE [reg_file_default]
Compiling architecture behavioral of entity xil_defaultlib.rat_alu [rat_alu_default]
Compiling architecture behavioral of entity xil_defaultlib.control_unit [control_unit_default]
Compiling architecture behavioral of entity xil_defaultlib.d_flip_flop [d_flip_flop_default]
Compiling architecture behavioral of entity xil_defaultlib.mux_2T1 [mux_2t1_default]
Compiling architecture behavioral of entity xil_defaultlib.mux_rf [mux_rf_default]
Compiling architecture behavioral of entity xil_defaultlib.rat_mcu [rat_mcu_default]
Compiling architecture behavioral of entity xil_defaultlib.rat_wrapper
Built simulation snapshot RAT_wrapper_behav

****** Webtalk v2016.2 (64-bit)
  **** SW Build 1577090 on Thu Jun  2 16:32:40 MDT 2016
  **** IP Build 1577682 on Fri Jun  3 12:00:54 MDT 2016
    ** Copyright 1986-2016 Xilinx, Inc. All Rights Reserved.

source C:/Users/NWang/OneDrive/Others/Documents/GitHub/rat-cpu/rat6/rat6.sim/sim_1/behav/xsim.dir/RAT_wrapper_behav/webtalk/xsim_webtalk.tcl -notrace
INFO: [Common 17-206] Exiting Webtalk at Wed Feb 21 20:54:38 2018...
INFO: [USF-XSim-69] 'elaborate' step finished in '5' seconds
INFO: [USF-XSim-4] XSim::Simulate design
INFO: [USF-XSim-61] Executing 'SIMULATE' step in 'C:/Users/NWang/OneDrive/Others/Documents/GitHub/rat-cpu/rat6/rat6.sim/sim_1/behav'
INFO: [USF-XSim-98] *** Running xsim
   with args "RAT_wrapper_behav -key {Behavioral:sim_1:Functional:RAT_wrapper} -tclbatch {RAT_wrapper.tcl} -log {simulate.log}"
INFO: [USF-XSim-8] Loading simulator feature
Vivado Simulator 2016.2
Time resolution is 1 ps
source RAT_wrapper.tcl
# set curr_wave [current_wave_config]
# if { [string length $curr_wave] == 0 } {
#   if { [llength [get_objects]] > 0} {
#     add_wave /
#     set_property needs_save false [current_wave_config]
#   } else {
#      send_msg_id Add_Wave-1 WARNING "No top level signals found. Simulator will start without a wave window. If you want to open a wave window go to 'File->New Waveform Configuration' or type 'create_wave_config' in the TCL console."
#   }
# }
# run 1000ns
INFO: [USF-XSim-96] XSim completed. Design snapshot 'RAT_wrapper_behav' loaded.
INFO: [USF-XSim-97] XSim simulation ran for 1000ns
launch_simulation: Time (s): cpu = 00:00:01 ; elapsed = 00:00:08 . Memory (MB): peak = 932.051 ; gain = 0.000
restart
INFO: [Simtcl 6-17] Simulation restarted
add_force {/RAT_wrapper/clk} -radix hex {1 0ns} {0 5000ps} -repeat_every 10000ps
add_force {/RAT_wrapper/rst} -radix hex {0 0ns}
run 10 us
run 10 us
reset_run synth_1
launch_runs impl_1 -to_step write_bitstream
[Wed Feb 21 21:22:32 2018] Launched synth_1...
Run output will be captured here: C:/Users/NWang/OneDrive/Others/Documents/GitHub/rat-cpu/rat6/rat6.runs/synth_1/runme.log
[Wed Feb 21 21:22:32 2018] Launched impl_1...
Run output will be captured here: C:/Users/NWang/OneDrive/Others/Documents/GitHub/rat-cpu/rat6/rat6.runs/impl_1/runme.log
disconnect_hw_server localhost:3121
connect_hw_server
INFO: [Labtools 27-2285] Connecting to hw_server url TCP:localhost:3121
open_hw_target
INFO: [Labtoolstcl 44-466] Opening hw_target localhost:3121/xilinx_tcf/Digilent/210183A4E08EA
ERROR: [Labtools 27-2270] Target localhost:3121/xilinx_tcf/Digilent/210183A4E08EA is no longer available.
Check cable connectivity and that the target board is powered up then
use the disconnect_hw_server and connect_hw_server to re-register this hardware target.
disconnect_hw_server localhost:3121
connect_hw_server
INFO: [Labtools 27-2285] Connecting to hw_server url TCP:localhost:3121
open_hw_target
INFO: [Labtoolstcl 44-466] Opening hw_target localhost:3121/xilinx_tcf/Digilent/210183A4E08EA
ERROR: [Labtools 27-2270] Target localhost:3121/xilinx_tcf/Digilent/210183A4E08EA is no longer available.
Check cable connectivity and that the target board is powered up then
use the disconnect_hw_server and connect_hw_server to re-register this hardware target.
disconnect_hw_server localhost:3121
connect_hw_server
INFO: [Labtools 27-2285] Connecting to hw_server url TCP:localhost:3121
connect_hw_server: Time (s): cpu = 00:00:00 ; elapsed = 00:00:25 . Memory (MB): peak = 949.516 ; gain = 0.000
open_hw_target
INFO: [Labtoolstcl 44-466] Opening hw_target localhost:3121/xilinx_tcf/Digilent/210183A4E08EA
ERROR: [Labtools 27-2270] Target localhost:3121/xilinx_tcf/Digilent/210183A4E08EA is no longer available.
Check cable connectivity and that the target board is powered up then
use the disconnect_hw_server and connect_hw_server to re-register this hardware target.
disconnect_hw_server localhost:3121
connect_hw_server
INFO: [Labtools 27-2285] Connecting to hw_server url TCP:localhost:3121
connect_hw_server: Time (s): cpu = 00:00:00 ; elapsed = 00:00:23 . Memory (MB): peak = 949.516 ; gain = 0.000
open_hw_target
INFO: [Labtoolstcl 44-466] Opening hw_target localhost:3121/xilinx_tcf/Digilent/210183A4E08EA
ERROR: [Labtools 27-2270] Target localhost:3121/xilinx_tcf/Digilent/210183A4E08EA is no longer available.
Check cable connectivity and that the target board is powered up then
use the disconnect_hw_server and connect_hw_server to re-register this hardware target.
disconnect_hw_server localhost:3121
connect_hw_server
INFO: [Labtools 27-2285] Connecting to hw_server url TCP:localhost:3121
open_hw_target
INFO: [Labtoolstcl 44-466] Opening hw_target localhost:3121/xilinx_tcf/Digilent/210183A4E08EA
ERROR: [Labtools 27-2270] Target localhost:3121/xilinx_tcf/Digilent/210183A4E08EA is no longer available.
Check cable connectivity and that the target board is powered up then
use the disconnect_hw_server and connect_hw_server to re-register this hardware target.
disconnect_hw_server localhost:3121
connect_hw_server
INFO: [Labtools 27-2285] Connecting to hw_server url TCP:localhost:3121
open_hw_target
INFO: [Labtoolstcl 44-466] Opening hw_target localhost:3121/xilinx_tcf/Digilent/210183A4E08EA
ERROR: [Labtools 27-2270] Target localhost:3121/xilinx_tcf/Digilent/210183A4E08EA is no longer available.
Check cable connectivity and that the target board is powered up then
use the disconnect_hw_server and connect_hw_server to re-register this hardware target.
disconnect_hw_server localhost:3121
connect_hw_server
INFO: [Labtools 27-2285] Connecting to hw_server url TCP:localhost:3121
open_hw_target
INFO: [Labtoolstcl 44-466] Opening hw_target localhost:3121/xilinx_tcf/Digilent/210183A4E08EA
ERROR: [Labtools 27-2270] Target localhost:3121/xilinx_tcf/Digilent/210183A4E08EA is no longer available.
Check cable connectivity and that the target board is powered up then
use the disconnect_hw_server and connect_hw_server to re-register this hardware target.
disconnect_hw_server localhost:3121
connect_hw_server
INFO: [Labtools 27-2285] Connecting to hw_server url TCP:localhost:3121
open_hw_target
INFO: [Labtoolstcl 44-466] Opening hw_target localhost:3121/xilinx_tcf/Digilent/210183A4E08EA
ERROR: [Labtools 27-2270] Target localhost:3121/xilinx_tcf/Digilent/210183A4E08EA is no longer available.
Check cable connectivity and that the target board is powered up then
use the disconnect_hw_server and connect_hw_server to re-register this hardware target.
disconnect_hw_server localhost:3121
connect_hw_server
INFO: [Labtools 27-2285] Connecting to hw_server url TCP:localhost:3121
open_hw_target
INFO: [Labtoolstcl 44-466] Opening hw_target localhost:3121/xilinx_tcf/Digilent/210183A4E08EA
ERROR: [Labtools 27-2270] Target localhost:3121/xilinx_tcf/Digilent/210183A4E08EA is no longer available.
Check cable connectivity and that the target board is powered up then
use the disconnect_hw_server and connect_hw_server to re-register this hardware target.
disconnect_hw_server localhost:3121
connect_hw_server
INFO: [Labtools 27-2285] Connecting to hw_server url TCP:localhost:3121
ERROR: [Labtoolstcl 44-494] There is no active target available for server at localhost.
 Targets(s) ", jsn-Basys3-210183A4E08EAjsn-Basys3-210183A5824EA" may be locked by another hw_server.
disconnect_hw_server localhost:3121
connect_hw_server
INFO: [Labtools 27-2285] Connecting to hw_server url TCP:localhost:3121
ERROR: [Labtoolstcl 44-494] There is no active target available for server at localhost.
 Targets(s) ", jsn-Basys3-210183A4E08EAjsn-Basys3-210183A5824EA" may be locked by another hw_server.
disconnect_hw_server localhost:3121
connect_hw_server
INFO: [Labtools 27-2285] Connecting to hw_server url TCP:localhost:3121
open_hw_target
INFO: [Labtoolstcl 44-466] Opening hw_target localhost:3121/xilinx_tcf/Digilent/210183A4E08EA
ERROR: [Labtools 27-2270] Target localhost:3121/xilinx_tcf/Digilent/210183A4E08EA is no longer available.
Check cable connectivity and that the target board is powered up then
use the disconnect_hw_server and connect_hw_server to re-register this hardware target.
disconnect_hw_server localhost:3121
connect_hw_server
INFO: [Labtools 27-2285] Connecting to hw_server url TCP:localhost:3121
open_hw_target
INFO: [Labtoolstcl 44-466] Opening hw_target localhost:3121/xilinx_tcf/Digilent/210183A4E08EA
ERROR: [Labtools 27-2270] Target localhost:3121/xilinx_tcf/Digilent/210183A4E08EA is no longer available.
Check cable connectivity and that the target board is powered up then
use the disconnect_hw_server and connect_hw_server to re-register this hardware target.
disconnect_hw_server localhost:3121
connect_hw_server
INFO: [Labtools 27-2285] Connecting to hw_server url TCP:localhost:3121
ERROR: [Labtoolstcl 44-494] There is no active target available for server at localhost.
 Targets(s) ", jsn-Basys3-210183A4E08EAjsn-Basys3-210183A5824EA" may be locked by another hw_server.
disconnect_hw_server localhost:3121
connect_hw_server
INFO: [Labtools 27-2285] Connecting to hw_server url TCP:localhost:3121
open_hw_target
INFO: [Labtoolstcl 44-466] Opening hw_target localhost:3121/xilinx_tcf/Digilent/210183A4E08EA
ERROR: [Labtools 27-2270] Target localhost:3121/xilinx_tcf/Digilent/210183A4E08EA is no longer available.
Check cable connectivity and that the target board is powered up then
use the disconnect_hw_server and connect_hw_server to re-register this hardware target.
disconnect_hw_server localhost:3121
connect_hw_server
INFO: [Labtools 27-2285] Connecting to hw_server url TCP:localhost:3121
open_hw_target
INFO: [Labtoolstcl 44-466] Opening hw_target localhost:3121/xilinx_tcf/Digilent/210183A4E08EA
ERROR: [Labtools 27-2270] Target localhost:3121/xilinx_tcf/Digilent/210183A4E08EA is no longer available.
Check cable connectivity and that the target board is powered up then
use the disconnect_hw_server and connect_hw_server to re-register this hardware target.
disconnect_hw_server localhost:3121
connect_hw_server
INFO: [Labtools 27-2285] Connecting to hw_server url TCP:localhost:3121
ERROR: [Labtoolstcl 44-494] There is no active target available for server at localhost.
 Targets(s) ", jsn-Basys3-210183A4E08EAjsn-Basys3-210183A5824EA" may be locked by another hw_server.
disconnect_hw_server localhost:3121
connect_hw_server
INFO: [Labtools 27-2285] Connecting to hw_server url TCP:localhost:3121
open_hw_target
INFO: [Labtoolstcl 44-466] Opening hw_target localhost:3121/xilinx_tcf/Digilent/210183A4E08EA
ERROR: [Labtools 27-2270] Target localhost:3121/xilinx_tcf/Digilent/210183A4E08EA is no longer available.
Check cable connectivity and that the target board is powered up then
use the disconnect_hw_server and connect_hw_server to re-register this hardware target.
disconnect_hw_server localhost:3121
connect_hw_server
INFO: [Labtools 27-2285] Connecting to hw_server url TCP:localhost:3121
open_hw_target
INFO: [Labtoolstcl 44-466] Opening hw_target localhost:3121/xilinx_tcf/Digilent/210183A4E08EA
ERROR: [Labtools 27-2270] Target localhost:3121/xilinx_tcf/Digilent/210183A4E08EA is no longer available.
Check cable connectivity and that the target board is powered up then
use the disconnect_hw_server and connect_hw_server to re-register this hardware target.
disconnect_hw_server localhost:3121
connect_hw_server
INFO: [Labtools 27-2285] Connecting to hw_server url TCP:localhost:3121
open_hw_target
INFO: [Labtoolstcl 44-466] Opening hw_target localhost:3121/xilinx_tcf/Digilent/210183A4E08EA
ERROR: [Labtools 27-2270] Target localhost:3121/xilinx_tcf/Digilent/210183A4E08EA is no longer available.
Check cable connectivity and that the target board is powered up then
use the disconnect_hw_server and connect_hw_server to re-register this hardware target.
disconnect_hw_server localhost:3121
connect_hw_server
INFO: [Labtools 27-2285] Connecting to hw_server url TCP:localhost:3121
open_hw_target
INFO: [Labtoolstcl 44-466] Opening hw_target localhost:3121/xilinx_tcf/Digilent/210183A4E08EA
ERROR: [Labtools 27-2270] Target localhost:3121/xilinx_tcf/Digilent/210183A4E08EA is no longer available.
Check cable connectivity and that the target board is powered up then
use the disconnect_hw_server and connect_hw_server to re-register this hardware target.
disconnect_hw_server localhost:3121
connect_hw_server
INFO: [Labtools 27-2285] Connecting to hw_server url TCP:localhost:3121
open_hw_target
INFO: [Labtoolstcl 44-466] Opening hw_target localhost:3121/xilinx_tcf/Digilent/210183A4E08EA
ERROR: [Labtools 27-2270] Target localhost:3121/xilinx_tcf/Digilent/210183A4E08EA is no longer available.
Check cable connectivity and that the target board is powered up then
use the disconnect_hw_server and connect_hw_server to re-register this hardware target.
disconnect_hw_server localhost:3121
connect_hw_server
INFO: [Labtools 27-2285] Connecting to hw_server url TCP:localhost:3121
ERROR: [Labtoolstcl 44-494] There is no active target available for server at localhost.
 Targets(s) ", jsn-Basys3-210183A4E08EAjsn-Basys3-210183A5824EA" may be locked by another hw_server.
disconnect_hw_server localhost:3121
connect_hw_server
INFO: [Labtools 27-2285] Connecting to hw_server url TCP:localhost:3121
open_hw_target
INFO: [Labtoolstcl 44-466] Opening hw_target localhost:3121/xilinx_tcf/Digilent/210183A4E08EA
ERROR: [Labtools 27-2270] Target localhost:3121/xilinx_tcf/Digilent/210183A4E08EA is no longer available.
Check cable connectivity and that the target board is powered up then
use the disconnect_hw_server and connect_hw_server to re-register this hardware target.
disconnect_hw_server localhost:3121
connect_hw_server
INFO: [Labtools 27-2285] Connecting to hw_server url TCP:localhost:3121
ERROR: [Labtoolstcl 44-494] There is no active target available for server at localhost.
 Targets(s) ", jsn-Basys3-210183A4E08EAjsn-Basys3-210183A5824EA" may be locked by another hw_server.
disconnect_hw_server localhost:3121
connect_hw_server
INFO: [Labtools 27-2285] Connecting to hw_server url TCP:localhost:3121
open_hw_target
INFO: [Labtoolstcl 44-466] Opening hw_target localhost:3121/xilinx_tcf/Digilent/210183A4E08EA
ERROR: [Labtools 27-2270] Target localhost:3121/xilinx_tcf/Digilent/210183A4E08EA is no longer available.
Check cable connectivity and that the target board is powered up then
use the disconnect_hw_server and connect_hw_server to re-register this hardware target.
INFO: [Labtoolstcl 44-466] Opening hw_target localhost:3121/xilinx_tcf/Digilent/210183A4E08EA
INFO: [Labtools 27-1434] Device xc7a35t (JTAG device index = 0) is programmed with a design that has no supported debug core(s) in it.
WARNING: [Labtools 27-3123] The debug hub core was not detected at User Scan Chain 1 or 3.
Resolution: 
1. Make sure the clock connected to the debug hub (dbg_hub) core is a free running clock and is active OR
2. Manually launch hw_server with -e "set xsdb-user-bscan <C_USER_SCAN_CHAIN scan_chain_number>" to detect the debug hub at User Scan Chain of 2 or 4. To determine the user scan chain setting, open the implemented design and use: get_property C_USER_SCAN_CHAIN [get_debug_cores dbg_hub].
set_property PROBES.FILE {} [lindex [get_hw_devices] 0]
set_property PROGRAM.FILE {C:/Users/NWang/OneDrive/Others/Documents/GitHub/rat-cpu/rat6/rat6.runs/impl_1/RAT_wrapper.bit} [lindex [get_hw_devices] 0]
program_hw_devices [lindex [get_hw_devices] 0]
INFO: [Labtools 27-3164] End of startup status: HIGH
refresh_hw_device [lindex [get_hw_devices] 0]
INFO: [Labtools 27-1434] Device xc7a35t (JTAG device index = 0) is programmed with a design that has no supported debug core(s) in it.
WARNING: [Labtools 27-3123] The debug hub core was not detected at User Scan Chain 1 or 3.
Resolution: 
1. Make sure the clock connected to the debug hub (dbg_hub) core is a free running clock and is active OR
2. Manually launch hw_server with -e "set xsdb-user-bscan <C_USER_SCAN_CHAIN scan_chain_number>" to detect the debug hub at User Scan Chain of 2 or 4. To determine the user scan chain setting, open the implemented design and use: get_property C_USER_SCAN_CHAIN [get_debug_cores dbg_hub].
close_sim
INFO: [Simtcl 6-16] Simulation closed
launch_simulation
INFO: [USF-XSim-27] Simulation object is 'sim_1'
INFO: [USF-XSim-37] Inspecting design source files for 'RAT_wrapper' in fileset 'sim_1'...
INFO: [USF-XSim-97] Finding global include files...
INFO: [USF-XSim-98] Fetching design files from 'sim_1'...
INFO: [USF-XSim-2] XSim::Compile design
INFO: [USF-XSim-61] Executing 'COMPILE and ANALYZE' step in 'C:/Users/NWang/OneDrive/Others/Documents/GitHub/rat-cpu/rat6/rat6.sim/sim_1/behav'
"xvhdl -m64 --relax -prj RAT_wrapper_vhdl.prj"
INFO: [VRFC 10-163] Analyzing VHDL file "C:/Users/NWang/OneDrive/Others/Documents/GitHub/rat-cpu/rat6/rat6.srcs/sources_1/new/pc.vhd" into library xil_defaultlib
INFO: [VRFC 10-307] analyzing entity pc
INFO: [VRFC 10-163] Analyzing VHDL file "C:/Users/NWang/OneDrive/Others/Documents/GitHub/rat-cpu/rat6/rat6.srcs/sources_1/new/mux_4to1.vhd" into library xil_defaultlib
INFO: [VRFC 10-307] analyzing entity mux_4to1
INFO: [VRFC 10-163] Analyzing VHDL file "C:/Users/NWang/OneDrive/Others/Documents/GitHub/rat-cpu/rat6/rat6.srcs/sources_1/new/register_file.vhd" into library xil_defaultlib
INFO: [VRFC 10-307] analyzing entity REG_FILE
INFO: [VRFC 10-163] Analyzing VHDL file "C:/Users/NWang/OneDrive/Others/Documents/GitHub/rat-cpu/rat6/rat6.srcs/sources_1/new/rat_alu.vhd" into library xil_defaultlib
INFO: [VRFC 10-307] analyzing entity rat_alu
INFO: [VRFC 10-163] Analyzing VHDL file "C:/Users/NWang/OneDrive/Others/Documents/GitHub/rat-cpu/rat6/rat6.srcs/sources_1/new/rat2.vhd" into library xil_defaultlib
INFO: [VRFC 10-307] analyzing entity pc_wrapper
INFO: [VRFC 10-163] Analyzing VHDL file "C:/Users/NWang/OneDrive/Others/Documents/GitHub/rat-cpu/rat6/rat6.srcs/sources_1/new/prog_rom.vhd" into library xil_defaultlib
INFO: [VRFC 10-307] analyzing entity prog_rom
INFO: [VRFC 10-163] Analyzing VHDL file "C:/Users/NWang/OneDrive/Others/Documents/GitHub/rat-cpu/rat6/rat6.srcs/sources_1/new/mux_rf.vhd" into library xil_defaultlib
INFO: [VRFC 10-307] analyzing entity mux_rf
INFO: [VRFC 10-163] Analyzing VHDL file "C:/Users/NWang/OneDrive/Others/Documents/GitHub/rat-cpu/rat6/rat6.srcs/sources_1/new/mux_2T1.vhd" into library xil_defaultlib
INFO: [VRFC 10-307] analyzing entity mux_2T1
INFO: [VRFC 10-163] Analyzing VHDL file "C:/Users/NWang/OneDrive/Others/Documents/GitHub/rat-cpu/rat6/rat6.srcs/sources_1/new/d_flip_flop.vhd" into library xil_defaultlib
INFO: [VRFC 10-307] analyzing entity d_flip_flop
INFO: [VRFC 10-163] Analyzing VHDL file "C:/Users/NWang/OneDrive/Others/Documents/GitHub/rat-cpu/rat6/rat6.srcs/sources_1/new/control_unit.vhd" into library xil_defaultlib
INFO: [VRFC 10-307] analyzing entity control_unit
INFO: [VRFC 10-163] Analyzing VHDL file "C:/Users/NWang/OneDrive/Others/Documents/GitHub/rat-cpu/rat6/rat6.srcs/sources_1/new/rat_mcu.vhd" into library xil_defaultlib
INFO: [VRFC 10-307] analyzing entity rat_mcu
INFO: [VRFC 10-163] Analyzing VHDL file "C:/Users/NWang/OneDrive/Others/Documents/GitHub/rat-cpu/rat6/rat6.srcs/sources_1/new/RAT_WRAPPER.vhd" into library xil_defaultlib
INFO: [VRFC 10-307] analyzing entity RAT_wrapper
INFO: [USF-XSim-69] 'compile' step finished in '1' seconds
INFO: [USF-XSim-3] XSim::Elaborate design
INFO: [USF-XSim-61] Executing 'ELABORATE' step in 'C:/Users/NWang/OneDrive/Others/Documents/GitHub/rat-cpu/rat6/rat6.sim/sim_1/behav'
Vivado Simulator 2016.2
Copyright 1986-1999, 2001-2016 Xilinx, Inc. All Rights Reserved.
Running: C:/Xilinx/Vivado/2016.2/bin/unwrapped/win64.o/xelab.exe -wto dacbda8d39e44ed7980109be0785ecdf --debug typical --relax --mt 2 -L xil_defaultlib -L secureip --snapshot RAT_wrapper_behav xil_defaultlib.RAT_wrapper -log elaborate.log 
Using 2 slave threads.
Starting static elaboration
Completed static elaboration
Starting simulation data flow analysis
Completed simulation data flow analysis
Time Resolution for simulation is 1ps
Compiling package std.standard
Compiling package ieee.std_logic_1164
Compiling package ieee.numeric_std
Compiling package ieee.std_logic_arith
Compiling package ieee.std_logic_unsigned
Compiling package unisim.vcomponents
Compiling package ieee.std_logic_signed
Compiling package std.textio
Compiling package ieee.vital_timing
Compiling package ieee.vital_primitives
Compiling package unisim.vpkg
Compiling package ieee.std_logic_textio
Compiling architecture behavioral of entity xil_defaultlib.mux_4to1 [mux_4to1_default]
Compiling architecture behavioral of entity xil_defaultlib.pc [pc_default]
Compiling architecture behavioral of entity xil_defaultlib.pc_wrapper [pc_wrapper_default]
Compiling architecture rb18_internal_vhdl_v of entity unisim.RB18_INTERNAL_VHDL [\RB18_INTERNAL_VHDL(bram_size=18...]
Compiling architecture ramb18e1_v of entity unisim.RAMB18E1 [\RAMB18E1(initp_00="100010111011...]
Compiling architecture ramb16_s18_v of entity unisim.RAMB16_S18 [\RAMB16_S18(initp_00="1000101110...]
Compiling architecture low_level_definition of entity xil_defaultlib.prog_rom [prog_rom_default]
Compiling architecture behavioral of entity xil_defaultlib.REG_FILE [reg_file_default]
Compiling architecture behavioral of entity xil_defaultlib.rat_alu [rat_alu_default]
Compiling architecture behavioral of entity xil_defaultlib.control_unit [control_unit_default]
Compiling architecture behavioral of entity xil_defaultlib.d_flip_flop [d_flip_flop_default]
Compiling architecture behavioral of entity xil_defaultlib.mux_2T1 [mux_2t1_default]
Compiling architecture behavioral of entity xil_defaultlib.mux_rf [mux_rf_default]
Compiling architecture behavioral of entity xil_defaultlib.rat_mcu [rat_mcu_default]
Compiling architecture behavioral of entity xil_defaultlib.rat_wrapper
Built simulation snapshot RAT_wrapper_behav

****** Webtalk v2016.2 (64-bit)
  **** SW Build 1577090 on Thu Jun  2 16:32:40 MDT 2016
  **** IP Build 1577682 on Fri Jun  3 12:00:54 MDT 2016
    ** Copyright 1986-2016 Xilinx, Inc. All Rights Reserved.

source C:/Users/NWang/OneDrive/Others/Documents/GitHub/rat-cpu/rat6/rat6.sim/sim_1/behav/xsim.dir/RAT_wrapper_behav/webtalk/xsim_webtalk.tcl -notrace
INFO: [Common 17-206] Exiting Webtalk at Wed Feb 21 21:33:41 2018...
INFO: [USF-XSim-69] 'elaborate' step finished in '4' seconds
INFO: [USF-XSim-4] XSim::Simulate design
INFO: [USF-XSim-61] Executing 'SIMULATE' step in 'C:/Users/NWang/OneDrive/Others/Documents/GitHub/rat-cpu/rat6/rat6.sim/sim_1/behav'
INFO: [USF-XSim-98] *** Running xsim
   with args "RAT_wrapper_behav -key {Behavioral:sim_1:Functional:RAT_wrapper} -tclbatch {RAT_wrapper.tcl} -log {simulate.log}"
INFO: [USF-XSim-8] Loading simulator feature
Vivado Simulator 2016.2
Time resolution is 1 ps
source RAT_wrapper.tcl
# set curr_wave [current_wave_config]
# if { [string length $curr_wave] == 0 } {
#   if { [llength [get_objects]] > 0} {
#     add_wave /
#     set_property needs_save false [current_wave_config]
#   } else {
#      send_msg_id Add_Wave-1 WARNING "No top level signals found. Simulator will start without a wave window. If you want to open a wave window go to 'File->New Waveform Configuration' or type 'create_wave_config' in the TCL console."
#   }
# }
# run 1000ns
INFO: [USF-XSim-96] XSim completed. Design snapshot 'RAT_wrapper_behav' loaded.
INFO: [USF-XSim-97] XSim simulation ran for 1000ns
launch_simulation: Time (s): cpu = 00:00:02 ; elapsed = 00:00:08 . Memory (MB): peak = 949.516 ; gain = 0.000
add_force {/RAT_wrapper/clk} -radix hex {1 0ns} {0 5000ps} -repeat_every 10000ps
add_force {/RAT_wrapper/rst} -radix hex {0 0ns}
restart
INFO: [Simtcl 6-17] Simulation restarted
add_force {/RAT_wrapper/rst} -radix hex {0 0ns}
add_force {/RAT_wrapper/clk} -radix hex {1 0ns} {0 5000ps} -repeat_every 10000ps
run 10 us
run 10 us
restart
INFO: [Simtcl 6-17] Simulation restarted
run 10 us
run 10 us
reset_run synth_1
launch_runs impl_1 -to_step write_bitstream
[Wed Feb 21 21:39:00 2018] Launched synth_1...
Run output will be captured here: C:/Users/NWang/OneDrive/Others/Documents/GitHub/rat-cpu/rat6/rat6.runs/synth_1/runme.log
[Wed Feb 21 21:39:00 2018] Launched impl_1...
Run output will be captured here: C:/Users/NWang/OneDrive/Others/Documents/GitHub/rat-cpu/rat6/rat6.runs/impl_1/runme.log
reset_run synth_1
launch_runs impl_1 -to_step write_bitstream
[Wed Feb 21 21:41:56 2018] Launched synth_1...
Run output will be captured here: C:/Users/NWang/OneDrive/Others/Documents/GitHub/rat-cpu/rat6/rat6.runs/synth_1/runme.log
[Wed Feb 21 21:41:56 2018] Launched impl_1...
Run output will be captured here: C:/Users/NWang/OneDrive/Others/Documents/GitHub/rat-cpu/rat6/rat6.runs/impl_1/runme.log
reset_run synth_1
launch_runs impl_1 -to_step write_bitstream
[Wed Feb 21 21:45:29 2018] Launched synth_1...
Run output will be captured here: C:/Users/NWang/OneDrive/Others/Documents/GitHub/rat-cpu/rat6/rat6.runs/synth_1/runme.log
[Wed Feb 21 21:45:29 2018] Launched impl_1...
Run output will be captured here: C:/Users/NWang/OneDrive/Others/Documents/GitHub/rat-cpu/rat6/rat6.runs/impl_1/runme.log
set_property PROBES.FILE {} [lindex [get_hw_devices] 0]
set_property PROGRAM.FILE {C:/Users/NWang/OneDrive/Others/Documents/GitHub/rat-cpu/rat6/rat6.runs/impl_1/RAT_wrapper.bit} [lindex [get_hw_devices] 0]
program_hw_devices [lindex [get_hw_devices] 0]
INFO: [Labtools 27-3164] End of startup status: HIGH
refresh_hw_device [lindex [get_hw_devices] 0]
INFO: [Labtools 27-1434] Device xc7a35t (JTAG device index = 0) is programmed with a design that has no supported debug core(s) in it.
WARNING: [Labtools 27-3123] The debug hub core was not detected at User Scan Chain 1 or 3.
Resolution: 
1. Make sure the clock connected to the debug hub (dbg_hub) core is a free running clock and is active OR
2. Manually launch hw_server with -e "set xsdb-user-bscan <C_USER_SCAN_CHAIN scan_chain_number>" to detect the debug hub at User Scan Chain of 2 or 4. To determine the user scan chain setting, open the implemented design and use: get_property C_USER_SCAN_CHAIN [get_debug_cores dbg_hub].
set_property PROBES.FILE {} [lindex [get_hw_devices] 0]
set_property PROGRAM.FILE {C:/Users/NWang/OneDrive/Others/Documents/GitHub/rat-cpu/rat6/rat6.runs/impl_1/RAT_wrapper.bit} [lindex [get_hw_devices] 0]
program_hw_devices [lindex [get_hw_devices] 0]
INFO: [Labtools 27-3164] End of startup status: HIGH
refresh_hw_device [lindex [get_hw_devices] 0]
INFO: [Labtools 27-1434] Device xc7a35t (JTAG device index = 0) is programmed with a design that has no supported debug core(s) in it.
WARNING: [Labtools 27-3123] The debug hub core was not detected at User Scan Chain 1 or 3.
Resolution: 
1. Make sure the clock connected to the debug hub (dbg_hub) core is a free running clock and is active OR
2. Manually launch hw_server with -e "set xsdb-user-bscan <C_USER_SCAN_CHAIN scan_chain_number>" to detect the debug hub at User Scan Chain of 2 or 4. To determine the user scan chain setting, open the implemented design and use: get_property C_USER_SCAN_CHAIN [get_debug_cores dbg_hub].
reset_run impl_1 -prev_step 
launch_runs impl_1 -to_step write_bitstream
[Wed Feb 21 21:53:26 2018] Launched impl_1...
Run output will be captured here: C:/Users/NWang/OneDrive/Others/Documents/GitHub/rat-cpu/rat6/rat6.runs/impl_1/runme.log
set_property PROBES.FILE {} [lindex [get_hw_devices] 0]
set_property PROGRAM.FILE {C:/Users/NWang/OneDrive/Others/Documents/GitHub/rat-cpu/rat6/rat6.runs/impl_1/RAT_wrapper.bit} [lindex [get_hw_devices] 0]
program_hw_devices [lindex [get_hw_devices] 0]
INFO: [Labtools 27-3164] End of startup status: HIGH
refresh_hw_device [lindex [get_hw_devices] 0]
INFO: [Labtools 27-1434] Device xc7a35t (JTAG device index = 0) is programmed with a design that has no supported debug core(s) in it.
WARNING: [Labtools 27-3123] The debug hub core was not detected at User Scan Chain 1 or 3.
Resolution: 
1. Make sure the clock connected to the debug hub (dbg_hub) core is a free running clock and is active OR
2. Manually launch hw_server with -e "set xsdb-user-bscan <C_USER_SCAN_CHAIN scan_chain_number>" to detect the debug hub at User Scan Chain of 2 or 4. To determine the user scan chain setting, open the implemented design and use: get_property C_USER_SCAN_CHAIN [get_debug_cores dbg_hub].
set_property PROBES.FILE {} [lindex [get_hw_devices] 0]
set_property PROGRAM.FILE {C:/Users/NWang/OneDrive/Others/Documents/GitHub/rat-cpu/rat6/rat6.runs/impl_1/RAT_wrapper.bit} [lindex [get_hw_devices] 0]
program_hw_devices [lindex [get_hw_devices] 0]
INFO: [Labtools 27-3164] End of startup status: HIGH
refresh_hw_device [lindex [get_hw_devices] 0]
INFO: [Labtools 27-1434] Device xc7a35t (JTAG device index = 0) is programmed with a design that has no supported debug core(s) in it.
WARNING: [Labtools 27-3123] The debug hub core was not detected at User Scan Chain 1 or 3.
Resolution: 
1. Make sure the clock connected to the debug hub (dbg_hub) core is a free running clock and is active OR
2. Manually launch hw_server with -e "set xsdb-user-bscan <C_USER_SCAN_CHAIN scan_chain_number>" to detect the debug hub at User Scan Chain of 2 or 4. To determine the user scan chain setting, open the implemented design and use: get_property C_USER_SCAN_CHAIN [get_debug_cores dbg_hub].
reset_run synth_1
launch_runs impl_1 -to_step write_bitstream
[Wed Feb 21 21:59:34 2018] Launched synth_1...
Run output will be captured here: C:/Users/NWang/OneDrive/Others/Documents/GitHub/rat-cpu/rat6/rat6.runs/synth_1/runme.log
[Wed Feb 21 21:59:34 2018] Launched impl_1...
Run output will be captured here: C:/Users/NWang/OneDrive/Others/Documents/GitHub/rat-cpu/rat6/rat6.runs/impl_1/runme.log
set_property PROBES.FILE {} [lindex [get_hw_devices] 0]
set_property PROGRAM.FILE {C:/Users/NWang/OneDrive/Others/Documents/GitHub/rat-cpu/rat6/rat6.runs/impl_1/RAT_wrapper.bit} [lindex [get_hw_devices] 0]
program_hw_devices [lindex [get_hw_devices] 0]
INFO: [Labtools 27-3164] End of startup status: HIGH
refresh_hw_device [lindex [get_hw_devices] 0]
INFO: [Labtools 27-1434] Device xc7a35t (JTAG device index = 0) is programmed with a design that has no supported debug core(s) in it.
WARNING: [Labtools 27-3123] The debug hub core was not detected at User Scan Chain 1 or 3.
Resolution: 
1. Make sure the clock connected to the debug hub (dbg_hub) core is a free running clock and is active OR
2. Manually launch hw_server with -e "set xsdb-user-bscan <C_USER_SCAN_CHAIN scan_chain_number>" to detect the debug hub at User Scan Chain of 2 or 4. To determine the user scan chain setting, open the implemented design and use: get_property C_USER_SCAN_CHAIN [get_debug_cores dbg_hub].
set_property PROBES.FILE {} [lindex [get_hw_devices] 0]
set_property PROGRAM.FILE {C:/Users/NWang/OneDrive/Others/Documents/GitHub/rat-cpu/rat6/rat6.runs/impl_1/RAT_wrapper.bit} [lindex [get_hw_devices] 0]
program_hw_devices [lindex [get_hw_devices] 0]
INFO: [Labtools 27-3164] End of startup status: HIGH
refresh_hw_device [lindex [get_hw_devices] 0]
INFO: [Labtools 27-1434] Device xc7a35t (JTAG device index = 0) is programmed with a design that has no supported debug core(s) in it.
WARNING: [Labtools 27-3123] The debug hub core was not detected at User Scan Chain 1 or 3.
Resolution: 
1. Make sure the clock connected to the debug hub (dbg_hub) core is a free running clock and is active OR
2. Manually launch hw_server with -e "set xsdb-user-bscan <C_USER_SCAN_CHAIN scan_chain_number>" to detect the debug hub at User Scan Chain of 2 or 4. To determine the user scan chain setting, open the implemented design and use: get_property C_USER_SCAN_CHAIN [get_debug_cores dbg_hub].
reset_run synth_1
launch_runs impl_1 -to_step write_bitstream
[Wed Feb 21 22:03:44 2018] Launched synth_1...
Run output will be captured here: C:/Users/NWang/OneDrive/Others/Documents/GitHub/rat-cpu/rat6/rat6.runs/synth_1/runme.log
[Wed Feb 21 22:03:44 2018] Launched impl_1...
Run output will be captured here: C:/Users/NWang/OneDrive/Others/Documents/GitHub/rat-cpu/rat6/rat6.runs/impl_1/runme.log
set_property PROBES.FILE {} [lindex [get_hw_devices] 0]
set_property PROGRAM.FILE {C:/Users/NWang/OneDrive/Others/Documents/GitHub/rat-cpu/rat6/rat6.runs/impl_1/RAT_wrapper.bit} [lindex [get_hw_devices] 0]
program_hw_devices [lindex [get_hw_devices] 0]
INFO: [Labtools 27-3164] End of startup status: HIGH
refresh_hw_device [lindex [get_hw_devices] 0]
INFO: [Labtools 27-1434] Device xc7a35t (JTAG device index = 0) is programmed with a design that has no supported debug core(s) in it.
WARNING: [Labtools 27-3123] The debug hub core was not detected at User Scan Chain 1 or 3.
Resolution: 
1. Make sure the clock connected to the debug hub (dbg_hub) core is a free running clock and is active OR
2. Manually launch hw_server with -e "set xsdb-user-bscan <C_USER_SCAN_CHAIN scan_chain_number>" to detect the debug hub at User Scan Chain of 2 or 4. To determine the user scan chain setting, open the implemented design and use: get_property C_USER_SCAN_CHAIN [get_debug_cores dbg_hub].
ERROR: [Labtoolstcl 44-513] HW Target shutdown. Closing target: localhost:3121/xilinx_tcf/Digilent/210183A4E08EA
INFO: [Labtoolstcl 44-466] Opening hw_target localhost:3121/xilinx_tcf/Digilent/210183A4E08EA
INFO: [Labtools 27-1434] Device xc7a35t (JTAG device index = 0) is programmed with a design that has no supported debug core(s) in it.
WARNING: [Labtools 27-3123] The debug hub core was not detected at User Scan Chain 1 or 3.
Resolution: 
1. Make sure the clock connected to the debug hub (dbg_hub) core is a free running clock and is active OR
2. Manually launch hw_server with -e "set xsdb-user-bscan <C_USER_SCAN_CHAIN scan_chain_number>" to detect the debug hub at User Scan Chain of 2 or 4. To determine the user scan chain setting, open the implemented design and use: get_property C_USER_SCAN_CHAIN [get_debug_cores dbg_hub].
set_property PROBES.FILE {} [lindex [get_hw_devices] 0]
set_property PROGRAM.FILE {C:/Users/NWang/OneDrive/Others/Documents/GitHub/rat-cpu/rat6/rat6.runs/impl_1/RAT_wrapper.bit} [lindex [get_hw_devices] 0]
program_hw_devices [lindex [get_hw_devices] 0]
INFO: [Labtools 27-3164] End of startup status: HIGH
refresh_hw_device [lindex [get_hw_devices] 0]
INFO: [Labtools 27-1434] Device xc7a35t (JTAG device index = 0) is programmed with a design that has no supported debug core(s) in it.
WARNING: [Labtools 27-3123] The debug hub core was not detected at User Scan Chain 1 or 3.
Resolution: 
1. Make sure the clock connected to the debug hub (dbg_hub) core is a free running clock and is active OR
2. Manually launch hw_server with -e "set xsdb-user-bscan <C_USER_SCAN_CHAIN scan_chain_number>" to detect the debug hub at User Scan Chain of 2 or 4. To determine the user scan chain setting, open the implemented design and use: get_property C_USER_SCAN_CHAIN [get_debug_cores dbg_hub].
reset_run impl_1 -prev_step 
launch_runs impl_1 -to_step write_bitstream
[Wed Feb 21 22:10:10 2018] Launched impl_1...
Run output will be captured here: C:/Users/NWang/OneDrive/Others/Documents/GitHub/rat-cpu/rat6/rat6.runs/impl_1/runme.log
ERROR: [Labtoolstcl 44-513] HW Target shutdown. Closing target: localhost:3121/xilinx_tcf/Digilent/210183A4E08EA
INFO: [Labtoolstcl 44-466] Opening hw_target localhost:3121/xilinx_tcf/Digilent/210183A4E08EA
INFO: [Labtools 27-1434] Device xc7a35t (JTAG device index = 0) is programmed with a design that has no supported debug core(s) in it.
WARNING: [Labtools 27-3123] The debug hub core was not detected at User Scan Chain 1 or 3.
Resolution: 
1. Make sure the clock connected to the debug hub (dbg_hub) core is a free running clock and is active OR
2. Manually launch hw_server with -e "set xsdb-user-bscan <C_USER_SCAN_CHAIN scan_chain_number>" to detect the debug hub at User Scan Chain of 2 or 4. To determine the user scan chain setting, open the implemented design and use: get_property C_USER_SCAN_CHAIN [get_debug_cores dbg_hub].
set_property PROBES.FILE {} [lindex [get_hw_devices] 0]
set_property PROGRAM.FILE {C:/Users/NWang/OneDrive/Others/Documents/GitHub/rat-cpu/rat6/rat6.runs/impl_1/RAT_wrapper.bit} [lindex [get_hw_devices] 0]
program_hw_devices [lindex [get_hw_devices] 0]
INFO: [Labtools 27-3164] End of startup status: HIGH
refresh_hw_device [lindex [get_hw_devices] 0]
INFO: [Labtools 27-1434] Device xc7a35t (JTAG device index = 0) is programmed with a design that has no supported debug core(s) in it.
WARNING: [Labtools 27-3123] The debug hub core was not detected at User Scan Chain 1 or 3.
Resolution: 
1. Make sure the clock connected to the debug hub (dbg_hub) core is a free running clock and is active OR
2. Manually launch hw_server with -e "set xsdb-user-bscan <C_USER_SCAN_CHAIN scan_chain_number>" to detect the debug hub at User Scan Chain of 2 or 4. To determine the user scan chain setting, open the implemented design and use: get_property C_USER_SCAN_CHAIN [get_debug_cores dbg_hub].
ERROR: [Labtoolstcl 44-513] HW Target shutdown. Closing target: localhost:3121/xilinx_tcf/Digilent/210183A4E08EA
INFO: [Labtoolstcl 44-466] Opening hw_target localhost:3121/xilinx_tcf/Digilent/210183A4E08EA
INFO: [Labtools 27-1434] Device xc7a35t (JTAG device index = 0) is programmed with a design that has no supported debug core(s) in it.
WARNING: [Labtools 27-3123] The debug hub core was not detected at User Scan Chain 1 or 3.
Resolution: 
1. Make sure the clock connected to the debug hub (dbg_hub) core is a free running clock and is active OR
2. Manually launch hw_server with -e "set xsdb-user-bscan <C_USER_SCAN_CHAIN scan_chain_number>" to detect the debug hub at User Scan Chain of 2 or 4. To determine the user scan chain setting, open the implemented design and use: get_property C_USER_SCAN_CHAIN [get_debug_cores dbg_hub].
set_property PROBES.FILE {} [lindex [get_hw_devices] 0]
set_property PROGRAM.FILE {C:/Users/NWang/OneDrive/Others/Documents/GitHub/rat-cpu/rat6/rat6.runs/impl_1/RAT_wrapper.bit} [lindex [get_hw_devices] 0]
program_hw_devices [lindex [get_hw_devices] 0]
INFO: [Labtools 27-3164] End of startup status: HIGH
refresh_hw_device [lindex [get_hw_devices] 0]
INFO: [Labtools 27-1434] Device xc7a35t (JTAG device index = 0) is programmed with a design that has no supported debug core(s) in it.
WARNING: [Labtools 27-3123] The debug hub core was not detected at User Scan Chain 1 or 3.
Resolution: 
1. Make sure the clock connected to the debug hub (dbg_hub) core is a free running clock and is active OR
2. Manually launch hw_server with -e "set xsdb-user-bscan <C_USER_SCAN_CHAIN scan_chain_number>" to detect the debug hub at User Scan Chain of 2 or 4. To determine the user scan chain setting, open the implemented design and use: get_property C_USER_SCAN_CHAIN [get_debug_cores dbg_hub].
reset_run impl_1 -prev_step 
launch_runs impl_1 -to_step write_bitstream
[Wed Feb 21 22:17:18 2018] Launched impl_1...
Run output will be captured here: C:/Users/NWang/OneDrive/Others/Documents/GitHub/rat-cpu/rat6/rat6.runs/impl_1/runme.log
set_property PROBES.FILE {} [lindex [get_hw_devices] 0]
set_property PROGRAM.FILE {C:/Users/NWang/OneDrive/Others/Documents/GitHub/rat-cpu/rat6/rat6.runs/impl_1/RAT_wrapper.bit} [lindex [get_hw_devices] 0]
program_hw_devices [lindex [get_hw_devices] 0]
INFO: [Labtools 27-3164] End of startup status: HIGH
refresh_hw_device [lindex [get_hw_devices] 0]
INFO: [Labtools 27-1434] Device xc7a35t (JTAG device index = 0) is programmed with a design that has no supported debug core(s) in it.
WARNING: [Labtools 27-3123] The debug hub core was not detected at User Scan Chain 1 or 3.
Resolution: 
1. Make sure the clock connected to the debug hub (dbg_hub) core is a free running clock and is active OR
2. Manually launch hw_server with -e "set xsdb-user-bscan <C_USER_SCAN_CHAIN scan_chain_number>" to detect the debug hub at User Scan Chain of 2 or 4. To determine the user scan chain setting, open the implemented design and use: get_property C_USER_SCAN_CHAIN [get_debug_cores dbg_hub].
ERROR: [Labtoolstcl 44-513] HW Target shutdown. Closing target: localhost:3121/xilinx_tcf/Digilent/210183A4E08EA
INFO: [Labtoolstcl 44-466] Opening hw_target localhost:3121/xilinx_tcf/Digilent/210183A4E08EA
INFO: [Labtools 27-1434] Device xc7a35t (JTAG device index = 0) is programmed with a design that has no supported debug core(s) in it.
WARNING: [Labtools 27-3123] The debug hub core was not detected at User Scan Chain 1 or 3.
Resolution: 
1. Make sure the clock connected to the debug hub (dbg_hub) core is a free running clock and is active OR
2. Manually launch hw_server with -e "set xsdb-user-bscan <C_USER_SCAN_CHAIN scan_chain_number>" to detect the debug hub at User Scan Chain of 2 or 4. To determine the user scan chain setting, open the implemented design and use: get_property C_USER_SCAN_CHAIN [get_debug_cores dbg_hub].
set_property PROBES.FILE {} [lindex [get_hw_devices] 0]
set_property PROGRAM.FILE {C:/Users/NWang/OneDrive/Others/Documents/GitHub/rat-cpu/rat6/rat6.runs/impl_1/RAT_wrapper.bit} [lindex [get_hw_devices] 0]
program_hw_devices [lindex [get_hw_devices] 0]
INFO: [Labtools 27-3164] End of startup status: HIGH
refresh_hw_device [lindex [get_hw_devices] 0]
INFO: [Labtools 27-1434] Device xc7a35t (JTAG device index = 0) is programmed with a design that has no supported debug core(s) in it.
WARNING: [Labtools 27-3123] The debug hub core was not detected at User Scan Chain 1 or 3.
Resolution: 
1. Make sure the clock connected to the debug hub (dbg_hub) core is a free running clock and is active OR
2. Manually launch hw_server with -e "set xsdb-user-bscan <C_USER_SCAN_CHAIN scan_chain_number>" to detect the debug hub at User Scan Chain of 2 or 4. To determine the user scan chain setting, open the implemented design and use: get_property C_USER_SCAN_CHAIN [get_debug_cores dbg_hub].
reset_run impl_1 -prev_step 
launch_runs impl_1 -to_step write_bitstream
[Wed Feb 21 22:23:36 2018] Launched impl_1...
Run output will be captured here: C:/Users/NWang/OneDrive/Others/Documents/GitHub/rat-cpu/rat6/rat6.runs/impl_1/runme.log
ERROR: [Labtoolstcl 44-513] HW Target shutdown. Closing target: localhost:3121/xilinx_tcf/Digilent/210183A4E08EA
INFO: [Labtoolstcl 44-466] Opening hw_target localhost:3121/xilinx_tcf/Digilent/210183A4E08EA
INFO: [Labtools 27-1434] Device xc7a35t (JTAG device index = 0) is programmed with a design that has no supported debug core(s) in it.
WARNING: [Labtools 27-3123] The debug hub core was not detected at User Scan Chain 1 or 3.
Resolution: 
1. Make sure the clock connected to the debug hub (dbg_hub) core is a free running clock and is active OR
2. Manually launch hw_server with -e "set xsdb-user-bscan <C_USER_SCAN_CHAIN scan_chain_number>" to detect the debug hub at User Scan Chain of 2 or 4. To determine the user scan chain setting, open the implemented design and use: get_property C_USER_SCAN_CHAIN [get_debug_cores dbg_hub].
set_property PROBES.FILE {} [lindex [get_hw_devices] 0]
set_property PROGRAM.FILE {C:/Users/NWang/OneDrive/Others/Documents/GitHub/rat-cpu/rat6/rat6.runs/impl_1/RAT_wrapper.bit} [lindex [get_hw_devices] 0]
program_hw_devices [lindex [get_hw_devices] 0]
INFO: [Labtools 27-3164] End of startup status: HIGH
refresh_hw_device [lindex [get_hw_devices] 0]
INFO: [Labtools 27-1434] Device xc7a35t (JTAG device index = 0) is programmed with a design that has no supported debug core(s) in it.
WARNING: [Labtools 27-3123] The debug hub core was not detected at User Scan Chain 1 or 3.
Resolution: 
1. Make sure the clock connected to the debug hub (dbg_hub) core is a free running clock and is active OR
2. Manually launch hw_server with -e "set xsdb-user-bscan <C_USER_SCAN_CHAIN scan_chain_number>" to detect the debug hub at User Scan Chain of 2 or 4. To determine the user scan chain setting, open the implemented design and use: get_property C_USER_SCAN_CHAIN [get_debug_cores dbg_hub].
ERROR: [Labtoolstcl 44-513] HW Target shutdown. Closing target: localhost:3121/xilinx_tcf/Digilent/210183A4E08EA
INFO: [Labtoolstcl 44-466] Opening hw_target localhost:3121/xilinx_tcf/Digilent/210183A4E08EA
INFO: [Labtools 27-1434] Device xc7a35t (JTAG device index = 0) is programmed with a design that has no supported debug core(s) in it.
WARNING: [Labtools 27-3123] The debug hub core was not detected at User Scan Chain 1 or 3.
Resolution: 
1. Make sure the clock connected to the debug hub (dbg_hub) core is a free running clock and is active OR
2. Manually launch hw_server with -e "set xsdb-user-bscan <C_USER_SCAN_CHAIN scan_chain_number>" to detect the debug hub at User Scan Chain of 2 or 4. To determine the user scan chain setting, open the implemented design and use: get_property C_USER_SCAN_CHAIN [get_debug_cores dbg_hub].
set_property PROBES.FILE {} [lindex [get_hw_devices] 0]
set_property PROGRAM.FILE {C:/Users/NWang/OneDrive/Others/Documents/GitHub/rat-cpu/rat6/rat6.runs/impl_1/RAT_wrapper.bit} [lindex [get_hw_devices] 0]
program_hw_devices [lindex [get_hw_devices] 0]
INFO: [Labtools 27-3164] End of startup status: HIGH
refresh_hw_device [lindex [get_hw_devices] 0]
INFO: [Labtools 27-1434] Device xc7a35t (JTAG device index = 0) is programmed with a design that has no supported debug core(s) in it.
WARNING: [Labtools 27-3123] The debug hub core was not detected at User Scan Chain 1 or 3.
Resolution: 
1. Make sure the clock connected to the debug hub (dbg_hub) core is a free running clock and is active OR
2. Manually launch hw_server with -e "set xsdb-user-bscan <C_USER_SCAN_CHAIN scan_chain_number>" to detect the debug hub at User Scan Chain of 2 or 4. To determine the user scan chain setting, open the implemented design and use: get_property C_USER_SCAN_CHAIN [get_debug_cores dbg_hub].
ERROR: [Labtoolstcl 44-513] HW Target shutdown. Closing target: localhost:3121/xilinx_tcf/Digilent/210183A4E08EA
INFO: [Labtoolstcl 44-466] Opening hw_target localhost:3121/xilinx_tcf/Digilent/210183A4E08EA
INFO: [Labtools 27-1434] Device xc7a35t (JTAG device index = 0) is programmed with a design that has no supported debug core(s) in it.
WARNING: [Labtools 27-3123] The debug hub core was not detected at User Scan Chain 1 or 3.
Resolution: 
1. Make sure the clock connected to the debug hub (dbg_hub) core is a free running clock and is active OR
2. Manually launch hw_server with -e "set xsdb-user-bscan <C_USER_SCAN_CHAIN scan_chain_number>" to detect the debug hub at User Scan Chain of 2 or 4. To determine the user scan chain setting, open the implemented design and use: get_property C_USER_SCAN_CHAIN [get_debug_cores dbg_hub].
set_property PROBES.FILE {} [lindex [get_hw_devices] 0]
set_property PROGRAM.FILE {C:/Users/NWang/OneDrive/Others/Documents/GitHub/rat-cpu/rat6/rat6.runs/impl_1/RAT_wrapper.bit} [lindex [get_hw_devices] 0]
program_hw_devices [lindex [get_hw_devices] 0]
INFO: [Labtools 27-3164] End of startup status: HIGH
refresh_hw_device [lindex [get_hw_devices] 0]
INFO: [Labtools 27-1434] Device xc7a35t (JTAG device index = 0) is programmed with a design that has no supported debug core(s) in it.
WARNING: [Labtools 27-3123] The debug hub core was not detected at User Scan Chain 1 or 3.
Resolution: 
1. Make sure the clock connected to the debug hub (dbg_hub) core is a free running clock and is active OR
2. Manually launch hw_server with -e "set xsdb-user-bscan <C_USER_SCAN_CHAIN scan_chain_number>" to detect the debug hub at User Scan Chain of 2 or 4. To determine the user scan chain setting, open the implemented design and use: get_property C_USER_SCAN_CHAIN [get_debug_cores dbg_hub].
ERROR: [Labtoolstcl 44-513] HW Target shutdown. Closing target: localhost:3121/xilinx_tcf/Digilent/210183A4E08EA
INFO: [Labtoolstcl 44-466] Opening hw_target localhost:3121/xilinx_tcf/Digilent/210183A4E08EA
INFO: [Labtools 27-1434] Device xc7a35t (JTAG device index = 0) is programmed with a design that has no supported debug core(s) in it.
WARNING: [Labtools 27-3123] The debug hub core was not detected at User Scan Chain 1 or 3.
Resolution: 
1. Make sure the clock connected to the debug hub (dbg_hub) core is a free running clock and is active OR
2. Manually launch hw_server with -e "set xsdb-user-bscan <C_USER_SCAN_CHAIN scan_chain_number>" to detect the debug hub at User Scan Chain of 2 or 4. To determine the user scan chain setting, open the implemented design and use: get_property C_USER_SCAN_CHAIN [get_debug_cores dbg_hub].
set_property PROBES.FILE {} [lindex [get_hw_devices] 0]
set_property PROGRAM.FILE {C:/Users/NWang/OneDrive/Others/Documents/GitHub/rat-cpu/rat6/rat6.runs/impl_1/RAT_wrapper.bit} [lindex [get_hw_devices] 0]
program_hw_devices [lindex [get_hw_devices] 0]
INFO: [Labtools 27-3164] End of startup status: HIGH
refresh_hw_device [lindex [get_hw_devices] 0]
INFO: [Labtools 27-1434] Device xc7a35t (JTAG device index = 0) is programmed with a design that has no supported debug core(s) in it.
WARNING: [Labtools 27-3123] The debug hub core was not detected at User Scan Chain 1 or 3.
Resolution: 
1. Make sure the clock connected to the debug hub (dbg_hub) core is a free running clock and is active OR
2. Manually launch hw_server with -e "set xsdb-user-bscan <C_USER_SCAN_CHAIN scan_chain_number>" to detect the debug hub at User Scan Chain of 2 or 4. To determine the user scan chain setting, open the implemented design and use: get_property C_USER_SCAN_CHAIN [get_debug_cores dbg_hub].
reset_run impl_1 -prev_step 
launch_runs impl_1 -to_step write_bitstream
[Wed Feb 21 22:34:27 2018] Launched impl_1...
Run output will be captured here: C:/Users/NWang/OneDrive/Others/Documents/GitHub/rat-cpu/rat6/rat6.runs/impl_1/runme.log
ERROR: [Labtoolstcl 44-513] HW Target shutdown. Closing target: localhost:3121/xilinx_tcf/Digilent/210183A4E08EA
INFO: [Labtoolstcl 44-466] Opening hw_target localhost:3121/xilinx_tcf/Digilent/210183A4E08EA
INFO: [Labtools 27-1434] Device xc7a35t (JTAG device index = 0) is programmed with a design that has no supported debug core(s) in it.
WARNING: [Labtools 27-3123] The debug hub core was not detected at User Scan Chain 1 or 3.
Resolution: 
1. Make sure the clock connected to the debug hub (dbg_hub) core is a free running clock and is active OR
2. Manually launch hw_server with -e "set xsdb-user-bscan <C_USER_SCAN_CHAIN scan_chain_number>" to detect the debug hub at User Scan Chain of 2 or 4. To determine the user scan chain setting, open the implemented design and use: get_property C_USER_SCAN_CHAIN [get_debug_cores dbg_hub].
set_property PROBES.FILE {} [lindex [get_hw_devices] 0]
set_property PROGRAM.FILE {C:/Users/NWang/OneDrive/Others/Documents/GitHub/rat-cpu/rat6/rat6.runs/impl_1/RAT_wrapper.bit} [lindex [get_hw_devices] 0]
program_hw_devices [lindex [get_hw_devices] 0]
INFO: [Labtools 27-3164] End of startup status: HIGH
refresh_hw_device [lindex [get_hw_devices] 0]
INFO: [Labtools 27-1434] Device xc7a35t (JTAG device index = 0) is programmed with a design that has no supported debug core(s) in it.
WARNING: [Labtools 27-3123] The debug hub core was not detected at User Scan Chain 1 or 3.
Resolution: 
1. Make sure the clock connected to the debug hub (dbg_hub) core is a free running clock and is active OR
2. Manually launch hw_server with -e "set xsdb-user-bscan <C_USER_SCAN_CHAIN scan_chain_number>" to detect the debug hub at User Scan Chain of 2 or 4. To determine the user scan chain setting, open the implemented design and use: get_property C_USER_SCAN_CHAIN [get_debug_cores dbg_hub].
reset_run impl_1 -prev_step 
launch_runs impl_1 -to_step write_bitstream
[Wed Feb 21 22:37:06 2018] Launched impl_1...
Run output will be captured here: C:/Users/NWang/OneDrive/Others/Documents/GitHub/rat-cpu/rat6/rat6.runs/impl_1/runme.log
ERROR: [Labtoolstcl 44-513] HW Target shutdown. Closing target: localhost:3121/xilinx_tcf/Digilent/210183A4E08EA
INFO: [Labtoolstcl 44-466] Opening hw_target localhost:3121/xilinx_tcf/Digilent/210183A4E08EA
INFO: [Labtools 27-1434] Device xc7a35t (JTAG device index = 0) is programmed with a design that has no supported debug core(s) in it.
WARNING: [Labtools 27-3123] The debug hub core was not detected at User Scan Chain 1 or 3.
Resolution: 
1. Make sure the clock connected to the debug hub (dbg_hub) core is a free running clock and is active OR
2. Manually launch hw_server with -e "set xsdb-user-bscan <C_USER_SCAN_CHAIN scan_chain_number>" to detect the debug hub at User Scan Chain of 2 or 4. To determine the user scan chain setting, open the implemented design and use: get_property C_USER_SCAN_CHAIN [get_debug_cores dbg_hub].
set_property PROBES.FILE {} [lindex [get_hw_devices] 0]
set_property PROGRAM.FILE {C:/Users/NWang/OneDrive/Others/Documents/GitHub/rat-cpu/rat6/rat6.runs/impl_1/RAT_wrapper.bit} [lindex [get_hw_devices] 0]
program_hw_devices [lindex [get_hw_devices] 0]
INFO: [Labtools 27-3164] End of startup status: HIGH
refresh_hw_device [lindex [get_hw_devices] 0]
INFO: [Labtools 27-1434] Device xc7a35t (JTAG device index = 0) is programmed with a design that has no supported debug core(s) in it.
WARNING: [Labtools 27-3123] The debug hub core was not detected at User Scan Chain 1 or 3.
Resolution: 
1. Make sure the clock connected to the debug hub (dbg_hub) core is a free running clock and is active OR
2. Manually launch hw_server with -e "set xsdb-user-bscan <C_USER_SCAN_CHAIN scan_chain_number>" to detect the debug hub at User Scan Chain of 2 or 4. To determine the user scan chain setting, open the implemented design and use: get_property C_USER_SCAN_CHAIN [get_debug_cores dbg_hub].
close_sim
INFO: [Simtcl 6-16] Simulation closed
exit
INFO: [Common 17-206] Exiting Vivado at Wed Feb 21 22:57:16 2018...
