#-----------------------------------------------------------
# Vivado v2016.2 (64-bit)
# SW Build 1577090 on Thu Jun  2 16:32:40 MDT 2016
# IP Build 1577682 on Fri Jun  3 12:00:54 MDT 2016
# Start of session at: Wed Feb 21 14:55:10 2018
# Process ID: 8948
# Current directory: C:/Users/pangj/OneDrive - California Polytechnic State University/cpe233/rat6
# Command line: vivado.exe -gui_launcher_event rodinguilauncherevent3748 C:\Users\pangj\OneDrive - California Polytechnic State University\cpe233\rat6\rat6.xpr
# Log file: C:/Users/pangj/OneDrive - California Polytechnic State University/cpe233/rat6/vivado.log
# Journal file: C:/Users/pangj/OneDrive - California Polytechnic State University/cpe233/rat6\vivado.jou
#-----------------------------------------------------------
start_gui
open_project {C:/Users/pangj/OneDrive - California Polytechnic State University/cpe233/rat6/rat6.xpr}
Scanning sources...
Finished scanning sources
WARNING: [filemgmt 56-3] IPUserFilesDir: Could not find the directory 'C:/Users/pangj/OneDrive - California Polytechnic State University/cpe233/rat6/rat6.ip_user_files'.
INFO: [IP_Flow 19-234] Refreshing IP repositories
INFO: [IP_Flow 19-1704] No user IP repositories specified
INFO: [IP_Flow 19-2313] Loaded Vivado IP repository 'C:/Xilinx/Vivado/2016.2/data/ip'.
open_project: Time (s): cpu = 00:00:16 ; elapsed = 00:00:08 . Memory (MB): peak = 810.602 ; gain = 162.234
update_compile_order -fileset sources_1
update_compile_order -fileset sources_1
update_compile_order -fileset sim_1
update_compile_order -fileset sources_1
add_files -norecurse {{C:/Users/pangj/OneDrive - California Polytechnic State University/cpe233/rat6/rat6.srcs/sources_1/new/mux_rf.vhd} {C:/Users/pangj/OneDrive - California Polytechnic State University/cpe233/rat6/rat6.srcs/sources_1/new/rat_mcu.vhd} {C:/Users/pangj/OneDrive - California Polytechnic State University/cpe233/rat6/rat6.srcs/sources_1/new/d_flip_flop.vhd} {C:/Users/pangj/OneDrive - California Polytechnic State University/cpe233/rat6/rat6.srcs/sources_1/new/mux_4T1_rf.vhd} {C:/Users/pangj/OneDrive - California Polytechnic State University/cpe233/rat6/rat6.srcs/sources_1/new/mux_4T1.vhd}}
update_compile_order -fileset sources_1
