Unable to capture context for thread 4568 in process 5188, can not generate back trace
Unable to capture context for thread 6004 in process 5188, can not generate back trace
Unable to capture context for thread 7504 in process 5188, can not generate back trace
Exception at PC 0x00007FF9BA5C4008
Exception at PC 0x00007FF9BA5C4008
Unable to capture context for thread 1308 in process 5188, can not generate back trace
Unable to capture context for thread 1308 in process 5188, can not generate back trace
Exception at PC 0x00007FF95353BB93
Printing stacktrace...

Exception at PC 0x00007FF9BA5C4008
Exception at PC 0x00007FF9BA5C4008
Exception at PC 0x00007FF9BA5C4008
Exception at PC 0x00007FF9BA5C4008
Exception at PC 0x00007FF9BA5C4008
Exception at PC 0x00007FF9BA5C4008
Exception at PC 0x00007FF9BA5C4008
Exception at PC 0x00007FF9BA5C4008
Exception at PC 0x00007FF9BA5C4008
Exception at PC 0x00007FF9BA5C4008
Exception at PC 0x00007FF9BA5C4008
Exception at PC 0x00007FF9BA5C4008
Exception at PC 0x00007FF9BA5C4008
Exception at PC 0x00007FF9BA5C4008
Exception at PC 0x00007FF9BA5C4008
Exception at PC 0x00007FF9BA5C4008
Exception at PC 0x00007FF9BA5C4008
[0]  [0x00007FF95353BB93]
[1]  [0x00007FF95353BB93]
[2]  [0x00007FF95353B4A1]
[3]  [0x00007FF95353B3EF]
[4]  [0x00007FF9535219FE]
[5]  [0x00007FF953520ED1]
[6]  [0x00007FF953520D76]
[7]  [0x00007FF9534C79F6]
[8]  [0x00007FF9534B7AFB]
[9]  [0x00007FF9535DE90A]
[10]  [0x00007FF9535F9F87]
[11]  [0x00007FF9535FA05F]
[12] (BaseThreadInitThunk+0x14) [0x00007FF9BB631FE4]
[13] (RtlUserThreadStart+0x21) [0x00007FF9BD68EFC1]
Done
Exception at PC 0x00007FF9BA5C4008
Exception at PC 0x00007FF9BA5C4008
