#-----------------------------------------------------------
# Vivado v2016.2 (64-bit)
# SW Build 1577090 on Thu Jun  2 16:32:40 MDT 2016
# IP Build 1577682 on Fri Jun  3 12:00:54 MDT 2016
# Start of session at: Fri Mar 16 03:06:28 2018
# Process ID: 364
# Current directory: C:/Users/NWang/OneDrive/Others/Documents/GitHub/rat-cpu/final_project/timer/game_clock
# Command line: vivado.exe -gui_launcher_event rodinguilauncherevent9876 C:\Users\NWang\OneDrive\Others\Documents\GitHub\rat-cpu\final_project\timer\game_clock\game_clock.xpr
# Log file: C:/Users/NWang/OneDrive/Others/Documents/GitHub/rat-cpu/final_project/timer/game_clock/vivado.log
# Journal file: C:/Users/NWang/OneDrive/Others/Documents/GitHub/rat-cpu/final_project/timer/game_clock\vivado.jou
#-----------------------------------------------------------
start_gui
open_project C:/Users/NWang/OneDrive/Others/Documents/GitHub/rat-cpu/final_project/timer/game_clock/game_clock.xpr
INFO: [ProjectBase 1-489] The host OS only allows 260 characters in a normal path. The project is stored in a path with more than 80 characters. If you experience issues with IP, Block Designs, or files not being found, please consider moving the project to a location with a shorter path. Alternately consider using the OS subst command to map part of the path to a drive letter.
Current project path is 'C:/Users/NWang/OneDrive/Others/Documents/GitHub/rat-cpu/final_project/timer/game_clock'
CRITICAL WARNING: [Project 1-19] Could not find the file 'C:/Users/NWang/OneDrive/Others/Documents/GitHub/rat-cpu/final_project/timer/game_clock/game_clock.srcs/sources_1/new/counter.vhd'.
Scanning sources...
Finished scanning sources
INFO: [IP_Flow 19-234] Refreshing IP repositories
INFO: [IP_Flow 19-1704] No user IP repositories specified
INFO: [IP_Flow 19-2313] Loaded Vivado IP repository 'C:/Xilinx/Vivado/2016.2/data/ip'.
open_project: Time (s): cpu = 00:00:14 ; elapsed = 00:00:08 . Memory (MB): peak = 755.391 ; gain = 117.781
update_compile_order -fileset sources_1
reexit
INFO: [Common 17-206] Exiting Vivado at Fri Mar 16 03:12:25 2018...
project/timer/game_clock/game_clock.srcs/sources_1/new/counter.vhd
close [ open C:/Users/NWang/OneDrive/Others/Documents/GitHub/rat-cpu/final_project/timer/game_clock/game_clock.srcs/sources_1/new/oneshot.vhd w ]
add_files C:/Users/NWang/OneDrive/Others/Documents/GitHub/rat-cpu/final_project/timer/game_clock/game_clock.srcs/sources_1/new/oneshot.vhd
update_compile_order -fileset sources_1
update_compile_order -fileset sources_1
update_compile_order -fileset sim_1
update_compile_order -fileset sources_1
update_compile_order -fileset sim_1
remove_files C:/Users/NWang/OneDrive/Others/Documents/GitHub/rat-cpu/final_project/timer/game_clock/game_clock.srcs/sources_1/new/game_clock.vhd
update_compile_order -fileset sources_1
update_compile_order -fileset sim_1
update_compile_order -fileset sources_1
set_property top oneshot [current_fileset]
update_compile_order -fileset sources_1
remove_files C:/Users/NWang/OneDrive/Others/Documents/GitHub/rat-cpu/final_project/timer/game_clock/game_clock.srcs/sources_1/new/clk_div_fs.vhd
update_compile_order -fileset sim_1
exit
INFO: [Common 17-206] Exiting Vivado at Fri Mar 16 03:16:58 2018...
