Unable to capture context for thread 18092 in process 17836, can not generate back trace
Unable to capture context for thread 17544 in process 17836, can not generate back trace
Unable to capture context for thread 17776 in process 17836, can not generate back trace
Unable to capture context for thread 17180 in process 17836, can not generate back trace
Exception at PC 0x00007FFA543E4008
Unable to capture context for thread 17776 in process 17836, can not generate back trace
Exception at PC 0x00007FF9D55BBB93
Printing stacktrace...

Exception at PC 0x00007FFA543E4008
Exception at PC 0x00007FFA543E4008
Exception at PC 0x00007FFA543E4008
Exception at PC 0x00007FFA543E4008
Exception at PC 0x00007FFA543E4008
Exception at PC 0x00007FFA543E4008
Exception at PC 0x00007FFA543E4008
Exception at PC 0x00007FFA543E4008
Exception at PC 0x00007FFA543E4008
Exception at PC 0x00007FFA543E4008
Exception at PC 0x00007FFA543E4008
Exception at PC 0x00007FFA543E4008
Exception at PC 0x00007FFA543E4008
Exception at PC 0x00007FFA543E4008
Exception at PC 0x00007FFA543E4008
Exception at PC 0x00007FFA543E4008
[0]  [0x00007FF9D55BBB93]
[1]  [0x00007FF9D55BBB93]
[2]  [0x00007FF9D55BB4A1]
[3]  [0x00007FF9D55BB3EF]
[4]  [0x00007FF9D55A19FE]
[5]  [0x00007FF9D55A0ED1]
[6]  [0x00007FF9D55A0D76]
[7]  [0x00007FF9D55479F6]
[8]  [0x00007FF9D5537AFB]
[9]  [0x00007FF9D565E90A]
[10]  [0x00007FF9D5679F87]
[11]  [0x00007FF9D567A05F]
[12] (BaseThreadInitThunk+0x14) [0x00007FFA57731FE4]
[13] (RtlUserThreadStart+0x21) [0x00007FFA5803EFC1]
Done
Exception at PC 0x00007FFA543E4008
Exception at PC 0x00007FFA543E4008
Exception at PC 0x00007FFA543E4008
